INFO:root:0.323572735265, 0.736483059528
INFO:root:0.322042492097, 0.740291664746
INFO:root:0.319940231931, 0.745096830842
INFO:root:0.317867179074, 0.747729278914
INFO:root:0.315815836108, 0.751376110853
INFO:root:0.314344230841, 0.755038772851
INFO:root:0.312867847819, 0.75871332615
INFO:root:0.311388632864, 0.761343041626
INFO:root:0.310490204851, 0.764005050552
INFO:root:0.310191603099, 0.766659288353
INFO:root:0.309297258384, 0.769309198617
INFO:root:0.308998642759, 0.772271195699
INFO:root:0.308692068736, 0.776086339099
INFO:root:0.309002356895, 0.779947702855
INFO:root:0.308693739439, 0.783788275646
INFO:root:0.309003385258, 0.788742608753
INFO:root:0.30869399801, 0.793692804717
INFO:root:0.308388177009, 0.798585940731
INFO:root:0.308082510944, 0.804563410451
INFO:root:0.307775457737, 0.810568006498
INFO:root:0.307467640924, 0.81658753529
INFO:root:0.306538983496, 0.821540374905
INFO:root:0.306229602046, 0.826490478098
INFO:root:0.30591938169, 0.828676613278
INFO:root:0.306229238859, 0.833634327984
INFO:root:0.305298077652, 0.838600521088
INFO:root:0.304985234404, 0.842493681503
INFO:root:0.303410507057, 0.847532809013
INFO:root:0.302462019152, 0.851467277361
INFO:root:0.300878768473, 0.856533679534
INFO:root:0.299929090647, 0.860473083848
INFO:root:0.297067869976, 0.865559698375
INFO:root:0.295460411561, 0.869560483762
INFO:root:0.29256597054, 0.875849639562
INFO:root:0.28964455013, 0.881043275846
INFO:root:0.286064106603, 0.888565823864
INFO:root:0.28248489298, 0.893771952769
INFO:root:0.277581005323, 0.900165169271
INFO:root:0.273992659921, 0.904224711543
INFO:root:0.270383277498, 0.905974715142
INFO:root:0.266086345574, 0.907737559008
INFO:root:0.262438368044, 0.908327131134
INFO:root:0.258099173477, 0.910107313521
INFO:root:0.254409188059, 0.910703674801
INFO:root:0.250057218876, 0.912489098055
INFO:root:0.247023396342, 0.911889824468
INFO:root:0.243297949812, 0.912491916837
INFO:root:0.240932415041, 0.911891146101
INFO:root:0.237868241819, 0.912496414886
INFO:root:0.236166712437, 0.912040699835
INFO:root:0.234458366576, 0.912137512291
INFO:root:0.235484946419, 0.910228807023
INFO:root:0.234272851185, 0.908775972872
INFO:root:0.231867133778, 0.908797300959
INFO:root:0.232897036748, 0.905745736603
INFO:root:0.233925384926, 0.901479996013
INFO:root:0.234954447513, 0.898430921683
INFO:root:0.237359043553, 0.891713320047
INFO:root:0.238394819387, 0.888644354613
INFO:root:0.239432996383, 0.885643071253
INFO:root:0.240471443664, 0.883796942755
INFO:root:0.242200192861, 0.883848487352
INFO:root:0.243931086589, 0.880771342947
INFO:root:0.244548570981, 0.880860704311
INFO:root:0.247661380296, 0.87778632474
INFO:root:0.249392065368, 0.875940260664
INFO:root:0.252514296447, 0.871623101641
INFO:root:0.255635106279, 0.868540820325
INFO:root:0.259460648475, 0.862976395313
INFO:root:0.261898669172, 0.859880496016
INFO:root:0.26573646806, 0.854298243087
INFO:root:0.267491891738, 0.851177489883
INFO:root:0.270663245913, 0.845539526904
INFO:root:0.273841478145, 0.841795287234
INFO:root:0.276319167986, 0.837390505296
INFO:root:0.282338271867, 0.830466568805
INFO:root:0.285522642942, 0.827321510953
INFO:root:0.29210333772, 0.820379325861
INFO:root:0.293883684475, 0.815948240604
INFO:root:0.297792424347, 0.81278966293
INFO:root:0.300276142609, 0.808374163798
INFO:root:0.302757762753, 0.803962394653
INFO:root:0.305243487259, 0.802068509315
INFO:root:0.308433676123, 0.797657383973
INFO:root:0.310200592533, 0.795772673135
INFO:root:0.311968031763, 0.793887404623
INFO:root:0.313731730752, 0.792006125701
INFO:root:0.315493374162, 0.7913797636
INFO:root:0.317253457348, 0.788250726825
INFO:root:0.318309384376, 0.787948123414
INFO:root:0.319364252473, 0.786590774788
INFO:root:0.320417200275, 0.7854710018
INFO:root:0.321467129171, 0.784502173171
INFO:root:0.321922820438, 0.784521524124
INFO:root:0.322589055989, 0.784720449983
INFO:root:0.323223355944, 0.785268676857
INFO:root:0.323703484617, 0.786426311413
INFO:root:0.323357257656, 0.787563544614
INFO:root:0.324292573857, 0.789264911787
INFO:root:0.323946590991, 0.79121326009
INFO:root:0.32386084884, 0.792994474759
INFO:root:0.324781767033, 0.794767023974
INFO:root:0.324435321253, 0.79592549535
INFO:root:0.324253661971, 0.797756681529
INFO:root:0.324946326872, 0.798705884731
INFO:root:0.324600405399, 0.799662486472
INFO:root:0.324935230466, 0.800427568273
INFO:root:0.324185914891, 0.800952135432
INFO:root:0.324697086053, 0.801348604658
INFO:root:0.323819848787, 0.801835158566
INFO:root:0.324265552616, 0.802211614456
INFO:root:0.32331269398, 0.802518012994
INFO:root:0.323808347142, 0.8029468995
INFO:root:0.322780715801, 0.803166492379
INFO:root:0.324188855701, 0.803524686449
INFO:root:0.323155860842, 0.804219460755
INFO:root:0.323492111068, 0.804738218703
INFO:root:0.322788787964, 0.805299252013
INFO:root:0.323413659082, 0.806437456413
INFO:root:0.322715430263, 0.807580362153
INFO:root:0.322553149864, 0.808761513557
INFO:root:0.322446321176, 0.810032167893
INFO:root:0.323124968763, 0.811125503278
INFO:root:0.322339800507, 0.8124161039
INFO:root:0.322879866589, 0.813479936745
INFO:root:0.322908099649, 0.814362650738
INFO:root:0.323001681268, 0.815126891075
INFO:root:0.323083916612, 0.815981966194
INFO:root:0.323128906097, 0.816494021107
INFO:root:0.323173850966, 0.817120571991
INFO:root:0.322458948728, 0.817278923466
INFO:root:0.323060166744, 0.817577040927
INFO:root:0.322931692844, 0.817515605331
INFO:root:0.322052270572, 0.817611370497
INFO:root:0.323083937569, 0.817450954372
INFO:root:0.322435755577, 0.817188420028
INFO:root:0.322185983952, 0.816819436528
INFO:root:0.321822524469, 0.816202521972
INFO:root:0.321391983551, 0.81563085084
INFO:root:0.321414260153, 0.814316133156
INFO:root:0.320058260268, 0.812690536499
INFO:root:0.31905600583, 0.810527612953
INFO:root:0.31858659079, 0.807332585389
INFO:root:0.316451388107, 0.803664795204
INFO:root:0.315422220389, 0.79914399305
INFO:root:0.31370789808, 0.793423292455
INFO:root:0.311996653402, 0.787082857704
INFO:root:0.310288291062, 0.777971591891
INFO:root:0.308580848302, 0.768865230503
INFO:root:0.306192871017, 0.759768174182
INFO:root:0.303805547896, 0.750673609911
INFO:root:0.302098127688, 0.739139037839
INFO:root:0.301075033981, 0.727619760549
INFO:root:0.299372900738, 0.716120904862
INFO:root:0.29835378921, 0.703438628069
INFO:root:0.297337169964, 0.691992248408
INFO:root:0.296324174481, 0.680586669641
INFO:root:0.295314048109, 0.669213394929
INFO:root:0.294977804736, 0.65905137299
INFO:root:0.294641602938, 0.648890607546
INFO:root:0.294977489599, 0.639933629924
INFO:root:0.29464185929, 0.632176840567
INFO:root:0.294977706356, 0.624415041723
INFO:root:0.295313719224, 0.619038835825
INFO:root:0.295649410786, 0.614861340831
INFO:root:0.296653826787, 0.613075712385
INFO:root:0.296987765854, 0.610967623524
INFO:root:0.296706244238, 0.609880848669
INFO:root:0.297707993371, 0.609944723099
INFO:root:0.296707990552, 0.61064653726
INFO:root:0.298372159466, 0.611787429991
INFO:root:0.297375267731, 0.613054710374
INFO:root:0.299371519589, 0.614799605428
INFO:root:0.298378417848, 0.615781761278
INFO:root:0.299686572343, 0.61715530635
INFO:root:0.300195157223, 0.617912085072
INFO:root:0.300491808042, 0.618343084857
INFO:root:0.300771838738, 0.61850680705
INFO:root:0.301575847475, 0.618327463847
INFO:root:0.300991912786, 0.61787552119
INFO:root:0.300933444078, 0.617129548782
INFO:root:0.300744855638, 0.616394228398
INFO:root:0.300562053226, 0.615330538279
INFO:root:0.300403532138, 0.614372954181
INFO:root:0.300200152566, 0.613605045251
INFO:root:0.299928295257, 0.612750884521
INFO:root:0.299711680758, 0.612242263004
INFO:root:0.299491297375, 0.611879345329
INFO:root:0.298570043841, 0.611837485784
INFO:root:0.299093301059, 0.612018645214
INFO:root:0.298322267838, 0.61235796566
INFO:root:0.298879661571, 0.613387590372
INFO:root:0.298108453412, 0.614067629502
INFO:root:0.298059666759, 0.615345247522
INFO:root:0.297942750858, 0.616658681509
INFO:root:0.298609425886, 0.618500530747
INFO:root:0.298280236996, 0.620493911939
INFO:root:0.298009599676, 0.622898994549
INFO:root:0.298339141851, 0.62523454336
INFO:root:0.298668904748, 0.628748210605
INFO:root:0.298999091718, 0.632038176564
INFO:root:0.299989273517, 0.637319146159
INFO:root:0.300319843883, 0.643783633312
INFO:root:0.30197755435, 0.650267123142
INFO:root:0.302973265335, 0.659117887454
INFO:root:0.304636596775, 0.667988988467
INFO:root:0.306299168443, 0.679220583733
INFO:root:0.308628923779, 0.690462577734
INFO:root:0.310963006972, 0.704096587497
INFO:root:0.313967653553, 0.71774732752
INFO:root:0.317641378152, 0.731403192695
INFO:root:0.319980700637, 0.747444261168
INFO:root:0.323655679918, 0.763480534394
INFO:root:0.327330589169, 0.77832865258
INFO:root:0.331005479183, 0.79317669304
INFO:root:0.33534842139, 0.808024358704
INFO:root:0.339022300059, 0.821680796586
INFO:root:0.343364478626, 0.836525851516
INFO:root:0.347702648521, 0.848984185572
INFO:root:0.352035904589, 0.862613572178
INFO:root:0.356366310766, 0.873865225836
INFO:root:0.360029952328, 0.883930988512
INFO:root:0.363695901173, 0.894003090388
INFO:root:0.367361990508, 0.904041925475
INFO:root:0.371732102796, 0.912173421673
INFO:root:0.374299705317, 0.919007465187
INFO:root:0.376906613508, 0.925627486104
INFO:root:0.379651841877, 0.930740470664
INFO:root:0.380653700336, 0.935072595634
INFO:root:0.382105112695, 0.93773619166
INFO:root:0.38177100859, 0.940001607778
INFO:root:0.3821582223, 0.941022862951
INFO:root:0.380759189057, 0.941096272069
INFO:root:0.380363037783, 0.940618727675
INFO:root:0.378218941418, 0.939504468071
INFO:root:0.377434473921, 0.93788531239
INFO:root:0.375278393639, 0.936446994717
INFO:root:0.374588715836, 0.935022303958
INFO:root:0.372919274664, 0.933728310748
INFO:root:0.371560832946, 0.93301557102
INFO:root:0.371153186547, 0.93234496008
INFO:root:0.369485905881, 0.932039294319
INFO:root:0.369459297337, 0.931807344361
INFO:root:0.368459171542, 0.931582910242
INFO:root:0.367667586735, 0.931917861421
INFO:root:0.367864270963, 0.931980578926
INFO:root:0.367646112145, 0.931924221896
INFO:root:0.367361966949, 0.931800368658
INFO:root:0.367192007832, 0.931736084476
INFO:root:0.366874293694, 0.931483260127
INFO:root:0.366573836996, 0.931019086311
INFO:root:0.366297853719, 0.930439389372
INFO:root:0.365917085377, 0.929789668768
INFO:root:0.365508256909, 0.929053947341
INFO:root:0.365035667028, 0.928215879065
INFO:root:0.36441782206, 0.92710502092
INFO:root:0.363772943619, 0.925733503449
INFO:root:0.36282318363, 0.924082724485
INFO:root:0.361690992741, 0.922232533657
INFO:root:0.360459280409, 0.919935165508
INFO:root:0.358818117974, 0.917151369004
INFO:root:0.356922666359, 0.913981374973
INFO:root:0.354649614207, 0.910396411163
INFO:root:0.352333606199, 0.9062663661
INFO:root:0.349643057431, 0.901568058978
INFO:root:0.346830341091, 0.896659678464
INFO:root:0.344018964013, 0.891138991942
INFO:root:0.341681085061, 0.885263766649
INFO:root:0.338203096941, 0.878850952673
INFO:root:0.335867155672, 0.871744974846
INFO:root:0.333344111354, 0.86461420517
INFO:root:0.330781579875, 0.857445200841
INFO:root:0.328440736302, 0.850292261614
INFO:root:0.326097820101, 0.843746971908
INFO:root:0.323753017897, 0.836005402726
INFO:root:0.322752084465, 0.829480799614
INFO:root:0.3217493277, 0.82480566308
INFO:root:0.320747141235, 0.820681908829
INFO:root:0.320413018634, 0.817347457412
INFO:root:0.319397305076, 0.815329794667
INFO:root:0.319327675622, 0.814832383324
INFO:root:0.31937243271, 0.814972050159
INFO:root:0.319642853246, 0.815741742003
INFO:root:0.319474711658, 0.817550613065
INFO:root:0.32055173529, 0.819627713663
INFO:root:0.320432681809, 0.821811269588
INFO:root:0.322458515172, 0.823966263687
INFO:root:0.322126351563, 0.825982963109
INFO:root:0.324180779772, 0.827593357984
INFO:root:0.323848463049, 0.82914335158
INFO:root:0.325933704007, 0.830549591173
INFO:root:0.326176189026, 0.831227544928
INFO:root:0.327552169112, 0.831725169118
INFO:root:0.327593029116, 0.832122276865
INFO:root:0.328033474581, 0.832378611481
INFO:root:0.329032219935, 0.832378471275
INFO:root:0.328809638219, 0.832296194088
INFO:root:0.329806186335, 0.832187822056
INFO:root:0.328808919953, 0.831896079403
INFO:root:0.329179737164, 0.832119337063
INFO:root:0.329137876541, 0.832133252752
INFO:root:0.329190607262, 0.83222672053
INFO:root:0.328304483944, 0.832494255232
INFO:root:0.328668852661, 0.832516467324
INFO:root:0.327667867049, 0.832311918334
INFO:root:0.326667191184, 0.832209715881
INFO:root:0.324998946027, 0.831919530317
INFO:root:0.323481052962, 0.831677110488
INFO:root:0.321137700355, 0.831167339142
INFO:root:0.31879151173, 0.830960002205
INFO:root:0.316447014512, 0.830264688102
INFO:root:0.31410166897, 0.82966904479
INFO:root:0.310410807323, 0.829072541897
INFO:root:0.306722499261, 0.827284271322
INFO:root:0.302357159753, 0.826687301816
INFO:root:0.297982000583, 0.824892364721
INFO:root:0.293604606727, 0.823096510831
INFO:root:0.288557342992, 0.82130192817
INFO:root:0.283516608586, 0.819509667048
INFO:root:0.278470295259, 0.816519259151
INFO:root:0.273420492954, 0.814723773886
INFO:root:0.268379504186, 0.812931422324
INFO:root:0.262680251116, 0.811143421361
INFO:root:0.257641991039, 0.810546294241
INFO:root:0.252607032868, 0.809949558458
INFO:root:0.247584924856, 0.809354345656
INFO:root:0.242566351266, 0.808759551749
INFO:root:0.238223670548, 0.806977939147
INFO:root:0.233893958031, 0.806385841709
INFO:root:0.229566726741, 0.805794083584
INFO:root:0.225239138606, 0.805202276659
INFO:root:0.222237994052, 0.804609457982
INFO:root:0.21856991197, 0.804016636636
INFO:root:0.21556976494, 0.802238771729
INFO:root:0.21257633218, 0.801647476369
INFO:root:0.210248882533, 0.799667957242
INFO:root:0.208586277354, 0.79863592668
INFO:root:0.205595561274, 0.799226685412
INFO:root:0.205928216574, 0.797836588017
INFO:root:0.202935727041, 0.798427697061
INFO:root:0.20282732644, 0.797858029952
INFO:root:0.200504309181, 0.799189791754
INFO:root:0.202165060053, 0.799525947419
INFO:root:0.200507310759, 0.801294213333
INFO:root:0.201021058893, 0.801391986913
INFO:root:0.199367975446, 0.803155275923
INFO:root:0.201679545304, 0.805400480462
INFO:root:0.203990387652, 0.804813599865
INFO:root:0.205123577678, 0.806625449224
INFO:root:0.208096357491, 0.80721266499
INFO:root:0.20901022683, 0.808751567901
INFO:root:0.21131023003, 0.809335695698
INFO:root:0.213611943577, 0.81041842435
INFO:root:0.215911685583, 0.810217303979
INFO:root:0.216722674905, 0.81187745875
INFO:root:0.219024789441, 0.811319727009
INFO:root:0.219934964198, 0.812604296099
INFO:root:0.222237479818, 0.812203554659
INFO:root:0.223693682196, 0.81306189041
INFO:root:0.225070940014, 0.813611318465
INFO:root:0.22563342688, 0.813929783446
INFO:root:0.227279494446, 0.814515051913
INFO:root:0.228264637973, 0.814305401941
INFO:root:0.229248245745, 0.814414499858
INFO:root:0.230231037529, 0.814192807696
INFO:root:0.231199826135, 0.814215300466
INFO:root:0.23186403845, 0.813963737657
INFO:root:0.232847858967, 0.813657792824
INFO:root:0.233835252442, 0.813415070144
INFO:root:0.234822780517, 0.81281335434
INFO:root:0.236466554098, 0.811828139086
INFO:root:0.238109883673, 0.811126004571
INFO:root:0.239755785267, 0.810396950946
INFO:root:0.242057578807, 0.809874700888
INFO:root:0.244358645352, 0.808954443518
INFO:root:0.246658676002, 0.80837030875
INFO:root:0.249617892738, 0.80778577211
INFO:root:0.253237188076, 0.80720083549
INFO:root:0.257519294131, 0.807786422643
INFO:root:0.261802367141, 0.807200703257
INFO:root:0.266732960859, 0.806616336594
INFO:root:0.271664986296, 0.806031800246
INFO:root:0.276606208846, 0.806617426622
INFO:root:0.281544882892, 0.806032102291
INFO:root:0.286478128949, 0.806616783305
INFO:root:0.291404343685, 0.806032935633
INFO:root:0.296329726952, 0.80661668476
INFO:root:0.301254655137, 0.806032989568
INFO:root:0.306179195219, 0.805449340373
INFO:root:0.311100208265, 0.803699646846
INFO:root:0.316032928802, 0.803115028116
INFO:root:0.320968733968, 0.801360075168
INFO:root:0.326569471172, 0.799602981143
INFO:root:0.332176451374, 0.799016630272
INFO:root:0.337131914613, 0.798429316111
INFO:root:0.342748133913, 0.79784199906
INFO:root:0.348365992474, 0.797254510583
INFO:root:0.353979291631, 0.797841522259
INFO:root:0.358932976563, 0.799602832457
INFO:root:0.363885927306, 0.80136388161
INFO:root:0.368838048353, 0.803124635761
INFO:root:0.373136544034, 0.804888121168
INFO:root:0.37677851802, 0.806653926737
INFO:root:0.380424551374, 0.808421700485
INFO:root:0.384075029562, 0.809011676757
INFO:root:0.386399842116, 0.810939461698
INFO:root:0.388725236006, 0.811727965202
INFO:root:0.390316276405, 0.812057955229
INFO:root:0.390725913985, 0.812145930985
INFO:root:0.392386115782, 0.812246087856
INFO:root:0.392227051416, 0.81164345463
INFO:root:0.39311112102, 0.810809474914
INFO:root:0.392553644022, 0.810239177532
INFO:root:0.392356485213, 0.809448544525
INFO:root:0.392251733325, 0.808732737556
INFO:root:0.392011200969, 0.808120637805
INFO:root:0.391701410511, 0.807743937787
INFO:root:0.391494259182, 0.807334315521
INFO:root:0.391314570006, 0.807109302722
INFO:root:0.391022846205, 0.806831327522
INFO:root:0.390748781656, 0.806822735173
INFO:root:0.38974940038, 0.806856337902
INFO:root:0.390069818359, 0.807133859947
INFO:root:0.389071169001, 0.807412317324
INFO:root:0.389205704114, 0.808001304472
INFO:root:0.388206808891, 0.80846192666
INFO:root:0.38735400809, 0.808826339568
INFO:root:0.386354702374, 0.810530260917
INFO:root:0.38535625557, 0.810968591221
INFO:root:0.384359483358, 0.812740630709
INFO:root:0.382033869907, 0.812149998722
INFO:root:0.380371179262, 0.815105893201
INFO:root:0.378043422659, 0.815045272383
INFO:root:0.375055311113, 0.814936542721
INFO:root:0.372068934453, 0.815450857396
INFO:root:0.369408306737, 0.812632459132
INFO:root:0.36642626993, 0.812043414824
INFO:root:0.362118571261, 0.807919805841
INFO:root:0.358473694846, 0.807330734906
INFO:root:0.353505751348, 0.804386768389
INFO:root:0.348540712341, 0.801444523051
INFO:root:0.342250093577, 0.802033118959
INFO:root:0.33662999594, 0.799094505815
INFO:root:0.331013486497, 0.797332463637
INFO:root:0.326063691788, 0.794399251958
INFO:root:0.321121048085, 0.79264186753
INFO:root:0.316186248443, 0.790887272102
INFO:root:0.31125521778, 0.790302853653
INFO:root:0.307642022501, 0.789718902901
INFO:root:0.303381526773, 0.789136271006
INFO:root:0.300436530287, 0.789717998707
INFO:root:0.296845850357, 0.790298310615
INFO:root:0.294559710439, 0.790878917578
INFO:root:0.292274247371, 0.792620222773
INFO:root:0.289994100479, 0.793199307698
INFO:root:0.288368047664, 0.794933764034
INFO:root:0.286745491792, 0.796664490298
INFO:root:0.285127048138, 0.79723993693
INFO:root:0.283508361406, 0.798966536112
INFO:root:0.28125119614, 0.79839328779
INFO:root:0.280282857462, 0.799610437049
INFO:root:0.27867129949, 0.799293970688
INFO:root:0.277059773163, 0.799241710716
INFO:root:0.275510547444, 0.798670025232
INFO:root:0.274176321007, 0.798032193042
INFO:root:0.273695366152, 0.797548382528
INFO:root:0.272081887935, 0.797198559057
INFO:root:0.271622402903, 0.796835786693
INFO:root:0.270173024712, 0.796774846467
INFO:root:0.269501135477, 0.796852626211
INFO:root:0.269792806858, 0.797139904894
INFO:root:0.268824582678, 0.797751058408
INFO:root:0.269280052997, 0.798261324551
INFO:root:0.270897390058, 0.796577795055
INFO:root:0.269926449516, 0.796980816177
INFO:root:0.26895632747, 0.797985835594
INFO:root:0.269450085618, 0.798326913046
INFO:root:0.268481346467, 0.800049115983
INFO:root:0.268303070027, 0.799681305575
