INFO:root:0.90969666608, 0.757968887901
INFO:root:0.908601919842, 0.76090365736
INFO:root:0.90750861918, 0.765006909227
INFO:root:0.907144952672, 0.770271414864
INFO:root:0.906778877632, 0.774393148649
INFO:root:0.906413508669, 0.776205788243
INFO:root:0.90604969517, 0.779824364026
INFO:root:0.907146271194, 0.785115778487
INFO:root:0.908730443794, 0.788387568565
INFO:root:0.909096224164, 0.793365491522
INFO:root:0.910194650161, 0.797601161837
INFO:root:0.913493705764, 0.801129649324
INFO:root:0.91385976518, 0.805058830658
INFO:root:0.915681757929, 0.810812558828
INFO:root:0.916777139516, 0.814923620588
INFO:root:0.919332902082, 0.822517077612
INFO:root:0.92042911969, 0.83133321922
INFO:root:0.9221725574, 0.834570904616
INFO:root:0.922538865253, 0.838347166987
INFO:root:0.923289864834, 0.841798909718
INFO:root:0.923657834803, 0.845941978993
INFO:root:0.924763357865, 0.85208209328
INFO:root:0.925866091122, 0.857389491422
INFO:root:0.924028662789, 0.857260139257
INFO:root:0.92292409307, 0.859482662692
INFO:root:0.925462664415, 0.861304488403
INFO:root:0.924357179575, 0.861897199852
INFO:root:0.925290105448, 0.863324669516
INFO:root:0.924850804219, 0.863288797342
INFO:root:0.925596687507, 0.864178572351
INFO:root:0.925527863366, 0.863712664559
INFO:root:0.926634295196, 0.86379427879
INFO:root:0.924052794039, 0.862714700591
INFO:root:0.925896278562, 0.863006297303
INFO:root:0.922578291669, 0.86258642456
INFO:root:0.921470803418, 0.863629778248
INFO:root:0.918889786188, 0.864222846455
INFO:root:0.916309916906, 0.864815650886
INFO:root:0.912268801683, 0.865406559509
INFO:root:0.906016122206, 0.86599816068
INFO:root:0.901228911408, 0.867775098509
INFO:root:0.893720534138, 0.870736112188
INFO:root:0.886736672188, 0.868962432963
INFO:root:0.880494540177, 0.87191544904
INFO:root:0.874984502317, 0.874869684506
INFO:root:0.868009360522, 0.877822125478
INFO:root:0.863966230372, 0.880778141749
INFO:root:0.85919414628, 0.883730346804
INFO:root:0.855891430094, 0.886681627581
INFO:root:0.852584237349, 0.888454796179
INFO:root:0.850745841606, 0.890228993975
INFO:root:0.848175060923, 0.89081971002
INFO:root:0.847074935648, 0.89205119618
INFO:root:0.847816207828, 0.89378060005
INFO:root:0.848845045258, 0.892687228371
INFO:root:0.847967141352, 0.890578540175
INFO:root:0.848333807953, 0.885270604613
INFO:root:0.847233714914, 0.880604610155
INFO:root:0.847600493198, 0.875710366394
INFO:root:0.848700151651, 0.870404077984
INFO:root:0.850529817106, 0.866283942441
INFO:root:0.853090173848, 0.86098905503
INFO:root:0.856380959673, 0.855695939206
INFO:root:0.860982816473, 0.851574753165
INFO:root:0.865002095715, 0.845109880734
INFO:root:0.87138693309, 0.839822595849
INFO:root:0.876136456145, 0.835709048815
INFO:root:0.881616851476, 0.832770706345
INFO:root:0.886366977917, 0.828656636721
INFO:root:0.891848575046, 0.8257176499
INFO:root:0.895871874098, 0.822776132556
INFO:root:0.900638205057, 0.819827486623
INFO:root:0.904672610347, 0.819237559154
INFO:root:0.909438980401, 0.819827293177
INFO:root:0.912737191913, 0.8183356108
INFO:root:0.910676128571, 0.815564759656
INFO:root:0.912507900819, 0.81506867918
INFO:root:0.909242171793, 0.812526877662
INFO:root:0.911805190988, 0.8119517543
INFO:root:0.910131382533, 0.811475620409
INFO:root:0.911960582849, 0.811506307774
INFO:root:0.910132095961, 0.81089537847
INFO:root:0.911229642185, 0.809674792814
INFO:root:0.910068694512, 0.808091661462
INFO:root:0.909875008375, 0.807138911399
INFO:root:0.90985888872, 0.806412910048
INFO:root:0.90970534973, 0.805517556909
INFO:root:0.910070961516, 0.803404375076
INFO:root:0.909799574163, 0.802585287082
INFO:root:0.910164762656, 0.801355536757
INFO:root:0.909915389429, 0.800611176732
INFO:root:0.910280516584, 0.799527356429
INFO:root:0.910070853474, 0.799045088223
INFO:root:0.910067820987, 0.79895755684
INFO:root:0.911086854403, 0.79803224741
INFO:root:0.909992657774, 0.798782421694
INFO:root:0.9105144365, 0.798885464268
INFO:root:0.909619006187, 0.799204741932
INFO:root:0.910338309002, 0.800364647383
INFO:root:0.910466247397, 0.800621530744
INFO:root:0.909370827497, 0.801617361774
INFO:root:0.909813121499, 0.802384703476
INFO:root:0.90879749876, 0.802852610255
INFO:root:0.908921214198, 0.8029674695
INFO:root:0.907095398766, 0.803901224461
INFO:root:0.907729153479, 0.804073519224
INFO:root:0.907076965307, 0.803923065333
INFO:root:0.906401860118, 0.803606864013
INFO:root:0.904821173904, 0.803039094992
INFO:root:0.90591703414, 0.802805690915
INFO:root:0.904089959644, 0.801791874205
INFO:root:0.904940814903, 0.800898847085
INFO:root:0.903249247543, 0.800083746049
INFO:root:0.904345614063, 0.799518075078
INFO:root:0.902577298469, 0.799369562911
INFO:root:0.903674407169, 0.799304504427
INFO:root:0.902939255394, 0.798567597294
INFO:root:0.902704270103, 0.798543670026
INFO:root:0.901901021474, 0.798755359952
INFO:root:0.902530123805, 0.799032712921
INFO:root:0.901682100947, 0.79913572246
INFO:root:0.902232580738, 0.799977050435
INFO:root:0.901247478135, 0.800431265217
INFO:root:0.90157960202, 0.801103001432
INFO:root:0.900516678117, 0.801532095166
INFO:root:0.900972890659, 0.802172628441
INFO:root:0.899937421792, 0.803149584322
INFO:root:0.900481827438, 0.803779607424
INFO:root:0.899640219151, 0.804306715199
INFO:root:0.900111362648, 0.804565534881
INFO:root:0.899216752297, 0.805401243008
INFO:root:0.89957393357, 0.805579551965
INFO:root:0.898511411227, 0.80615979674
INFO:root:0.898916539683, 0.806863552461
INFO:root:0.898111545635, 0.807108533842
INFO:root:0.898494297354, 0.807376130052
INFO:root:0.897696361132, 0.808283308056
INFO:root:0.898196300078, 0.80877437387
INFO:root:0.89709795327, 0.809630999964
INFO:root:0.896731729928, 0.811969501302
INFO:root:0.895634366876, 0.813085619721
INFO:root:0.895268503461, 0.815022847568
INFO:root:0.894170950742, 0.81678822337
INFO:root:0.893073508303, 0.820907019688
INFO:root:0.891245348526, 0.823847551815
INFO:root:0.88941790151, 0.827962691762
INFO:root:0.886859293735, 0.832078124374
INFO:root:0.884300904639, 0.83736894264
INFO:root:0.881010347246, 0.84266169104
INFO:root:0.878450198546, 0.846779602176
INFO:root:0.875160195101, 0.853247427878
INFO:root:0.871138757818, 0.859715771445
INFO:root:0.86784878582, 0.867359492396
INFO:root:0.864557995465, 0.875005114666
INFO:root:0.86053744156, 0.881472037349
INFO:root:0.856516297068, 0.889115886812
INFO:root:0.852497144028, 0.896755950697
INFO:root:0.848479891628, 0.905567240232
INFO:root:0.845193853523, 0.913201821414
INFO:root:0.841907969324, 0.91966154908
INFO:root:0.838622962228, 0.927293734879
INFO:root:0.836067776969, 0.933752192556
INFO:root:0.834242887721, 0.939035681426
INFO:root:0.83241919623, 0.944315702504
INFO:root:0.830595052469, 0.948423404011
INFO:root:0.829500357243, 0.950368860376
INFO:root:0.829313454933, 0.952158239097
INFO:root:0.829648756793, 0.953105507319
INFO:root:0.830579757092, 0.953115677772
INFO:root:0.830395137296, 0.952871404587
INFO:root:0.831489178816, 0.952365915046
INFO:root:0.83258266815, 0.950640884109
INFO:root:0.832947321912, 0.948959851828
INFO:root:0.834770466843, 0.946658312618
INFO:root:0.834685488843, 0.945703616045
INFO:root:0.835779213849, 0.943944396988
INFO:root:0.83614388767, 0.941372456762
INFO:root:0.836987848034, 0.940447147649
INFO:root:0.836414765646, 0.939769944149
INFO:root:0.837424386196, 0.938769084724
INFO:root:0.836836453688, 0.938138434227
INFO:root:0.836694379545, 0.937931679947
INFO:root:0.83574241732, 0.938062468192
INFO:root:0.83601852938, 0.938098956175
INFO:root:0.83506326068, 0.938143390696
INFO:root:0.835949658691, 0.938133560331
INFO:root:0.834122732302, 0.93867852167
INFO:root:0.835218230493, 0.938403922533
INFO:root:0.834502743955, 0.938021947114
INFO:root:0.834250699477, 0.937997391712
INFO:root:0.835057394036, 0.937688538266
INFO:root:0.833542774352, 0.936924488968
INFO:root:0.835369609294, 0.936561366156
INFO:root:0.834715429655, 0.935574397129
INFO:root:0.835756164025, 0.934752112052
INFO:root:0.836121532756, 0.93290146216
INFO:root:0.837217834834, 0.930829803618
INFO:root:0.838314540938, 0.928902689376
INFO:root:0.83941093983, 0.926033309975
INFO:root:0.840508452148, 0.923500060928
INFO:root:0.84160649855, 0.919378997888
INFO:root:0.844170021952, 0.915255658661
INFO:root:0.847462940166, 0.909959112961
INFO:root:0.850022543978, 0.903489486999
INFO:root:0.854047931418, 0.897014789742
INFO:root:0.858073244992, 0.888185819132
INFO:root:0.862098652511, 0.880533866022
INFO:root:0.867588415855, 0.871703770485
INFO:root:0.872351401779, 0.861685410186
INFO:root:0.878981029763, 0.851673183099
INFO:root:0.883742305421, 0.839302005321
INFO:root:0.888496209714, 0.828126363808
INFO:root:0.893255519563, 0.816938014729
INFO:root:0.898020137607, 0.805737186963
INFO:root:0.902783861308, 0.792180835267
INFO:root:0.905348055778, 0.783342795369
INFO:root:0.909375425313, 0.772153720604
INFO:root:0.912667578085, 0.760974723302
INFO:root:0.915957219772, 0.75098009177
INFO:root:0.917859478233, 0.740980186823
INFO:root:0.921152286501, 0.729798963686
INFO:root:0.923714608591, 0.720967377347
INFO:root:0.926274773232, 0.71214322711
INFO:root:0.927370555493, 0.703330586707
INFO:root:0.929196064679, 0.694521780472
INFO:root:0.9310223743, 0.686884134311
INFO:root:0.932118208311, 0.681596300353
INFO:root:0.933213690017, 0.676310166408
INFO:root:0.934309548328, 0.672197315464
INFO:root:0.934675029892, 0.668845876825
INFO:root:0.934309533558, 0.666430640853
INFO:root:0.934537270188, 0.664254829215
INFO:root:0.932783467891, 0.663864544339
INFO:root:0.931977573195, 0.664296258472
INFO:root:0.932218581677, 0.664717760422
INFO:root:0.931122718893, 0.665919315516
INFO:root:0.930027341458, 0.667196985258
INFO:root:0.929662318566, 0.668982971684
INFO:root:0.929297323906, 0.670491557486
INFO:root:0.929617833747, 0.671330211837
INFO:root:0.928523465023, 0.672077498526
INFO:root:0.92742913121, 0.673858083198
INFO:root:0.92785782584, 0.674485780691
INFO:root:0.926812895179, 0.675634825927
INFO:root:0.927228535099, 0.67625813919
INFO:root:0.926131939279, 0.67635308258
INFO:root:0.926290110304, 0.676710057652
INFO:root:0.925914497117, 0.676466924834
INFO:root:0.924819286951, 0.676624027441
INFO:root:0.925181790682, 0.676904170361
INFO:root:0.924087424316, 0.677146119672
INFO:root:0.924460452113, 0.677402917137
INFO:root:0.923367515534, 0.677607168795
INFO:root:0.924459626418, 0.677589533154
INFO:root:0.923368709879, 0.677535179745
INFO:root:0.923005328023, 0.67839093045
INFO:root:0.921914812702, 0.68006310903
INFO:root:0.921719254875, 0.68133706193
INFO:root:0.921554768947, 0.683489376542
INFO:root:0.920463833167, 0.686146225502
INFO:root:0.920099997693, 0.689858815624
INFO:root:0.919736014821, 0.695127901001
INFO:root:0.91864457096, 0.698053817525
INFO:root:0.918281142039, 0.704484009645
INFO:root:0.916464283584, 0.710913189195
INFO:root:0.915373378756, 0.717347026485
INFO:root:0.912828372785, 0.724949342129
INFO:root:0.911011257147, 0.732548538957
INFO:root:0.909195887499, 0.741308417892
INFO:root:0.907381617489, 0.750062990639
INFO:root:0.904841795315, 0.758817026251
INFO:root:0.903027753601, 0.766403367895
INFO:root:0.900490976642, 0.77631271281
INFO:root:0.898678143135, 0.78389400172
INFO:root:0.896865661026, 0.790307695026
INFO:root:0.895053993152, 0.797884109244
INFO:root:0.893967169486, 0.803128464714
INFO:root:0.892880491597, 0.808372116749
INFO:root:0.89179429979, 0.812986617061
INFO:root:0.892156473063, 0.815300008914
INFO:root:0.891851424034, 0.817235477592
INFO:root:0.891488863233, 0.819260163914
INFO:root:0.893303029662, 0.819821526686
INFO:root:0.893741037596, 0.819975610431
INFO:root:0.89482888618, 0.81928065579
INFO:root:0.895917465153, 0.818465590527
INFO:root:0.89572717485, 0.817632109444
INFO:root:0.896815658639, 0.816713602608
INFO:root:0.897904408828, 0.814736989356
INFO:root:0.897830466827, 0.814491232965
INFO:root:0.898918894802, 0.814475909989
INFO:root:0.900007187482, 0.814045018134
INFO:root:0.901094807202, 0.814058866289
INFO:root:0.901823006497, 0.813836700695
INFO:root:0.902036355215, 0.814126316175
INFO:root:0.902437164957, 0.814575437623
INFO:root:0.903090391936, 0.815060555752
INFO:root:0.903596650994, 0.815194245378
INFO:root:0.90382795861, 0.81586996353
INFO:root:0.904121047855, 0.816284645412
INFO:root:0.904269537409, 0.816694855794
INFO:root:0.905359952778, 0.816630655874
INFO:root:0.903543889194, 0.8166438877
INFO:root:0.905044571348, 0.816730749634
INFO:root:0.90322876189, 0.816598718093
INFO:root:0.902139240721, 0.816674776163
INFO:root:0.902026540913, 0.816266817429
INFO:root:0.899483755168, 0.815682534084
INFO:root:0.897667294095, 0.816838819524
INFO:root:0.895122783163, 0.81845644478
INFO:root:0.891851614335, 0.817874484969
INFO:root:0.888581713114, 0.818458876486
INFO:root:0.885313780282, 0.821379075137
INFO:root:0.880590966206, 0.82313210991
INFO:root:0.876596624296, 0.824884317616
INFO:root:0.871153790009, 0.826635239969
INFO:root:0.865712550956, 0.828385649146
INFO:root:0.860274760836, 0.83130114861
INFO:root:0.854113178348, 0.834216058471
INFO:root:0.847952357986, 0.83596478806
INFO:root:0.8417912847, 0.838879457028
INFO:root:0.835628291894, 0.840628803259
INFO:root:0.829460598502, 0.843546604054
INFO:root:0.822565554542, 0.84646514118
INFO:root:0.816394228019, 0.84938466073
INFO:root:0.810227222101, 0.85113514607
INFO:root:0.804781314951, 0.852887056942
INFO:root:0.798607430994, 0.854639494592
INFO:root:0.791710308164, 0.856391144834
INFO:root:0.786988828976, 0.85931204364
INFO:root:0.782272013662, 0.861062851766
INFO:root:0.777552015574, 0.861646848274
INFO:root:0.773558153813, 0.8622308473
INFO:root:0.769564851133, 0.862814764575
INFO:root:0.764841267556, 0.862230324442
INFO:root:0.762297169031, 0.862814909439
INFO:root:0.759025460426, 0.862230194909
INFO:root:0.757208006914, 0.862599821252
INFO:root:0.755388080716, 0.862520662209
INFO:root:0.755881715131, 0.862954001421
INFO:root:0.755539805677, 0.862219293123
INFO:root:0.756632655554, 0.862208253287
INFO:root:0.756885743173, 0.860660670854
INFO:root:0.757979715298, 0.860716551371
INFO:root:0.758344259347, 0.859416523782
INFO:root:0.76089497685, 0.859332518437
INFO:root:0.761829216119, 0.858145144335
INFO:root:0.762193793092, 0.855106171725
INFO:root:0.763286738538, 0.854357158595
INFO:root:0.764378437309, 0.851726359554
INFO:root:0.765472142925, 0.851025213392
INFO:root:0.766562997273, 0.848608378373
INFO:root:0.768383000954, 0.848475079867
INFO:root:0.768747699014, 0.846410154492
INFO:root:0.770572908141, 0.845534242345
INFO:root:0.771569770087, 0.844329451637
INFO:root:0.772667241386, 0.84372410179
INFO:root:0.77449604489, 0.842809101026
INFO:root:0.775592846056, 0.842145550255
INFO:root:0.777421510562, 0.842019995946
INFO:root:0.779248891294, 0.84104273065
INFO:root:0.781032482345, 0.841142361907
INFO:root:0.782861230583, 0.841102369426
INFO:root:0.783958148307, 0.840735808223
INFO:root:0.785055950109, 0.840745820753
INFO:root:0.786886383646, 0.841032668938
INFO:root:0.787984877097, 0.840788167287
INFO:root:0.78862409606, 0.840873078177
INFO:root:0.790454224707, 0.840794857
INFO:root:0.790990773547, 0.841053355567
INFO:root:0.793554010655, 0.840757656303
INFO:root:0.795175889594, 0.841552909651
INFO:root:0.797007661771, 0.842521315027
INFO:root:0.79957529169, 0.843111307087
INFO:root:0.802143700323, 0.84289540816
INFO:root:0.805449904348, 0.842990622346
INFO:root:0.809491997506, 0.841217467482
INFO:root:0.813537213861, 0.840625959175
INFO:root:0.81758615199, 0.840033906654
INFO:root:0.821634599638, 0.840625887455
INFO:root:0.827896694066, 0.841218379427
INFO:root:0.832682600562, 0.839441925733
INFO:root:0.838940016904, 0.836481678973
INFO:root:0.844462235177, 0.835889525761
INFO:root:0.850716794974, 0.834114188527
INFO:root:0.856975140281, 0.832337776787
INFO:root:0.863233000709, 0.830561502679
INFO:root:0.86949412866, 0.82996910215
INFO:root:0.876498636321, 0.829376127957
INFO:root:0.882766584037, 0.828783082172
INFO:root:0.889035887853, 0.82818990808
INFO:root:0.896042857583, 0.827596725457
INFO:root:0.902312769011, 0.828189957039
INFO:root:0.908581212168, 0.827596864378
INFO:root:0.916325905082, 0.825817282635
INFO:root:0.921857262517, 0.825224149422
INFO:root:0.927394695695, 0.823442795257
INFO:root:0.933672218769, 0.822848843494
INFO:root:0.938473942605, 0.821066518651
INFO:root:0.943274099405, 0.819284775468
INFO:root:0.947339511569, 0.818690314045
INFO:root:0.951404627113, 0.816907059896
INFO:root:0.953991848265, 0.816312566146
INFO:root:0.957318665283, 0.816907129564
INFO:root:0.959906736391, 0.8139336843
INFO:root:0.961755861979, 0.814046072912
INFO:root:0.962865319001, 0.813873796901
INFO:root:0.963158202126, 0.814091243965
INFO:root:0.96475976767, 0.815068815723
INFO:root:0.963980164373, 0.815612613144
INFO:root:0.964469665111, 0.816526418799
INFO:root:0.964099473385, 0.818689577864
INFO:root:0.964072737239, 0.819868737059
INFO:root:0.96557173697, 0.821021330358
INFO:root:0.964461844303, 0.822556253351
INFO:root:0.966015706359, 0.823442306939
INFO:root:0.964906036287, 0.824613057932
INFO:root:0.96555218793, 0.825132425231
INFO:root:0.965726354668, 0.825759444106
INFO:root:0.965797347991, 0.826022491649
INFO:root:0.965749052922, 0.825828267114
INFO:root:0.965645782672, 0.825706347034
INFO:root:0.965436224618, 0.82529215913
INFO:root:0.966226907474, 0.825041386986
INFO:root:0.964382767011, 0.823891960783
INFO:root:0.964094229242, 0.823059191253
INFO:root:0.963834767588, 0.821981490698
INFO:root:0.963581457116, 0.821694857771
INFO:root:0.962994550507, 0.821612234228
INFO:root:0.962230887696, 0.821885924529
INFO:root:0.961625919492, 0.821131173156
INFO:root:0.960519600857, 0.822132598844
INFO:root:0.958675806856, 0.822160509322
INFO:root:0.956092684614, 0.822808979938
INFO:root:0.953510943998, 0.824381929751
INFO:root:0.948714499869, 0.822601564653
INFO:root:0.944652986092, 0.824383238806
INFO:root:0.939108969319, 0.823788748119
INFO:root:0.934305970228, 0.825571546316
INFO:root:0.928024904891, 0.827354407065
INFO:root:0.923220951572, 0.829137559457
INFO:root:0.919894520933, 0.83329902001
INFO:root:0.915082532862, 0.835085154776
INFO:root:0.908789168255, 0.838062407874
INFO:root:0.903975485698, 0.841040347429
INFO:root:0.89841725263, 0.842828392776
INFO:root:0.892861180179, 0.845807309927
INFO:root:0.888049718173, 0.847593249426
INFO:root:0.883237242178, 0.849379565303
INFO:root:0.879169078643, 0.851164156522
INFO:root:0.875103052841, 0.851758707673
INFO:root:0.871038289867, 0.852353074168
INFO:root:0.867715262986, 0.851759188118
INFO:root:0.865129684614, 0.852353304388
INFO:root:0.861808682878, 0.851239413558
INFO:root:0.859225972778, 0.851012598808
INFO:root:0.857379546427, 0.850639028937
INFO:root:0.855532209943, 0.84976251212
INFO:root:0.853971755181, 0.849509271836
INFO:root:0.852391492839, 0.848918289464
INFO:root:0.850766282499, 0.848881072187
INFO:root:0.850244323713, 0.848577641119
INFO:root:0.848399985426, 0.848535564772
INFO:root:0.847882532969, 0.848430710786
INFO:root:0.84632044546, 0.848355377264
INFO:root:0.845212635206, 0.848549112938
INFO:root:0.844235534058, 0.848842361796
INFO:root:0.844326071336, 0.84888271537
INFO:root:0.843219126176, 0.849138691454
INFO:root:0.843635303031, 0.849369209277
INFO:root:0.843629700313, 0.849427879968
INFO:root:0.843632778159, 0.849470896824
INFO:root:0.842725499845, 0.849700089791
INFO:root:0.840925397622, 0.848791789639
INFO:root:0.841351444443, 0.849263940792
INFO:root:0.842485292216, 0.850489168536
INFO:root:0.842677939021, 0.85144776887
INFO:root:0.843704039046, 0.853634629797
INFO:root:0.843334273423, 0.854975246338
