INFO:root:0.484107498248, 0.312154566902
INFO:root:0.480575667486, 0.319717449449
INFO:root:0.477001013438, 0.320413320554
INFO:root:0.473958150607, 0.320595733277
INFO:root:0.475184104268, 0.312720149049
INFO:root:0.473970683345, 0.316263364199
INFO:root:0.472754614461, 0.312928321884
INFO:root:0.466573503486, 0.313650280954
INFO:root:0.469839221126, 0.312976707319
INFO:root:0.463553950385, 0.318115582462
INFO:root:0.463165679032, 0.317333671482
INFO:root:0.457698726447, 0.31629659285
INFO:root:0.456403205043, 0.321592723292
INFO:root:0.459156921864, 0.32141714397
INFO:root:0.457813224663, 0.317493519292
INFO:root:0.453856834089, 0.319804068377
INFO:root:0.447104765661, 0.322170010551
INFO:root:0.451159453745, 0.320758950339
INFO:root:0.448762348927, 0.320172208872
INFO:root:0.441869893189, 0.32419743262
INFO:root:0.438019783729, 0.324723450678
INFO:root:0.433915819347, 0.32719724417
INFO:root:0.430435371769, 0.328319068282
INFO:root:0.434400541343, 0.328257768464
INFO:root:0.427716756267, 0.333722471325
INFO:root:0.42093156617, 0.336100019417
INFO:root:0.419579904316, 0.338499509953
INFO:root:0.418246394544, 0.341348045254
INFO:root:0.422270974022, 0.341356648366
INFO:root:0.415502309417, 0.345309577561
INFO:root:0.411445832477, 0.347094546893
INFO:root:0.407447808194, 0.350985985809
INFO:root:0.403399496932, 0.356502525184
INFO:root:0.404407496473, 0.357628365133
INFO:root:0.404949644858, 0.355333990123
INFO:root:0.395043785763, 0.361119054372
INFO:root:0.394976405951, 0.360470185202
INFO:root:0.396425247344, 0.352855018846
INFO:root:0.391987322178, 0.353884278581
INFO:root:0.38757281419, 0.35818109795
INFO:root:0.390677043948, 0.357531003929
INFO:root:0.386144711636, 0.35841330444
INFO:root:0.383344128374, 0.358096513949
INFO:root:0.379839986096, 0.358060906817
INFO:root:0.381188534159, 0.35870353972
INFO:root:0.381331987394, 0.356095151136
INFO:root:0.367486420675, 0.354948170033
INFO:root:0.369019194212, 0.350903644096
INFO:root:0.365726129214, 0.350664722744
INFO:root:0.364177955974, 0.343932609308
INFO:root:0.359462851778, 0.334263627435
INFO:root:0.351413214316, 0.337084241142
INFO:root:0.349815997399, 0.329418424393
INFO:root:0.347637988214, 0.329046117502
INFO:root:0.35248563271, 0.32838293292
INFO:root:0.354106521613, 0.33122275116
INFO:root:0.355733744982, 0.337874889203
INFO:root:0.363938197206, 0.34841604693
INFO:root:0.358999068534, 0.350382872888
INFO:root:0.363990422113, 0.34956690709
INFO:root:0.36231433658, 0.354461112834
INFO:root:0.364007152869, 0.347540828961
INFO:root:0.365713614402, 0.336578439463
INFO:root:0.365600486281, 0.334980937325
INFO:root:0.371282454331, 0.338708194252
INFO:root:0.376458489327, 0.325609278708
INFO:root:0.381663075992, 0.334707469791
INFO:root:0.390321323057, 0.347854248801
INFO:root:0.39550959209, 0.346887985459
INFO:root:0.403056853662, 0.35145697997
INFO:root:0.4134778463, 0.358606079652
INFO:root:0.415189126174, 0.36398952584
INFO:root:0.420275101194, 0.369948159316
INFO:root:0.423129402989, 0.370362869205
INFO:root:0.429349692619, 0.372222007255
INFO:root:0.431048260005, 0.379165801786
INFO:root:0.432745464517, 0.39006872374
INFO:root:0.434439491095, 0.398972592901
INFO:root:0.433598853626, 0.400995488712
INFO:root:0.438676918982, 0.39407572744
INFO:root:0.430235944567, 0.399005292745
INFO:root:0.438693752175, 0.386162863243
INFO:root:0.433618120499, 0.395055435326
INFO:root:0.430129130805, 0.395790484235
INFO:root:0.428440087014, 0.386912804797
INFO:root:0.440238794437, 0.383959735168
INFO:root:0.441919492625, 0.377088990458
INFO:root:0.446965616529, 0.376994629679
INFO:root:0.445185665441, 0.376882087723
INFO:root:0.4536057565, 0.373931666122
INFO:root:0.468712771499, 0.363148535239
INFO:root:0.483849200482, 0.367111957503
INFO:root:0.495614148276, 0.364167337489
INFO:root:0.495305398495, 0.363971646381
INFO:root:0.507135847592, 0.362984641656
INFO:root:0.522440649024, 0.364222287429
INFO:root:0.530997825995, 0.361223830571
INFO:root:0.543027767927, 0.358212885823
INFO:root:0.538920451831, 0.358655782697
INFO:root:0.550981701823, 0.355637001931
INFO:root:0.557064464589, 0.358593814601
INFO:root:0.562242611427, 0.345489554649
INFO:root:0.563961370189, 0.350508367139
INFO:root:0.565744319869, 0.351526920647
INFO:root:0.570902846089, 0.346505918207
INFO:root:0.576065175282, 0.339471332568
INFO:root:0.570915089094, 0.352504579846
INFO:root:0.576040047272, 0.343525587097
INFO:root:0.580124087919, 0.343201962495
INFO:root:0.578411720346, 0.345666125061
INFO:root:0.57670191828, 0.349334331354
INFO:root:0.581837266224, 0.342336512434
INFO:root:0.580116057084, 0.348356809159
INFO:root:0.581641710669, 0.349264307246
INFO:root:0.583371290411, 0.343101787364
INFO:root:0.588392503006, 0.341895155427
INFO:root:0.590134199115, 0.336432571593
INFO:root:0.595380995779, 0.335022281921
INFO:root:0.593986268211, 0.3349079461
INFO:root:0.601861387263, 0.336142578063
INFO:root:0.607202855425, 0.331755970065
INFO:root:0.605410579886, 0.33520178147
INFO:root:0.618142016002, 0.335220147516
INFO:root:0.612630055196, 0.335505140992
INFO:root:0.621907255311, 0.3343149592
INFO:root:0.626868281273, 0.337834986769
INFO:root:0.632488244437, 0.332364849068
INFO:root:0.638121953087, 0.320301112242
INFO:root:0.637187777402, 0.320230600751
INFO:root:0.639076826309, 0.325746664121
INFO:root:0.644750840888, 0.313596618231
INFO:root:0.646645610234, 0.332408026621
INFO:root:0.637137942093, 0.34240256086
INFO:root:0.635230545454, 0.352427911308
INFO:root:0.637265204432, 0.354557009041
INFO:root:0.631502668431, 0.369140174045
INFO:root:0.625724646606, 0.379263342717
INFO:root:0.623791410105, 0.400714692659
INFO:root:0.617953773458, 0.404123897528
INFO:root:0.617867904451, 0.403933102509
INFO:root:0.615913960601, 0.416485330097
INFO:root:0.61680313866, 0.417989058891
INFO:root:0.622696828939, 0.413385086441
INFO:root:0.620714867293, 0.407597715881
INFO:root:0.618307413867, 0.40524298591
INFO:root:0.620307601958, 0.397066156871
INFO:root:0.614302090418, 0.388810767604
INFO:root:0.612291140414, 0.37960712138
INFO:root:0.596100069317, 0.374381893018
INFO:root:0.602219387001, 0.374264231249
INFO:root:0.594735861481, 0.370658224956
INFO:root:0.580332268223, 0.368389698657
INFO:root:0.578251012672, 0.37689793391
INFO:root:0.567756481801, 0.377495614863
INFO:root:0.570510203859, 0.377718089015
INFO:root:0.559916094111, 0.3839050946
INFO:root:0.553569172996, 0.392553896034
INFO:root:0.564159864814, 0.386368886534
INFO:root:0.557775984123, 0.392582576096
INFO:root:0.562193159569, 0.392379835475
INFO:root:0.553547524637, 0.39078078594
INFO:root:0.564196075033, 0.386451864483
INFO:root:0.558441212794, 0.388418313567
INFO:root:0.56365724736, 0.386271566629
INFO:root:0.557372669216, 0.386260272409
INFO:root:0.561652425168, 0.386862229661
INFO:root:0.561826674873, 0.388701735064
INFO:root:0.555349213379, 0.391016904541
INFO:root:0.564072239915, 0.391483158126
INFO:root:0.557576965999, 0.391467998547
INFO:root:0.560180493077, 0.393883365258
INFO:root:0.558767315865, 0.39148137015
INFO:root:0.558439312242, 0.390168344473
INFO:root:0.564939199484, 0.383841741039
INFO:root:0.558391703671, 0.384351812478
INFO:root:0.560577758414, 0.375415154979
INFO:root:0.553943110127, 0.376517652325
INFO:root:0.56057231257, 0.367484192707
INFO:root:0.553958126228, 0.369548505679
INFO:root:0.557012215223, 0.369647008152
INFO:root:0.559236596942, 0.367298684962
INFO:root:0.553016116897, 0.36772604637
INFO:root:0.551080361403, 0.372371544374
INFO:root:0.556727363814, 0.371211613773
INFO:root:0.552949085209, 0.371166609648
INFO:root:0.548150627889, 0.371488567488
INFO:root:0.554825114439, 0.370291778188
INFO:root:0.552604586081, 0.362745891378
INFO:root:0.541524490457, 0.366628385433
INFO:root:0.548160374231, 0.365849948059
INFO:root:0.541497115202, 0.351581584476
INFO:root:0.534805165669, 0.351379913998
INFO:root:0.537036019295, 0.341626845958
INFO:root:0.534798056442, 0.334650618992
INFO:root:0.532922515274, 0.334141571265
INFO:root:0.522501911698, 0.333120071815
INFO:root:0.529256951125, 0.327022849094
INFO:root:0.522502358347, 0.332657282708
INFO:root:0.511224329302, 0.333902260655
INFO:root:0.5142871222, 0.334278801739
INFO:root:0.507540799302, 0.339125331019
INFO:root:0.506048397573, 0.343664759217
INFO:root:0.508297008973, 0.331845970796
INFO:root:0.501518735129, 0.337108118665
INFO:root:0.503033432149, 0.337186000946
INFO:root:0.500763128816, 0.322601465098
INFO:root:0.503712824935, 0.323607620961
INFO:root:0.504853847365, 0.321089730066
INFO:root:0.500527186032, 0.314537363775
INFO:root:0.497280034187, 0.313943398751
INFO:root:0.499567122678, 0.325964424247
INFO:root:0.497282416662, 0.329350632045
INFO:root:0.49955322135, 0.341286069244
INFO:root:0.506405800263, 0.369299617824
INFO:root:0.499511174478, 0.370262495748
INFO:root:0.501804898587, 0.384997487773
INFO:root:0.499508634963, 0.39438468249
INFO:root:0.501817262736, 0.409215416354
INFO:root:0.504128108336, 0.399768610081
INFO:root:0.509744305387, 0.399870387799
INFO:root:0.500732950661, 0.397486753443
INFO:root:0.50307540177, 0.39064674591
INFO:root:0.510113024363, 0.375576739256
INFO:root:0.512461456594, 0.365976277701
INFO:root:0.519432494227, 0.365877075854
INFO:root:0.521772895723, 0.362591084123
INFO:root:0.528769694284, 0.359009080775
INFO:root:0.53109550875, 0.37395022277
INFO:root:0.524119428633, 0.376054224083
INFO:root:0.534233807622, 0.376763937179
INFO:root:0.52724004246, 0.380848326066
INFO:root:0.538957228775, 0.382733822825
INFO:root:0.541296539062, 0.377086125778
INFO:root:0.543625245285, 0.373632153891
INFO:root:0.540527662499, 0.373364622138
INFO:root:0.542844055966, 0.363895136017
INFO:root:0.549793450203, 0.357380765529
INFO:root:0.547464046739, 0.352236393878
INFO:root:0.549783043397, 0.347842368874
INFO:root:0.545709667472, 0.347507700256
INFO:root:0.545798067297, 0.348649023667
INFO:root:0.550657855949, 0.347080651273
INFO:root:0.543726384537, 0.347321287714
INFO:root:0.555368075708, 0.342499524278
INFO:root:0.548372276431, 0.342807092082
INFO:root:0.55537582994, 0.336754076811
INFO:root:0.561003188914, 0.335148874559
INFO:root:0.563347279965, 0.327719136512
INFO:root:0.570421134719, 0.326772010273
INFO:root:0.56700131975, 0.326760874278
INFO:root:0.574057750831, 0.321531068502
INFO:root:0.573675443393, 0.326283692621
INFO:root:0.585526945307, 0.324454814753
INFO:root:0.592666461505, 0.320716354557
INFO:root:0.590811594373, 0.320344606095
INFO:root:0.58844032143, 0.32860070986
INFO:root:0.600308804054, 0.325469745667
INFO:root:0.61225117239, 0.315731746059
INFO:root:0.609874056526, 0.332041621487
INFO:root:0.617032286129, 0.331417900771
INFO:root:0.619399691358, 0.327373042019
INFO:root:0.614325282644, 0.329031314477
INFO:root:0.611957625582, 0.340452283853
INFO:root:0.619054108945, 0.334740823921
INFO:root:0.611957038019, 0.334825421653
INFO:root:0.609598441945, 0.339712610956
INFO:root:0.616683811138, 0.337603570252
INFO:root:0.618088412605, 0.331875857489
INFO:root:0.611087127559, 0.333744927878
INFO:root:0.61404222135, 0.333980762438
INFO:root:0.616335641932, 0.331074267673
INFO:root:0.611396061456, 0.331646577901
INFO:root:0.62083396944, 0.331559647141
INFO:root:0.615037421913, 0.332715875501
INFO:root:0.61853843793, 0.332749446207
INFO:root:0.625390970501, 0.330819361932
INFO:root:0.632250809936, 0.329483970037
INFO:root:0.638924008416, 0.325586793468
INFO:root:0.632435773731, 0.325726988946
INFO:root:0.638952218769, 0.325952659957
INFO:root:0.644628166956, 0.324752253247
INFO:root:0.651218560842, 0.322188755254
INFO:root:0.64472451961, 0.327934628023
INFO:root:0.653870904689, 0.327994052322
INFO:root:0.647352413345, 0.327671118884
INFO:root:0.65762492476, 0.329297058746
INFO:root:0.651053687791, 0.335693109759
INFO:root:0.657422626451, 0.330576988113
INFO:root:0.658908012, 0.330767860904
INFO:root:0.658980416116, 0.330943343589
INFO:root:0.659437088737, 0.332350889037
INFO:root:0.655073772445, 0.334201158255
INFO:root:0.664116682692, 0.335092793354
INFO:root:0.657637258949, 0.340549357428
INFO:root:0.664013125373, 0.339900076144
INFO:root:0.661881272172, 0.346125133264
INFO:root:0.659712887186, 0.34890691051
INFO:root:0.670669446351, 0.351525964934
INFO:root:0.672128349338, 0.353749348175
INFO:root:0.672295526182, 0.353854957815
INFO:root:0.679020429757, 0.352170837945
INFO:root:0.683424416692, 0.356088303093
INFO:root:0.694940830278, 0.352052922101
INFO:root:0.692557825672, 0.361794716564
INFO:root:0.699550208059, 0.360231278812
INFO:root:0.705244147771, 0.360092993014
INFO:root:0.702856676702, 0.369853046509
INFO:root:0.710065606035, 0.374221036345
INFO:root:0.712203290349, 0.376779206102
INFO:root:0.7124338833, 0.377343967312
INFO:root:0.71558982902, 0.379044241758
INFO:root:0.713229977669, 0.383250807166
INFO:root:0.717388683966, 0.384040141311
INFO:root:0.719170346485, 0.386607471802
INFO:root:0.713613275703, 0.386880048999
INFO:root:0.716474350266, 0.389019118149
INFO:root:0.714629098305, 0.388236714805
INFO:root:0.707392147719, 0.390269054371
INFO:root:0.709702423041, 0.390797673207
INFO:root:0.70948445278, 0.390671400171
INFO:root:0.702299916314, 0.39381607138
INFO:root:0.700473259263, 0.396919514105
INFO:root:0.697928323636, 0.400524480328
INFO:root:0.702308796016, 0.401644645794
INFO:root:0.696697875565, 0.401615211648
INFO:root:0.700827918837, 0.401780214231
INFO:root:0.708611694725, 0.399621856675
INFO:root:0.704444155469, 0.397922860819
INFO:root:0.711248812085, 0.39578539102
INFO:root:0.703368217921, 0.395293861351
INFO:root:0.711107293018, 0.39361118495
INFO:root:0.70849742178, 0.385361577988
INFO:root:0.704805452597, 0.383481144596
INFO:root:0.707513186192, 0.376979904408
INFO:root:0.695493033751, 0.376317253393
INFO:root:0.703639171331, 0.373395710358
INFO:root:0.69552104108, 0.378136733286
INFO:root:0.682024712907, 0.375343650557
INFO:root:0.689858891408, 0.37376329091
INFO:root:0.678962812382, 0.373422693823
INFO:root:0.682625402553, 0.375621627289
INFO:root:0.679928373237, 0.369654214478
INFO:root:0.672918472233, 0.369918972384
INFO:root:0.686737625941, 0.371328297206
INFO:root:0.675577441771, 0.369666560079
INFO:root:0.683943649475, 0.362657877283
INFO:root:0.676473454421, 0.363396374138
INFO:root:0.690558957112, 0.362179722222
INFO:root:0.687726571061, 0.367142099071
INFO:root:0.685849113653, 0.366759378026
INFO:root:0.682993104214, 0.375098986907
INFO:root:0.674418609227, 0.383444890062
INFO:root:0.671549876531, 0.388470946702
INFO:root:0.665339587738, 0.391293054011
INFO:root:0.674078249449, 0.39249450143
INFO:root:0.665242817666, 0.404534338335
INFO:root:0.666602089734, 0.406490430473
INFO:root:0.663092920226, 0.404604721677
INFO:root:0.660168702282, 0.416559012533
INFO:root:0.669023923746, 0.41358101576
INFO:root:0.666049918813, 0.394475867589
INFO:root:0.669025755279, 0.385786361215
INFO:root:0.678005193601, 0.377631464622
INFO:root:0.668983059824, 0.361824570018
INFO:root:0.677481911148, 0.361366687373
INFO:root:0.662214323501, 0.366716489421
INFO:root:0.67144264468, 0.359543357326
INFO:root:0.662121261528, 0.364987085114
INFO:root:0.646423966424, 0.370487457762
INFO:root:0.655805090868, 0.368873214807
INFO:root:0.640092236536, 0.366803421205
INFO:root:0.63217863253, 0.369196463121
INFO:root:0.62302817994, 0.369070145965
INFO:root:0.626209913019, 0.364768763222
INFO:root:0.622553277589, 0.363927981194
INFO:root:0.629579110194, 0.360984419968
INFO:root:0.625689317779, 0.351333094427
INFO:root:0.61612205845, 0.360645295312
INFO:root:0.619305859468, 0.354570872931
INFO:root:0.606145477407, 0.354730041788
INFO:root:0.602966003693, 0.360616615954
INFO:root:0.60747085153, 0.361557093912
INFO:root:0.598061121461, 0.361633996107
INFO:root:0.601180113231, 0.368513886295
INFO:root:0.604352489365, 0.369260494868
INFO:root:0.611871958588, 0.36549835731
INFO:root:0.602655353734, 0.367309263185
INFO:root:0.618013565933, 0.366207276352
INFO:root:0.613643216958, 0.363146589342
INFO:root:0.61372911874, 0.362993230447
INFO:root:0.623016890272, 0.359363842176
INFO:root:0.632265874374, 0.355243121732
INFO:root:0.633575006118, 0.350530152709
INFO:root:0.633390440505, 0.349577383575
INFO:root:0.633309980783, 0.349667949351
INFO:root:0.642414858514, 0.344350661658
INFO:root:0.640764010062, 0.34270078274
INFO:root:0.64986952439, 0.337247542104
INFO:root:0.652895768289, 0.32487616608
INFO:root:0.643832486282, 0.326770993439
INFO:root:0.657225465794, 0.32713174152
INFO:root:0.660219497422, 0.316833006064
INFO:root:0.646378688856, 0.315977384398
INFO:root:0.655392208201, 0.31485222067
INFO:root:0.650664715183, 0.314490142193
INFO:root:0.64172000805, 0.314751035095
INFO:root:0.632787731087, 0.320388983873
INFO:root:0.636045377173, 0.321786350871
INFO:root:0.627194487669, 0.324135681846
INFO:root:0.63602128354, 0.32435563915
INFO:root:0.621480911918, 0.324573904197
INFO:root:0.63026790719, 0.321936395982
INFO:root:0.615702241459, 0.321035236537
INFO:root:0.624381911782, 0.317383940885
INFO:root:0.620795023649, 0.316635899578
INFO:root:0.623654192582, 0.310588360681
INFO:root:0.615139239828, 0.310773228205
INFO:root:0.623600742032, 0.302537305501
INFO:root:0.612177479794, 0.302126584844
INFO:root:0.620558176778, 0.302264074544
INFO:root:0.612216325864, 0.307846306641
INFO:root:0.614987849008, 0.296516236721
INFO:root:0.606694066876, 0.299940882268
INFO:root:0.614922248854, 0.292303614506
INFO:root:0.606757020255, 0.293745555741
INFO:root:0.609469966752, 0.282654948911
INFO:root:0.601370782925, 0.290538212468
INFO:root:0.604055861786, 0.279561529372
INFO:root:0.596021682337, 0.281749954952
INFO:root:0.600237777294, 0.283440744071
INFO:root:0.586945650797, 0.284993275861
INFO:root:0.59489169027, 0.277529666546
INFO:root:0.592268248831, 0.285190171877
INFO:root:0.589660537995, 0.276655871096
INFO:root:0.585760835103, 0.276577575686
INFO:root:0.583186120072, 0.284095798859
INFO:root:0.583858610305, 0.280945308699
INFO:root:0.581300173575, 0.274326384643
INFO:root:0.568603682753, 0.27877526774
INFO:root:0.569081066076, 0.279697825287
INFO:root:0.56659027621, 0.273680392666
INFO:root:0.559203477192, 0.280417544158
INFO:root:0.556752446805, 0.273472577916
INFO:root:0.544666728287, 0.280530689429
INFO:root:0.545123674928, 0.281116899774
INFO:root:0.543390649058, 0.280609103221
INFO:root:0.531623094948, 0.281325667613
INFO:root:0.533964099051, 0.290895762757
INFO:root:0.534737157584, 0.288093257159
INFO:root:0.525351376826, 0.287761108664
INFO:root:0.527174461841, 0.290266537986
INFO:root:0.52034604869, 0.29070603269
INFO:root:0.527123637378, 0.288063158364
INFO:root:0.515905090037, 0.289479689564
INFO:root:0.525319530232, 0.289438810072
INFO:root:0.514328878619, 0.286739952782
INFO:root:0.515617514975, 0.28817440695
INFO:root:0.511061473098, 0.290182767748
INFO:root:0.517373441963, 0.288029058609
INFO:root:0.513279136784, 0.287928700396
INFO:root:0.507045764499, 0.290691265183
INFO:root:0.513110491256, 0.290998665775
INFO:root:0.510498107467, 0.28958069621
INFO:root:0.504547568731, 0.291566496154
INFO:root:0.510425253392, 0.291899329681
INFO:root:0.508472759689, 0.283917476733
INFO:root:0.50272362086, 0.28951334634
INFO:root:0.504610153583, 0.279597657438
INFO:root:0.502739288747, 0.271949505754
INFO:root:0.507827771452, 0.272106536478
INFO:root:0.502278682712, 0.275347228131
INFO:root:0.500441528086, 0.265691072419
INFO:root:0.498630351728, 0.254055989942
INFO:root:0.497914603503, 0.253012996578
INFO:root:0.501536069917, 0.252942245758
INFO:root:0.493080649316, 0.248281509056
INFO:root:0.500539692098, 0.24826243838
INFO:root:0.498656155911, 0.246811316073
INFO:root:0.495418020743, 0.246577541668
INFO:root:0.495358170585, 0.246675482618
INFO:root:0.503844843592, 0.245281166664
INFO:root:0.505533958627, 0.241673406251
INFO:root:0.500662568091, 0.241660014998
INFO:root:0.509040993591, 0.240646911954
INFO:root:0.504007204295, 0.240504098356
INFO:root:0.505688457479, 0.251304548224
INFO:root:0.507358511516, 0.262033054246
INFO:root:0.512348081913, 0.268646108461
INFO:root:0.514001435902, 0.281198464242
INFO:root:0.521550339918, 0.281377982575
INFO:root:0.520615819326, 0.281206699802
INFO:root:0.518980536783, 0.286687817789
INFO:root:0.525463308408, 0.28908052199
INFO:root:0.530346369487, 0.2824264885
INFO:root:0.522254340291, 0.282167602099
INFO:root:0.530297895208, 0.284040330035
INFO:root:0.535117725574, 0.280834481225
INFO:root:0.531076498604, 0.278590299058
INFO:root:0.529689842126, 0.280612789616
INFO:root:0.532660448073, 0.280859755283
INFO:root:0.540207215598, 0.281587294117
INFO:root:0.538617279669, 0.276663268651
INFO:root:0.537029402439, 0.285009212741
INFO:root:0.541768710943, 0.276705883187
INFO:root:0.541320506519, 0.276133065404
INFO:root:0.542476897133, 0.276903312017
INFO:root:0.540922428668, 0.281442393312
INFO:root:0.542466562671, 0.273326365315
INFO:root:0.54399607506, 0.2688601563
