INFO:root:0.292563579928, 0.658385468415
INFO:root:0.291843114768, 0.658404706849
INFO:root:0.29236214866, 0.658056121124
INFO:root:0.291826014106, 0.658267517962
INFO:root:0.292584115063, 0.658278352961
INFO:root:0.291700252851, 0.657922189225
INFO:root:0.292613788826, 0.658282554621
INFO:root:0.292062757924, 0.657912479547
INFO:root:0.292245600284, 0.658256857964
INFO:root:0.291843720112, 0.658246045203
INFO:root:0.292580341315, 0.658238944506
INFO:root:0.292050368814, 0.657883012357
INFO:root:0.292240582465, 0.658218446291
INFO:root:0.291839240799, 0.658216440625
INFO:root:0.292551526334, 0.658232365282
INFO:root:0.292022690944, 0.657877196822
INFO:root:0.292232577937, 0.65822696547
INFO:root:0.291832699223, 0.658211901651
INFO:root:0.29254374461, 0.658193198003
INFO:root:0.291663440969, 0.65783846824
INFO:root:0.292403939198, 0.658142130115
INFO:root:0.291503941653, 0.658142952222
INFO:root:0.291972804837, 0.658072398222
INFO:root:0.291079546619, 0.658204156644
INFO:root:0.291455736198, 0.658099122623
INFO:root:0.290570960502, 0.657742590787
INFO:root:0.290800136479, 0.658068012386
INFO:root:0.290715548993, 0.65806144662
INFO:root:0.290297527219, 0.658079599524
INFO:root:0.290833895243, 0.658439826938
INFO:root:0.290673564962, 0.658055271707
INFO:root:0.290673103863, 0.65807676085
INFO:root:0.290659535746, 0.658060142086
INFO:root:0.290660720253, 0.658049419394
INFO:root:0.290666760993, 0.658070143234
INFO:root:0.290280056595, 0.658070637867
INFO:root:0.291018521855, 0.658074564088
INFO:root:0.290480660728, 0.657713333899
INFO:root:0.29066764687, 0.658002567824
INFO:root:0.290661066639, 0.658019425084
INFO:root:0.290283928974, 0.658029005271
INFO:root:0.290622421497, 0.658052132781
INFO:root:0.290624239228, 0.65805209794
INFO:root:0.290617163172, 0.65806126201
INFO:root:0.29062415823, 0.658042019163
INFO:root:0.290617875176, 0.658027725864
INFO:root:0.290612299604, 0.658033294789
INFO:root:0.290606694159, 0.658047368821
INFO:root:0.290612805204, 0.658041469455
INFO:root:0.290593834821, 0.658037287554
INFO:root:0.290607161532, 0.658044962285
INFO:root:0.290587802634, 0.658053281741
INFO:root:0.290474182263, 0.658044265524
INFO:root:0.290379291661, 0.657989637636
INFO:root:0.289844461139, 0.657977871141
INFO:root:0.290043101414, 0.658005848242
INFO:root:0.289506176481, 0.657915560051
INFO:root:0.289698938317, 0.657951591482
INFO:root:0.28969121728, 0.657929708026
INFO:root:0.289672119738, 0.657901883494
INFO:root:0.2896581624, 0.657888749191
INFO:root:0.28967179814, 0.657908099741
INFO:root:0.289663647539, 0.657907375059
INFO:root:0.289653256711, 0.65789577729
INFO:root:0.289647186055, 0.657865701094
INFO:root:0.289632190616, 0.657858468585
INFO:root:0.28962808049, 0.657847086287
INFO:root:0.289631325262, 0.657843494468
INFO:root:0.289638582337, 0.657853297838
INFO:root:0.289628141253, 0.657843162795
INFO:root:0.289240671065, 0.657864839096
INFO:root:0.289601389711, 0.657885934559
INFO:root:0.289601576175, 0.657888775932
INFO:root:0.289612958228, 0.657888965438
INFO:root:0.290008658784, 0.657895509969
INFO:root:0.289640393832, 0.657914758431
INFO:root:0.289643008701, 0.657909275248
INFO:root:0.289618179621, 0.657920643484
INFO:root:0.289606783601, 0.657925596094
INFO:root:0.289598589922, 0.65794256531
INFO:root:0.289588300927, 0.657916303689
INFO:root:0.289599550837, 0.657930260406
INFO:root:0.28959746669, 0.657904137072
INFO:root:0.289605598643, 0.657912492023
INFO:root:0.289609977646, 0.65789804146
INFO:root:0.289601433204, 0.65789962269
INFO:root:0.289595427394, 0.657903698067
INFO:root:0.289612814593, 0.657913210812
INFO:root:0.289607274186, 0.657883474251
INFO:root:0.289610244821, 0.657891965821
INFO:root:0.289607507456, 0.657889718887
INFO:root:0.289609177347, 0.657887242222
INFO:root:0.289605869597, 0.657905642399
INFO:root:0.289604552997, 0.657911385737
INFO:root:0.289608798978, 0.657912278911
INFO:root:0.289609148475, 0.657920772811
INFO:root:0.289603386799, 0.657877555992
INFO:root:0.289209505587, 0.657843573628
INFO:root:0.289963818338, 0.657865438394
INFO:root:0.28942484287, 0.657503459808
INFO:root:0.289642061943, 0.657866202081
INFO:root:0.289241240315, 0.657895383282
INFO:root:0.289613462806, 0.65788259308
INFO:root:0.289214610436, 0.657861086035
INFO:root:0.289584780071, 0.657834941977
INFO:root:0.289199103647, 0.657824267707
INFO:root:0.289552630431, 0.657843579182
INFO:root:0.28953569054, 0.657851022029
INFO:root:0.289538819029, 0.657852264401
INFO:root:0.289535755459, 0.657856694096
INFO:root:0.289548472952, 0.657848858168
INFO:root:0.289506710191, 0.657745867564
INFO:root:0.289512783395, 0.657779864131
INFO:root:0.289504953426, 0.657763810844
INFO:root:0.289505006621, 0.657769393628
INFO:root:0.289538163559, 0.657874284058
INFO:root:0.28952262875, 0.657844546881
INFO:root:0.289527007624, 0.657843711949
INFO:root:0.289541185106, 0.657836551469
INFO:root:0.289931718777, 0.657838460561
INFO:root:0.289570401934, 0.657814284301
INFO:root:0.289556020593, 0.657800724587
INFO:root:0.289557310537, 0.657834330251
INFO:root:0.2895384596, 0.657836958227
INFO:root:0.289543163034, 0.657826180986
INFO:root:0.289536531377, 0.657810356784
INFO:root:0.289536950963, 0.657800490093
INFO:root:0.28952191173, 0.657782854351
INFO:root:0.289511628341, 0.657772144769
INFO:root:0.289505055638, 0.657783415568
INFO:root:0.289515317585, 0.657820714093
INFO:root:0.289523282001, 0.657829932917
INFO:root:0.289533654099, 0.657825403262
INFO:root:0.289539164266, 0.657798079895
INFO:root:0.289933199192, 0.657834124915
INFO:root:0.289574008582, 0.657749643963
INFO:root:0.289581397956, 0.657761678083
INFO:root:0.289196865164, 0.657767535503
INFO:root:0.289562833106, 0.657822150512
INFO:root:0.289174524184, 0.657814321792
INFO:root:0.289916506834, 0.657780205236
INFO:root:0.289375488328, 0.657416854536
INFO:root:0.289593316696, 0.657786387323
INFO:root:0.289558064382, 0.657803229874
INFO:root:0.289556081721, 0.657797726995
INFO:root:0.2895365415, 0.657787586857
INFO:root:0.289527471446, 0.657789281202
INFO:root:0.289532851009, 0.657768374396
INFO:root:0.289530578994, 0.657750435518
INFO:root:0.289528977497, 0.65772640691
INFO:root:0.289525844225, 0.657734716825
INFO:root:0.289532068361, 0.657719923692
INFO:root:0.289522015209, 0.657720965838
INFO:root:0.289518202461, 0.657714564112
INFO:root:0.289515800416, 0.65771470289
INFO:root:0.289536948071, 0.657720824772
INFO:root:0.289525929001, 0.657717180656
INFO:root:0.289524666854, 0.657705821618
INFO:root:0.289532013924, 0.657716899231
INFO:root:0.289523691001, 0.657702995418
INFO:root:0.289531620434, 0.657703057084
INFO:root:0.28952068802, 0.657692640583
INFO:root:0.28952743983, 0.657709719712
INFO:root:0.289532839379, 0.657711444583
INFO:root:0.28951479414, 0.657697123403
INFO:root:0.289522493813, 0.657712016286
INFO:root:0.289511598025, 0.657714310926
INFO:root:0.289509150571, 0.657700435106
INFO:root:0.289511806042, 0.657705900967
INFO:root:0.289507642676, 0.657696875325
INFO:root:0.289509635959, 0.657694892652
INFO:root:0.289513086691, 0.657692034879
INFO:root:0.289506935031, 0.657674955486
INFO:root:0.289500465175, 0.657676657368
INFO:root:0.289513800812, 0.657679004764
INFO:root:0.289507186357, 0.657672478824
INFO:root:0.289510287437, 0.657664980201
INFO:root:0.289503441982, 0.657665561078
INFO:root:0.289504169707, 0.657672934975
INFO:root:0.289496674064, 0.657666979707
INFO:root:0.289508946685, 0.657663335116
INFO:root:0.289499344126, 0.657644349056
INFO:root:0.28950488515, 0.657649237022
INFO:root:0.289501239433, 0.657614999582
INFO:root:0.289510861344, 0.657617864846
INFO:root:0.289499915388, 0.657613368711
INFO:root:0.289508986101, 0.657612029482
INFO:root:0.289514206778, 0.65761847843
INFO:root:0.289505097227, 0.657621472026
INFO:root:0.28950697066, 0.657592868165
INFO:root:0.28951308269, 0.657588323177
INFO:root:0.289514758524, 0.65759709513
INFO:root:0.289512289678, 0.657593367865
INFO:root:0.289510122885, 0.657577785123
INFO:root:0.289511254511, 0.657582168966
INFO:root:0.289512023567, 0.657580720218
INFO:root:0.289508289042, 0.657583447517
INFO:root:0.289519388265, 0.657594072892
INFO:root:0.28951673966, 0.657595869366
INFO:root:0.289521041588, 0.657596801514
INFO:root:0.289142831549, 0.657603492197
INFO:root:0.289507129651, 0.657629223857
INFO:root:0.289096495159, 0.657595870282
INFO:root:0.289449454082, 0.657559143305
INFO:root:0.288905231293, 0.657517640332
INFO:root:0.289455012336, 0.657766060682
INFO:root:0.288579137382, 0.657584058167
INFO:root:0.289119576394, 0.657675642145
INFO:root:0.288220376742, 0.657313297989
INFO:root:0.289003234278, 0.657745285537
INFO:root:0.288654063147, 0.65772845722
INFO:root:0.288657115968, 0.657721348154
INFO:root:0.288661908035, 0.657721104389
INFO:root:0.288655526279, 0.65767692427
INFO:root:0.288662185362, 0.657675424
INFO:root:0.288660569274, 0.657660707044
INFO:root:0.288272433926, 0.657645006378
INFO:root:0.289021641824, 0.657655031274
INFO:root:0.288476109709, 0.657288649211
INFO:root:0.288689177042, 0.657662649131
INFO:root:0.288690985513, 0.657681257035
INFO:root:0.288684588561, 0.65769481208
INFO:root:0.288699685063, 0.657700595855
INFO:root:0.288710354707, 0.65770679923
INFO:root:0.288708506895, 0.657713742249
INFO:root:0.288709225339, 0.657712156191
INFO:root:0.28871052792, 0.657727234932
INFO:root:0.288720058477, 0.657712738535
INFO:root:0.288720327152, 0.657699335825
INFO:root:0.288726326543, 0.657711125808
INFO:root:0.288723579689, 0.65773894675
INFO:root:0.288701584637, 0.657709980814
INFO:root:0.288711966196, 0.657727071559
INFO:root:0.288706640217, 0.657704261622
INFO:root:0.288707877399, 0.657660630373
INFO:root:0.288312988996, 0.657633605778
INFO:root:0.28906921594, 0.657653142411
INFO:root:0.2881669758, 0.657289573051
INFO:root:0.289069448093, 0.657675350612
INFO:root:0.288168024193, 0.657312110167
INFO:root:0.289084693123, 0.657674645567
INFO:root:0.288541028374, 0.657309517637
INFO:root:0.288740741387, 0.657671353434
INFO:root:0.288340714902, 0.657668292
INFO:root:0.289135221926, 0.657647948803
INFO:root:0.288591967575, 0.65733195143
INFO:root:0.288790442511, 0.657659461655
INFO:root:0.288793184414, 0.657636491467
INFO:root:0.288792462891, 0.65762600884
INFO:root:0.28840573045, 0.657707372285
INFO:root:0.288947315442, 0.658050653867
INFO:root:0.28876653258, 0.657733698858
INFO:root:0.289170332999, 0.657725071453
INFO:root:0.288440454328, 0.657730572395
INFO:root:0.288769917968, 0.657732416336
INFO:root:0.288780355564, 0.657744336139
INFO:root:0.288788234336, 0.657734091809
INFO:root:0.288802894892, 0.657746785722
INFO:root:0.288802447574, 0.657747975896
INFO:root:0.288797551946, 0.657734825548
INFO:root:0.288807403265, 0.65772496133
INFO:root:0.288794931275, 0.657725530739
INFO:root:0.288783999671, 0.657718307359
INFO:root:0.288776453002, 0.65769463596
INFO:root:0.288781280676, 0.657712837472
INFO:root:0.288775755222, 0.65768979317
INFO:root:0.288763546619, 0.657691587665
INFO:root:0.288768766955, 0.657686834919
INFO:root:0.288763101585, 0.65767591595
INFO:root:0.288777565231, 0.657695664103
INFO:root:0.288773682871, 0.657682566454
INFO:root:0.28873901687, 0.657679384722
INFO:root:0.2887463751, 0.657682227604
INFO:root:0.288714634964, 0.657680196483
INFO:root:0.288673232978, 0.657644762432
INFO:root:0.288659387989, 0.657637689387
INFO:root:0.28865098422, 0.65764125411
INFO:root:0.288578567911, 0.65755260816
INFO:root:0.288554701052, 0.657573692987
INFO:root:0.288010879751, 0.65748632012
INFO:root:0.288824782315, 0.65751375162
INFO:root:0.287911130561, 0.657145583802
INFO:root:0.288082439577, 0.657585186687
INFO:root:0.287950475556, 0.657494310484
INFO:root:0.287403656623, 0.657374652787
INFO:root:0.287534755689, 0.657575149233
INFO:root:0.287327581743, 0.657537900811
INFO:root:0.287038046113, 0.657471178021
INFO:root:0.286782171137, 0.657397950699
INFO:root:0.286541483554, 0.657391822394
INFO:root:0.286176132379, 0.657404383761
INFO:root:0.285861985734, 0.657333882778
INFO:root:0.285490255364, 0.657308392592
INFO:root:0.284740577896, 0.657219261878
INFO:root:0.284711272751, 0.65716474713
INFO:root:0.283792570846, 0.657112358502
INFO:root:0.283726205515, 0.657044367641
INFO:root:0.282785591198, 0.657014774219
INFO:root:0.282603864949, 0.656911701004
INFO:root:0.281662655346, 0.656917694979
INFO:root:0.281414195436, 0.656782075718
INFO:root:0.280474638903, 0.656733410362
INFO:root:0.280255719843, 0.656654507075
INFO:root:0.279351595033, 0.656501165873
INFO:root:0.27916504876, 0.656401162522
INFO:root:0.27822674889, 0.656478153352
INFO:root:0.278098164317, 0.656382957185
INFO:root:0.27717119769, 0.65646319728
INFO:root:0.277041048403, 0.656208168545
INFO:root:0.276207210675, 0.656238546519
INFO:root:0.276194093565, 0.656081504583
INFO:root:0.275270401309, 0.655709290815
INFO:root:0.275414399968, 0.656054338622
INFO:root:0.275126986021, 0.656044556837
INFO:root:0.274912332221, 0.655937923458
INFO:root:0.274708215487, 0.655940168766
INFO:root:0.274476016515, 0.655894918211
INFO:root:0.273926882543, 0.655765614875
INFO:root:0.27413060638, 0.655882929718
INFO:root:0.274063699035, 0.65586383649
INFO:root:0.273608602823, 0.65589818549
INFO:root:0.274161573813, 0.656269563538
INFO:root:0.273957408847, 0.655897037418
INFO:root:0.273967053844, 0.655893689623
INFO:root:0.273968822942, 0.655882094112
INFO:root:0.273965653308, 0.655879971912
INFO:root:0.273967839848, 0.655894839399
INFO:root:0.273964715501, 0.655901242788
INFO:root:0.273972025963, 0.655904847095
INFO:root:0.273975315843, 0.655915464349
INFO:root:0.273576832446, 0.655879156765
INFO:root:0.273955438439, 0.655882333636
INFO:root:0.27395392735, 0.65590954921
INFO:root:0.274357312765, 0.655937068295
INFO:root:0.274002199672, 0.655927914895
INFO:root:0.274384800757, 0.655939856369
INFO:root:0.274046419039, 0.655930944645
INFO:root:0.27444842579, 0.655948559145
INFO:root:0.274079067673, 0.655929247525
INFO:root:0.274083062046, 0.655930807346
INFO:root:0.274094581783, 0.65594593557
INFO:root:0.27451182054, 0.655985355372
INFO:root:0.274148810536, 0.65601533306
INFO:root:0.274531906086, 0.656024760153
INFO:root:0.274164081274, 0.656022862112
INFO:root:0.274550915529, 0.656039941102
INFO:root:0.274211381602, 0.656017079989
INFO:root:0.274632510567, 0.656024361141
INFO:root:0.274276006765, 0.656007390802
INFO:root:0.274653095364, 0.656029541567
INFO:root:0.274317561789, 0.655998729842
INFO:root:0.273935347171, 0.655981834737
INFO:root:0.274695840873, 0.655992894514
INFO:root:0.274384665287, 0.656005867202
INFO:root:0.274782954304, 0.656029806066
INFO:root:0.274430265228, 0.65599601071
INFO:root:0.274940072647, 0.65601070431
INFO:root:0.274567831574, 0.656006335797
INFO:root:0.274615333907, 0.656002793517
INFO:root:0.274684902748, 0.656006368822
INFO:root:0.274767263116, 0.656036571234
INFO:root:0.275310958241, 0.656033948211
INFO:root:0.275009635714, 0.656004361005
INFO:root:0.27506761201, 0.656007439131
INFO:root:0.275614756829, 0.656088595517
INFO:root:0.275377490775, 0.656091417156
INFO:root:0.275600386798, 0.656121163337
INFO:root:0.275736381402, 0.656133647761
INFO:root:0.275807501139, 0.656168656608
INFO:root:0.276006133805, 0.656220279725
INFO:root:0.276219439795, 0.656274604599
INFO:root:0.276480915144, 0.656305183452
INFO:root:0.277023896276, 0.656469101322
INFO:root:0.276877820122, 0.656343562593
INFO:root:0.277417016566, 0.656508942698
INFO:root:0.277826414322, 0.656417723621
INFO:root:0.277436726778, 0.656531277687
INFO:root:0.278335223382, 0.656364110896
INFO:root:0.278577341874, 0.656813883125
INFO:root:0.278784476073, 0.656906843538
INFO:root:0.279330108215, 0.656972873689
INFO:root:0.279772145185, 0.656685728335
INFO:root:0.280182185604, 0.656667492709
INFO:root:0.280228798517, 0.656811390477
INFO:root:0.280459656747, 0.657272062709
INFO:root:0.280782358282, 0.657637502071
INFO:root:0.281700737522, 0.657471002348
INFO:root:0.281148005, 0.657542739897
INFO:root:0.28206869379, 0.657349130573
INFO:root:0.282388004013, 0.657650125328
INFO:root:0.283309601053, 0.65827605093
INFO:root:0.283308021994, 0.657674953165
INFO:root:0.283856976498, 0.657754357967
INFO:root:0.283816609335, 0.657587101956
INFO:root:0.284134944649, 0.657906305289
INFO:root:0.28446619861, 0.65830355975
INFO:root:0.285380149066, 0.658431740889
INFO:root:0.285299902561, 0.658353335405
INFO:root:0.286213642775, 0.658652517513
INFO:root:0.285774032724, 0.658696149991
INFO:root:0.286691263763, 0.658326539854
INFO:root:0.286952493792, 0.658489811784
INFO:root:0.287872583877, 0.6581018689
INFO:root:0.287886003173, 0.658445093304
INFO:root:0.28880559359, 0.657943591564
INFO:root:0.288876971977, 0.658651415024
INFO:root:0.28942833801, 0.657540514573
INFO:root:0.289330901081, 0.658430408209
INFO:root:0.290251015901, 0.658059636015
INFO:root:0.291137120361, 0.658833279129
INFO:root:0.291222056209, 0.659059585509
INFO:root:0.291756523042, 0.660025009335
INFO:root:0.292309459398, 0.658910944973
INFO:root:0.292862413893, 0.657976477284
INFO:root:0.293022253427, 0.658468921905
INFO:root:0.293573885735, 0.658799768982
INFO:root:0.293389969865, 0.659298459392
INFO:root:0.293741455412, 0.659389569394
INFO:root:0.294292562479, 0.65921364618
INFO:root:0.294476412991, 0.657859734775
INFO:root:0.293967764983, 0.658154641969
INFO:root:0.294887751492, 0.658270412069
INFO:root:0.294704227434, 0.65937971304
INFO:root:0.295080241401, 0.658921007322
INFO:root:0.294852376455, 0.6585319649
INFO:root:0.295350625601, 0.657893619884
INFO:root:0.294797534669, 0.65769344485
INFO:root:0.295063440822, 0.657843988479
INFO:root:0.294539628954, 0.658141423583
INFO:root:0.295451910775, 0.658062586037
INFO:root:0.294539503757, 0.658077946106
INFO:root:0.295087121878, 0.658255401693
INFO:root:0.294298840863, 0.657968341438
INFO:root:0.294198945066, 0.65781019775
INFO:root:0.293964166222, 0.65752273713
INFO:root:0.293054337822, 0.657665022729
INFO:root:0.292552176265, 0.65783122713
INFO:root:0.291642390339, 0.658581724474
INFO:root:0.291708365594, 0.657218187082
INFO:root:0.290795064948, 0.656850160747
INFO:root:0.28988504639, 0.657216864522
INFO:root:0.289339492992, 0.657583260878
INFO:root:0.288430237472, 0.657949657177
INFO:root:0.287163012491, 0.657837221751
INFO:root:0.28717925528, 0.656657543486
INFO:root:0.285906980388, 0.656291343728
INFO:root:0.285359842393, 0.656658804307
INFO:root:0.284447156871, 0.65702658277
INFO:root:0.28353231369, 0.657395230688
INFO:root:0.282248795862, 0.657213344797
INFO:root:0.281511996093, 0.656760792037
INFO:root:0.280601316117, 0.656393821735
INFO:root:0.279689355406, 0.65718982472
INFO:root:0.279396972203, 0.657132625356
INFO:root:0.278481551998, 0.656989593761
INFO:root:0.277567332502, 0.656659717852
INFO:root:0.27729728811, 0.656435235288
INFO:root:0.27638119415, 0.656471388835
INFO:root:0.275465265389, 0.656998631347
INFO:root:0.275344404715, 0.656858037299
INFO:root:0.274428521992, 0.656847147378
INFO:root:0.274184784174, 0.656567503785
INFO:root:0.273268879384, 0.656609642296
INFO:root:0.272720180994, 0.65679335353
INFO:root:0.272540723745, 0.656696666432
INFO:root:0.27178035208, 0.656514219474
INFO:root:0.271624286321, 0.65642720039
INFO:root:0.270707096996, 0.656105309266
INFO:root:0.270867908263, 0.656436300406
INFO:root:0.269947885114, 0.656412580365
INFO:root:0.270061590007, 0.656564936695
INFO:root:0.269143651514, 0.656262663757
INFO:root:0.269224926976, 0.656536724321
INFO:root:0.268304189014, 0.65630281761
INFO:root:0.26835256751, 0.656568479046
INFO:root:0.267430746623, 0.65619701937
INFO:root:0.267568769075, 0.656528942957
INFO:root:0.266647384649, 0.656224804468
INFO:root:0.266882138646, 0.656524502769
INFO:root:0.266328901154, 0.656433014315
INFO:root:0.266737066208, 0.656424140984
INFO:root:0.26581523988, 0.656052679116
INFO:root:0.265950145773, 0.656401047713
INFO:root:0.265396978703, 0.6563702769
INFO:root:0.26568393404, 0.656403764951
INFO:root:0.265599603309, 0.656396628776
INFO:root:0.265069573403, 0.65635311409
INFO:root:0.265329160616, 0.656396034603
INFO:root:0.265283819059, 0.656366380582
INFO:root:0.264783596053, 0.656335905969
INFO:root:0.265112302941, 0.656405000858
INFO:root:0.265067324789, 0.656397330948
INFO:root:0.265004498805, 0.656371374342
INFO:root:0.264900667916, 0.656368871722
INFO:root:0.264839100304, 0.656311979947
INFO:root:0.264797801754, 0.656286133628
INFO:root:0.264322093557, 0.656261994497
INFO:root:0.264583398513, 0.656344805952
INFO:root:0.264027107864, 0.656281762294
INFO:root:0.264310584995, 0.656477443126
INFO:root:0.264209050935, 0.656462697242
INFO:root:0.263656875581, 0.656440438081
INFO:root:0.263890042194, 0.656478794966
INFO:root:0.263646225646, 0.656435037441
INFO:root:0.263093573513, 0.656393024941
INFO:root:0.263219344879, 0.656532265639
INFO:root:0.262961496188, 0.656503873674
INFO:root:0.262410146953, 0.656264372626
INFO:root:0.26199589493, 0.656433626752
INFO:root:0.262046932008, 0.656440410459
INFO:root:0.261287267187, 0.65644200677
INFO:root:0.261669904603, 0.656401260665
INFO:root:0.260388058678, 0.656770215259
INFO:root:0.260804504006, 0.656391318083
INFO:root:0.259892518234, 0.656746667757
INFO:root:0.259676573469, 0.656413197417
INFO:root:0.259372591227, 0.656203741471
INFO:root:0.258458463692, 0.656152382787
INFO:root:0.259014834429, 0.656007973755
INFO:root:0.258090744597, 0.656380347732
INFO:root:0.257906874527, 0.65612527084
INFO:root:0.257354002404, 0.656238527213
INFO:root:0.257285586332, 0.656161781927
INFO:root:0.256727708168, 0.656150355664
INFO:root:0.256239959109, 0.65611458239
INFO:root:0.255745378353, 0.656233951055
INFO:root:0.256175715007, 0.656109748235
INFO:root:0.255248948405, 0.656483200851
INFO:root:0.254452144077, 0.656194091755
INFO:root:0.253899122124, 0.656108091866
INFO:root:0.252971520984, 0.656053392435
INFO:root:0.252408898859, 0.656057682837
INFO:root:0.251470761227, 0.65608508486
INFO:root:0.250908171678, 0.656119118258
INFO:root:0.249973062372, 0.655742303842
INFO:root:0.24901033605, 0.655842693317
INFO:root:0.248051178916, 0.655593059763
INFO:root:0.247085362563, 0.656019255618
INFO:root:0.246139275543, 0.656400493646
INFO:root:0.244835948983, 0.655715492131
INFO:root:0.243902310426, 0.65609171389
INFO:root:0.242596333754, 0.655715813726
INFO:root:0.24128985005, 0.656091859829
INFO:root:0.239982596358, 0.6557155921
INFO:root:0.238670246355, 0.655337857496
INFO:root:0.237351732984, 0.654958348885
INFO:root:0.236034922822, 0.654579330511
INFO:root:0.234713783523, 0.654959594944
INFO:root:0.233391562344, 0.655340170775
INFO:root:0.231700966168, 0.654961699862
INFO:root:0.230387654148, 0.65458368836
INFO:root:0.228697685204, 0.654205357864
INFO:root:0.227002330179, 0.654584894133
INFO:root:0.22531046299, 0.654963649586
INFO:root:0.223242414704, 0.654584855556
INFO:root:0.221168635953, 0.654964699206
INFO:root:0.219093775872, 0.65382457407
INFO:root:0.217008855931, 0.654206458396
INFO:root:0.214913732487, 0.653822705146
INFO:root:0.212807170044, 0.65420855362
INFO:root:0.210331195992, 0.653057331497
INFO:root:0.207850425927, 0.652672847475
INFO:root:0.205362951956, 0.653058370507
INFO:root:0.202891586868, 0.653441396891
INFO:root:0.200815950161, 0.653061212928
INFO:root:0.198345677031, 0.652678355782
INFO:root:0.195849035754, 0.652291411949
INFO:root:0.193353058542, 0.651904571036
INFO:root:0.19086313827, 0.652290473209
INFO:root:0.188366052399, 0.65190346047
INFO:root:0.185882398344, 0.652288391469
INFO:root:0.183768607953, 0.651126874325
INFO:root:0.181268065491, 0.651514422786
INFO:root:0.179177351393, 0.650365585948
INFO:root:0.176691681842, 0.65075082932
INFO:root:0.174185560633, 0.650362416233
INFO:root:0.172081852039, 0.650747741982
INFO:root:0.169988575489, 0.64959749709
INFO:root:0.167883734907, 0.649211964
INFO:root:0.165756809671, 0.649601542225
INFO:root:0.163639958991, 0.648438343468
INFO:root:0.161912609127, 0.649598440166
INFO:root:0.160183069111, 0.649211250961
INFO:root:0.158839906253, 0.64959785445
INFO:root:0.156742086756, 0.648030111683
INFO:root:0.155789910059, 0.648413803627
INFO:root:0.154459699726, 0.647643686138
INFO:root:0.153883297311, 0.648805030262
INFO:root:0.152997349904, 0.648178198426
INFO:root:0.1525615503, 0.64859286999
INFO:root:0.153135835068, 0.647511268313
INFO:root:0.15256095968, 0.648669535761
INFO:root:0.152793701124, 0.648993983202
INFO:root:0.152602802751, 0.649765830808
INFO:root:0.155847035168, 0.649381329188
INFO:root:0.156802810656, 0.648996187066
INFO:root:0.156346740208, 0.649010717201
INFO:root:0.157684317307, 0.648625721464
INFO:root:0.15749313533, 0.650551702859
INFO:root:0.158835733838, 0.65178068236
INFO:root:0.158259692948, 0.652801076959
INFO:root:0.159987894115, 0.652414187479
INFO:root:0.159921444026, 0.65379714102
INFO:root:0.161643650843, 0.654182688554
INFO:root:0.166443371531, 0.655343154356
INFO:root:0.168544407204, 0.654958318193
INFO:root:0.170647939397, 0.655343611632
INFO:root:0.1727498429, 0.655728606751
INFO:root:0.174471158163, 0.655343258808
INFO:root:0.176581309524, 0.657275788
INFO:root:0.178692006801, 0.658435605494
INFO:root:0.180804441931, 0.658822529639
INFO:root:0.182895682041, 0.658439487679
INFO:root:0.184993681589, 0.658823767731
INFO:root:0.187088572776, 0.65920747844
INFO:root:0.189186345224, 0.661128670716
INFO:root:0.19128488933, 0.661513050512
INFO:root:0.193387331978, 0.662668332128
INFO:root:0.195462890707, 0.661527823089
INFO:root:0.19754452086, 0.662671668345
INFO:root:0.199241017233, 0.663051460125
INFO:root:0.201313089315, 0.664190053269
INFO:root:0.203002123752, 0.664568174559
INFO:root:0.204683945246, 0.66569769418
INFO:root:0.206358064458, 0.665322911937
INFO:root:0.208027636764, 0.666444204942
INFO:root:0.209321530838, 0.666071782521
INFO:root:0.210984775651, 0.667188825951
INFO:root:0.212279650297, 0.667561530611
INFO:root:0.213580299133, 0.668209405568
INFO:root:0.214884152092, 0.66872072297
INFO:root:0.215814720825, 0.669086191022
INFO:root:0.216374891969, 0.667957549904
INFO:root:0.216960356604, 0.66936245427
INFO:root:0.21789381268, 0.670009908452
INFO:root:0.218032944439, 0.670207250083
INFO:root:0.218298598588, 0.670412514835
INFO:root:0.218424516518, 0.670565579845
INFO:root:0.218800961344, 0.670306080261
INFO:root:0.218246694959, 0.671422824386
INFO:root:0.218076198116, 0.671030492012
INFO:root:0.217159903518, 0.670661259227
INFO:root:0.216978219946, 0.671759435488
INFO:root:0.216070037279, 0.672125399466
INFO:root:0.217344768125, 0.671024679497
INFO:root:0.216070682055, 0.670657958427
INFO:root:0.214435660729, 0.671023987893
INFO:root:0.21316040378, 0.670656929808
INFO:root:0.210056725144, 0.671024773202
INFO:root:0.20914401757, 0.672128135247
INFO:root:0.206403164275, 0.673232597612
INFO:root:0.205493565589, 0.673599132194
INFO:root:0.202757235092, 0.673231585579
INFO:root:0.201109541927, 0.67286271929
INFO:root:0.202763064851, 0.671011862354
INFO:root:0.201842119478, 0.672125182983
INFO:root:0.20055524587, 0.671754781267
INFO:root:0.199634571987, 0.672125778743
INFO:root:0.197979927958, 0.671731495725
INFO:root:0.19706555005, 0.671363035294
INFO:root:0.19615337303, 0.670995461739
INFO:root:0.195605307849, 0.67283587815
INFO:root:0.195014362612, 0.672086965766
INFO:root:0.194466690471, 0.672454785081
INFO:root:0.194113328805, 0.67080264008
INFO:root:0.193200819243, 0.672641177865
INFO:root:0.192309661075, 0.672061322183
INFO:root:0.191931778075, 0.672650289445
INFO:root:0.191943189536, 0.673116627448
INFO:root:0.191033530591, 0.673203766771
INFO:root:0.191168782938, 0.673207579597
INFO:root:0.190623213324, 0.673404084386
INFO:root:0.190808052393, 0.673852628678
INFO:root:0.190651134843, 0.673562969417
INFO:root:0.190110047966, 0.673924885712
INFO:root:0.190630676163, 0.673447531923
INFO:root:0.19008355907, 0.674549871549
INFO:root:0.189537654851, 0.674722781441
INFO:root:0.189659707138, 0.675001125527
INFO:root:0.189113574666, 0.67510910754
INFO:root:0.189486808216, 0.674970906802
INFO:root:0.188576385799, 0.675337773317
INFO:root:0.188029271615, 0.67609221333
INFO:root:0.187907893306, 0.675690231041
INFO:root:0.187360146157, 0.676422353322
INFO:root:0.187463936634, 0.675710291752
INFO:root:0.186188562499, 0.676077383566
INFO:root:0.185725656544, 0.676168358158
INFO:root:0.185288621059, 0.67628577627
INFO:root:0.184870311883, 0.676738130708
INFO:root:0.18479238734, 0.676091841438
INFO:root:0.184013193799, 0.676016385192
INFO:root:0.183557698898, 0.676037479979
INFO:root:0.18304909249, 0.676647251692
INFO:root:0.183097857041, 0.676864443735
INFO:root:0.182188918627, 0.677228733373
INFO:root:0.182652082382, 0.677185298722
INFO:root:0.18174670129, 0.676883843011
INFO:root:0.18150404799, 0.67680210336
INFO:root:0.180661910868, 0.676538170906
INFO:root:0.180480373519, 0.678143406107
INFO:root:0.180194083425, 0.677816586316
INFO:root:0.179288556515, 0.678154796121
INFO:root:0.179736269376, 0.678076183278
INFO:root:0.178462004346, 0.677559950972
INFO:root:0.178280286989, 0.678378582641
INFO:root:0.177824601465, 0.678478496243
INFO:root:0.177440490115, 0.678721661111
INFO:root:0.177402142984, 0.677982418646
INFO:root:0.17649436093, 0.678552436915
INFO:root:0.176570217063, 0.678628194538
INFO:root:0.176027589983, 0.679153873871
INFO:root:0.175890682605, 0.679150221842
INFO:root:0.175155016108, 0.679087045989
INFO:root:0.17512023949, 0.679031010135
INFO:root:0.17479865183, 0.678957634527
INFO:root:0.174257867518, 0.679589536712
INFO:root:0.17470309814, 0.679288077225
INFO:root:0.174048083784, 0.678430688064
INFO:root:0.173512688012, 0.679509411397
INFO:root:0.173170778162, 0.679438027264
INFO:root:0.172283044902, 0.679517145867
INFO:root:0.17281803721, 0.679581730676
INFO:root:0.17198491198, 0.677961502344
INFO:root:0.171095100528, 0.677829847887
INFO:root:0.170562537729, 0.681048894136
INFO:root:0.170027749766, 0.678021727041
INFO:root:0.169132508413, 0.681268469015
INFO:root:0.168496184971, 0.679966525649
INFO:root:0.167957541246, 0.675987212003
INFO:root:0.167058482181, 0.678523224536
INFO:root:0.166157021904, 0.67888647964
INFO:root:0.164887525584, 0.677790279643
INFO:root:0.163979255126, 0.678156278998
INFO:root:0.162720182636, 0.675604344366
INFO:root:0.161452727922, 0.676698781452
INFO:root:0.159821856243, 0.678524283908
INFO:root:0.15819096882, 0.677428971861
INFO:root:0.15692592586, 0.677064853676
INFO:root:0.15498901316, 0.674174565199
INFO:root:0.153720963149, 0.675269516319
INFO:root:0.152088957762, 0.675634870611
INFO:root:0.150451990427, 0.676001335726
INFO:root:0.148813532592, 0.677101732099
INFO:root:0.146874086183, 0.674786745678
INFO:root:0.145604588929, 0.67442134541
INFO:root:0.144334201569, 0.675518314813
INFO:root:0.1423380716, 0.673023076206
INFO:root:0.141432151935, 0.674118232423
INFO:root:0.140161451612, 0.675946965163
INFO:root:0.139252483964, 0.672484195327
INFO:root:0.137975269034, 0.674322303587
INFO:root:0.136695311669, 0.67333159767
INFO:root:0.135929348053, 0.673320095873
INFO:root:0.13501544871, 0.674424898635
INFO:root:0.134243280167, 0.674247981319
INFO:root:0.133964652142, 0.673847065263
INFO:root:0.133503643764, 0.673047634076
INFO:root:0.132955399983, 0.674888650229
INFO:root:0.132587379187, 0.673723322866
INFO:root:0.131671227621, 0.674554036511
INFO:root:0.131853905741, 0.673449848764
INFO:root:0.131917527736, 0.674117252851
INFO:root:0.131434386006, 0.674441033287
INFO:root:0.132203167073, 0.674443004139
INFO:root:0.132304707775, 0.673722998201
INFO:root:0.131760669818, 0.674023220532
INFO:root:0.132668317106, 0.672925975811
INFO:root:0.132485796931, 0.674764697571
INFO:root:0.132676387887, 0.675060101262
INFO:root:0.132858425717, 0.673226238676
INFO:root:0.133359604498, 0.674355251574
INFO:root:0.133595575413, 0.67476887306
INFO:root:0.134140099679, 0.674488342409
INFO:root:0.133736957253, 0.674589266019
INFO:root:0.134999057369, 0.674680958855
INFO:root:0.135540209209, 0.673169486203
INFO:root:0.135359637592, 0.67571621479
INFO:root:0.13554327108, 0.675882335297
INFO:root:0.135724465826, 0.674056966001
INFO:root:0.13647323889, 0.674671727006
INFO:root:0.136006535763, 0.675239916149
INFO:root:0.136908851992, 0.675617194257
INFO:root:0.136728659883, 0.677432462908
INFO:root:0.13726799646, 0.675621357366
INFO:root:0.137447983104, 0.674161340423
INFO:root:0.137627938599, 0.675974225416
INFO:root:0.138077992397, 0.675882989615
INFO:root:0.137536029963, 0.677702912849
INFO:root:0.13793663526, 0.678514241571
INFO:root:0.138478914865, 0.6745080673
INFO:root:0.13829799243, 0.67560164291
INFO:root:0.141001709005, 0.676691140552
INFO:root:0.141541800311, 0.67599978474
INFO:root:0.14064229443, 0.677087187406
INFO:root:0.140775639814, 0.677370232956
INFO:root:0.13952473234, 0.67629008428
INFO:root:0.139702215011, 0.67814287913
INFO:root:0.138812961996, 0.67850121516
INFO:root:0.138440658364, 0.678491816602
INFO:root:0.13790284763, 0.680297798326
INFO:root:0.138081857387, 0.679012340663
INFO:root:0.140408396335, 0.68081524264
INFO:root:0.140586947338, 0.679016506607
INFO:root:0.141122211946, 0.678689757931
INFO:root:0.140658365262, 0.679249764779
INFO:root:0.141194498586, 0.678169555415
INFO:root:0.141015888187, 0.68068862356
INFO:root:0.141425034735, 0.680154966963
INFO:root:0.141094833519, 0.679724660166
INFO:root:0.141127505107, 0.680359276049
INFO:root:0.140745221059, 0.68034900443
INFO:root:0.141035261747, 0.680336633669
INFO:root:0.140990719304, 0.680237410141
INFO:root:0.140931364035, 0.679588584378
INFO:root:0.140932679913, 0.680022225326
INFO:root:0.140781794631, 0.679931730284
INFO:root:0.140620684465, 0.679874534529
INFO:root:0.140081832302, 0.67999208637
INFO:root:0.140446357194, 0.680246330683
INFO:root:0.140394091752, 0.680109145075
INFO:root:0.139926441498, 0.680248076146
INFO:root:0.140216102978, 0.680246796559
INFO:root:0.140751654954, 0.678553972035
INFO:root:0.140214831828, 0.681077703472
INFO:root:0.140393829067, 0.679274472026
INFO:root:0.140224343865, 0.680715223419
INFO:root:0.141120282089, 0.681076253341
INFO:root:0.141300226327, 0.679843475435
INFO:root:0.141119981499, 0.681659275182
INFO:root:0.141659743362, 0.680571754985
INFO:root:0.141802215869, 0.680700327699
INFO:root:0.141624443962, 0.681672132692
INFO:root:0.142157205833, 0.680598716181
INFO:root:0.142511298883, 0.682051119151
INFO:root:0.143042572036, 0.681953075619
INFO:root:0.142977216409, 0.681347575521
INFO:root:0.143183173023, 0.68159453527
INFO:root:0.143434506804, 0.681640823053
INFO:root:0.143959946999, 0.681176852303
INFO:root:0.143435819797, 0.682936884386
INFO:root:0.143610335793, 0.68117879732
INFO:root:0.143086540873, 0.681719392197
INFO:root:0.143483137856, 0.682480543285
INFO:root:0.143436684597, 0.681880531652
INFO:root:0.142917528914, 0.682472445595
INFO:root:0.143402501615, 0.6824386694
INFO:root:0.142536752386, 0.682168846759
INFO:root:0.142075479174, 0.682333814399
INFO:root:0.141657459953, 0.682566328213
INFO:root:0.142058432431, 0.682296769023
INFO:root:0.141186256988, 0.682648223423
INFO:root:0.140838194552, 0.682321531585
INFO:root:0.139963254184, 0.683070717138
INFO:root:0.139819638023, 0.68248590774
INFO:root:0.138952981753, 0.682437840584
INFO:root:0.138086244295, 0.682434947324
INFO:root:0.137313774569, 0.682206643972
INFO:root:0.136446174643, 0.681857033335
INFO:root:0.135581184608, 0.681508474388
INFO:root:0.134721009916, 0.68185509293
INFO:root:0.133516026569, 0.682201924116
INFO:root:0.13231301115, 0.682548188871
INFO:root:0.130768200966, 0.681860419076
INFO:root:0.129564762083, 0.681604994745
INFO:root:0.128358862859, 0.680664485223
INFO:root:0.127496412331, 0.681707092083
INFO:root:0.126290785433, 0.681360075663
INFO:root:0.124742592827, 0.681013484397
INFO:root:0.123533907089, 0.680665587549
INFO:root:0.122322985256, 0.680317047085
INFO:root:0.121110510136, 0.679968059537
INFO:root:0.120244813078, 0.680316903389
INFO:root:0.119031387877, 0.679967642379
INFO:root:0.117813516023, 0.680318183273
INFO:root:0.116944018054, 0.680668558751
INFO:root:0.115733947716, 0.679213858411
INFO:root:0.114865491179, 0.680263725869
INFO:root:0.114110786629, 0.678668312781
INFO:root:0.113251224228, 0.679707428216
INFO:root:0.112052560083, 0.679036768869
INFO:root:0.111690180206, 0.678994232613
INFO:root:0.110484980769, 0.677953552464
INFO:root:0.110312283712, 0.678997410233
INFO:root:0.109099029183, 0.678912764869
INFO:root:0.108961078413, 0.678806441658
INFO:root:0.108092076252, 0.678371104482
INFO:root:0.107921196321, 0.678161548985
INFO:root:0.107048713432, 0.677809970695
INFO:root:0.10652356964, 0.678195250037
INFO:root:0.106883873362, 0.677922720341
INFO:root:0.106008101553, 0.677569816738
INFO:root:0.106050029381, 0.678022568249
INFO:root:0.105522775378, 0.677955433358
INFO:root:0.105875750736, 0.67796688651
INFO:root:0.106251281105, 0.677768933779
INFO:root:0.105754776301, 0.678046067676
INFO:root:0.106633871244, 0.678668510656
INFO:root:0.106773572381, 0.679013035438
INFO:root:0.107516634037, 0.679418081143
INFO:root:0.1080418873, 0.679190489519
INFO:root:0.1087953029, 0.679659298144
INFO:root:0.10958888251, 0.679738061498
INFO:root:0.110460938311, 0.680089467687
INFO:root:0.111336528728, 0.679736637179
INFO:root:0.112563051286, 0.679383606347
INFO:root:0.11378770602, 0.680655457234
INFO:root:0.115006246341, 0.68170765713
INFO:root:0.116229139352, 0.682059643266
INFO:root:0.117793675491, 0.681709393201
INFO:root:0.119699631567, 0.682756706439
INFO:root:0.12160431063, 0.682407835931
INFO:root:0.123502534359, 0.682755524048
INFO:root:0.125739745672, 0.683795731701
INFO:root:0.127971871278, 0.684833574718
INFO:root:0.130202314216, 0.685179261601
INFO:root:0.132434152885, 0.685525164802
INFO:root:0.135005648292, 0.685870570604
INFO:root:0.137578890703, 0.686216211067
INFO:root:0.14015834453, 0.686562685852
INFO:root:0.142740512455, 0.688296882583
INFO:root:0.14531038976, 0.687951694125
INFO:root:0.147885357628, 0.688989310806
INFO:root:0.150456270741, 0.690025293572
INFO:root:0.153364965838, 0.690370027806
INFO:root:0.155583614441, 0.690713886734
INFO:root:0.158490202682, 0.691747340331
INFO:root:0.161041434672, 0.692090024332
INFO:root:0.163248290409, 0.692432055534
INFO:root:0.165782837669, 0.692772498425
INFO:root:0.167972551521, 0.69311187288
INFO:root:0.170498953368, 0.694129919254
INFO:root:0.172690339417, 0.694469552875
INFO:root:0.174875159966, 0.694808168937
INFO:root:0.17672037919, 0.695146148486
INFO:root:0.17855780159, 0.695482699929
INFO:root:0.180390226187, 0.695818335949
INFO:root:0.181885050628, 0.696822267426
INFO:root:0.183380562812, 0.697157065215
INFO:root:0.184540066285, 0.696823324533
INFO:root:0.186031328311, 0.697157170846
INFO:root:0.187186205918, 0.698012290311
INFO:root:0.188008517743, 0.698223205939
INFO:root:0.188785140002, 0.698327645341
INFO:root:0.188919471856, 0.698606893594
INFO:root:0.189608607093, 0.698643690334
INFO:root:0.189115540181, 0.698780621262
INFO:root:0.189444282961, 0.698867949223
INFO:root:0.189304207994, 0.698608016484
INFO:root:0.18848393057, 0.698836160067
INFO:root:0.187663953062, 0.698672835724
INFO:root:0.187170362251, 0.698953402257
INFO:root:0.186012641041, 0.699279645174
INFO:root:0.184855648909, 0.698280591651
INFO:root:0.18633988975, 0.697283768172
INFO:root:0.185185713432, 0.696999790311
INFO:root:0.182711463565, 0.697332133997
INFO:root:0.181225164646, 0.696999398766
INFO:root:0.178088706911, 0.697997195846
INFO:root:0.17626962101, 0.698330388685
INFO:root:0.172798455586, 0.698663424662
INFO:root:0.170990222054, 0.697669809468
INFO:root:0.167527198548, 0.698666573906
INFO:root:0.165050536621, 0.69833390623
INFO:root:0.165877231089, 0.697282844429
INFO:root:0.16340189421, 0.696950354735
INFO:root:0.16126414557, 0.696619034147
INFO:root:0.159115421634, 0.696286012546
INFO:root:0.156972536906, 0.695953895939
INFO:root:0.154496701782, 0.694956226081
INFO:root:0.152009612481, 0.695290294372
INFO:root:0.150186897303, 0.694956436778
INFO:root:0.148029142657, 0.694622015545
INFO:root:0.145868839223, 0.693617566768
INFO:root:0.143709243401, 0.693952273357
INFO:root:0.141884328658, 0.692949491922
INFO:root:0.139724638189, 0.69328421318
INFO:root:0.137892706095, 0.692948667369
INFO:root:0.136058149734, 0.692612640884
INFO:root:0.13421485457, 0.692950268012
INFO:root:0.132716302078, 0.69328574643
INFO:root:0.131221275998, 0.692951057464
INFO:root:0.129721459664, 0.693286818816
INFO:root:0.128557520397, 0.692951801376
INFO:root:0.127395748553, 0.692617407787
INFO:root:0.126566109568, 0.692283094003
INFO:root:0.125399276612, 0.693290645001
INFO:root:0.124385818184, 0.692368149401
INFO:root:0.123890299397, 0.692410921571
INFO:root:0.123113964187, 0.692062736169
INFO:root:0.122617260686, 0.692239718713
INFO:root:0.121791469667, 0.692431292662
INFO:root:0.121838756387, 0.692658545957
INFO:root:0.121044477911, 0.69233596381
INFO:root:0.121138199359, 0.692590347849
INFO:root:0.120642049068, 0.692659724357
INFO:root:0.120987349597, 0.692699966757
INFO:root:0.121010910044, 0.69282383291
INFO:root:0.121191490131, 0.692830437859
INFO:root:0.121425155281, 0.693096268474
INFO:root:0.121595307862, 0.693495272639
INFO:root:0.121921959081, 0.693558917314
INFO:root:0.122747298633, 0.693891498585
INFO:root:0.122802073077, 0.694212995333
INFO:root:0.123549701954, 0.694317898597
INFO:root:0.123678629323, 0.694665587276
INFO:root:0.124509387414, 0.695000352018
INFO:root:0.125009223822, 0.694666292159
INFO:root:0.125232830162, 0.695004111513
INFO:root:0.125728219348, 0.695771416409
INFO:root:0.126557042521, 0.696050763983
INFO:root:0.126801423788, 0.696272524161
INFO:root:0.127625875794, 0.696078049731
INFO:root:0.12830559792, 0.696489348106
INFO:root:0.12816814101, 0.697136303728
INFO:root:0.12932280408, 0.698133346125
INFO:root:0.129818502928, 0.697540954572
INFO:root:0.130646333507, 0.697847368206
INFO:root:0.13098160434, 0.697687923316
INFO:root:0.131127291158, 0.698043269565
INFO:root:0.131955053276, 0.698492255159
INFO:root:0.132022644253, 0.698634247664
INFO:root:0.132844649556, 0.69880305158
INFO:root:0.132905421584, 0.699091580682
INFO:root:0.13366242483, 0.699559384257
INFO:root:0.134156012221, 0.699355680211
INFO:root:0.134236196163, 0.699745049591
INFO:root:0.1350570863, 0.700059256845
INFO:root:0.135099205816, 0.700496126871
INFO:root:0.135593903618, 0.700426906093
INFO:root:0.135805121301, 0.700654962393
INFO:root:0.136123349454, 0.700964338714
INFO:root:0.135958137919, 0.701679071918
INFO:root:0.136781573121, 0.701756758109
INFO:root:0.136716685734, 0.701617543817
INFO:root:0.136824229163, 0.701659000095
INFO:root:0.137005849652, 0.701910790563
INFO:root:0.137263497069, 0.702311274967
INFO:root:0.137375182358, 0.702522851313
INFO:root:0.137520130855, 0.702671669756
INFO:root:0.137662532653, 0.702814025098
INFO:root:0.137791489044, 0.703136966178
INFO:root:0.137941339883, 0.703170604464
INFO:root:0.138292016115, 0.703154857751
INFO:root:0.137475929578, 0.702991606497
INFO:root:0.137772405511, 0.703516825558
INFO:root:0.137335306668, 0.704107968447
INFO:root:0.137826588895, 0.70400168973
INFO:root:0.137007455987, 0.703671609507
INFO:root:0.137199564124, 0.704103352804
INFO:root:0.136707946363, 0.70443352572
INFO:root:0.136845577321, 0.704872140911
INFO:root:0.136351955498, 0.705562536521
INFO:root:0.136796982356, 0.705274929834
INFO:root:0.136301857227, 0.705607458315
INFO:root:0.135475788614, 0.706153026648
INFO:root:0.135642785281, 0.706279671966
INFO:root:0.135436950394, 0.70626571304
INFO:root:0.134942238609, 0.706561959922
INFO:root:0.134448519713, 0.706760714785
INFO:root:0.133968614582, 0.707273585925
INFO:root:0.134020886597, 0.707534071442
INFO:root:0.133713332836, 0.707486856537
INFO:root:0.133218325818, 0.707248971
INFO:root:0.132723376934, 0.707621077865
INFO:root:0.132558929282, 0.708612362343
INFO:root:0.132591076227, 0.709101057709
INFO:root:0.132508582366, 0.70897690908
INFO:root:0.132503404752, 0.70882305374
INFO:root:0.132844841319, 0.708604493866
INFO:root:0.132681283174, 0.709593111987
INFO:root:0.132192351814, 0.711234955567
INFO:root:0.132707762286, 0.712026847366
INFO:root:0.133194198845, 0.711046767782
INFO:root:0.1334785644, 0.711468418834
INFO:root:0.134283889195, 0.710932597936
INFO:root:0.13412282443, 0.713204207668
INFO:root:0.135250597079, 0.714073534662
INFO:root:0.136049295564, 0.714368195854
INFO:root:0.13680712535, 0.714442422315
INFO:root:0.137605964903, 0.714366958103
INFO:root:0.13840420786, 0.714707493268
INFO:root:0.138630292384, 0.716120262387
INFO:root:0.140068435709, 0.717457783
INFO:root:0.140864214631, 0.717137113568
INFO:root:0.141980823348, 0.718101296333
INFO:root:0.142778451624, 0.71777988168
INFO:root:0.143354688273, 0.71972572651
INFO:root:0.14479077334, 0.720690208333
INFO:root:0.145903717879, 0.721010547925
INFO:root:0.147332509957, 0.720690686653
INFO:root:0.148757441318, 0.722278951314
INFO:root:0.150150401161, 0.723646732026
INFO:root:0.151259525438, 0.72396597203
INFO:root:0.152682430772, 0.724284515446
INFO:root:0.15410621402, 0.724603255399
INFO:root:0.15521225349, 0.725558311703
INFO:root:0.156635323629, 0.725876892014
INFO:root:0.15837104918, 0.728243278898
INFO:root:0.159162845451, 0.726647956041
INFO:root:0.160279082375, 0.728698498728
INFO:root:0.161679760638, 0.730419588493
INFO:root:0.162467060164, 0.728833325744
INFO:root:0.163253503321, 0.731821931898
INFO:root:0.164350770578, 0.730874450329
INFO:root:0.1654469996, 0.731189978683
INFO:root:0.166250030547, 0.732875859496
INFO:root:0.167343037667, 0.732561258505
INFO:root:0.167581179552, 0.733812470359
INFO:root:0.168981861205, 0.7351368039
INFO:root:0.169756929091, 0.735139510105
INFO:root:0.170531159655, 0.735451496347
INFO:root:0.171303955675, 0.735907982122
INFO:root:0.171938707176, 0.73632092207
INFO:root:0.172249944996, 0.737167647696
INFO:root:0.173020418234, 0.737213413603
INFO:root:0.17303371039, 0.737341155388
INFO:root:0.173796363234, 0.737393599288
INFO:root:0.173643678382, 0.738366195076
INFO:root:0.174709627256, 0.739163463432
INFO:root:0.174557559636, 0.739756498233
INFO:root:0.175319109859, 0.739520075047
INFO:root:0.17549799047, 0.739852702424
INFO:root:0.176261220349, 0.739965885785
INFO:root:0.176401185055, 0.74031595208
INFO:root:0.176751288527, 0.741374006248
INFO:root:0.17741267029, 0.741729514714
INFO:root:0.177870408496, 0.741755054929
INFO:root:0.178551101911, 0.742169627701
INFO:root:0.178520034582, 0.743075231691
INFO:root:0.179581741255, 0.743380823453
INFO:root:0.180339725017, 0.743362372814
INFO:root:0.180793496348, 0.743448739431
INFO:root:0.181548790915, 0.743753095168
INFO:root:0.181817707795, 0.744178393235
INFO:root:0.18257340694, 0.744557768892
INFO:root:0.183329968596, 0.744734484504
INFO:root:0.183980292461, 0.74492986947
INFO:root:0.18382870418, 0.745782981512
INFO:root:0.184890381348, 0.746699731321
INFO:root:0.185345664404, 0.74646119749
INFO:root:0.186072849328, 0.746511909187
INFO:root:0.186526851656, 0.746287956035
INFO:root:0.187146417285, 0.746637398071
INFO:root:0.187372969883, 0.746663393956
INFO:root:0.188122170501, 0.74721011976
INFO:root:0.188873309802, 0.747086559106
INFO:root:0.188935708242, 0.747264061863
INFO:root:0.189687012514, 0.74732550632
INFO:root:0.190137776583, 0.747175482475
INFO:root:0.190338204943, 0.7472307673
INFO:root:0.191046024386, 0.74750144702
INFO:root:0.191106287731, 0.747526412727
INFO:root:0.191374032968, 0.747620067001
INFO:root:0.19160182327, 0.747637472832
INFO:root:0.192222921195, 0.747667392568
INFO:root:0.192178693054, 0.74760313982
INFO:root:0.192627414161, 0.747568350559
INFO:root:0.192493962006, 0.747258850666
INFO:root:0.192818744137, 0.747023410191
INFO:root:0.192540915957, 0.74699827821
INFO:root:0.192540051601, 0.746980394811
INFO:root:0.192459149051, 0.746947700187
INFO:root:0.19200899404, 0.746944713897
INFO:root:0.192215634235, 0.747025743866
INFO:root:0.19184521397, 0.747128238113
INFO:root:0.192003943246, 0.74721272647
INFO:root:0.191570021398, 0.747238782695
INFO:root:0.191877029519, 0.747241828757
INFO:root:0.191831191144, 0.747133242641
INFO:root:0.191793364343, 0.747067914682
INFO:root:0.191783116075, 0.747019008085
INFO:root:0.191730366078, 0.746961587983
INFO:root:0.191704815761, 0.746945436896
INFO:root:0.191328361128, 0.746906154679
INFO:root:0.191567089637, 0.746977026741
INFO:root:0.191146546675, 0.746918471361
INFO:root:0.191420024024, 0.747083433816
INFO:root:0.191102881605, 0.74706543911
INFO:root:0.191554128578, 0.747268967015
INFO:root:0.191342853009, 0.747044812735
INFO:root:0.191003964339, 0.747016145458
INFO:root:0.191452519716, 0.747160266199
INFO:root:0.191268592692, 0.74699949041
INFO:root:0.191258481566, 0.746962111689
INFO:root:0.191565219648, 0.746899530511
INFO:root:0.190927200414, 0.746904226634
INFO:root:0.191116220886, 0.7469146705
INFO:root:0.191099839729, 0.746918230642
INFO:root:0.190648340702, 0.746876589992
INFO:root:0.190942204244, 0.746866776555
INFO:root:0.190876853299, 0.746836567482
INFO:root:0.190525054134, 0.746813679633
INFO:root:0.190801189565, 0.74681749812
INFO:root:0.190472564509, 0.746791756305
INFO:root:0.190750620311, 0.746857263952
INFO:root:0.190423426604, 0.746839255359
INFO:root:0.190704355167, 0.746890948334
INFO:root:0.190357990236, 0.746888670215
INFO:root:0.190632359428, 0.746902892917
INFO:root:0.190307392134, 0.746884312803
INFO:root:0.190605040421, 0.746892004124
INFO:root:0.190295550178, 0.746895780244
INFO:root:0.190584103924, 0.746910478246
INFO:root:0.190904386206, 0.746932720228
INFO:root:0.190618672174, 0.746919370314
INFO:root:0.190295036093, 0.746901106941
INFO:root:0.190592747218, 0.746901961075
INFO:root:0.190271461632, 0.746886129993
INFO:root:0.190581861074, 0.746901090332
INFO:root:0.190255280079, 0.746864316512
INFO:root:0.190560386152, 0.746879774732
INFO:root:0.190247166159, 0.74688660735
INFO:root:0.190997617173, 0.747189011314
INFO:root:0.190256359811, 0.746878698103
INFO:root:0.190552642712, 0.746894914837
INFO:root:0.190243753954, 0.746906457766
INFO:root:0.190531177881, 0.746910860372
INFO:root:0.190217413568, 0.746897857198
INFO:root:0.190505176238, 0.746908551252
INFO:root:0.190822643928, 0.746903863989
INFO:root:0.190532510132, 0.746899971736
INFO:root:0.190840754324, 0.746903835379
INFO:root:0.190541785259, 0.746915132005
INFO:root:0.190857914876, 0.746934773067
INFO:root:0.190556304303, 0.746936685617
INFO:root:0.190870411291, 0.746928144166
INFO:root:0.190581992128, 0.74690781351
INFO:root:0.19089593615, 0.746913741722
INFO:root:0.190627842529, 0.746864822916
INFO:root:0.190283140706, 0.74682157316
INFO:root:0.19057803986, 0.746896689616
INFO:root:0.190893083396, 0.746913919176
INFO:root:0.190604196003, 0.746910722274
INFO:root:0.190608456983, 0.746910960172
INFO:root:0.190613454046, 0.746890926041
INFO:root:0.190610101826, 0.7468893148
INFO:root:0.190266766824, 0.746869492265
INFO:root:0.190583979124, 0.746868280109
INFO:root:0.190270300161, 0.746888743958
INFO:root:0.190573138564, 0.746870709581
INFO:root:0.190249087194, 0.74685652617
INFO:root:0.19055270677, 0.746875912989
INFO:root:0.190220960815, 0.746842196866
INFO:root:0.190535408949, 0.746855939925
INFO:root:0.19021857012, 0.746857837939
INFO:root:0.190520672265, 0.746865018234
INFO:root:0.190201735261, 0.746856137362
INFO:root:0.190507782786, 0.746870012171
INFO:root:0.190530643239, 0.746949153691
INFO:root:0.190846071027, 0.746951260516
INFO:root:0.190548758943, 0.74692513958
INFO:root:0.190550334563, 0.746905426675
INFO:root:0.190222621808, 0.746893576156
INFO:root:0.190533441123, 0.74688666341
INFO:root:0.190231934793, 0.746939215993
INFO:root:0.190505942173, 0.746911299322
INFO:root:0.190192216365, 0.746945652906
INFO:root:0.190486892345, 0.746952043443
INFO:root:0.190793419675, 0.746923255505
INFO:root:0.190504029316, 0.746904730038
INFO:root:0.190809227433, 0.746876852672
INFO:root:0.190524907119, 0.746880291128
INFO:root:0.190836004467, 0.746900854278
INFO:root:0.190535668734, 0.746887851483
INFO:root:0.190855118396, 0.746887517644
INFO:root:0.1905509146, 0.746877303561
INFO:root:0.190869968773, 0.746894353685
INFO:root:0.190574475235, 0.746878016585
INFO:root:0.190889339338, 0.746885878274
INFO:root:0.190589029607, 0.746849315257
INFO:root:0.190585158013, 0.746856938659
INFO:root:0.190582872503, 0.746839078495
INFO:root:0.190258898604, 0.746812462099
INFO:root:0.190561509606, 0.746838184595
INFO:root:0.190882173959, 0.746865943413
INFO:root:0.190583352458, 0.746864920616
INFO:root:0.190895015451, 0.746869892294
INFO:root:0.190604147178, 0.7468250278
INFO:root:0.190914873704, 0.746834289305
INFO:root:0.190604217799, 0.74681485345
INFO:root:0.190917526603, 0.746822219162
INFO:root:0.190618136137, 0.746827553923
INFO:root:0.190302252947, 0.746814596988
INFO:root:0.190611485849, 0.746828617898
INFO:root:0.190289956613, 0.746806327048
INFO:root:0.190910545778, 0.7467964879
INFO:root:0.190605019562, 0.746817433134
INFO:root:0.190922242583, 0.74682691582
INFO:root:0.19061943486, 0.746829394646
INFO:root:0.19093256254, 0.746829308402
INFO:root:0.190618277571, 0.746842246607
INFO:root:0.190617743424, 0.746836093694
INFO:root:0.190941128274, 0.746869030687
INFO:root:0.190636677623, 0.746874420154
INFO:root:0.190949378728, 0.74684477701
INFO:root:0.190500432054, 0.746543262207
INFO:root:0.190640587577, 0.746823866615
INFO:root:0.190644688505, 0.746839823477
INFO:root:0.190644464728, 0.746835033688
INFO:root:0.190639585517, 0.746826194894
INFO:root:0.190320881967, 0.746812131298
INFO:root:0.190938374664, 0.746830394861
INFO:root:0.190488583129, 0.746528312644
INFO:root:0.190640321646, 0.74682212523
INFO:root:0.190637330256, 0.746814352505
INFO:root:0.190628389006, 0.746834783272
INFO:root:0.190627903003, 0.746826827767
INFO:root:0.190622593397, 0.746821294779
INFO:root:0.190626964469, 0.746836157389
INFO:root:0.190622461375, 0.746832132404
INFO:root:0.19062499641, 0.746851634338
INFO:root:0.190616179244, 0.746835947221
INFO:root:0.190623043748, 0.746843510313
INFO:root:0.190615987076, 0.746820214021
INFO:root:0.190623862122, 0.746840121826
INFO:root:0.190621583163, 0.746822057394
INFO:root:0.190632135587, 0.746822713149
INFO:root:0.190631840928, 0.746809839986
INFO:root:0.190632034124, 0.746806048806
INFO:root:0.190629123336, 0.74679458809
INFO:root:0.190637098234, 0.746811661151
INFO:root:0.19062917649, 0.746792668937
INFO:root:0.190630798605, 0.746796809208
INFO:root:0.190626884867, 0.74678569806
INFO:root:0.190627828876, 0.746791278606
INFO:root:0.19062245341, 0.746789945793
INFO:root:0.190308320717, 0.746798830535
INFO:root:0.190919004565, 0.746779731862
INFO:root:0.190469424677, 0.746477791788
INFO:root:0.190649086686, 0.746758256356
INFO:root:0.190316792558, 0.746769865852
INFO:root:0.190612431135, 0.746793907848
INFO:root:0.190603680303, 0.746807363758
INFO:root:0.190595403902, 0.74681425332
INFO:root:0.190598005096, 0.74681284655
INFO:root:0.190591239102, 0.746799856411
INFO:root:0.190588120555, 0.746790052665
INFO:root:0.190591645849, 0.746791982349
INFO:root:0.190592948237, 0.746801020981
INFO:root:0.190914025881, 0.746824864975
INFO:root:0.190613190963, 0.746811885883
INFO:root:0.190928253628, 0.746822059271
INFO:root:0.190310804163, 0.746813329601
INFO:root:0.190760024226, 0.747115028014
INFO:root:0.190606734504, 0.746807143777
INFO:root:0.190620425724, 0.746809825604
INFO:root:0.190614747606, 0.746797846293
INFO:root:0.190613972559, 0.746799908443
INFO:root:0.190612917506, 0.746796867178
INFO:root:0.190608072328, 0.746787345938
INFO:root:0.19061205892, 0.74678178753
INFO:root:0.19059885249, 0.746798563751
INFO:root:0.190598126454, 0.746784062522
INFO:root:0.190601223703, 0.746779561194
INFO:root:0.190604384477, 0.746772165778
INFO:root:0.190603962234, 0.746763630571
INFO:root:0.190602438751, 0.746781895713
INFO:root:0.190611451323, 0.746768211533
INFO:root:0.190937428171, 0.746797325294
INFO:root:0.190633219492, 0.746824844833
INFO:root:0.190949619339, 0.746847603233
INFO:root:0.1906354648, 0.746852375593
INFO:root:0.190948049749, 0.746858302339
INFO:root:0.190650307004, 0.746829019184
INFO:root:0.190966515908, 0.74683952751
INFO:root:0.190657777279, 0.746847979718
INFO:root:0.190971071813, 0.746859567888
INFO:root:0.190672801706, 0.746832542704
INFO:root:0.190354943688, 0.746807352564
INFO:root:0.190666807315, 0.746821068837
INFO:root:0.190338329932, 0.746826681558
INFO:root:0.190642186239, 0.746852568763
INFO:root:0.190329616619, 0.746861107076
INFO:root:0.190641407517, 0.746835388712
INFO:root:0.190645541813, 0.74685460847
INFO:root:0.190643623559, 0.746844361722
INFO:root:0.190652764948, 0.746838970573
INFO:root:0.190313970242, 0.746826898928
INFO:root:0.190934098036, 0.746803505333
INFO:root:0.190482890887, 0.746500472383
INFO:root:0.190646396598, 0.746800917043
INFO:root:0.190313285278, 0.746785512898
INFO:root:0.190931677828, 0.746803513866
INFO:root:0.190642481768, 0.746805937355
INFO:root:0.190326347416, 0.746785956716
INFO:root:0.190634534546, 0.746787238017
INFO:root:0.190629451478, 0.746793107073
INFO:root:0.190310067953, 0.746769413217
INFO:root:0.190619191834, 0.746821396726
INFO:root:0.190621555574, 0.74683052286
INFO:root:0.19029330844, 0.746835507464
INFO:root:0.19060222387, 0.746854664483
INFO:root:0.190272268505, 0.746827779839
INFO:root:0.190888114918, 0.746842085515
INFO:root:0.190440063393, 0.746541171898
INFO:root:0.190622909114, 0.746841999668
INFO:root:0.190604619, 0.746843557005
INFO:root:0.190606855466, 0.746865305334
INFO:root:0.190604759705, 0.746875310946
INFO:root:0.190603530229, 0.746873930323
INFO:root:0.190603647805, 0.746880111033
INFO:root:0.19060383509, 0.746886285427
INFO:root:0.190599184269, 0.746900612634
INFO:root:0.190598968627, 0.746898642859
INFO:root:0.190601323058, 0.746896954829
INFO:root:0.190601556258, 0.746882865213
INFO:root:0.190607644476, 0.746877078095
INFO:root:0.190608405515, 0.746879444882
INFO:root:0.190922617797, 0.746876770194
INFO:root:0.190622730503, 0.746862622422
INFO:root:0.190953183174, 0.746897956603
INFO:root:0.190279469976, 0.746897210777
INFO:root:0.191031172436, 0.747200119028
INFO:root:0.190309836033, 0.746862467035
INFO:root:0.190943346548, 0.746863886468
INFO:root:0.190316130803, 0.746898854244
INFO:root:0.190767668187, 0.747202108981
INFO:root:0.190614262058, 0.746887854267
INFO:root:0.190608328499, 0.746888396876
INFO:root:0.190615985293, 0.746884840751
INFO:root:0.190617394039, 0.746898195744
INFO:root:0.19061380516, 0.746894137236
INFO:root:0.19060117686, 0.746883542202
INFO:root:0.190607961401, 0.746881282527
INFO:root:0.190610095865, 0.746860205128
INFO:root:0.190612155733, 0.746855714369
INFO:root:0.190605844479, 0.746841073567
INFO:root:0.190603340587, 0.74684478055
INFO:root:0.190606941942, 0.746847214729
INFO:root:0.190602892253, 0.746839380641
INFO:root:0.190608842092, 0.746854790062
INFO:root:0.190602141744, 0.746840829898
INFO:root:0.190588814961, 0.746842560404
INFO:root:0.190579415365, 0.746808068256
INFO:root:0.190570907592, 0.746803496031
INFO:root:0.190524232084, 0.746806738438
INFO:root:0.190483786512, 0.746807443008
INFO:root:0.190426565584, 0.746810921206
INFO:root:0.190388047077, 0.746797481037
INFO:root:0.190366213717, 0.746802050764
INFO:root:0.189914666544, 0.746683348633
INFO:root:0.190143400958, 0.746786547252
INFO:root:0.190075897658, 0.746699132432
INFO:root:0.189621161731, 0.746610221691
INFO:root:0.189762720693, 0.746736520269
INFO:root:0.189637633231, 0.746714372409
INFO:root:0.189184555196, 0.746626313329
INFO:root:0.188842441886, 0.746696766691
INFO:root:0.188878240214, 0.746710871644
INFO:root:0.188652019104, 0.746531229922
INFO:root:0.187894386376, 0.746322607771
INFO:root:0.188016949501, 0.746503139317
INFO:root:0.187263783117, 0.746199641159
INFO:root:0.186922373126, 0.746312966788
INFO:root:0.186531070799, 0.746372156553
INFO:root:0.186152287539, 0.746351356189
INFO:root:0.186040068353, 0.746245160967
INFO:root:0.185273332967, 0.746207673583
INFO:root:0.185064601812, 0.746124312063
INFO:root:0.184298481505, 0.74622587117
INFO:root:0.184089699265, 0.746143177632
INFO:root:0.183020252094, 0.746441854105
INFO:root:0.182901129097, 0.745926416697
INFO:root:0.182134332558, 0.745982079431
INFO:root:0.181864925547, 0.745758082805
INFO:root:0.181102510368, 0.745813948927
INFO:root:0.180866829241, 0.745645677068
INFO:root:0.180102873536, 0.745750276149
INFO:root:0.179899627342, 0.745512697948
INFO:root:0.179133364084, 0.745730479168
INFO:root:0.178918156972, 0.74533473475
INFO:root:0.178152451196, 0.745026183681
INFO:root:0.177692520334, 0.745122795931
INFO:root:0.177513079913, 0.745074170346
INFO:root:0.17675104459, 0.744994306704
INFO:root:0.176292652577, 0.744916085345
INFO:root:0.176126527571, 0.744782973138
INFO:root:0.175360807198, 0.744831997725
INFO:root:0.175219693608, 0.744708161632
INFO:root:0.174451114218, 0.744615768397
INFO:root:0.174281405904, 0.74451480848
INFO:root:0.173513025537, 0.744567941478
INFO:root:0.173365912666, 0.744490543379
INFO:root:0.172620160389, 0.744490431957
INFO:root:0.172526748196, 0.744315270655
INFO:root:0.171754693236, 0.744400286042
INFO:root:0.171605366913, 0.744316139318
INFO:root:0.17094228912, 0.744173622792
INFO:root:0.170722806949, 0.744116233719
INFO:root:0.169974656141, 0.744045778356
INFO:root:0.169793963089, 0.744001606617
INFO:root:0.169145887589, 0.743856433803
INFO:root:0.169012870016, 0.743624776321
INFO:root:0.168251249142, 0.743676536821
INFO:root:0.168078000671, 0.743625958913
INFO:root:0.167394860456, 0.743542992343
INFO:root:0.167230052061, 0.743360505047
INFO:root:0.16646932539, 0.743053960374
INFO:root:0.166079469315, 0.743241062712
INFO:root:0.165964993489, 0.743172414989
INFO:root:0.165200372799, 0.74286430117
INFO:root:0.164770919649, 0.743165194703
INFO:root:0.164625159452, 0.743127793352
INFO:root:0.163980771297, 0.743092380117
INFO:root:0.163807066994, 0.743026306031
INFO:root:0.163129605428, 0.743009945417
INFO:root:0.162924771129, 0.742996564418
INFO:root:0.162218524024, 0.742980206289
INFO:root:0.162055351467, 0.742904527773
INFO:root:0.161290229646, 0.742916944986
INFO:root:0.161203180748, 0.742815048256
INFO:root:0.160471038913, 0.742715454034
INFO:root:0.160377165536, 0.742655236973
INFO:root:0.159678521217, 0.742651757961
INFO:root:0.159615001789, 0.742501394314
INFO:root:0.158845675454, 0.742490671459
INFO:root:0.158761102206, 0.742235308993
INFO:root:0.158041906986, 0.742149699539
INFO:root:0.157587929609, 0.742074276395
INFO:root:0.157570090275, 0.74205612303
INFO:root:0.156873632155, 0.74201186966
INFO:root:0.157191658338, 0.741975245998
INFO:root:0.156420810139, 0.742077088989
INFO:root:0.156298320665, 0.741906845935
INFO:root:0.15601589173, 0.74178876632
INFO:root:0.155703075153, 0.741773554259
INFO:root:0.15546336046, 0.741686066026
INFO:root:0.155189578648, 0.741696195008
INFO:root:0.15498800859, 0.741625563184
INFO:root:0.154716868015, 0.741568398409
INFO:root:0.154506035643, 0.741528579028
INFO:root:0.154042287339, 0.741399062533
INFO:root:0.154090751166, 0.741601941156
INFO:root:0.153833674632, 0.741598680231
INFO:root:0.153701743931, 0.741361695412
INFO:root:0.15351054621, 0.741345792087
INFO:root:0.153357658342, 0.741289068751
INFO:root:0.153139915006, 0.741274555658
INFO:root:0.152965543058, 0.741264697071
INFO:root:0.152846166534, 0.741221974719
INFO:root:0.152709567104, 0.741120014568
INFO:root:0.152281944403, 0.74106184311
INFO:root:0.152529552103, 0.741136734695
INFO:root:0.152495889781, 0.741031876094
INFO:root:0.15205255881, 0.741007745998
INFO:root:0.152370906421, 0.741057845165
INFO:root:0.152047063902, 0.741034200624
INFO:root:0.152351823364, 0.741073002898
INFO:root:0.15203445669, 0.741065854827
INFO:root:0.152329985062, 0.741083236988
INFO:root:0.152012888784, 0.741096606812
INFO:root:0.152295221597, 0.74110610678
INFO:root:0.152632002271, 0.741128278719
INFO:root:0.152327870466, 0.74111533121
INFO:root:0.151994755023, 0.741071813216
INFO:root:0.1523048246, 0.741089125021
INFO:root:0.152648315407, 0.741134023124
INFO:root:0.152329997701, 0.741123906636
INFO:root:0.152659355834, 0.74115087918
INFO:root:0.152343566407, 0.741116925542
INFO:root:0.152652911109, 0.741093524955
INFO:root:0.15235723934, 0.74107522229
INFO:root:0.152680012261, 0.741094698058
INFO:root:0.152359310941, 0.741108139899
INFO:root:0.152693172924, 0.741135589964
INFO:root:0.15237240498, 0.741108182697
INFO:root:0.152698474613, 0.741112284683
INFO:root:0.152396883169, 0.7411041538
INFO:root:0.152069864757, 0.741078582949
INFO:root:0.152390380813, 0.741067974315
INFO:root:0.15205000851, 0.74104822879
INFO:root:0.152348656621, 0.741074346806
INFO:root:0.152026392931, 0.741090932313
INFO:root:0.15233603805, 0.741096145963
INFO:root:0.152001271389, 0.74107685563
INFO:root:0.152639206102, 0.741081292378
INFO:root:0.152175397291, 0.740786597028
INFO:root:0.152353011387, 0.741066561883
INFO:root:0.152023805443, 0.741078242373
INFO:root:0.15248890706, 0.741390606916
INFO:root:0.152334983526, 0.741090434383
INFO:root:0.152347221626, 0.741094366346
INFO:root:0.152340783826, 0.741093880459
INFO:root:0.152348114428, 0.741093226748
INFO:root:0.152353766278, 0.741110264301
INFO:root:0.152347512863, 0.741110997968
INFO:root:0.1523563912, 0.741101498394
INFO:root:0.152349563722, 0.741109124766
INFO:root:0.152350790005, 0.741111568886
INFO:root:0.152353011757, 0.741109311294
INFO:root:0.152364464932, 0.741109722734
INFO:root:0.152357012023, 0.741115860327
INFO:root:0.152356598482, 0.741134843129
INFO:root:0.152362665342, 0.741147257669
INFO:root:0.15236371726, 0.741160386479
INFO:root:0.152369940279, 0.741167375821
INFO:root:0.1523750542, 0.741188319561
INFO:root:0.152368046765, 0.741161909675
INFO:root:0.152366768252, 0.741158500873
INFO:root:0.152742413581, 0.741190299478
INFO:root:0.152027499089, 0.741177793903
INFO:root:0.15279511223, 0.741487113569
INFO:root:0.152050831809, 0.741172106592
INFO:root:0.152506835205, 0.741478360724
INFO:root:0.152359631946, 0.741188633413
INFO:root:0.152707316372, 0.741206144442
INFO:root:0.152079739409, 0.741185565479
INFO:root:0.152539116316, 0.741494085278
INFO:root:0.152351875014, 0.741213859879
INFO:root:0.152700267621, 0.741229955842
INFO:root:0.152392722845, 0.7412030253
INFO:root:0.152399452435, 0.741212524849
INFO:root:0.152405801393, 0.741233305353
INFO:root:0.152397580856, 0.741191205267
INFO:root:0.152402640859, 0.741200447065
INFO:root:0.152396175047, 0.741217863543
INFO:root:0.152395340826, 0.74123385002
INFO:root:0.152714120806, 0.741242241385
INFO:root:0.152448825807, 0.741199003752
INFO:root:0.152124333777, 0.741182098157
INFO:root:0.152430127257, 0.741160715636
INFO:root:0.152421671097, 0.741156434192
INFO:root:0.152417368794, 0.74115370865
INFO:root:0.15242665734, 0.74117337653
INFO:root:0.15241981083, 0.741172913822
INFO:root:0.152415319708, 0.741181863257
INFO:root:0.152100372991, 0.741182173426
INFO:root:0.152416415685, 0.741175856861
INFO:root:0.152411470075, 0.74118208576
INFO:root:0.152401419082, 0.741174357635
INFO:root:0.152403196857, 0.741153621138
INFO:root:0.152392038406, 0.741161048195
INFO:root:0.152395840598, 0.741186158586
INFO:root:0.152392889657, 0.741191882988
INFO:root:0.152385492563, 0.741205161964
INFO:root:0.15238760915, 0.741190536943
INFO:root:0.152388858085, 0.741175735142
INFO:root:0.152737693521, 0.741204109172
INFO:root:0.152420178605, 0.741193886488
INFO:root:0.152432354975, 0.741217262194
INFO:root:0.152442655476, 0.741208304575
INFO:root:0.152431368347, 0.741206873861
INFO:root:0.152425301048, 0.741218781672
INFO:root:0.152424335823, 0.741221119663
INFO:root:0.152437232619, 0.741225015281
INFO:root:0.152433434343, 0.741232455861
INFO:root:0.152431999651, 0.741220179459
INFO:root:0.152434394382, 0.741203552438
INFO:root:0.152106232966, 0.741183844732
INFO:root:0.152428128176, 0.741167446338
INFO:root:0.152067013604, 0.741157886757
INFO:root:0.152701261699, 0.741183930785
INFO:root:0.152236363313, 0.740871702733
INFO:root:0.152411934616, 0.741176595939
INFO:root:0.152062576551, 0.74115411372
INFO:root:0.152733492482, 0.741183130314
INFO:root:0.152268589414, 0.740870899118
INFO:root:0.15242713249, 0.741179631462
INFO:root:0.152758654419, 0.741203026029
INFO:root:0.151985976373, 0.740891665394
INFO:root:0.152741453946, 0.741273859144
INFO:root:0.152429530432, 0.741252302728
INFO:root:0.152763577092, 0.741260496022
INFO:root:0.152448666119, 0.741270436216
INFO:root:0.152787650013, 0.741274876022
INFO:root:0.152479428967, 0.741262835219
INFO:root:0.152802954648, 0.741253604482
INFO:root:0.152501383658, 0.74124190671
INFO:root:0.152176992748, 0.741221754945
INFO:root:0.152826298308, 0.741225459959
INFO:root:0.152366292338, 0.74095464146
INFO:root:0.152556638642, 0.741253312666
INFO:root:0.152239074926, 0.741249534508
INFO:root:0.15287654955, 0.741267898648
INFO:root:0.152616652767, 0.741284725656
INFO:root:0.152930394963, 0.74128987162
INFO:root:0.152630747405, 0.741275977914
INFO:root:0.153000635181, 0.741313902037
INFO:root:0.152541450311, 0.741241442715
INFO:root:0.15274709723, 0.741394861341
INFO:root:0.152815531586, 0.741419528491
INFO:root:0.153177039661, 0.741422721972
INFO:root:0.152918642752, 0.741321649848
INFO:root:0.152595964083, 0.741326632092
INFO:root:0.15290423264, 0.741333893361
INFO:root:0.153339461442, 0.741384169546
INFO:root:0.153102325664, 0.741313149374
INFO:root:0.153503797696, 0.741334643566
INFO:root:0.153226129346, 0.741361131656
INFO:root:0.153614164724, 0.741384203373
INFO:root:0.153356063407, 0.741315067579
INFO:root:0.15336430991, 0.741393696237
INFO:root:0.153819387666, 0.74133190317
INFO:root:0.153520644156, 0.741320208136
INFO:root:0.153593542455, 0.741359208315
INFO:root:0.154042917316, 0.741401700802
INFO:root:0.153823399958, 0.741329588127
INFO:root:0.154169687552, 0.741320042524
INFO:root:0.153710889278, 0.741228426381
INFO:root:0.154406329598, 0.741314126311
INFO:root:0.153943210896, 0.741247965859
INFO:root:0.154618332845, 0.74139491079
INFO:root:0.154469329843, 0.741360577177
INFO:root:0.154574317703, 0.741380959845
INFO:root:0.154705392029, 0.741445566312
INFO:root:0.154854925847, 0.741466768372
INFO:root:0.154985255788, 0.741477402231
INFO:root:0.155444581852, 0.741557132451
INFO:root:0.154985265511, 0.741524725903
INFO:root:0.155668938518, 0.741733992745
INFO:root:0.155647001259, 0.741619678779
INFO:root:0.156104477612, 0.741683425279
INFO:root:0.156025226006, 0.741595838026
INFO:root:0.156148515168, 0.741663402329
INFO:root:0.156384295311, 0.741708935125
INFO:root:0.156575447795, 0.741709983886
INFO:root:0.156734573795, 0.741716943607
INFO:root:0.156877754022, 0.741835747642
INFO:root:0.15732888063, 0.74196769927
INFO:root:0.157642369167, 0.741896268444
INFO:root:0.157200779607, 0.741866072735
INFO:root:0.157952149916, 0.741968036694
INFO:root:0.157587383134, 0.741969476115
INFO:root:0.158341706654, 0.741900837555
INFO:root:0.158371037999, 0.742019211623
INFO:root:0.158502307382, 0.742155797666
INFO:root:0.158956089854, 0.742171368345
INFO:root:0.159304655752, 0.742084830722
INFO:root:0.158903961089, 0.742084697014
INFO:root:0.159657834863, 0.74224883549
INFO:root:0.160008905977, 0.742258133627
INFO:root:0.159651799807, 0.742377980319
INFO:root:0.160405625246, 0.742366493367
INFO:root:0.159998091787, 0.742452720479
INFO:root:0.160755901632, 0.74235202497
INFO:root:0.160868191154, 0.742469682516
INFO:root:0.161172669947, 0.742462544892
INFO:root:0.161416293227, 0.742562525928
INFO:root:0.162071303583, 0.742660280871
INFO:root:0.161697532263, 0.742650764402
INFO:root:0.16246777982, 0.742549652985
INFO:root:0.162530796727, 0.742659886709
INFO:root:0.163191866782, 0.742677611825
INFO:root:0.162750128132, 0.742735435672
INFO:root:0.163524373287, 0.742769247641
INFO:root:0.163611081407, 0.742879534531
INFO:root:0.164384117376, 0.743125309487
INFO:root:0.164219805203, 0.742879866659
INFO:root:0.164521205968, 0.742970582923
INFO:root:0.16482105343, 0.743056971859
INFO:root:0.165591541673, 0.743183114483
INFO:root:0.165453841849, 0.743129539603
INFO:root:0.165702127965, 0.743125198719
INFO:root:0.165941431691, 0.743203896939
INFO:root:0.166255240486, 0.743264973502
INFO:root:0.167024067126, 0.743401261611
INFO:root:0.166821722657, 0.743228678991
INFO:root:0.167093945834, 0.743305111378
INFO:root:0.167861027633, 0.743614216932
INFO:root:0.167652964235, 0.743313451168
INFO:root:0.167943629199, 0.743492775932
INFO:root:0.168574575244, 0.743510608306
INFO:root:0.168268369354, 0.743523342664
INFO:root:0.169029892032, 0.743564711884
INFO:root:0.169395276928, 0.743620110452
INFO:root:0.168989769994, 0.74363149639
INFO:root:0.169748564393, 0.743758794372
INFO:root:0.16985316815, 0.743875697468
INFO:root:0.170144882724, 0.743880156174
INFO:root:0.170347170419, 0.743958692759
INFO:root:0.171104765833, 0.744233296863
INFO:root:0.171010657943, 0.743901699787
INFO:root:0.17130138378, 0.744018586781
INFO:root:0.17159269316, 0.744147327721
INFO:root:0.171889678143, 0.74419180793
INFO:root:0.172116826071, 0.74418613536
INFO:root:0.172425356761, 0.74424769797
INFO:root:0.172672356381, 0.744301000624
INFO:root:0.173322217504, 0.744354393411
INFO:root:0.172993130929, 0.744496796193
INFO:root:0.173754135641, 0.74419013948
INFO:root:0.173923262759, 0.744461903782
INFO:root:0.17422852786, 0.744538125982
INFO:root:0.174522602236, 0.744569128265
INFO:root:0.175179475943, 0.744612187888
INFO:root:0.17552217988, 0.744641126884
INFO:root:0.175876261392, 0.744630283747
INFO:root:0.175553478099, 0.744656510074
INFO:root:0.176310449385, 0.744496138692
INFO:root:0.17646625669, 0.744793470209
INFO:root:0.17675721223, 0.744831613951
INFO:root:0.177514651566, 0.74501755263
INFO:root:0.177416764342, 0.744884130548
INFO:root:0.177659665125, 0.744939036226
INFO:root:0.178414976702, 0.745243398818
INFO:root:0.178288870996, 0.745068430341
INFO:root:0.178946084231, 0.745092218238
INFO:root:0.178959051457, 0.745126312929
INFO:root:0.179257482441, 0.745191060517
INFO:root:0.179519852877, 0.745310867347
INFO:root:0.179813203448, 0.745357268635
INFO:root:0.180561110531, 0.745580910026
INFO:root:0.180455145409, 0.745455401421
INFO:root:0.180708160325, 0.745477929001
INFO:root:0.180976837088, 0.745516698756
INFO:root:0.181258456757, 0.745568543889
INFO:root:0.181543092055, 0.745592385729
INFO:root:0.181807744427, 0.745787328863
INFO:root:0.182560514204, 0.746090667203
INFO:root:0.182383167763, 0.745760389527
INFO:root:0.182648516252, 0.745787166057
INFO:root:0.1828119055, 0.745969165624
INFO:root:0.183264639477, 0.745930105183
INFO:root:0.183323145589, 0.745987701738
INFO:root:0.183566291614, 0.746021793442
INFO:root:0.184018386093, 0.746115223178
INFO:root:0.183932552886, 0.746017376206
INFO:root:0.184059739003, 0.746075999191
INFO:root:0.184509850516, 0.746123375049
INFO:root:0.184372496714, 0.746048615099
INFO:root:0.184448321799, 0.746092544366
INFO:root:0.184800181456, 0.746073777464
INFO:root:0.184510400351, 0.746097491566
INFO:root:0.184818464497, 0.746092953777
INFO:root:0.184528465714, 0.746086701422
INFO:root:0.184209285982, 0.746132249112
INFO:root:0.184487059137, 0.746123337434
INFO:root:0.184172387879, 0.746114045456
INFO:root:0.184458639818, 0.746126782404
INFO:root:0.18415371635, 0.746130552698
INFO:root:0.184436738117, 0.746121128872
INFO:root:0.1847695544, 0.746134121514
INFO:root:0.184481610326, 0.746102049164
INFO:root:0.184797790198, 0.746092097717
INFO:root:0.184491733933, 0.746074809279
INFO:root:0.184810590825, 0.746059373761
INFO:root:0.184507964135, 0.746069189145
INFO:root:0.184825364542, 0.746088601608
INFO:root:0.184511695633, 0.746077297654
INFO:root:0.18483548042, 0.746082743378
INFO:root:0.184547946356, 0.746085195638
INFO:root:0.184851984866, 0.746082743254
INFO:root:0.184565211302, 0.746083377613
INFO:root:0.184228478984, 0.746050561507
INFO:root:0.184517924633, 0.74608003582
INFO:root:0.184835268616, 0.746097013376
INFO:root:0.184538363356, 0.746066406118
INFO:root:0.184224162536, 0.746083016408
INFO:root:0.184505791162, 0.746087053985
INFO:root:0.184827973508, 0.746123308346
INFO:root:0.184518095287, 0.746086267471
INFO:root:0.184202161636, 0.74608172491
INFO:root:0.184508032334, 0.746066601717
INFO:root:0.184190748373, 0.74605688626
INFO:root:0.184496633454, 0.746066183981
INFO:root:0.184805264156, 0.746075334181
INFO:root:0.184497185632, 0.746058600722
INFO:root:0.184817219929, 0.746073493866
INFO:root:0.184066278293, 0.7457708922
INFO:root:0.184826917322, 0.746050853352
INFO:root:0.184075843799, 0.74574819854
INFO:root:0.184837262854, 0.746029461913
INFO:root:0.184087013882, 0.745770829217
INFO:root:0.184828546315, 0.746047567899
INFO:root:0.184076875824, 0.745787940697
INFO:root:0.184839831256, 0.746037575408
INFO:root:0.184088214459, 0.745821080145
INFO:root:0.184825908589, 0.746034564619
INFO:root:0.184071338654, 0.745852607271
INFO:root:0.184833140789, 0.746026057951
INFO:root:0.184076971664, 0.745821721521
INFO:root:0.184794704016, 0.746033348646
INFO:root:0.184341430461, 0.745873481024
INFO:root:0.184511428476, 0.746036608781
INFO:root:0.18448068682, 0.746040885874
INFO:root:0.184469232927, 0.746016679358
INFO:root:0.184148454714, 0.746028962047
INFO:root:0.184446811461, 0.746031263315
INFO:root:0.184439539843, 0.746033017174
INFO:root:0.184444111443, 0.746025357829
INFO:root:0.184455936204, 0.746020183918
INFO:root:0.184140296868, 0.746029996891
INFO:root:0.18444451007, 0.746029521729
INFO:root:0.18445511966, 0.746031448046
INFO:root:0.184452815896, 0.745989845445
INFO:root:0.184467113016, 0.745989076459
INFO:root:0.184145572931, 0.746002249491
INFO:root:0.184600078684, 0.746295325271
INFO:root:0.184446172231, 0.746071093643
INFO:root:0.184451324004, 0.746027637853
INFO:root:0.184461452384, 0.746026678974
INFO:root:0.184454889651, 0.746024279401
INFO:root:0.184458343924, 0.746047420193
INFO:root:0.184455368483, 0.746014246232
INFO:root:0.184134374152, 0.746042444083
INFO:root:0.184438186544, 0.746038569603
INFO:root:0.184426475361, 0.746043277932
INFO:root:0.18442272006, 0.746031746151
INFO:root:0.184416997275, 0.746020543869
INFO:root:0.184421563329, 0.746050477322
INFO:root:0.184426988461, 0.746086317356
INFO:root:0.184427135757, 0.746074469589
INFO:root:0.184424897763, 0.746073848543
INFO:root:0.184419841307, 0.746079335285
INFO:root:0.184424878134, 0.746091597787
INFO:root:0.184418962222, 0.746081188514
INFO:root:0.184424706628, 0.746091662026
INFO:root:0.184425823908, 0.746089868896
INFO:root:0.184745878114, 0.746086763527
INFO:root:0.184117721471, 0.746105609428
INFO:root:0.184569128216, 0.746408776428
INFO:root:0.184405969496, 0.746120034008
INFO:root:0.184759783691, 0.746140633708
INFO:root:0.184124454043, 0.74614092122
INFO:root:0.184573086653, 0.746442225097
INFO:root:0.184395805739, 0.746161608231
INFO:root:0.184770635135, 0.746152151519
INFO:root:0.184119538085, 0.746176577295
