INFO:root:0.483584358355, 0.72683358627
INFO:root:0.483580127825, 0.726840543028
INFO:root:0.483584640078, 0.726852180511
INFO:root:0.483584262814, 0.72684440134
INFO:root:0.483583200671, 0.726838516877
INFO:root:0.483584847832, 0.726832484856
INFO:root:0.483583001616, 0.726827141936
INFO:root:0.483581355416, 0.726826973646
INFO:root:0.483587771833, 0.726832894554
INFO:root:0.483588165162, 0.726830822395
INFO:root:0.483586693993, 0.726830457477
INFO:root:0.48358758653, 0.726830665202
INFO:root:0.483724609401, 0.726838141962
INFO:root:0.483595881232, 0.726838390246
INFO:root:0.483735906031, 0.726845839496
INFO:root:0.483474707406, 0.726835216417
INFO:root:0.483666849703, 0.726980131819
INFO:root:0.483602741202, 0.726826331377
INFO:root:0.483603091195, 0.726824723359
INFO:root:0.483436845104, 0.726849643076
INFO:root:0.483530215992, 0.726861926781
INFO:root:0.483373904837, 0.726864121613
INFO:root:0.483232784421, 0.726922498831
INFO:root:0.482532216466, 0.726884512725
INFO:root:0.482723867951, 0.72681750931
INFO:root:0.482532096015, 0.726962145383
INFO:root:0.482440062146, 0.726878934576
INFO:root:0.482289317154, 0.726877352984
INFO:root:0.482348457181, 0.726889600945
INFO:root:0.482199940871, 0.726909186642
INFO:root:0.482391165841, 0.726859749158
INFO:root:0.482341665111, 0.72678630635
INFO:root:0.482191546595, 0.726792685168
INFO:root:0.48238196659, 0.726770918282
INFO:root:0.482192190909, 0.726794135703
INFO:root:0.482270808189, 0.726815153625
INFO:root:0.482120093073, 0.726812525401
INFO:root:0.482310126238, 0.72688243727
INFO:root:0.482270237787, 0.726797260098
INFO:root:0.482121947383, 0.726796609271
INFO:root:0.482219194139, 0.726805575909
INFO:root:0.482239160907, 0.726821537125
INFO:root:0.482236224364, 0.726834542933
INFO:root:0.482240407444, 0.726840332266
INFO:root:0.48238272597, 0.726829602291
INFO:root:0.482277946274, 0.726802642647
INFO:root:0.482120628869, 0.726788549394
INFO:root:0.482384212395, 0.726798088931
INFO:root:0.482195574217, 0.726727646849
INFO:root:0.482252491906, 0.726795704159
INFO:root:0.482113360944, 0.726803753236
INFO:root:0.482207435919, 0.726806903532
INFO:root:0.482167976902, 0.726802127953
INFO:root:0.481981589065, 0.726850267092
INFO:root:0.481665504713, 0.726824164505
INFO:root:0.481475701353, 0.7268086633
INFO:root:0.481476678741, 0.726804633554
INFO:root:0.481287093942, 0.72678340269
INFO:root:0.481343533527, 0.7268288253
INFO:root:0.481326330005, 0.726820341681
INFO:root:0.481327105454, 0.726817136269
INFO:root:0.481329301992, 0.726819783477
INFO:root:0.481193401847, 0.726825255394
INFO:root:0.481301272047, 0.726849929059
INFO:root:0.481432528124, 0.7268377482
INFO:root:0.481243022001, 0.726762837272
INFO:root:0.481297290773, 0.726826910561
INFO:root:0.48142996248, 0.726830438138
INFO:root:0.481318438468, 0.726828612227
INFO:root:0.481319129258, 0.726837215984
INFO:root:0.481322543964, 0.726845707217
INFO:root:0.481321736689, 0.726831065237
INFO:root:0.481455974189, 0.726823734418
INFO:root:0.481335530951, 0.726809551135
INFO:root:0.481197557873, 0.72680991686
INFO:root:0.481388080923, 0.726917590283
INFO:root:0.481320037063, 0.72679980852
INFO:root:0.481315699398, 0.726803888281
INFO:root:0.481312218211, 0.726808982543
INFO:root:0.481310713462, 0.726822646625
INFO:root:0.481443900601, 0.726806079023
INFO:root:0.481253439135, 0.726662431318
INFO:root:0.481304907996, 0.72679025587
INFO:root:0.481305040563, 0.726790819398
INFO:root:0.481303718689, 0.726788924216
INFO:root:0.481303286908, 0.726786276617
INFO:root:0.481303530775, 0.726804704914
INFO:root:0.481305756089, 0.726817787162
INFO:root:0.481306349797, 0.726803299105
INFO:root:0.48130274823, 0.726809792408
INFO:root:0.48130319881, 0.726810532635
INFO:root:0.481301825818, 0.72681257961
INFO:root:0.481301505561, 0.726810771335
INFO:root:0.481303491311, 0.72681620946
INFO:root:0.481301161182, 0.726805774569
INFO:root:0.481302347681, 0.726822361903
INFO:root:0.481302790222, 0.726812071219
INFO:root:0.481300841318, 0.72680836878
INFO:root:0.481301230576, 0.726807262939
INFO:root:0.481295876415, 0.726807797538
INFO:root:0.481295700448, 0.726800576919
INFO:root:0.481297894256, 0.726809925866
INFO:root:0.481437568095, 0.726825598886
INFO:root:0.481312193743, 0.726815798473
INFO:root:0.481446097894, 0.726828495662
INFO:root:0.481322140264, 0.726807068468
INFO:root:0.481322088025, 0.726811057081
INFO:root:0.481321746506, 0.726813340273
INFO:root:0.481319874434, 0.726817548231
INFO:root:0.481172471355, 0.726813635737
INFO:root:0.481431552647, 0.726811594448
INFO:root:0.481241840266, 0.72666851171
INFO:root:0.481297049402, 0.726818548315
INFO:root:0.481433087654, 0.726815086189
INFO:root:0.4812429609, 0.726671690927
INFO:root:0.481319203976, 0.726796145686
INFO:root:0.481186116636, 0.726817368871
INFO:root:0.481376917933, 0.726961272879
INFO:root:0.481314448578, 0.726816461189
INFO:root:0.481302147765, 0.726814758522
INFO:root:0.481306609158, 0.72682414923
INFO:root:0.481312375089, 0.72681749025
INFO:root:0.481448327266, 0.726798082628
INFO:root:0.481258857931, 0.72677980513
INFO:root:0.481309320779, 0.726827387183
INFO:root:0.481309034263, 0.726830046518
INFO:root:0.481449946787, 0.726821298935
INFO:root:0.481258845595, 0.726677168743
INFO:root:0.48131710553, 0.726816622348
INFO:root:0.481321998093, 0.72681993774
INFO:root:0.481312306051, 0.726828012067
INFO:root:0.481311788982, 0.726812765658
INFO:root:0.481307227945, 0.726806350081
INFO:root:0.48130350723, 0.726802825951
INFO:root:0.481306631415, 0.726807921247
INFO:root:0.48131402807, 0.72680533764
INFO:root:0.481307455147, 0.726795512295
INFO:root:0.481305609027, 0.726800385443
INFO:root:0.481301801124, 0.726802972956
INFO:root:0.481302327927, 0.726811903992
INFO:root:0.48130943548, 0.726822824113
INFO:root:0.481305566501, 0.726812839672
INFO:root:0.481304541501, 0.726815681535
INFO:root:0.481306817201, 0.726813682648
INFO:root:0.481305051442, 0.726816259009
INFO:root:0.481166068901, 0.726809943667
INFO:root:0.48128551677, 0.72681625363
INFO:root:0.481280244598, 0.726822092918
INFO:root:0.481145634643, 0.726818201917
INFO:root:0.481407869236, 0.726811879205
INFO:root:0.48121631536, 0.726667407595
INFO:root:0.481283547007, 0.726813134209
INFO:root:0.481277302884, 0.72680828615
INFO:root:0.481277118665, 0.726817812261
INFO:root:0.481278409401, 0.726820581621
INFO:root:0.481277545107, 0.726817813291
INFO:root:0.481272743916, 0.726804143143
INFO:root:0.481270493833, 0.726804874874
INFO:root:0.481405604882, 0.726804984849
INFO:root:0.481276676605, 0.726794472619
INFO:root:0.481279701023, 0.726803209119
INFO:root:0.481278115206, 0.726802664082
INFO:root:0.481279121392, 0.726812157635
INFO:root:0.481280575233, 0.7268096761
INFO:root:0.48128413464, 0.726786354032
INFO:root:0.4814183514, 0.726766390996
INFO:root:0.48129408473, 0.726767847206
INFO:root:0.481289758448, 0.726763475602
INFO:root:0.481421563614, 0.726770246182
INFO:root:0.481296701412, 0.726755347123
INFO:root:0.481431338739, 0.726753184081
INFO:root:0.481305427083, 0.726747687938
INFO:root:0.481436276902, 0.726744097162
INFO:root:0.481308958706, 0.726750108685
INFO:root:0.481442504772, 0.726754377341
INFO:root:0.481313475012, 0.726758073486
INFO:root:0.481180170169, 0.726748493544
INFO:root:0.481312063333, 0.726745253247
INFO:root:0.481312291874, 0.726761589765
INFO:root:0.481311198785, 0.726762669777
INFO:root:0.481311345047, 0.726762431999
INFO:root:0.481313466948, 0.726759819678
INFO:root:0.481448232963, 0.726771992747
INFO:root:0.481318224826, 0.726774335035
INFO:root:0.481451079567, 0.726777849525
INFO:root:0.481323880649, 0.726776030061
INFO:root:0.481326681796, 0.726773669932
INFO:root:0.481188631516, 0.726755603636
INFO:root:0.481318633786, 0.726761250477
INFO:root:0.481187844363, 0.726764204427
INFO:root:0.481315636182, 0.726755492354
INFO:root:0.481179950611, 0.726755131551
INFO:root:0.481309632974, 0.72676554843
INFO:root:0.481174575016, 0.726761193725
INFO:root:0.481301992944, 0.726768604737
INFO:root:0.48116873287, 0.72675598445
INFO:root:0.481299494733, 0.726758438264
INFO:root:0.481165961933, 0.726752222168
INFO:root:0.481292487058, 0.726760370682
INFO:root:0.481291380391, 0.726761067277
INFO:root:0.481292239145, 0.72675886336
INFO:root:0.481289281755, 0.726761428731
INFO:root:0.481293910007, 0.72675826015
INFO:root:0.481142557881, 0.726776068026
INFO:root:0.481241480491, 0.726814782639
INFO:root:0.481156027133, 0.726762906144
INFO:root:0.480710146351, 0.726718603473
INFO:root:0.480390434402, 0.726782916147
INFO:root:0.480198392087, 0.726774241469
INFO:root:0.480464309335, 0.726761849414
INFO:root:0.480271729974, 0.726734661037
INFO:root:0.480350450985, 0.726757318975
INFO:root:0.480343475699, 0.726740565048
INFO:root:0.480348658598, 0.726732413912
INFO:root:0.480352301791, 0.726721178875
INFO:root:0.480221536775, 0.726791019747
INFO:root:0.480338156239, 0.726790919663
INFO:root:0.480338239305, 0.726784124427
INFO:root:0.480474419339, 0.726786712255
INFO:root:0.480351307537, 0.726772473105
INFO:root:0.480345267013, 0.726757663292
INFO:root:0.480352915964, 0.726763570581
INFO:root:0.480362801622, 0.726776517436
INFO:root:0.480347575161, 0.726752766556
INFO:root:0.480350031474, 0.726778918168
INFO:root:0.480348137284, 0.726769921643
INFO:root:0.480345283691, 0.726773036359
INFO:root:0.480346877201, 0.726777093735
INFO:root:0.480350325339, 0.726763772783
INFO:root:0.480343230762, 0.726761648586
INFO:root:0.480348091751, 0.726770156821
INFO:root:0.480347893366, 0.72676329603
INFO:root:0.480348394695, 0.726767294973
INFO:root:0.480348730112, 0.726763580644
INFO:root:0.480345929381, 0.726764085867
INFO:root:0.480347560422, 0.726766140072
INFO:root:0.480355154404, 0.726762864585
INFO:root:0.480358079881, 0.726768805233
INFO:root:0.480370683534, 0.726753305845
INFO:root:0.480394526452, 0.72677660633
INFO:root:0.480393272723, 0.726792888853
INFO:root:0.480393739582, 0.726796528997
INFO:root:0.4805341283, 0.726788267502
INFO:root:0.480421044383, 0.726766280577
INFO:root:0.480595284875, 0.726770155714
INFO:root:0.480528749877, 0.72676015609
INFO:root:0.480515577448, 0.726759376333
INFO:root:0.480654395386, 0.726756959287
INFO:root:0.480458265545, 0.726690790091
INFO:root:0.480487959191, 0.726729681357
INFO:root:0.480483560159, 0.726741579765
INFO:root:0.480343798757, 0.726742310236
INFO:root:0.480452177642, 0.726749475746
INFO:root:0.480461524774, 0.72674023233
INFO:root:0.480458513275, 0.726746612756
INFO:root:0.480319646083, 0.726743072591
INFO:root:0.480433332878, 0.726748728766
INFO:root:0.480433018086, 0.726748391382
INFO:root:0.480570478091, 0.726747037963
INFO:root:0.480375648009, 0.72664936682
INFO:root:0.480440577449, 0.72671910386
INFO:root:0.480439162215, 0.726716217004
INFO:root:0.480442019747, 0.726713653614
INFO:root:0.480438200604, 0.726717420867
INFO:root:0.480439264418, 0.726709253523
INFO:root:0.480440804493, 0.726708916685
INFO:root:0.480435205343, 0.726710136407
INFO:root:0.480436341936, 0.726719127604
INFO:root:0.480431520815, 0.726711962848
INFO:root:0.480429865103, 0.726721341053
INFO:root:0.480427844626, 0.726743512921
INFO:root:0.480428816514, 0.726768755771
INFO:root:0.480425380987, 0.72676993187
INFO:root:0.480285915431, 0.726786899946
INFO:root:0.480412458036, 0.726792804927
INFO:root:0.480412389697, 0.726787996861
INFO:root:0.480386890268, 0.726743510729
INFO:root:0.480192578076, 0.726804660238
INFO:root:0.480313214876, 0.726849960879
INFO:root:0.480283758605, 0.726768304898
INFO:root:0.480144005509, 0.726763964471
INFO:root:0.480200989809, 0.72678085604
INFO:root:0.480006810308, 0.726790890739
INFO:root:0.479421491929, 0.726777063876
INFO:root:0.479378156719, 0.726769967618
INFO:root:0.479183378289, 0.726736464483
INFO:root:0.479205969486, 0.72676040753
INFO:root:0.478923907504, 0.726743103899
INFO:root:0.478470590491, 0.726727298117
INFO:root:0.478276617702, 0.726684819236
INFO:root:0.477952022557, 0.726784684449
INFO:root:0.477636642632, 0.726734674568
INFO:root:0.477311762339, 0.726734236882
INFO:root:0.476986825911, 0.726663201431
INFO:root:0.476398427347, 0.726597145087
INFO:root:0.476070924521, 0.726811547539
INFO:root:0.475612424535, 0.726695519226
INFO:root:0.475153938893, 0.726843716605
INFO:root:0.474695889185, 0.726746585368
INFO:root:0.474108509975, 0.726894254215
INFO:root:0.473653102183, 0.726737542468
INFO:root:0.473068709682, 0.726884460448
INFO:root:0.472486415423, 0.726843123968
INFO:root:0.472033785033, 0.726696819196
INFO:root:0.471450971077, 0.726550298067
INFO:root:0.470996539733, 0.726403411167
INFO:root:0.47067267233, 0.726843085702
INFO:root:0.469961996608, 0.726518421499
INFO:root:0.469639388098, 0.7266781352
INFO:root:0.469186999262, 0.726671289008
INFO:root:0.468732902313, 0.726747950304
INFO:root:0.468408344695, 0.726683775205
INFO:root:0.468116154513, 0.726646579532
INFO:root:0.467658421862, 0.726685697933
INFO:root:0.467831972504, 0.72665784312
INFO:root:0.467373124024, 0.726669249624
INFO:root:0.467262563073, 0.72661152108
INFO:root:0.466934199414, 0.726556784088
INFO:root:0.466736818233, 0.726618612992
INFO:root:0.466770532588, 0.726663265135
INFO:root:0.466621456658, 0.726677728572
INFO:root:0.466732493576, 0.726706771145
INFO:root:0.466738226779, 0.726714068893
INFO:root:0.466737281747, 0.726711626375
INFO:root:0.466874692689, 0.726698353071
INFO:root:0.466677248137, 0.72659362146
INFO:root:0.466744499098, 0.726661584317
INFO:root:0.466749807724, 0.726661321716
INFO:root:0.466750462088, 0.726677410401
INFO:root:0.466747134382, 0.726692644158
INFO:root:0.466747386098, 0.72668606539
INFO:root:0.466748583224, 0.726682575081
INFO:root:0.466761677773, 0.726691546607
INFO:root:0.466916712327, 0.726690167587
INFO:root:0.466790309851, 0.726687902607
INFO:root:0.466792950051, 0.726696883257
INFO:root:0.466937108306, 0.726704849335
INFO:root:0.466835680441, 0.726683062124
INFO:root:0.46683687595, 0.726686662678
INFO:root:0.466837390915, 0.726682896079
INFO:root:0.466842119672, 0.726690528858
INFO:root:0.466852339318, 0.726697945241
INFO:root:0.467004384788, 0.726683296083
INFO:root:0.466908082474, 0.726651354597
INFO:root:0.467044031328, 0.726649244655
INFO:root:0.466951141997, 0.726633701689
INFO:root:0.466792030963, 0.726629528822
INFO:root:0.466918794405, 0.726641794021
INFO:root:0.466920967195, 0.726647094123
INFO:root:0.466921262451, 0.726647694417
INFO:root:0.46694805773, 0.726648989053
INFO:root:0.466967619127, 0.72664766083
INFO:root:0.46697988986, 0.726660854895
INFO:root:0.466975370137, 0.726659382063
INFO:root:0.467121951697, 0.726657476961
INFO:root:0.467018189499, 0.726657524384
INFO:root:0.467137796888, 0.726702400163
INFO:root:0.467322826933, 0.726702664833
INFO:root:0.467275051129, 0.726684530764
INFO:root:0.467548527609, 0.726728301558
INFO:root:0.467733428868, 0.726703956135
INFO:root:0.467593044151, 0.726729672276
INFO:root:0.467920733589, 0.726817894392
INFO:root:0.467892710971, 0.726702299646
INFO:root:0.468089564851, 0.726713169753
INFO:root:0.46825433363, 0.726695490563
INFO:root:0.468275061661, 0.726703631731
INFO:root:0.468403339226, 0.726740947188
INFO:root:0.468863397097, 0.726889652763
INFO:root:0.469033352779, 0.72673509696
INFO:root:0.469188567675, 0.726705057472
INFO:root:0.469278082696, 0.726711069409
INFO:root:0.469605562521, 0.726598756012
INFO:root:0.469922717076, 0.726715996376
INFO:root:0.470118960211, 0.726710114265
INFO:root:0.470446289143, 0.726740431174
INFO:root:0.470904837812, 0.726846872913
INFO:root:0.471232094761, 0.726775787877
INFO:root:0.47150667938, 0.72677171857
INFO:root:0.471833932024, 0.726826722875
INFO:root:0.472160848123, 0.726628629531
INFO:root:0.472356865665, 0.72657234389
INFO:root:0.472944495571, 0.726177759875
INFO:root:0.473111612005, 0.726664396646
INFO:root:0.473568400818, 0.726614705254
INFO:root:0.474024994378, 0.726907443983
INFO:root:0.474220604105, 0.726728954308
INFO:root:0.474677129455, 0.726854089368
INFO:root:0.475264367132, 0.726645654057
INFO:root:0.47572124162, 0.726588976017
INFO:root:0.476178391284, 0.726935768013
INFO:root:0.476504460187, 0.726493104775
INFO:root:0.476830336798, 0.726423672436
INFO:root:0.477286196312, 0.726535144275
INFO:root:0.47732382726, 0.726574848781
INFO:root:0.477779545867, 0.72678028899
INFO:root:0.47836515885, 0.726597144608
INFO:root:0.478690804179, 0.72659920349
INFO:root:0.479277037978, 0.726505246937
INFO:root:0.479602754463, 0.726738778223
INFO:root:0.480189940484, 0.726591157944
INFO:root:0.480516283864, 0.726455859799
INFO:root:0.480973145811, 0.72630818725
INFO:root:0.481561859076, 0.726160183017
INFO:root:0.481889183263, 0.725419570714
INFO:root:0.482610078878, 0.726264574287
INFO:root:0.482937925166, 0.72492934577
INFO:root:0.483527736825, 0.72565678359
INFO:root:0.483986654194, 0.724915098954
INFO:root:0.484707959677, 0.725953672872
INFO:root:0.485166770702, 0.72586931763
INFO:root:0.485727768622, 0.726753599806
INFO:root:0.48605499398, 0.72571705564
INFO:root:0.486513166639, 0.724680382149
INFO:root:0.487101761845, 0.724623693344
INFO:root:0.487398419768, 0.724734045381
INFO:root:0.487463825991, 0.72558272103
INFO:root:0.487790824975, 0.725138795137
INFO:root:0.488118011624, 0.724990734915
INFO:root:0.488313941656, 0.723956329901
INFO:root:0.488640728271, 0.723849867051
INFO:root:0.48896384192, 0.724066492101
INFO:root:0.488898386271, 0.725103203798
INFO:root:0.489094860086, 0.724065927899
INFO:root:0.489291384298, 0.723749856715
INFO:root:0.489618596161, 0.723327983956
INFO:root:0.489815109611, 0.723225688697
INFO:root:0.489807313458, 0.723152503385
INFO:root:0.489816261112, 0.723229152217
INFO:root:0.489806792961, 0.722943385554
INFO:root:0.489658096321, 0.723003710561
INFO:root:0.48977721446, 0.723092452287
INFO:root:0.489693369343, 0.723044258315
INFO:root:0.489365381647, 0.722795589432
INFO:root:0.488905911197, 0.722544576926
INFO:root:0.488577154302, 0.722858058383
INFO:root:0.488117194353, 0.722884735774
INFO:root:0.487657044218, 0.723330941966
INFO:root:0.486806205071, 0.721940052029
INFO:root:0.486214223328, 0.72167615379
INFO:root:0.485621730908, 0.721825108113
INFO:root:0.485029011767, 0.722570164722
INFO:root:0.484435640691, 0.723017690381
INFO:root:0.483579386404, 0.722868660886
INFO:root:0.482722875542, 0.721573509991
INFO:root:0.482129946826, 0.721722574
INFO:root:0.481404590532, 0.722170176782
INFO:root:0.480679021024, 0.722916400702
INFO:root:0.479821168657, 0.72306570834
INFO:root:0.47909500198, 0.722916340723
INFO:root:0.478368658107, 0.722766936657
INFO:root:0.477511114896, 0.722617682827
INFO:root:0.476652598156, 0.722767106098
INFO:root:0.476058229825, 0.722916532031
INFO:root:0.475463717763, 0.723065994098
INFO:root:0.474737850663, 0.72278241004
INFO:root:0.474011600589, 0.722931794812
INFO:root:0.473417229747, 0.722782368248
INFO:root:0.472954311087, 0.722931998522
INFO:root:0.472359496858, 0.723081536555
INFO:root:0.471764385334, 0.723215348788
INFO:root:0.471169239027, 0.722766484234
INFO:root:0.470706105846, 0.723056200539
INFO:root:0.470110526453, 0.723205930936
INFO:root:0.469647227061, 0.723071453637
INFO:root:0.46931623498, 0.723057291168
INFO:root:0.468853051926, 0.722946748897
INFO:root:0.468522148416, 0.722942245206
INFO:root:0.468058545901, 0.723130049653
INFO:root:0.467727290093, 0.723087888077
INFO:root:0.467396046614, 0.723183324481
INFO:root:0.466932060333, 0.723155538413
INFO:root:0.466602063914, 0.723174039375
INFO:root:0.466138348026, 0.723232547918
INFO:root:0.465806990294, 0.723270073035
INFO:root:0.465475596123, 0.72327595241
INFO:root:0.465011642447, 0.723260112437
INFO:root:0.464680323887, 0.723110182422
INFO:root:0.464348791552, 0.723298441461
INFO:root:0.464271233266, 0.723281590152
INFO:root:0.463977948809, 0.723205280455
INFO:root:0.463778740837, 0.723221249302
INFO:root:0.463579499058, 0.723209390542
INFO:root:0.463570843636, 0.723209958777
INFO:root:0.463511226385, 0.723204970663
INFO:root:0.463343522996, 0.723208208236
INFO:root:0.4631762578, 0.723224077194
INFO:root:0.46337572232, 0.723238298351
INFO:root:0.463043207887, 0.723203723505
INFO:root:0.463056685673, 0.723252958122
INFO:root:0.462991462582, 0.723237014159
INFO:root:0.462815341279, 0.723263083805
INFO:root:0.462848167997, 0.723266093406
INFO:root:0.462690070074, 0.723294414612
INFO:root:0.462746973733, 0.723314763708
INFO:root:0.462563200476, 0.723321924357
INFO:root:0.462649980233, 0.72332691747
INFO:root:0.462593899918, 0.723305800991
INFO:root:0.462530358969, 0.723299365597
INFO:root:0.462216739061, 0.723280294305
INFO:root:0.462016448399, 0.72333951525
INFO:root:0.461871569913, 0.723390290323
INFO:root:0.461800513052, 0.723378539453
INFO:root:0.461665726796, 0.723356355995
INFO:root:0.461331905564, 0.72339675259
INFO:root:0.4612210605, 0.72337013148
INFO:root:0.460887413603, 0.723283107236
INFO:root:0.460553542093, 0.723349785721
INFO:root:0.460353093443, 0.723393438644
INFO:root:0.46001884133, 0.723355994345
INFO:root:0.459685097496, 0.723223996886
INFO:root:0.459351697617, 0.723481732261
INFO:root:0.458885124979, 0.723454693581
INFO:root:0.458551805094, 0.723303857916
INFO:root:0.458218692894, 0.723497327165
INFO:root:0.457752386928, 0.723491638013
INFO:root:0.457419896714, 0.723427576089
INFO:root:0.457087241703, 0.723597855825
INFO:root:0.457095442557, 0.723271886608
INFO:root:0.456629577167, 0.723723634865
INFO:root:0.456229707091, 0.723332500685
INFO:root:0.455897281679, 0.723584113452
INFO:root:0.455564721946, 0.723519476908
INFO:root:0.455232058481, 0.723606858299
INFO:root:0.455178126282, 0.723484015495
INFO:root:0.454580265767, 0.723709449034
INFO:root:0.454247975001, 0.723444786451
INFO:root:0.453783112963, 0.723624992248
INFO:root:0.453318116082, 0.72351815727
INFO:root:0.452852954384, 0.723367801973
INFO:root:0.45225445851, 0.723518265583
INFO:root:0.451656263833, 0.72366865347
INFO:root:0.450925281408, 0.723819011655
INFO:root:0.450194457954, 0.72396933714
INFO:root:0.449331144879, 0.723819079076
INFO:root:0.448600405984, 0.723969387168
INFO:root:0.44773662828, 0.723819048236
INFO:root:0.446873406622, 0.72396929039
INFO:root:0.445877180999, 0.724119562807
INFO:root:0.444748354393, 0.723969320882
INFO:root:0.443619324697, 0.724119589837
INFO:root:0.442357868301, 0.72426981112
INFO:root:0.441095694858, 0.724119504447
INFO:root:0.439966322901, 0.724570447974
INFO:root:0.438703385494, 0.724420050324
INFO:root:0.437573569587, 0.724269676727
INFO:root:0.436443952035, 0.724119329531
INFO:root:0.435180871867, 0.724570573482
INFO:root:0.433917532594, 0.724721018988
INFO:root:0.432654413386, 0.724871438288
INFO:root:0.431258216638, 0.724420142369
INFO:root:0.429728837574, 0.72426968962
INFO:root:0.428174370995, 0.724721160469
INFO:root:0.426511792796, 0.72517257564
INFO:root:0.42498123696, 0.725323144155
INFO:root:0.422964891091, 0.725473744723
INFO:root:0.421167857891, 0.725596284439
INFO:root:0.419104356538, 0.725445673718
INFO:root:0.417172466351, 0.725596402872
INFO:root:0.415241037411, 0.725747096039
INFO:root:0.413308052772, 0.725541645867
INFO:root:0.410841641625, 0.725692471992
INFO:root:0.408509406806, 0.725843242728
INFO:root:0.406577106529, 0.725692481578
INFO:root:0.404510764221, 0.726144935807
INFO:root:0.402177261316, 0.725994083094
INFO:root:0.400111094716, 0.725843277842
INFO:root:0.397912526914, 0.725882148907
INFO:root:0.395579814305, 0.726334553776
INFO:root:0.393646397986, 0.726106637968
INFO:root:0.39118041047, 0.727162239503
INFO:root:0.38911287706, 0.726105904415
INFO:root:0.387043834179, 0.726256919601
INFO:root:0.38497313192, 0.7261057833
INFO:root:0.382766626984, 0.726862222091
INFO:root:0.380692365753, 0.726105241778
INFO:root:0.378614815133, 0.726560150223
INFO:root:0.37694175932, 0.726408730222
INFO:root:0.374922812769, 0.7260342614
INFO:root:0.373114177087, 0.72618582683
INFO:root:0.371439483388, 0.725731122116
INFO:root:0.369763886432, 0.726489372052
INFO:root:0.368222392607, 0.726034438433
INFO:root:0.366947179613, 0.726186297929
INFO:root:0.365672404691, 0.724820031983
INFO:root:0.364531989382, 0.725275384977
INFO:root:0.363525317373, 0.725123536808
INFO:root:0.362653157039, 0.725882526377
INFO:root:0.362225460317, 0.72556430728
INFO:root:0.361754926769, 0.726020582235
INFO:root:0.361687665809, 0.724766399577
INFO:root:0.361620388197, 0.725831968216
INFO:root:0.361617691071, 0.726012816232
INFO:root:0.361851603562, 0.726530080947
INFO:root:0.363665461099, 0.725466059766
INFO:root:0.364538790003, 0.724706053261
INFO:root:0.364607107378, 0.724869890349
INFO:root:0.365479917399, 0.724414157378
INFO:root:0.365815564602, 0.726204261782
INFO:root:0.366822470437, 0.726963678978
INFO:root:0.367828985127, 0.728230098925
INFO:root:0.369104182154, 0.727774526143
INFO:root:0.369975399617, 0.728532695187
INFO:root:0.37164877285, 0.728987041374
INFO:root:0.374199224632, 0.729138279489
INFO:root:0.376003681224, 0.728079772966
INFO:root:0.377807581873, 0.727928604337
INFO:root:0.379746012057, 0.728079843752
INFO:root:0.381552291994, 0.728231118756
INFO:root:0.38335633896, 0.728684661428
INFO:root:0.385158261937, 0.729741681715
INFO:root:0.387186541533, 0.729892472937
INFO:root:0.38911924874, 0.729440094239
INFO:root:0.390725529335, 0.729289244368
INFO:root:0.392922632937, 0.729440038874
INFO:root:0.394721279803, 0.730193680658
INFO:root:0.396785894419, 0.730645756586
INFO:root:0.398718110549, 0.730495002001
INFO:root:0.400722188099, 0.730344231772
INFO:root:0.402254936948, 0.73019344752
INFO:root:0.40398853443, 0.730645724623
INFO:root:0.405787342043, 0.731097950106
INFO:root:0.4075855104, 0.731248638364
INFO:root:0.409250358921, 0.731399315563
INFO:root:0.410649739607, 0.730946990493
INFO:root:0.412047485559, 0.731398787164
INFO:root:0.413444315814, 0.731248286935
INFO:root:0.41470855445, 0.731398839542
INFO:root:0.41570669783, 0.732151648017
INFO:root:0.417104168766, 0.732001078758
INFO:root:0.41796949695, 0.732452905129
INFO:root:0.418966965467, 0.732603365026
INFO:root:0.419831157738, 0.731249665245
INFO:root:0.420506559953, 0.732244821596
INFO:root:0.421104701319, 0.732853936341
INFO:root:0.421436393198, 0.732763808173
INFO:root:0.421900702404, 0.733035172408
INFO:root:0.422099617061, 0.732829656418
INFO:root:0.422026806694, 0.73262687577
INFO:root:0.421828185889, 0.732967913043
INFO:root:0.421663851873, 0.733009441827
INFO:root:0.421200970751, 0.73297951818
INFO:root:0.420738014372, 0.733129160646
INFO:root:0.420142790088, 0.733278801768
INFO:root:0.420605178699, 0.731335835482
INFO:root:0.419878706447, 0.732082987844
INFO:root:0.418361933406, 0.732829051
INFO:root:0.417240969489, 0.732381464694
INFO:root:0.415593697878, 0.733126896697
INFO:root:0.414485598296, 0.733871820244
INFO:root:0.412970894094, 0.734616865789
INFO:root:0.41172021008, 0.735957311814
INFO:root:0.410337700531, 0.736106269072
INFO:root:0.409219584415, 0.735957452667
INFO:root:0.408890856734, 0.732833543562
INFO:root:0.407904719328, 0.733874798413
INFO:root:0.40691812142, 0.73432125888
INFO:root:0.405931450919, 0.733874765562
INFO:root:0.404812111577, 0.733129869506
INFO:root:0.404086555733, 0.733577595427
INFO:root:0.403096302327, 0.733428223869
INFO:root:0.402633512413, 0.734774521799
INFO:root:0.401905772387, 0.733992297974
INFO:root:0.401442517027, 0.734057823021
INFO:root:0.401243976805, 0.732348951117
INFO:root:0.400647949002, 0.733997225535
INFO:root:0.400083594822, 0.733260657983
INFO:root:0.399752498427, 0.734370547717
INFO:root:0.399666337954, 0.734364323033
INFO:root:0.399202416279, 0.734390283175
INFO:root:0.399205200587, 0.733980012864
INFO:root:0.398873873233, 0.734276918024
INFO:root:0.398913303333, 0.734299860327
INFO:root:0.398856029218, 0.734242720686
INFO:root:0.398657222198, 0.734262104397
INFO:root:0.398723519403, 0.73389195245
INFO:root:0.398524497734, 0.734642471875
INFO:root:0.398192608053, 0.734637994564
INFO:root:0.398027621518, 0.734849829756
INFO:root:0.397883045497, 0.734937241284
INFO:root:0.397941304555, 0.734462028815
INFO:root:0.397476252219, 0.734906625251
INFO:root:0.397310399159, 0.734963406441
INFO:root:0.396846118331, 0.734773735835
INFO:root:0.396647244121, 0.73530522625
INFO:root:0.396485036454, 0.734746647185
INFO:root:0.395888051959, 0.734720987699
INFO:root:0.395556567214, 0.734852394851
INFO:root:0.395224937283, 0.734969888546
INFO:root:0.394893271742, 0.735586358116
INFO:root:0.394826872045, 0.73473591513
INFO:root:0.394362281488, 0.734635073689
INFO:root:0.393897314925, 0.73445223038
INFO:root:0.393565012222, 0.734893311811
INFO:root:0.393365509553, 0.734903863071
INFO:root:0.393032702272, 0.735054466771
INFO:root:0.392699764721, 0.735015203972
INFO:root:0.392670253139, 0.734751422465
INFO:root:0.392336997812, 0.734668765876
INFO:root:0.391869855445, 0.734202742176
INFO:root:0.391669534374, 0.735562497327
INFO:root:0.391557828215, 0.734784618575
INFO:root:0.391223844993, 0.735540297785
INFO:root:0.390756143825, 0.734970975719
INFO:root:0.390523617015, 0.734512977404
INFO:root:0.39018954556, 0.735268856252
INFO:root:0.389855591632, 0.735251400976
INFO:root:0.38952162012, 0.735375640747
INFO:root:0.389454828626, 0.734772892329
INFO:root:0.388987238216, 0.735091729763
INFO:root:0.38865289881, 0.735148832415
INFO:root:0.388318604159, 0.735493212735
INFO:root:0.388282909385, 0.735304002015
INFO:root:0.387948435869, 0.735256184183
INFO:root:0.387626462507, 0.734987453187
INFO:root:0.387566752628, 0.73488713848
INFO:root:0.387366220081, 0.73543237397
INFO:root:0.387433089171, 0.734851065675
INFO:root:0.387095567482, 0.73415893122
INFO:root:0.386627728229, 0.734915035063
INFO:root:0.386342219351, 0.734758295285
INFO:root:0.386296050108, 0.734740952737
INFO:root:0.385828033081, 0.734747489848
INFO:root:0.385627601075, 0.733084646546
INFO:root:0.385159880522, 0.732933464145
INFO:root:0.384825974533, 0.735502179316
INFO:root:0.384225296102, 0.732838583999
INFO:root:0.383490722155, 0.735407231923
INFO:root:0.383084884185, 0.734343554831
INFO:root:0.38248430162, 0.730870826018
INFO:root:0.382017435419, 0.732832607227
INFO:root:0.381149444637, 0.733285823858
INFO:root:0.380147884022, 0.732832592388
INFO:root:0.379280176776, 0.732681569526
INFO:root:0.378306080842, 0.730291117412
INFO:root:0.377171659369, 0.731348023455
INFO:root:0.376038022187, 0.732705963181
INFO:root:0.374903692922, 0.731649143046
INFO:root:0.37363524775, 0.731800196591
INFO:root:0.37214647569, 0.729044565663
INFO:root:0.371011342222, 0.730404297731
INFO:root:0.369742296563, 0.730555422786
INFO:root:0.36834048987, 0.73100853202
INFO:root:0.366805067639, 0.731763768252
INFO:root:0.365402478616, 0.729645974353
INFO:root:0.364265882135, 0.729494698292
INFO:root:0.362994258948, 0.730554722298
INFO:root:0.361589424973, 0.728326052624
INFO:root:0.360719357123, 0.729688956108
INFO:root:0.359849401821, 0.731354511559
INFO:root:0.359113502802, 0.727570274183
INFO:root:0.358109778365, 0.729538520352
INFO:root:0.357238880272, 0.729083785683
INFO:root:0.35650100629, 0.728842334965
INFO:root:0.356032089693, 0.728993903966
INFO:root:0.355295033804, 0.729448726333
INFO:root:0.354922913558, 0.728688645392
INFO:root:0.354478649994, 0.72777253481
INFO:root:0.354143012039, 0.729443265963
INFO:root:0.354075863287, 0.728053609914
INFO:root:0.353605412785, 0.728100993187
INFO:root:0.353672652622, 0.727289159
INFO:root:0.353336367872, 0.727946049096
INFO:root:0.353445973297, 0.727977504675
INFO:root:0.353647724811, 0.728002183453
INFO:root:0.353849540918, 0.72663228018
INFO:root:0.353782205722, 0.72722703494
INFO:root:0.35425364619, 0.726160341357
INFO:root:0.354321047079, 0.727152487613
INFO:root:0.354642371502, 0.727185648632
INFO:root:0.354979030953, 0.725509832699
INFO:root:0.355187543221, 0.726506228453
INFO:root:0.355622134944, 0.726802834019
INFO:root:0.355959315796, 0.725734754069
INFO:root:0.356296567611, 0.725903610748
INFO:root:0.356768831671, 0.726233149991
INFO:root:0.357240949954, 0.724554507205
INFO:root:0.357308436551, 0.726844961396
INFO:root:0.35778075049, 0.726081625738
INFO:root:0.357848253529, 0.724096081795
INFO:root:0.358185643316, 0.724962015637
INFO:root:0.358522967461, 0.725253312853
INFO:root:0.35885069203, 0.72537206822
INFO:root:0.35878319539, 0.726349608616
INFO:root:0.358985779512, 0.724974492152
INFO:root:0.359188385779, 0.723904840209
INFO:root:0.359391210375, 0.725877521109
INFO:root:0.359863838754, 0.724808139725
INFO:root:0.359796315227, 0.726095515955
INFO:root:0.360268711001, 0.726533160692
INFO:root:0.36048645414, 0.723020455795
INFO:root:0.360689147016, 0.724273833223
INFO:root:0.362511831353, 0.723815605062
INFO:root:0.362849085907, 0.723291921395
INFO:root:0.362377710826, 0.724053739708
INFO:root:0.362579696967, 0.724065094905
INFO:root:0.362108791195, 0.724088137413
INFO:root:0.362176103629, 0.725069541041
INFO:root:0.361839236353, 0.725694610988
INFO:root:0.362041333452, 0.725389664738
INFO:root:0.361973958211, 0.726761669649
INFO:root:0.362176136126, 0.725694279177
INFO:root:0.363186391636, 0.726698395961
INFO:root:0.363253761008, 0.725021647151
INFO:root:0.363590516953, 0.724564475443
INFO:root:0.363388327672, 0.724845943592
INFO:root:0.363590542736, 0.723778356988
INFO:root:0.3635231008, 0.725762103653
INFO:root:0.363590507342, 0.725015327447
INFO:root:0.363792834143, 0.724680946323
INFO:root:0.363725349287, 0.725078922316
INFO:root:0.363714812754, 0.724835090896
INFO:root:0.363661848578, 0.724625056475
INFO:root:0.363646441577, 0.724560524292
INFO:root:0.363714085499, 0.723666570788
INFO:root:0.36351118053, 0.724035975848
INFO:root:0.363647182366, 0.723896102312
INFO:root:0.363671200017, 0.723536990263
INFO:root:0.363352564781, 0.72351557403
INFO:root:0.363406633126, 0.723662692235
INFO:root:0.363396207012, 0.723414172713
INFO:root:0.363249863495, 0.723562801584
INFO:root:0.363453319137, 0.723357359985
INFO:root:0.363385569531, 0.721671147581
INFO:root:0.363453329054, 0.723357606805
INFO:root:0.363521032651, 0.721672539502
INFO:root:0.36345335648, 0.723356924206
INFO:root:0.363791325002, 0.722592227752
INFO:root:0.364264703809, 0.721521148431
INFO:root:0.364332341084, 0.723204565047
INFO:root:0.364535443651, 0.721825929435
INFO:root:0.364826420199, 0.722005942403
INFO:root:0.364758719862, 0.722576869219
INFO:root:0.365097174322, 0.721504754889
INFO:root:0.365311765761, 0.722715243209
INFO:root:0.365650376102, 0.722255554019
INFO:root:0.365989061724, 0.721795762629
INFO:root:0.366192545259, 0.721637694302
INFO:root:0.366513705324, 0.721729982406
INFO:root:0.366717218653, 0.721182446512
INFO:root:0.366649398343, 0.721949706587
INFO:root:0.366717177104, 0.720569484541
INFO:root:0.36651395668, 0.721335837655
INFO:root:0.366310709299, 0.721673912756
INFO:root:0.36651373989, 0.721144632268
INFO:root:0.366175289945, 0.721450645969
INFO:root:0.365947083812, 0.721037290028
INFO:root:0.365608631477, 0.720842138077
INFO:root:0.365405446653, 0.721250778547
INFO:root:0.365202266475, 0.721308339447
INFO:root:0.365052540507, 0.720874254486
INFO:root:0.364577246634, 0.721335145514
INFO:root:0.364285990296, 0.72061674897
INFO:root:0.36367365398, 0.721386464654
INFO:root:0.363392411739, 0.720727898134
INFO:root:0.362644314521, 0.720266262385
INFO:root:0.362304131537, 0.720728086556
INFO:root:0.361555279513, 0.720265985031
INFO:root:0.360669637352, 0.720420129432
INFO:root:0.359921037511, 0.720266147463
INFO:root:0.359171920791, 0.720112059175
INFO:root:0.358150185616, 0.719957938852
INFO:root:0.357127907188, 0.72011214112
INFO:root:0.356105281384, 0.71964937712
INFO:root:0.354945320387, 0.719803762897
INFO:root:0.353920882868, 0.718722067254
INFO:root:0.352759451208, 0.719804137867
INFO:root:0.351733244051, 0.719339753214
INFO:root:0.35056915311, 0.719184817759
INFO:root:0.349405091523, 0.719029886211
INFO:root:0.348240663374, 0.718564945203
INFO:root:0.347213326959, 0.71840997998
INFO:root:0.346185569609, 0.718875066134
INFO:root:0.345157593361, 0.718409880923
INFO:root:0.344266485944, 0.718564976541
INFO:root:0.343375443992, 0.719030229216
INFO:root:0.342347879312, 0.718255230939
INFO:root:0.34173120068, 0.718410265747
INFO:root:0.340839876805, 0.717179119261
INFO:root:0.34022246172, 0.717955219032
INFO:root:0.339467439243, 0.717489309845
INFO:root:0.338849445984, 0.717644675154
INFO:root:0.338231300917, 0.717178464732
INFO:root:0.337612630631, 0.717645071278
INFO:root:0.336993624545, 0.717489451342
INFO:root:0.336511903308, 0.717333743467
INFO:root:0.335891903111, 0.717059193299
INFO:root:0.335271839451, 0.716762351893
INFO:root:0.334927214328, 0.716686783196
INFO:root:0.334445097995, 0.716710701441
INFO:root:0.33430949193, 0.716352458327
INFO:root:0.33396481259, 0.716534162851
INFO:root:0.333953885318, 0.716338705805
INFO:root:0.333833341786, 0.716202042583
INFO:root:0.333725054153, 0.715947943545
INFO:root:0.333932335412, 0.715442834712
INFO:root:0.333724974707, 0.715943021301
INFO:root:0.334208714068, 0.716263592725
INFO:root:0.334232461517, 0.716363604729
INFO:root:0.334691311511, 0.716665698326
INFO:root:0.335175038978, 0.715883916561
INFO:root:0.335558242366, 0.716541253267
INFO:root:0.336318831527, 0.716384805175
INFO:root:0.337079198736, 0.716228402737
INFO:root:0.337701413033, 0.716071976247
INFO:root:0.338600226191, 0.715915539458
INFO:root:0.339775550944, 0.716384831338
INFO:root:0.34081133034, 0.716541070116
INFO:root:0.342123024087, 0.717009681598
INFO:root:0.343571742199, 0.716541409077
INFO:root:0.345019838427, 0.717009480585
INFO:root:0.346743457986, 0.716541491759
INFO:root:0.348468506437, 0.717009868551
INFO:root:0.350192144076, 0.71685387064
INFO:root:0.352189402329, 0.717633017015
INFO:root:0.35423480571, 0.717740637018
INFO:root:0.356381781671, 0.717896545459
INFO:root:0.358513465527, 0.71805243601
INFO:root:0.360510250147, 0.718208228332
INFO:root:0.362918473634, 0.718052545197
INFO:root:0.365187414406, 0.718830388376
INFO:root:0.367318537053, 0.718363749595
INFO:root:0.369584550239, 0.718829853317
INFO:root:0.371988530571, 0.718985262147
INFO:root:0.374276836528, 0.719140776977
INFO:root:0.37668193643, 0.719296258183
INFO:root:0.378812045079, 0.719762674935
INFO:root:0.381046760447, 0.71978087596
INFO:root:0.383176368382, 0.719314568846
INFO:root:0.385305043484, 0.719469936465
INFO:root:0.387433036503, 0.7196252543
INFO:root:0.389285623092, 0.720401497091
INFO:root:0.391275765774, 0.720246222984
INFO:root:0.39299166362, 0.720401520405
INFO:root:0.394749092598, 0.719856497019
INFO:root:0.396465420181, 0.720322505963
INFO:root:0.397907237481, 0.719856464008
INFO:root:0.399349212544, 0.720944014225
INFO:root:0.40051736773, 0.721099490613
INFO:root:0.401822319064, 0.720633287904
INFO:root:0.40271513692, 0.720788681221
INFO:root:0.403607160442, 0.720943936286
INFO:root:0.404362008102, 0.721409737597
INFO:root:0.404979348953, 0.721254536306
INFO:root:0.405596429797, 0.721534641563
INFO:root:0.405939404656, 0.721311422574
INFO:root:0.405873806527, 0.721297613304
INFO:root:0.405730633856, 0.721354708506
INFO:root:0.405799183661, 0.720959559461
INFO:root:0.405456138717, 0.72142526896
INFO:root:0.404701159837, 0.721269974866
INFO:root:0.403946045242, 0.721425296876
INFO:root:0.403053758474, 0.721269995994
INFO:root:0.402024328139, 0.72111471492
INFO:root:0.402092931914, 0.719717692594
INFO:root:0.401201743398, 0.719829918647
INFO:root:0.39880296565, 0.720605281152
INFO:root:0.397228324311, 0.720184447946
INFO:root:0.395517649142, 0.720958571659
INFO:root:0.393806873181, 0.721113405524
INFO:root:0.391412907733, 0.721577689732
INFO:root:0.389567971327, 0.721732297197
INFO:root:0.38731077859, 0.723125165443
INFO:root:0.385329765847, 0.722043233022
INFO:root:0.38430603366, 0.721579968356
INFO:root:0.382328569667, 0.72111711367
INFO:root:0.380353525435, 0.721271209772
INFO:root:0.378243007566, 0.720809082692
INFO:root:0.376269934229, 0.720963025021
INFO:root:0.37429936309, 0.720194289502
INFO:root:0.37232870078, 0.721270569022
INFO:root:0.370358263507, 0.720501885725
INFO:root:0.368384163103, 0.720595221096
INFO:root:0.366549432897, 0.719518955865
INFO:root:0.364714684885, 0.719980216869
INFO:root:0.362880901732, 0.719826544057
INFO:root:0.361159420061, 0.719698545479
INFO:root:0.359326753934, 0.719544966275
INFO:root:0.357630036121, 0.719698527806
INFO:root:0.356205562885, 0.719545049208
INFO:root:0.354780567484, 0.720005653782
INFO:root:0.353355123144, 0.720159237011
INFO:root:0.352201538866, 0.720005699947
INFO:root:0.351048011567, 0.719852170467
INFO:root:0.350029571406, 0.720005793764
INFO:root:0.348875475827, 0.719852188648
INFO:root:0.348128734826, 0.720312987503
INFO:root:0.347517677065, 0.719845485367
INFO:root:0.346906883085, 0.719999040756
INFO:root:0.346024479902, 0.719538298767
INFO:root:0.345549326524, 0.719999053558
INFO:root:0.344938252886, 0.719845427862
INFO:root:0.344598930753, 0.719998979696
INFO:root:0.344124170504, 0.719923492066
INFO:root:0.343785228898, 0.719958095295
INFO:root:0.343641107282, 0.719973498327
INFO:root:0.34373314248, 0.719980151871
INFO:root:0.343593687884, 0.720119239323
INFO:root:0.343932295353, 0.720152281844
INFO:root:0.343766075664, 0.720277920027
INFO:root:0.34396821629, 0.720588802586
INFO:root:0.3442614614, 0.720675830932
INFO:root:0.344735221205, 0.720719926749
INFO:root:0.344675374905, 0.721230571622
INFO:root:0.345285461389, 0.721383949145
INFO:root:0.345606103952, 0.72152362048
INFO:root:0.345731109092, 0.721533475904
INFO:root:0.346342062334, 0.721379880476
INFO:root:0.346681244906, 0.721519704585
INFO:root:0.347118110518, 0.721949931223
INFO:root:0.347457263402, 0.722188025887
INFO:root:0.347932277213, 0.722341565705
INFO:root:0.3484070364, 0.722382180677
INFO:root:0.348881686542, 0.722396546702
INFO:root:0.349356446307, 0.723012540931
INFO:root:0.349831648504, 0.723306964412
INFO:root:0.350171153233, 0.723020890956
INFO:root:0.35064639554, 0.723160212589
INFO:root:0.350985704263, 0.723163166743
INFO:root:0.3511178125, 0.723228066177
INFO:root:0.351593017528, 0.723722563666
INFO:root:0.351932559316, 0.723622824424
INFO:root:0.352272304849, 0.723900667332
INFO:root:0.352611872668, 0.724061759073
INFO:root:0.352922538571, 0.72411304252
INFO:root:0.353262421016, 0.724098347201
INFO:root:0.353599405863, 0.724331151771
INFO:root:0.353933511797, 0.724467376774
INFO:root:0.35410300045, 0.724838425536
INFO:root:0.354443483889, 0.724505525787
INFO:root:0.354603725615, 0.724865138099
INFO:root:0.354898731959, 0.725054971572
INFO:root:0.35483054768, 0.725523635938
INFO:root:0.355171451623, 0.725517402357
INFO:root:0.35514669417, 0.72531529262
INFO:root:0.355351207436, 0.725270928213
INFO:root:0.355146627124, 0.725390959784
INFO:root:0.35538944975, 0.725748554153
INFO:root:0.355491485812, 0.72585736057
INFO:root:0.355578846802, 0.725983815234
INFO:root:0.355613167152, 0.726093033421
INFO:root:0.355647876401, 0.726210794986
INFO:root:0.355506115566, 0.72638984628
INFO:root:0.355609424082, 0.726424877076
INFO:root:0.355432090917, 0.726543565473
INFO:root:0.355488421345, 0.726723267588
INFO:root:0.355148993593, 0.726876867218
INFO:root:0.354945499473, 0.726994778421
INFO:root:0.354742037323, 0.727211020647
INFO:root:0.354434063108, 0.727119769168
INFO:root:0.354230828956, 0.728164135761
INFO:root:0.354152852115, 0.727872418547
INFO:root:0.353813989863, 0.728298340574
INFO:root:0.353679594195, 0.728172140491
INFO:root:0.353340548944, 0.728632420105
INFO:root:0.352730772113, 0.729049676435
INFO:root:0.352527603935, 0.729079007682
INFO:root:0.352189003957, 0.728987182268
INFO:root:0.351985898947, 0.729143755035
INFO:root:0.351512220374, 0.729558152321
INFO:root:0.351038358417, 0.729711319822
INFO:root:0.350699891395, 0.730060552138
INFO:root:0.350225534062, 0.730288723764
INFO:root:0.349887110315, 0.730275105625
INFO:root:0.349413428112, 0.730392257059
INFO:root:0.34907522232, 0.731057007058
INFO:root:0.348872201806, 0.731812521462
INFO:root:0.348738329736, 0.731653599818
INFO:root:0.348571934919, 0.731280894634
INFO:root:0.348530652796, 0.731160281961
INFO:root:0.348327355569, 0.731761206886
INFO:root:0.348124227206, 0.733105160099
INFO:root:0.348191885784, 0.733758204749
INFO:root:0.348394727954, 0.733126332216
INFO:root:0.34851325736, 0.733410764566
INFO:root:0.348851253498, 0.732960542819
INFO:root:0.349054078041, 0.734643235324
INFO:root:0.349363992825, 0.735449212011
INFO:root:0.349971884628, 0.73582220139
INFO:root:0.350444544911, 0.735930904501
INFO:root:0.350917133907, 0.735472636383
INFO:root:0.351659397112, 0.735862738569
INFO:root:0.351862007635, 0.736941781616
INFO:root:0.352737959305, 0.737849934277
INFO:root:0.353343930825, 0.737392905251
INFO:root:0.353949979422, 0.737989593484
INFO:root:0.35455615229, 0.737837199856
INFO:root:0.355219716491, 0.739798989434
INFO:root:0.356094516424, 0.740255761427
INFO:root:0.357103938647, 0.740408024442
INFO:root:0.357978278203, 0.739951492833
INFO:root:0.358986604833, 0.741016177113
INFO:root:0.360128950182, 0.742471882055
INFO:root:0.361001905204, 0.742623818282
INFO:root:0.362141858879, 0.743078986951
INFO:root:0.363281724201, 0.742927275821
INFO:root:0.364286904519, 0.743382145298
INFO:root:0.36515784013, 0.743836899557
INFO:root:0.366233815612, 0.745739955505
INFO:root:0.366971288092, 0.744071330903
INFO:root:0.367797413871, 0.746043988772
INFO:root:0.368802644481, 0.746885570948
INFO:root:0.369539205107, 0.745825031866
INFO:root:0.370007569276, 0.748095888442
INFO:root:0.370743247167, 0.74764191641
INFO:root:0.371477603687, 0.747792968624
INFO:root:0.372211747049, 0.748931739026
INFO:root:0.372812036306, 0.74900188911
INFO:root:0.3734122101, 0.749688286526
INFO:root:0.373981811488, 0.750522602255
INFO:root:0.374448304399, 0.750070245493
INFO:root:0.375048307709, 0.750659813698
INFO:root:0.375312115621, 0.75127474842
INFO:root:0.376044707026, 0.751726815844
INFO:root:0.375978104514, 0.752270657323
INFO:root:0.376577044322, 0.752161166235
INFO:root:0.376910121567, 0.752186201496
INFO:root:0.376992596364, 0.752447855519
INFO:root:0.377139785851, 0.753020501696
INFO:root:0.37754547821, 0.753560142533
INFO:root:0.377529932222, 0.754147191286
INFO:root:0.377995669454, 0.754127114333
INFO:root:0.378088669955, 0.754264670694
INFO:root:0.37842133746, 0.754281127578
INFO:root:0.37857687576, 0.754739668083
INFO:root:0.378709780809, 0.755436542864
INFO:root:0.379175252179, 0.75556706258
INFO:root:0.379640521186, 0.7556416954
INFO:root:0.379972844941, 0.755898819677
INFO:root:0.380172327776, 0.756876395058
INFO:root:0.380770525705, 0.757276174758
INFO:root:0.381235528394, 0.75682526306
INFO:root:0.381700323757, 0.756976387149
INFO:root:0.382297730927, 0.75683359323
INFO:root:0.382433518175, 0.757347483323
INFO:root:0.383031354092, 0.757583097427
INFO:root:0.383496835569, 0.757851612106
INFO:root:0.384094597682, 0.757937955194
INFO:root:0.38416101242, 0.75860923479
INFO:root:0.384891247948, 0.759024053131
INFO:root:0.385223042076, 0.759016285777
INFO:root:0.385820240186, 0.759030818188
INFO:root:0.386152329548, 0.758802931296
INFO:root:0.386617166104, 0.759027616646
INFO:root:0.38694919909, 0.759046160119
INFO:root:0.387546427115, 0.759435996916
INFO:root:0.388010756686, 0.759220982717
INFO:root:0.388474925249, 0.75942245759
INFO:root:0.388806561579, 0.759133121662
INFO:root:0.389137945763, 0.759233380999
INFO:root:0.389601525491, 0.759204316572
INFO:root:0.389884300727, 0.759402447724
INFO:root:0.390215084925, 0.759419263264
INFO:root:0.390545831893, 0.759481387129
INFO:root:0.390744238461, 0.759402194247
INFO:root:0.39107505806, 0.759412454732
INFO:root:0.391273780279, 0.759285106186
INFO:root:0.391452854231, 0.759193351812
INFO:root:0.391431714765, 0.759131444077
INFO:root:0.391576421917, 0.759028523597
INFO:root:0.391294238325, 0.759019193238
INFO:root:0.39149256815, 0.758989779717
INFO:root:0.391294312923, 0.758982354395
INFO:root:0.391294108424, 0.759020773831
INFO:root:0.391095921848, 0.758999235787
INFO:root:0.391176389451, 0.759021465021
INFO:root:0.390978377497, 0.759070599164
INFO:root:0.390996337559, 0.759154882128
INFO:root:0.390849574132, 0.759192657316
INFO:root:0.39093277711, 0.759201536573
INFO:root:0.390889555687, 0.759113895475
INFO:root:0.390836436837, 0.759082487359
INFO:root:0.390799466412, 0.759040830204
INFO:root:0.390697970284, 0.75898096631
INFO:root:0.390548346821, 0.75901697196
INFO:root:0.39058722351, 0.759083624229
INFO:root:0.390422503816, 0.75912291943
INFO:root:0.390499968168, 0.75915474971
INFO:root:0.390643798067, 0.759130531523
INFO:root:0.390362866936, 0.759122112249
INFO:root:0.390445241532, 0.759128329116
INFO:root:0.390591314808, 0.759133629496
INFO:root:0.390458073659, 0.759103655177
INFO:root:0.390433083493, 0.759083987454
INFO:root:0.390400290532, 0.759048228121
INFO:root:0.390259646485, 0.759046898215
INFO:root:0.390332038547, 0.75904810983
INFO:root:0.390293695983, 0.759027512975
INFO:root:0.390100267819, 0.759016308743
INFO:root:0.390132716858, 0.759054205934
INFO:root:0.39009045705, 0.759048251927
INFO:root:0.389891991024, 0.759050511849
INFO:root:0.390090257048, 0.759062984491
INFO:root:0.390021330683, 0.759046369232
INFO:root:0.390005942754, 0.759051929249
INFO:root:0.390003422719, 0.759043142995
INFO:root:0.389986911595, 0.759045237582
INFO:root:0.389827870662, 0.759035940996
INFO:root:0.390026781944, 0.759051781784
INFO:root:0.389952582252, 0.758997840499
INFO:root:0.389809076022, 0.758985964591
INFO:root:0.38990589832, 0.759001290231
INFO:root:0.389913254766, 0.759004811163
INFO:root:0.38977300073, 0.758998219286
INFO:root:0.389885304692, 0.759007897131
INFO:root:0.390026946083, 0.759006750426
INFO:root:0.389908333556, 0.759011368638
INFO:root:0.38990909083, 0.759013921684
INFO:root:0.389909807363, 0.759014361524
INFO:root:0.389909930216, 0.759017170815
INFO:root:0.389905649988, 0.758984893407
INFO:root:0.389896747599, 0.758948737022
INFO:root:0.390039326449, 0.758961421165
INFO:root:0.389914422096, 0.758955445422
INFO:root:0.389913305688, 0.758952750545
INFO:root:0.389909635434, 0.758956954216
INFO:root:0.389910793302, 0.758968004209
INFO:root:0.389911665007, 0.758966767659
INFO:root:0.389910798099, 0.758967356636
INFO:root:0.389911812349, 0.758977433114
INFO:root:0.389914382933, 0.758983030549
INFO:root:0.389914774729, 0.758976560986
INFO:root:0.389916144649, 0.758972682808
INFO:root:0.389916293637, 0.758971473832
INFO:root:0.389916993883, 0.758966092992
INFO:root:0.389915122108, 0.758964408863
INFO:root:0.389916383502, 0.758967217839
INFO:root:0.389916643423, 0.758966046811
INFO:root:0.38991591793, 0.758968671239
INFO:root:0.389918851375, 0.758973353157
INFO:root:0.389918587808, 0.758975984169
INFO:root:0.389919105897, 0.758975536641
INFO:root:0.389919946539, 0.758978112994
INFO:root:0.389921786791, 0.758974822385
INFO:root:0.389925878786, 0.758975488644
INFO:root:0.389928723027, 0.758968205649
INFO:root:0.389927874969, 0.758976682395
INFO:root:0.389928119834, 0.758971568205
INFO:root:0.38978335548, 0.758953730466
INFO:root:0.389910961073, 0.758982189071
INFO:root:0.390055660966, 0.758995031874
INFO:root:0.389922358048, 0.75899167554
INFO:root:0.390059548471, 0.758995555152
INFO:root:0.389933251982, 0.758998543334
INFO:root:0.390069792318, 0.758996847219
INFO:root:0.389943562818, 0.758990470876
INFO:root:0.389802446542, 0.758972465748
INFO:root:0.389929954667, 0.758974533861
INFO:root:0.389923725504, 0.758969336422
INFO:root:0.389782089293, 0.758976546311
INFO:root:0.389891762717, 0.7589799001
INFO:root:0.390034847218, 0.758997660413
INFO:root:0.389916271232, 0.75897084261
INFO:root:0.3897721525, 0.758967013798
INFO:root:0.389888845625, 0.758986432919
INFO:root:0.390038130387, 0.758987443946
INFO:root:0.3899159538, 0.758978036039
INFO:root:0.389766414725, 0.758969272415
INFO:root:0.389891011005, 0.758971680731
INFO:root:0.389892377461, 0.758982989497
INFO:root:0.389891093594, 0.758978563668
INFO:root:0.389891254917, 0.758978805355
INFO:root:0.390031717186, 0.758995549168
INFO:root:0.389909101138, 0.758985151637
INFO:root:0.389905357558, 0.758992473017
INFO:root:0.390043877583, 0.759006190699
INFO:root:0.389913755421, 0.758993863585
INFO:root:0.389773593158, 0.758984819146
INFO:root:0.389895878238, 0.758988135964
INFO:root:0.389894176317, 0.758988470172
INFO:root:0.390042028493, 0.759005595568
INFO:root:0.389914694582, 0.758935034364
INFO:root:0.390050533905, 0.758941107848
INFO:root:0.389921515859, 0.758944841968
INFO:root:0.389782328853, 0.758941247201
INFO:root:0.389908674676, 0.758935034165
INFO:root:0.390052448319, 0.75895323674
INFO:root:0.38992529079, 0.758942031474
INFO:root:0.389786929291, 0.758950920942
INFO:root:0.389911050873, 0.758989200741
INFO:root:0.389916256209, 0.758998989848
INFO:root:0.390052811882, 0.759006626488
INFO:root:0.38993173271, 0.758999358926
INFO:root:0.389936574309, 0.758995303235
INFO:root:0.389940865891, 0.759004842914
INFO:root:0.38993901295, 0.759004190741
INFO:root:0.389937730197, 0.759007499467
INFO:root:0.389940306004, 0.759011762214
INFO:root:0.389939363591, 0.759009448481
INFO:root:0.389939147235, 0.759005871826
INFO:root:0.389939737089, 0.759007063435
INFO:root:0.389941726362, 0.759011857687
INFO:root:0.389942606008, 0.759014892134
INFO:root:0.389942622055, 0.759015090865
INFO:root:0.389941805453, 0.759013915105
INFO:root:0.38994209008, 0.759015240991
INFO:root:0.389941508301, 0.759011845762
INFO:root:0.389941007519, 0.759016123959
INFO:root:0.389941667582, 0.75901273752
INFO:root:0.389942484723, 0.759016577261
INFO:root:0.389943810203, 0.759020463207
INFO:root:0.389944657123, 0.759002915262
INFO:root:0.389944257744, 0.759003835274
INFO:root:0.389944016875, 0.759010623715
INFO:root:0.390080543116, 0.758999471913
INFO:root:0.389944454335, 0.758996134453
INFO:root:0.389940086841, 0.759002607488
INFO:root:0.389933375033, 0.759001886366
INFO:root:0.390070241222, 0.758998847782
INFO:root:0.389940189461, 0.758998599355
INFO:root:0.390080445613, 0.759006487484
INFO:root:0.38994954804, 0.758995016328
INFO:root:0.389808277989, 0.758980409626
INFO:root:0.38993853564, 0.75897881307
INFO:root:0.389801410444, 0.758978456218
INFO:root:0.389930272258, 0.758983246227
INFO:root:0.389789844923, 0.758980438771
INFO:root:0.389922979221, 0.758980354886
INFO:root:0.38978234182, 0.758978954021
INFO:root:0.389912771362, 0.758972857254
INFO:root:0.389770694917, 0.75897359282
INFO:root:0.389902670674, 0.758957965593
INFO:root:0.389767193089, 0.75896344215
INFO:root:0.389895565756, 0.758960932348
INFO:root:0.389894586461, 0.758960862398
INFO:root:0.389893300067, 0.758959603964
INFO:root:0.389903908002, 0.758972991062
INFO:root:0.390055515303, 0.758988551394
INFO:root:0.389927203174, 0.758983371957
INFO:root:0.390074044397, 0.758990798034
INFO:root:0.389937037657, 0.758982081795
INFO:root:0.389937463299, 0.758980903702
INFO:root:0.389936658971, 0.758975001309
INFO:root:0.38979205223, 0.758957312268
INFO:root:0.389921692752, 0.75896490585
INFO:root:0.390065373496, 0.758985071489
INFO:root:0.389933397374, 0.758978102087
INFO:root:0.390068133684, 0.758978072637
INFO:root:0.38993751846, 0.75897461786
INFO:root:0.390079300934, 0.758982424967
INFO:root:0.389949413864, 0.75897063702
INFO:root:0.389803592263, 0.758962215293
INFO:root:0.389938398074, 0.758957582121
INFO:root:0.389797922586, 0.758955045774
INFO:root:0.389929751027, 0.758957175555
INFO:root:0.38979221913, 0.758957506875
INFO:root:0.389920641881, 0.758957378698
INFO:root:0.389781786714, 0.758957091009
INFO:root:0.38992005588, 0.758951526071
INFO:root:0.389782334287, 0.758946437646
INFO:root:0.38991688863, 0.758962889133
INFO:root:0.390053516513, 0.758970784282
INFO:root:0.389919048811, 0.758970881406
INFO:root:0.390059525755, 0.758987394982
INFO:root:0.389934868805, 0.758981085896
INFO:root:0.389933020732, 0.758978968093
INFO:root:0.389935474282, 0.758984535129
INFO:root:0.389930746327, 0.758976200693
INFO:root:0.389929199069, 0.75898209532
INFO:root:0.389930431124, 0.758977908222
INFO:root:0.39006948531, 0.75896688166
INFO:root:0.389933507373, 0.758949581262
INFO:root:0.390073356137, 0.758948244548
INFO:root:0.389943791462, 0.75894120963
INFO:root:0.389947682531, 0.758943233504
INFO:root:0.389946817884, 0.758946032224
INFO:root:0.389948881883, 0.75894541105
INFO:root:0.389948007322, 0.758937628987
INFO:root:0.389949664348, 0.758946442107
INFO:root:0.389949067435, 0.758941939476
INFO:root:0.38980333954, 0.758925710937
INFO:root:0.389939757319, 0.758917428794
INFO:root:0.389800705406, 0.758932967526
INFO:root:0.389936604211, 0.75892058885
INFO:root:0.389795759206, 0.758928424777
INFO:root:0.389925200543, 0.758926080538
INFO:root:0.389788755403, 0.758936427302
INFO:root:0.389921509342, 0.758930796889
INFO:root:0.389782687025, 0.758947476522
INFO:root:0.38997960917, 0.759092989744
INFO:root:0.389914370558, 0.758956604016
INFO:root:0.389754941289, 0.758942420162
INFO:root:0.39002952443, 0.758959116695
INFO:root:0.389833708322, 0.758836550942
INFO:root:0.389899243622, 0.758974719386
INFO:root:0.389903431647, 0.758965463155
INFO:root:0.389903504689, 0.758975019716
INFO:root:0.389904803779, 0.758979438599
INFO:root:0.389905866067, 0.758975567231
INFO:root:0.389910256801, 0.758984713563
INFO:root:0.389906262717, 0.758983546886
INFO:root:0.38990799567, 0.758979125713
INFO:root:0.389904274679, 0.758986255035
INFO:root:0.389906940111, 0.758977855238
INFO:root:0.389904629253, 0.758988292124
INFO:root:0.389907702154, 0.758976286484
INFO:root:0.389759741936, 0.758963158971
INFO:root:0.390032980358, 0.758957937136
INFO:root:0.38990575157, 0.758937467489
INFO:root:0.389907397755, 0.758937479881
INFO:root:0.389905192763, 0.758948621159
INFO:root:0.389904980347, 0.758942129946
INFO:root:0.389907417649, 0.758938466943
INFO:root:0.389760955801, 0.758926883833
INFO:root:0.389894191871, 0.758935035089
INFO:root:0.389758823221, 0.758933082795
INFO:root:0.389894824637, 0.75892908462
INFO:root:0.389750765145, 0.758937387328
INFO:root:0.38988130133, 0.758933117557
INFO:root:0.389878207826, 0.758932884441
INFO:root:0.390022709581, 0.758939349614
INFO:root:0.389824631108, 0.758789957096
INFO:root:0.389883881971, 0.758933708324
INFO:root:0.389879378586, 0.758926024754
INFO:root:0.389878909265, 0.758924907304
INFO:root:0.389879241868, 0.758926866406
INFO:root:0.389874537568, 0.75893325811
INFO:root:0.389871292041, 0.7589272465
INFO:root:0.389869256953, 0.758919902849
INFO:root:0.389871856983, 0.758917868347
INFO:root:0.38987320023, 0.758915730885
INFO:root:0.389873135578, 0.758911818561
INFO:root:0.389875257763, 0.758912688962
INFO:root:0.389876963789, 0.758905797552
INFO:root:0.389874034636, 0.758901733345
INFO:root:0.389875649954, 0.758900503569
INFO:root:0.389874496806, 0.758905000063
INFO:root:0.389874834505, 0.758902106277
INFO:root:0.38987286852, 0.758943661799
INFO:root:0.389871163179, 0.758935596775
INFO:root:0.389871166063, 0.758961605241
INFO:root:0.3898742383, 0.758983377623
INFO:root:0.389866700697, 0.758969741931
INFO:root:0.38986593654, 0.758974072089
INFO:root:0.38986394164, 0.758971660159
INFO:root:0.389852753583, 0.758960376463
INFO:root:0.38984945557, 0.758963580186
INFO:root:0.389710798333, 0.758951374966
INFO:root:0.389835616111, 0.758958981161
INFO:root:0.389659783157, 0.758951591971
INFO:root:0.389753216499, 0.758959894519
INFO:root:0.389699261217, 0.758922814062
INFO:root:0.389711596797, 0.758951946044
INFO:root:0.389382003524, 0.758930124916
INFO:root:0.388791155132, 0.758830478626
INFO:root:0.388888787657, 0.758921196349
INFO:root:0.388691730841, 0.758905769898
INFO:root:0.388774900004, 0.758997658561
INFO:root:0.388710059353, 0.758995387788
INFO:root:0.388252101317, 0.758956091617
INFO:root:0.387925018273, 0.759104104954
INFO:root:0.387826969825, 0.758951027619
INFO:root:0.387545552924, 0.758912768947
INFO:root:0.386958887819, 0.758892357457
INFO:root:0.386633028584, 0.758889350071
INFO:root:0.386463563211, 0.758968794064
INFO:root:0.385876930182, 0.759058774598
INFO:root:0.385563747885, 0.758970831246
INFO:root:0.385285971622, 0.758955823976
INFO:root:0.384699393931, 0.758877216417
INFO:root:0.38450377351, 0.758940417301
INFO:root:0.383787532141, 0.758988984071
INFO:root:0.383461947839, 0.758962224906
INFO:root:0.383005615987, 0.758934331542
INFO:root:0.382548882295, 0.75878670045
INFO:root:0.382222173951, 0.758890122348
INFO:root:0.381634849948, 0.758742467379
INFO:root:0.381309122258, 0.758835987117
INFO:root:0.380591776718, 0.758811244209
INFO:root:0.380265475415, 0.758693318438
INFO:root:0.379808370546, 0.758706620668
INFO:root:0.379482033776, 0.758854296297
INFO:root:0.379025215968, 0.758868803086
INFO:root:0.378438919895, 0.758682793269
INFO:root:0.37811321321, 0.758715560711
INFO:root:0.377658112133, 0.758722924628
INFO:root:0.377203322325, 0.758575921862
INFO:root:0.376878616745, 0.758791468995
INFO:root:0.376423117143, 0.7586442368
INFO:root:0.376097470325, 0.758616509474
INFO:root:0.375511181402, 0.758737277347
INFO:root:0.375185833496, 0.758653852337
INFO:root:0.374891560793, 0.758672621723
INFO:root:0.374305670001, 0.758610953014
INFO:root:0.374032018299, 0.758594251361
INFO:root:0.37357658074, 0.758548491466
INFO:root:0.373121689408, 0.758401455884
INFO:root:0.372797159144, 0.758538778862
INFO:root:0.372343235126, 0.758497211155
INFO:root:0.371889014994, 0.758350392527
INFO:root:0.371694323054, 0.758407680897
INFO:root:0.371239333646, 0.75855474818
INFO:root:0.370784543109, 0.758483772205
INFO:root:0.370329990797, 0.758489467384
INFO:root:0.370004256833, 0.75848846623
INFO:root:0.369678830791, 0.758523195021
INFO:root:0.369222684488, 0.758226771135
INFO:root:0.368766986701, 0.758506855814
INFO:root:0.368441789918, 0.758366282061
INFO:root:0.367986651942, 0.758290191928
INFO:root:0.367661191137, 0.758269982519
INFO:root:0.367336033744, 0.758216700318
INFO:root:0.367010154418, 0.758286508225
INFO:root:0.366554066749, 0.758241967945
INFO:root:0.366228033644, 0.758148982416
INFO:root:0.365771032135, 0.758305163346
INFO:root:0.365444766027, 0.758210043641
INFO:root:0.365118303276, 0.758153654972
INFO:root:0.364661399568, 0.758305334159
INFO:root:0.364335098926, 0.758319957148
INFO:root:0.36374795689, 0.758391595814
INFO:root:0.363434928292, 0.758362824931
INFO:root:0.363109157995, 0.758363911493
INFO:root:0.362653199607, 0.758257310925
INFO:root:0.362457847835, 0.758353014783
INFO:root:0.362002400452, 0.758075181593
INFO:root:0.361546597367, 0.757927851303
INFO:root:0.361221043695, 0.758066161222
INFO:root:0.360895395374, 0.75808847705
INFO:root:0.360569649411, 0.758043513345
INFO:root:0.360244249611, 0.758006508745
INFO:root:0.359918837264, 0.757859251441
INFO:root:0.359593618719, 0.758066007419
INFO:root:0.359268415761, 0.758006246893
INFO:root:0.359090391483, 0.758021461616
INFO:root:0.35889529608, 0.758003958131
INFO:root:0.358766121164, 0.757949946345
INFO:root:0.35817987329, 0.757802561919
INFO:root:0.358208204615, 0.757978617241
INFO:root:0.357882898874, 0.757831408178
INFO:root:0.357558044731, 0.757867246845
INFO:root:0.357363598799, 0.757924592134
INFO:root:0.357345326912, 0.75791660018
INFO:root:0.357249160935, 0.757912794404
INFO:root:0.357120589848, 0.757834827804
INFO:root:0.356666943451, 0.757754397245
INFO:root:0.35634308948, 0.757904683717
INFO:root:0.356177067908, 0.757930501975
INFO:root:0.356219794911, 0.757944424095
INFO:root:0.356178118333, 0.75792411242
INFO:root:0.356085232504, 0.75786524849
INFO:root:0.355765579423, 0.757868533094
INFO:root:0.355669745363, 0.757841412865
INFO:root:0.355656893349, 0.757827913141
INFO:root:0.355478822898, 0.757822808543
INFO:root:0.355557516246, 0.75782666952
INFO:root:0.35569778673, 0.757820729286
INFO:root:0.355594217452, 0.757815354479
INFO:root:0.355450758871, 0.757816258998
INFO:root:0.355564162272, 0.75781259312
INFO:root:0.355565021217, 0.757823219831
INFO:root:0.355714896069, 0.757836164864
INFO:root:0.355520416435, 0.757735040494
INFO:root:0.355569552659, 0.757842835779
INFO:root:0.35571240096, 0.757848705488
INFO:root:0.355588297894, 0.757844845632
INFO:root:0.355439452112, 0.757842237464
INFO:root:0.355555536979, 0.757846129832
INFO:root:0.355698362928, 0.757863515986
INFO:root:0.355567622341, 0.757854288834
INFO:root:0.355422631641, 0.757842223145
INFO:root:0.355533748504, 0.757859778974
INFO:root:0.35567899207, 0.757883312456
INFO:root:0.355568273666, 0.757869781203
INFO:root:0.355703985514, 0.757869750082
INFO:root:0.355594398201, 0.757857188794
INFO:root:0.355448724731, 0.757849444036
INFO:root:0.355572978198, 0.757857640298
INFO:root:0.355431124959, 0.757862182323
INFO:root:0.355625790629, 0.757959963579
INFO:root:0.355560567572, 0.757864991895
INFO:root:0.355562603294, 0.757860118215
INFO:root:0.355564888865, 0.75785524332
INFO:root:0.355566377233, 0.757850598201
INFO:root:0.355563332381, 0.757845409138
INFO:root:0.355567205659, 0.757845901395
INFO:root:0.355565507335, 0.757846081948
INFO:root:0.355562833497, 0.757844566136
INFO:root:0.355566678519, 0.757846292231
INFO:root:0.355565050608, 0.75785216482
INFO:root:0.355562797879, 0.757848773269
INFO:root:0.355562943043, 0.757843958532
INFO:root:0.355565045301, 0.75785082489
INFO:root:0.355425876463, 0.757832848839
INFO:root:0.35555371144, 0.757839690344
INFO:root:0.355550633952, 0.757844536558
INFO:root:0.355548863743, 0.757840801527
INFO:root:0.355547470173, 0.757847801802
INFO:root:0.355545799336, 0.757843277138
INFO:root:0.35554660943, 0.757846270873
INFO:root:0.355546114253, 0.757844132853
INFO:root:0.355543685456, 0.757839786917
INFO:root:0.355545217025, 0.757840468915
INFO:root:0.355544597501, 0.757845458725
INFO:root:0.355691711074, 0.757842403013
INFO:root:0.355563367062, 0.757817738617
INFO:root:0.355562928413, 0.757806194826
INFO:root:0.355564239791, 0.757783676152
INFO:root:0.355424261678, 0.757783141379
INFO:root:0.355556269534, 0.757800094612
INFO:root:0.355553608056, 0.757794016615
INFO:root:0.355552334589, 0.757798065245
INFO:root:0.355557455787, 0.757799626418
INFO:root:0.355556115304, 0.757793588837
INFO:root:0.355555278873, 0.757796233639
INFO:root:0.355553433639, 0.757793792083
INFO:root:0.355551833981, 0.757786841257
INFO:root:0.355695657997, 0.757798965899
INFO:root:0.35556816475, 0.757787248236
INFO:root:0.355703877094, 0.757780291059
INFO:root:0.355578153599, 0.757778368989
INFO:root:0.355580415817, 0.757781995073
INFO:root:0.355582447458, 0.757777739664
INFO:root:0.355580253159, 0.757780349379
INFO:root:0.35558084892, 0.757770518118
INFO:root:0.355582009178, 0.757767350852
INFO:root:0.355447369269, 0.757765182642
INFO:root:0.355716175377, 0.757788323839
INFO:root:0.355522333601, 0.757666872641
INFO:root:0.35560502362, 0.757840267373
INFO:root:0.35574002722, 0.757824614529
INFO:root:0.355467142702, 0.757801980258
INFO:root:0.355586009275, 0.757804563918
INFO:root:0.355584135075, 0.75779973195
INFO:root:0.355720741003, 0.757802448224
INFO:root:0.355455376248, 0.757795831019
INFO:root:0.355649536382, 0.757942268291
INFO:root:0.355583031632, 0.757779689392
INFO:root:0.355589031835, 0.757777430497
INFO:root:0.355590693917, 0.757779755761
INFO:root:0.355596326879, 0.757780476219
INFO:root:0.355598215131, 0.757774293657
INFO:root:0.355458606517, 0.757769822312
INFO:root:0.3555815909, 0.757780671536
INFO:root:0.355581548748, 0.757782501915
INFO:root:0.355578572693, 0.757779327428
INFO:root:0.355578743283, 0.757775645898
INFO:root:0.355583365032, 0.75777968961
INFO:root:0.355583028496, 0.757775371866
INFO:root:0.355583773214, 0.757770892869
INFO:root:0.355583473155, 0.757768037281
INFO:root:0.35558373354, 0.757767397528
INFO:root:0.355584428367, 0.75776764302
INFO:root:0.355583039066, 0.757763653092
INFO:root:0.355580313853, 0.757764163656
INFO:root:0.355580089437, 0.757767000977
INFO:root:0.355578079002, 0.757764880113
INFO:root:0.355579955074, 0.75776864619
INFO:root:0.355576044008, 0.757762125877
INFO:root:0.355581771048, 0.757760659063
INFO:root:0.355576650543, 0.757749245643
INFO:root:0.35557987109, 0.757753963606
INFO:root:0.355577778696, 0.757749347249
INFO:root:0.35558093595, 0.757751089174
INFO:root:0.355580806265, 0.757751544972
INFO:root:0.355578097299, 0.757747795176
INFO:root:0.355579813, 0.757740766922
INFO:root:0.355581446751, 0.757739980569
INFO:root:0.35557689418, 0.757735538158
INFO:root:0.355580243364, 0.757740607254
INFO:root:0.355578096132, 0.75773586054
INFO:root:0.355580927495, 0.757751406343
INFO:root:0.355579904488, 0.757750440581
INFO:root:0.355580242401, 0.757752141896
INFO:root:0.355578914319, 0.757751756873
INFO:root:0.35557866568, 0.757751121562
INFO:root:0.355596456398, 0.757759493082
INFO:root:0.35559792294, 0.757760926688
INFO:root:0.355611971889, 0.75776253785
INFO:root:0.355621349256, 0.757766231662
INFO:root:0.355619360562, 0.757768492965
INFO:root:0.355643882488, 0.75777818721
INFO:root:0.355654691064, 0.757776930187
INFO:root:0.355660693414, 0.757772208935
INFO:root:0.355678677241, 0.757788056188
INFO:root:0.355703401732, 0.757784950994
INFO:root:0.355706615029, 0.757778222014
INFO:root:0.355880753181, 0.757778939952
INFO:root:0.355803018757, 0.757767737582
INFO:root:0.355798217591, 0.757760658257
INFO:root:0.35580337455, 0.757757566705
INFO:root:0.355949154519, 0.757753794878
INFO:root:0.355969053843, 0.757789324025
INFO:root:0.355991998031, 0.757792639226
INFO:root:0.356007509483, 0.757796343732
INFO:root:0.356011095528, 0.757797922024
INFO:root:0.356193892512, 0.75781543432
INFO:root:0.356065695864, 0.757794474538
INFO:root:0.356204446794, 0.757782624017
INFO:root:0.356111009206, 0.757759911403
INFO:root:0.356152468618, 0.757763525357
INFO:root:0.356197402479, 0.75779098922
INFO:root:0.356343167998, 0.757794654588
INFO:root:0.356195216944, 0.757805647762
INFO:root:0.356649085842, 0.757884604733
INFO:root:0.356798155583, 0.757849794463
INFO:root:0.356737579946, 0.757845067008
INFO:root:0.356910790194, 0.757804861419
INFO:root:0.356715698291, 0.757807102016
INFO:root:0.357040676285, 0.757874045694
INFO:root:0.357012326839, 0.757796852637
INFO:root:0.35720032318, 0.757782306826
INFO:root:0.357005143074, 0.757752344179
INFO:root:0.357331176068, 0.75777444304
INFO:root:0.357522743585, 0.757773081283
INFO:root:0.357613362274, 0.757802587202
INFO:root:0.357734755467, 0.757877817369
INFO:root:0.35792987483, 0.75785118567
INFO:root:0.358082203462, 0.757849953697
INFO:root:0.358010833111, 0.757849843791
INFO:root:0.35813255273, 0.757842207052
INFO:root:0.358248674575, 0.757853669869
INFO:root:0.358703481022, 0.757905994868
INFO:root:0.358788201328, 0.7579269086
INFO:root:0.359056120132, 0.757942152711
INFO:root:0.359240198562, 0.757847234179
INFO:root:0.359052906659, 0.757857129657
INFO:root:0.359508186222, 0.757840211351
INFO:root:0.359795368504, 0.757851352875
INFO:root:0.35988544113, 0.757864809449
INFO:root:0.359990703569, 0.757876058567
INFO:root:0.360095425953, 0.757888132713
INFO:root:0.360420431726, 0.757940444332
INFO:root:0.360615035481, 0.757925250015
INFO:root:0.360928652109, 0.757966581534
INFO:root:0.360794558441, 0.757963019593
INFO:root:0.361118223133, 0.757937001153
INFO:root:0.361205315343, 0.757974166902
INFO:root:0.36152892665, 0.757948241182
INFO:root:0.361631810169, 0.757951203181
INFO:root:0.361894678181, 0.757951148798
INFO:root:0.362018249582, 0.757969552333
INFO:root:0.362341735456, 0.757979204536
INFO:root:0.362529685616, 0.75794414183
INFO:root:0.362723220216, 0.757941691253
INFO:root:0.362810887307, 0.757951094773
INFO:root:0.363261881502, 0.758096870675
INFO:root:0.363455100862, 0.757992886773
INFO:root:0.363643814868, 0.757967173523
INFO:root:0.363966067695, 0.757950631519
INFO:root:0.364027112519, 0.757988854137
INFO:root:0.364349591555, 0.758106671358
INFO:root:0.364542612708, 0.75801452252
INFO:root:0.364863910495, 0.757995393339
INFO:root:0.365185079379, 0.758070050751
INFO:root:0.365355376249, 0.758023269882
INFO:root:0.365548119601, 0.75801341443
INFO:root:0.365869838728, 0.758067027346
INFO:root:0.366191728686, 0.758067825061
INFO:root:0.366446800988, 0.75813437893
INFO:root:0.366768347816, 0.75810710379
INFO:root:0.367090021989, 0.758257966909
INFO:root:0.367283198565, 0.758180612906
INFO:root:0.367476394705, 0.758167928243
INFO:root:0.367798402596, 0.758202371787
INFO:root:0.36807443442, 0.75821534816
INFO:root:0.368267726214, 0.758200575352
INFO:root:0.36858922279, 0.758221299981
INFO:root:0.368910517224, 0.758236532791
INFO:root:0.369081232965, 0.758232355331
INFO:root:0.369158702677, 0.758251780174
INFO:root:0.369607879257, 0.758301568153
INFO:root:0.369800507234, 0.758243398344
INFO:root:0.369857220695, 0.75835212011
INFO:root:0.370305558172, 0.758309694302
INFO:root:0.37060075619, 0.75830573779
INFO:root:0.370674392878, 0.758329284346
INFO:root:0.370757912597, 0.758355141422
INFO:root:0.371335500911, 0.75850034881
INFO:root:0.371528011514, 0.75835054675
INFO:root:0.37172023369, 0.758297121249
INFO:root:0.371833277484, 0.758315320058
INFO:root:0.372281956989, 0.758460347776
INFO:root:0.372474155754, 0.758420879501
INFO:root:0.372744112794, 0.758450762173
INFO:root:0.373064229261, 0.758509421813
INFO:root:0.373384526167, 0.758493072012
INFO:root:0.373565719465, 0.75836918869
INFO:root:0.373757904255, 0.758396178704
INFO:root:0.374206594824, 0.758488672875
INFO:root:0.374526858107, 0.758493116542
INFO:root:0.37471889841, 0.75849124027
INFO:root:0.375038813269, 0.758410198414
INFO:root:0.375224587965, 0.758379752408
INFO:root:0.375494406608, 0.758367986372
INFO:root:0.375813295402, 0.758572016872
INFO:root:0.376131928419, 0.758533479069
INFO:root:0.376316545812, 0.758433905954
INFO:root:0.376635447288, 0.758468972311
INFO:root:0.376954525289, 0.758495258425
INFO:root:0.377078423423, 0.758546714216
INFO:root:0.377524671121, 0.758528334094
INFO:root:0.377716053135, 0.758566454071
INFO:root:0.378035162921, 0.758631876765
INFO:root:0.378226452922, 0.758576066042
INFO:root:0.378672724794, 0.758589624703
INFO:root:0.378984188332, 0.758679947864
INFO:root:0.379164959745, 0.758538633839
INFO:root:0.379484296644, 0.758552701865
INFO:root:0.37977952676, 0.75858968827
INFO:root:0.379864611778, 0.758640058449
INFO:root:0.380311816756, 0.758784609553
INFO:root:0.380503244992, 0.758655293329
INFO:root:0.380822251256, 0.758703774811
INFO:root:0.38101360464, 0.758619570524
INFO:root:0.381332643368, 0.75870146723
INFO:root:0.381651572946, 0.758704088501
INFO:root:0.381843135688, 0.758635000057
INFO:root:0.382034571927, 0.758634637548
INFO:root:0.38235380153, 0.758668987441
INFO:root:0.382545260342, 0.758666298107
INFO:root:0.38273676516, 0.75859045891
INFO:root:0.383055938161, 0.758620461828
INFO:root:0.383374526984, 0.758631545877
INFO:root:0.383420162725, 0.758638555728
INFO:root:0.383521072787, 0.758640570694
INFO:root:0.38382155101, 0.758656180279
INFO:root:0.38388132471, 0.758688976155
INFO:root:0.384001205773, 0.758738678796
INFO:root:0.384109626549, 0.758852043447
INFO:root:0.384301816224, 0.758817918543
INFO:root:0.384443757533, 0.758767106913
INFO:root:0.384577461397, 0.758689530521
INFO:root:0.384543225488, 0.758618136098
INFO:root:0.384681909624, 0.758627690401
INFO:root:0.384617486764, 0.758587510805
INFO:root:0.384474367113, 0.758609378951
INFO:root:0.384570250909, 0.758618503357
INFO:root:0.384442171309, 0.758623423018
INFO:root:0.384546623619, 0.758651238713
INFO:root:0.384706983661, 0.758654936216
INFO:root:0.384598068538, 0.758650150885
INFO:root:0.384600536905, 0.758656618435
INFO:root:0.384602600561, 0.758657243922
INFO:root:0.384603627582, 0.758656533826
INFO:root:0.384735378682, 0.758658651557
INFO:root:0.384614101181, 0.758652800029
INFO:root:0.384617424344, 0.758655184074
INFO:root:0.384477567251, 0.758638214131
INFO:root:0.384598557981, 0.758664238137
INFO:root:0.384738480632, 0.758661981187
INFO:root:0.384632211273, 0.758643664583
INFO:root:0.384500286536, 0.758644290329
INFO:root:0.384599179693, 0.758665524073
INFO:root:0.384736542325, 0.758672341127
INFO:root:0.384611898297, 0.758673584927
INFO:root:0.38446269434, 0.758661303123
INFO:root:0.384554280566, 0.758676970794
INFO:root:0.384689927597, 0.758651154343
INFO:root:0.384499360233, 0.758605378569
INFO:root:0.384555605234, 0.758677696009
INFO:root:0.384561861258, 0.758680927676
INFO:root:0.384694723681, 0.758686788791
INFO:root:0.384576985371, 0.758681478756
INFO:root:0.38457200416, 0.75869033831
INFO:root:0.384576371957, 0.758687156221
INFO:root:0.384579858778, 0.758688439967
INFO:root:0.384582223302, 0.758694784618
INFO:root:0.384584920757, 0.7586924522
INFO:root:0.384572327681, 0.758655333038
INFO:root:0.384425879169, 0.758648272113
INFO:root:0.38454478597, 0.758655839652
INFO:root:0.384679746886, 0.758661738613
INFO:root:0.384560710259, 0.758667081805
INFO:root:0.38471030076, 0.758657780157
INFO:root:0.384583478309, 0.758644964799
INFO:root:0.38457773219, 0.758642804797
INFO:root:0.384707253637, 0.758628213924
INFO:root:0.384390112189, 0.758503027251
INFO:root:0.38470785974, 0.758613873752
INFO:root:0.384517026199, 0.75851207734
INFO:root:0.384575920069, 0.758618594579
INFO:root:0.384434822025, 0.7586133046
INFO:root:0.384695744082, 0.758617009313
INFO:root:0.384504521315, 0.758538949587
INFO:root:0.384567534099, 0.758626480232
INFO:root:0.384564672633, 0.758625421216
INFO:root:0.384564781082, 0.758622920779
INFO:root:0.384569300274, 0.758628777024
INFO:root:0.384566035677, 0.758627824872
INFO:root:0.384566013012, 0.758623858394
INFO:root:0.384569814207, 0.758629367544
INFO:root:0.384570603812, 0.758634469321
INFO:root:0.384569284729, 0.758635815573
INFO:root:0.384570581195, 0.75863027522
INFO:root:0.384573446284, 0.758636386892
INFO:root:0.384572789684, 0.758636909187
INFO:root:0.38457413702, 0.758636820689
INFO:root:0.384573731834, 0.758638519877
INFO:root:0.384575176387, 0.758639734473
INFO:root:0.384576748702, 0.758637756244
INFO:root:0.384576832784, 0.758637085357
INFO:root:0.384576486529, 0.758638590289
INFO:root:0.384578280683, 0.758639547669
INFO:root:0.384578689192, 0.758641000089
INFO:root:0.384577596259, 0.75864204725
INFO:root:0.384580378186, 0.758643211922
INFO:root:0.384576566959, 0.758633467689
INFO:root:0.38457619766, 0.758645011291
INFO:root:0.384580472345, 0.758644910465
INFO:root:0.384579812909, 0.758642477313
INFO:root:0.384578645704, 0.758643669066
INFO:root:0.384581022571, 0.75864555218
INFO:root:0.384581164751, 0.758643657372
INFO:root:0.384580865714, 0.758644829624
INFO:root:0.384581345121, 0.758645380169
INFO:root:0.384582357949, 0.758647248465
INFO:root:0.384583845689, 0.758646613058
INFO:root:0.384582979336, 0.758647694253
INFO:root:0.384585077853, 0.758650852813
INFO:root:0.384583528282, 0.758645589661
INFO:root:0.384584527001, 0.758649774689
INFO:root:0.384584142913, 0.758648387941
INFO:root:0.384584986146, 0.758651596537
INFO:root:0.38458644978, 0.758651048915
INFO:root:0.384587314101, 0.758652870504
INFO:root:0.38458800462, 0.758651621376
INFO:root:0.384589076582, 0.75865256101
INFO:root:0.384587973619, 0.758651148858
