INFO:root:0.485647249228, 0.278257973154
INFO:root:0.48520849746, 0.278259537842
INFO:root:0.485522033176, 0.278084061063
INFO:root:0.485203736111, 0.278232780072
INFO:root:0.485519521494, 0.278409515924
INFO:root:0.485444382576, 0.278258457804
INFO:root:0.485442983664, 0.278243209538
INFO:root:0.485438542199, 0.278243022241
INFO:root:0.485434392012, 0.278233709746
INFO:root:0.485431070164, 0.278230921284
INFO:root:0.48543803176, 0.278230304799
INFO:root:0.485438691258, 0.278229782171
INFO:root:0.48544167389, 0.278233930002
INFO:root:0.485436586291, 0.278240984116
INFO:root:0.485444211876, 0.278257103776
INFO:root:0.485443835638, 0.278254750233
INFO:root:0.485446379542, 0.278251341128
INFO:root:0.485450141632, 0.278250245612
INFO:root:0.485446873258, 0.278221445613
INFO:root:0.485411203207, 0.278163573318
INFO:root:0.485140475822, 0.278158215055
INFO:root:0.485249360681, 0.278173992841
INFO:root:0.485113384839, 0.278158885791
INFO:root:0.484798470387, 0.278057022448
INFO:root:0.484631709979, 0.277949949908
INFO:root:0.484312554721, 0.278183481558
INFO:root:0.48460985984, 0.278134321844
INFO:root:0.484076865122, 0.277955340902
INFO:root:0.48426115322, 0.278117677349
INFO:root:0.484279210953, 0.278112445062
INFO:root:0.48427061782, 0.278121510566
INFO:root:0.48427698575, 0.278140371028
INFO:root:0.484286730809, 0.278127062624
INFO:root:0.484280464304, 0.278133297659
INFO:root:0.484293640574, 0.278138061367
INFO:root:0.484295454065, 0.278126029383
INFO:root:0.484286718629, 0.27812537609
INFO:root:0.48427833968, 0.2781294691
INFO:root:0.484507407674, 0.278124238896
INFO:root:0.484185731836, 0.277944206329
INFO:root:0.484274929571, 0.278098926661
INFO:root:0.484266633577, 0.278114367229
INFO:root:0.484276396327, 0.27810969016
INFO:root:0.484267545472, 0.27810984087
INFO:root:0.484276604278, 0.278111730627
INFO:root:0.484508557534, 0.278120287328
INFO:root:0.484303597139, 0.278122232144
INFO:root:0.484311488062, 0.278133708739
INFO:root:0.484315009349, 0.278139683862
INFO:root:0.48431337196, 0.278140823399
INFO:root:0.484312665804, 0.27815128496
INFO:root:0.484258235686, 0.278135455532
INFO:root:0.484235013712, 0.278133426364
INFO:root:0.484172449434, 0.278132950057
INFO:root:0.484030725156, 0.278127226155
INFO:root:0.483709075191, 0.278067942709
INFO:root:0.48378289956, 0.278103255079
INFO:root:0.483460179817, 0.278083182611
INFO:root:0.483643469663, 0.278093506005
INFO:root:0.483405458773, 0.27815839861
INFO:root:0.483725289665, 0.278208559502
INFO:root:0.48361723347, 0.278129451092
INFO:root:0.483376125258, 0.278144366138
INFO:root:0.483694378757, 0.278215501712
INFO:root:0.483577714187, 0.278110639775
INFO:root:0.48331629623, 0.278119959476
INFO:root:0.483635092005, 0.278192904511
INFO:root:0.483571146382, 0.278126445127
INFO:root:0.483564032267, 0.278132780619
INFO:root:0.483550709966, 0.278119510464
INFO:root:0.483544653905, 0.278124582662
INFO:root:0.483544599458, 0.278120324522
INFO:root:0.483554224905, 0.278132867355
INFO:root:0.483558400742, 0.278145555575
INFO:root:0.483559155148, 0.278139617929
INFO:root:0.483567018128, 0.278142273942
INFO:root:0.483549009258, 0.278136672321
INFO:root:0.48356019183, 0.278145124816
INFO:root:0.483547190948, 0.2781534534
INFO:root:0.483554144053, 0.278139286392
INFO:root:0.483532009926, 0.278151470281
INFO:root:0.48375808048, 0.278141430598
INFO:root:0.483315099766, 0.278150071677
INFO:root:0.483633690623, 0.278286971739
INFO:root:0.483545413834, 0.278139561579
INFO:root:0.483531709088, 0.278149799622
INFO:root:0.483543378845, 0.278147432947
INFO:root:0.48354535783, 0.27815511384
INFO:root:0.483532528059, 0.278129741132
INFO:root:0.483527818928, 0.27812858399
INFO:root:0.483754322794, 0.278113906778
INFO:root:0.483434403392, 0.277934857236
INFO:root:0.48351337901, 0.27810154001
INFO:root:0.483280764848, 0.278116551943
INFO:root:0.483729435565, 0.278116749141
INFO:root:0.483409840802, 0.27793788129
INFO:root:0.483480395594, 0.277986603288
INFO:root:0.483483820311, 0.278105155607
INFO:root:0.483737101221, 0.277982752732
INFO:root:0.483193325742, 0.278075288339
INFO:root:0.483735260837, 0.277979954758
INFO:root:0.483192977874, 0.278164786453
INFO:root:0.483730246512, 0.278240179746
INFO:root:0.48352571882, 0.278134825285
INFO:root:0.483287586325, 0.278134031501
INFO:root:0.483720608895, 0.278157949031
INFO:root:0.48340139423, 0.278012009813
INFO:root:0.483486170528, 0.278138853773
INFO:root:0.483489317493, 0.278131464441
INFO:root:0.48349966455, 0.278141035318
INFO:root:0.483503304405, 0.27811175967
INFO:root:0.483500821739, 0.278095683086
INFO:root:0.483491927583, 0.278070489722
INFO:root:0.483497382587, 0.278078750134
INFO:root:0.483487597722, 0.278090029227
INFO:root:0.483246145475, 0.278145631429
INFO:root:0.483684664193, 0.27821341382
INFO:root:0.483506707348, 0.278180053855
INFO:root:0.483498090461, 0.278174991462
INFO:root:0.48373601967, 0.278109098046
INFO:root:0.483415050661, 0.278018750172
INFO:root:0.483517826416, 0.278128116528
INFO:root:0.483275445728, 0.278216449497
INFO:root:0.483593719976, 0.278294567939
INFO:root:0.483479933569, 0.278200608547
INFO:root:0.483502910012, 0.278227593482
INFO:root:0.4837437278, 0.278208619171
INFO:root:0.483552478269, 0.278145850035
INFO:root:0.483294771232, 0.278135558312
INFO:root:0.483725187945, 0.278194856004
INFO:root:0.483408349368, 0.278105650233
INFO:root:0.483499778489, 0.278206825089
INFO:root:0.483522548052, 0.278222925882
INFO:root:0.483517805329, 0.278219391384
INFO:root:0.483517444839, 0.278218801165
INFO:root:0.483524225102, 0.278216778979
INFO:root:0.483533668293, 0.278231916006
INFO:root:0.483514159692, 0.278221104202
INFO:root:0.483520076969, 0.278227300809
INFO:root:0.483515989479, 0.278226019345
INFO:root:0.48373961265, 0.27822094908
INFO:root:0.483423687629, 0.278044135077
INFO:root:0.483493794268, 0.278205377104
INFO:root:0.483518073773, 0.278202325426
INFO:root:0.483518340963, 0.278196118714
INFO:root:0.483523356922, 0.278192041773
INFO:root:0.48352270264, 0.278197966535
INFO:root:0.48352121734, 0.278189571608
INFO:root:0.483521548459, 0.27819440495
INFO:root:0.483531096426, 0.278194673294
INFO:root:0.483529293604, 0.27819680064
INFO:root:0.483531859784, 0.278190646717
INFO:root:0.483528033829, 0.278180687963
INFO:root:0.483518145349, 0.278176420701
INFO:root:0.483524313571, 0.27817344248
INFO:root:0.483520520609, 0.278173320198
INFO:root:0.483520343324, 0.27816882514
INFO:root:0.483523811822, 0.278182609546
INFO:root:0.483517962351, 0.278173941752
INFO:root:0.483517320427, 0.278171910809
INFO:root:0.48351620487, 0.278169393705
INFO:root:0.483520548848, 0.278179131375
INFO:root:0.483519141168, 0.278172709412
INFO:root:0.483517958768, 0.278169066726
INFO:root:0.483525920068, 0.278187882275
INFO:root:0.48353850918, 0.278193542932
INFO:root:0.483534936527, 0.278177756783
INFO:root:0.483541944477, 0.278194383181
INFO:root:0.483545083481, 0.278182912538
INFO:root:0.483535729948, 0.278179720522
INFO:root:0.483546770849, 0.278173733168
INFO:root:0.483535623165, 0.278169693812
INFO:root:0.483536710958, 0.278172352326
INFO:root:0.483536015619, 0.278168610552
INFO:root:0.483530534628, 0.278168568817
INFO:root:0.483529614001, 0.278165179239
INFO:root:0.483532010817, 0.27816769774
INFO:root:0.483528936716, 0.278160672294
INFO:root:0.483527186636, 0.278150042877
INFO:root:0.483550914686, 0.27816673788
INFO:root:0.483543953472, 0.278168535145
INFO:root:0.483541052606, 0.278167797018
INFO:root:0.48353277683, 0.278165760695
INFO:root:0.483309945791, 0.278160013133
INFO:root:0.483527105967, 0.278158532471
INFO:root:0.48351988317, 0.27816314371
INFO:root:0.483531056835, 0.278169673153
INFO:root:0.483525716727, 0.278173042343
INFO:root:0.48353312482, 0.278176909488
INFO:root:0.483533382914, 0.278174421145
INFO:root:0.483530369609, 0.278173624098
INFO:root:0.483525726609, 0.278167091091
INFO:root:0.483534965699, 0.278175883383
INFO:root:0.483528124435, 0.278170479882
INFO:root:0.483519195817, 0.278171298342
INFO:root:0.48351921926, 0.27816415747
INFO:root:0.483521942022, 0.278157388815
INFO:root:0.483515203668, 0.27814519581
INFO:root:0.483522826511, 0.278160917561
INFO:root:0.483519552653, 0.27814773801
INFO:root:0.483520797639, 0.278146357212
INFO:root:0.483291631124, 0.278137955118
INFO:root:0.483505771088, 0.278136936131
INFO:root:0.483264114693, 0.278136176732
INFO:root:0.483421023937, 0.27816655047
INFO:root:0.483330686714, 0.278129438305
INFO:root:0.483226241873, 0.278119645634
INFO:root:0.482780769086, 0.278122209604
INFO:root:0.48250376443, 0.278140099242
INFO:root:0.482824361398, 0.278162223385
INFO:root:0.482678672579, 0.278136023914
INFO:root:0.482999699887, 0.278185197014
INFO:root:0.482854039132, 0.278153417462
INFO:root:0.483088729282, 0.278093128963
INFO:root:0.482551750517, 0.27805959198
INFO:root:0.483090081483, 0.278057880444
INFO:root:0.482549166461, 0.278178501206
INFO:root:0.483085630642, 0.278231219291
INFO:root:0.482627813165, 0.278146613999
INFO:root:0.482945585261, 0.278190197832
INFO:root:0.48283687068, 0.278173522922
INFO:root:0.483095337698, 0.278180915391
INFO:root:0.482777724067, 0.278066076874
INFO:root:0.482873440453, 0.278145076115
INFO:root:0.482633423539, 0.278165529589
INFO:root:0.482952061128, 0.278229881762
INFO:root:0.482883166568, 0.278147928626
INFO:root:0.482883265471, 0.278161290104
INFO:root:0.482877112709, 0.278094235618
INFO:root:0.48265100229, 0.278161084044
INFO:root:0.482849640686, 0.278179434962
INFO:root:0.483075524263, 0.278182397406
INFO:root:0.482758608911, 0.278055025791
INFO:root:0.482837012516, 0.278167549763
INFO:root:0.482867351718, 0.278180937212
INFO:root:0.48310298556, 0.278182810699
INFO:root:0.482785538841, 0.278041819488
INFO:root:0.482863460224, 0.27816418266
INFO:root:0.482863289751, 0.278169495562
INFO:root:0.482888643385, 0.278162690721
INFO:root:0.482889724712, 0.278163441612
INFO:root:0.482901173147, 0.2781634727
INFO:root:0.482906449873, 0.278184068535
INFO:root:0.482905685534, 0.278190751273
INFO:root:0.483150646919, 0.278188850622
INFO:root:0.483000251081, 0.278179531283
INFO:root:0.482986964092, 0.278185664081
INFO:root:0.482992322105, 0.278186300487
INFO:root:0.48298766763, 0.278179739326
INFO:root:0.48323060073, 0.278167906468
INFO:root:0.48291400278, 0.277995270647
INFO:root:0.482988987577, 0.278129073936
INFO:root:0.482995865829, 0.278131358582
INFO:root:0.483002341396, 0.278140122043
INFO:root:0.482996025699, 0.278134247882
INFO:root:0.482974359286, 0.278116423652
INFO:root:0.482985044886, 0.278115755762
INFO:root:0.482989016619, 0.278118160455
INFO:root:0.482979818217, 0.278122048724
INFO:root:0.482963268128, 0.278114186084
INFO:root:0.482969091348, 0.278128534749
INFO:root:0.482968442628, 0.278134173066
INFO:root:0.482969624694, 0.278136820256
INFO:root:0.482967607553, 0.278143932013
INFO:root:0.482958810611, 0.278145636925
INFO:root:0.482962572266, 0.278153662163
INFO:root:0.482946709643, 0.278154113751
INFO:root:0.482945845514, 0.278137977714
INFO:root:0.482956779665, 0.278146661558
INFO:root:0.482950688505, 0.278165502051
INFO:root:0.48294744524, 0.278150224668
INFO:root:0.482944892894, 0.278139442051
INFO:root:0.482935117491, 0.278137241708
INFO:root:0.482937209727, 0.278125124279
INFO:root:0.482890428974, 0.278128218302
INFO:root:0.482890172734, 0.278130912598
INFO:root:0.482865615665, 0.27812652256
INFO:root:0.482835498056, 0.278124407384
INFO:root:0.482783158557, 0.278121865395
INFO:root:0.482734793657, 0.278110890352
INFO:root:0.482669491443, 0.278105660415
INFO:root:0.482627918766, 0.278106010959
INFO:root:0.482521718349, 0.27809550124
INFO:root:0.482203288621, 0.278059312168
INFO:root:0.481966341248, 0.278078865534
INFO:root:0.482242170248, 0.278088274629
INFO:root:0.481709031404, 0.277909245289
INFO:root:0.481466840844, 0.27809122886
INFO:root:0.481432656828, 0.278084220056
INFO:root:0.481112493842, 0.278038776827
INFO:root:0.480791709297, 0.278052575233
INFO:root:0.480701901778, 0.277990408896
INFO:root:0.48016324822, 0.278072626074
INFO:root:0.480409732985, 0.278067873189
INFO:root:0.479874767323, 0.27824751598
INFO:root:0.479342331462, 0.278057977122
INFO:root:0.479022516706, 0.278027819175
INFO:root:0.478489112294, 0.277961883102
INFO:root:0.478166440622, 0.278028072952
INFO:root:0.477629754801, 0.278058186381
INFO:root:0.477498495962, 0.278023826246
INFO:root:0.476963127428, 0.278203604321
INFO:root:0.47622757578, 0.278092255104
INFO:root:0.476026700735, 0.278013565668
INFO:root:0.475284576863, 0.277835560648
INFO:root:0.474964568734, 0.277997742625
INFO:root:0.474471594733, 0.278015792194
INFO:root:0.474307798332, 0.278002849752
INFO:root:0.473775377739, 0.277917799765
INFO:root:0.473454177504, 0.27795488016
INFO:root:0.473132105731, 0.277956921206
INFO:root:0.47262012367, 0.277967953384
INFO:root:0.472611793229, 0.27793607147
INFO:root:0.472074021169, 0.277934930251
INFO:root:0.472317112895, 0.27791361154
INFO:root:0.471781227613, 0.2778201721
INFO:root:0.471807302432, 0.277928576944
INFO:root:0.471485009698, 0.277929920094
INFO:root:0.47180086076, 0.277945514395
INFO:root:0.471263164797, 0.277911970665
INFO:root:0.471587428315, 0.277991511818
INFO:root:0.471464674326, 0.277917610176
INFO:root:0.471220693959, 0.277935772615
INFO:root:0.471546146499, 0.278019164218
INFO:root:0.471430991532, 0.277918336889
INFO:root:0.471389008667, 0.277847768641
INFO:root:0.471366646101, 0.277854711117
INFO:root:0.471377829146, 0.277852797146
INFO:root:0.471135363465, 0.277865740746
INFO:root:0.471468706688, 0.278044442102
INFO:root:0.471377854128, 0.277888095583
INFO:root:0.4713731186, 0.277891041026
INFO:root:0.471382840889, 0.277913870959
INFO:root:0.47138369029, 0.277914606934
INFO:root:0.471381586607, 0.27791754343
INFO:root:0.471389257238, 0.277927414591
INFO:root:0.471394120529, 0.277904771863
INFO:root:0.471637570294, 0.277914095966
INFO:root:0.471431901454, 0.277887256023
INFO:root:0.471426014159, 0.277882885514
INFO:root:0.471422239245, 0.277883452653
INFO:root:0.471422738104, 0.277868889635
INFO:root:0.471473613385, 0.27787146693
INFO:root:0.471715788832, 0.277879335134
INFO:root:0.471515622422, 0.27785632429
INFO:root:0.471769213813, 0.27786276171
INFO:root:0.471553417498, 0.277858267903
INFO:root:0.471576445134, 0.277865493641
INFO:root:0.471569646498, 0.277860535071
INFO:root:0.471569473627, 0.277868361474
INFO:root:0.471574167962, 0.277863427718
INFO:root:0.471888051353, 0.27788326164
INFO:root:0.47169044694, 0.277842969794
INFO:root:0.471954824107, 0.277847784124
INFO:root:0.471744824791, 0.27784856657
INFO:root:0.471733598085, 0.277851481023
INFO:root:0.471975193303, 0.277850401648
INFO:root:0.471801557033, 0.277839397983
INFO:root:0.471832520476, 0.277837433341
INFO:root:0.471897619444, 0.277836179003
INFO:root:0.47219197588, 0.277825276381
INFO:root:0.472050650326, 0.277810335878
INFO:root:0.47238511228, 0.277831184881
INFO:root:0.472276802885, 0.277798413669
INFO:root:0.472612771203, 0.277858764282
INFO:root:0.472515866654, 0.277821613796
INFO:root:0.472850791514, 0.277832771546
INFO:root:0.472780425937, 0.2777804014
INFO:root:0.473115294018, 0.277820965363
INFO:root:0.473049006021, 0.27779339117
INFO:root:0.473265417283, 0.277799277809
INFO:root:0.473762858832, 0.277798406215
INFO:root:0.473723846244, 0.27778991311
INFO:root:0.474059388597, 0.277885576594
INFO:root:0.474327651179, 0.277803018367
INFO:root:0.474401215349, 0.277820343763
INFO:root:0.474957471964, 0.278007136107
INFO:root:0.474943144889, 0.277820458194
INFO:root:0.475399414489, 0.277889127803
INFO:root:0.475497343151, 0.277916620399
INFO:root:0.476048570478, 0.278015768726
INFO:root:0.476375643373, 0.277832715583
INFO:root:0.476703841966, 0.277511940185
INFO:root:0.477143739022, 0.277546364749
INFO:root:0.477034326288, 0.277911381572
INFO:root:0.47758199687, 0.277944629047
INFO:root:0.477598840705, 0.277989562685
INFO:root:0.478363528553, 0.277824963888
INFO:root:0.478376250432, 0.2781153179
INFO:root:0.47892321335, 0.277931646402
INFO:root:0.479263024141, 0.278467465561
INFO:root:0.479808966275, 0.277917479411
INFO:root:0.480137524517, 0.277691160916
INFO:root:0.48035775931, 0.277355505541
INFO:root:0.480263732281, 0.277829953016
INFO:root:0.481039528659, 0.277906250366
INFO:root:0.481128240413, 0.277947561806
INFO:root:0.481680879675, 0.277943272796
INFO:root:0.482231184305, 0.277908191906
INFO:root:0.482561613676, 0.277878864955
INFO:root:0.482893515757, 0.277462607861
INFO:root:0.483398017388, 0.277486649685
INFO:root:0.48394980037, 0.277262535653
INFO:root:0.484017135766, 0.277346140519
INFO:root:0.484567219405, 0.276791982186
INFO:root:0.485093987047, 0.276976357913
INFO:root:0.485424154837, 0.276682431473
INFO:root:0.485754562765, 0.276349972372
INFO:root:0.486303941064, 0.276461230996
INFO:root:0.486852735156, 0.276463363807
INFO:root:0.487152180876, 0.276863012459
INFO:root:0.487856810643, 0.277295152901
INFO:root:0.488339723347, 0.277605103678
INFO:root:0.488230476277, 0.275587404704
INFO:root:0.488994814277, 0.275760781422
INFO:root:0.489539509367, 0.275756168722
INFO:root:0.489213381148, 0.276330390873
INFO:root:0.489973397524, 0.276401952154
INFO:root:0.489894265934, 0.276207522251
INFO:root:0.490219638333, 0.274932812278
INFO:root:0.490530980632, 0.274746298412
INFO:root:0.49068558676, 0.274779839494
INFO:root:0.490577176374, 0.275961352614
INFO:root:0.491119183199, 0.27520242837
INFO:root:0.491020306892, 0.274934391693
INFO:root:0.491128613714, 0.274025149244
INFO:root:0.491582615335, 0.274081312879
INFO:root:0.491690816287, 0.273743327086
INFO:root:0.491149121003, 0.273844459202
INFO:root:0.491474055385, 0.273629904421
INFO:root:0.491512372754, 0.273746867064
INFO:root:0.491562018422, 0.273762159852
INFO:root:0.491379097465, 0.27345812472
INFO:root:0.490836731005, 0.273563676111
INFO:root:0.491162062885, 0.273017439867
INFO:root:0.490618623225, 0.273538742818
INFO:root:0.490155005673, 0.273202698772
INFO:root:0.489611832656, 0.274114692973
INFO:root:0.489503196129, 0.273276100627
INFO:root:0.488527625348, 0.272327131282
INFO:root:0.487985844205, 0.272329964988
INFO:root:0.487444116117, 0.272875705876
INFO:root:0.486684870983, 0.272743859753
INFO:root:0.486358845299, 0.273291260903
INFO:root:0.485599362848, 0.272517410476
INFO:root:0.485056779949, 0.272301884075
INFO:root:0.484514052123, 0.272484133419
INFO:root:0.483754128154, 0.273030957016
INFO:root:0.483210601126, 0.273213474734
INFO:root:0.482450538586, 0.273031166964
INFO:root:0.481689340708, 0.273010192484
INFO:root:0.480927087238, 0.272910985171
INFO:root:0.480163113613, 0.273013019645
INFO:root:0.479617860071, 0.273096361731
INFO:root:0.47907136522, 0.27291284741
INFO:root:0.478523285943, 0.272955476651
INFO:root:0.477973209093, 0.27302503696
INFO:root:0.477203503251, 0.273161234838
INFO:root:0.476873824984, 0.273179868191
INFO:root:0.476103377378, 0.272995069471
INFO:root:0.475795148499, 0.273145221445
INFO:root:0.475316053814, 0.273110195763
INFO:root:0.474861686717, 0.273097915762
INFO:root:0.474310805866, 0.273103270787
INFO:root:0.473979876709, 0.273208616214
INFO:root:0.473487742145, 0.27321361046
INFO:root:0.473741981567, 0.273189434042
INFO:root:0.472974428481, 0.273293616931
INFO:root:0.472844540709, 0.273194959249
INFO:root:0.472298755068, 0.273236475395
INFO:root:0.471983573773, 0.273261814944
INFO:root:0.471657180287, 0.273209858255
INFO:root:0.471670365031, 0.273333134998
INFO:root:0.471126965832, 0.27335441686
INFO:root:0.470800881722, 0.273449780711
INFO:root:0.470259536789, 0.273295596406
INFO:root:0.469933660119, 0.273460914873
INFO:root:0.469882852989, 0.273435968465
INFO:root:0.469559809201, 0.273418211057
INFO:root:0.469236980948, 0.273438608476
INFO:root:0.468991795862, 0.27344688269
INFO:root:0.468980799479, 0.273442812667
INFO:root:0.468659473704, 0.273443949224
INFO:root:0.468679245872, 0.273451821362
INFO:root:0.46837875784, 0.273457808909
INFO:root:0.468523563481, 0.273482029671
INFO:root:0.468469378185, 0.273471375056
INFO:root:0.468380328626, 0.27346604108
INFO:root:0.468376138489, 0.273462032605
INFO:root:0.468056995473, 0.273497567875
INFO:root:0.468374504453, 0.273558763345
INFO:root:0.468060012613, 0.27351866322
INFO:root:0.468142537303, 0.273564599815
INFO:root:0.467901763589, 0.273573367696
INFO:root:0.468214006714, 0.273606831667
INFO:root:0.468042635481, 0.273599106466
INFO:root:0.467940961949, 0.273593966995
INFO:root:0.467630775396, 0.273581059416
INFO:root:0.467765976778, 0.273602522205
INFO:root:0.467455914761, 0.27357634848
INFO:root:0.467534594205, 0.273617773526
INFO:root:0.46723461979, 0.273617582356
INFO:root:0.467330502372, 0.27366150978
INFO:root:0.46702336755, 0.273604495804
INFO:root:0.466719406192, 0.273675082813
INFO:root:0.466747348069, 0.273710361499
INFO:root:0.466442271562, 0.273670308979
INFO:root:0.466189576738, 0.273744112514
INFO:root:0.466418038118, 0.273694390733
INFO:root:0.465712342223, 0.273734844533
INFO:root:0.465614602765, 0.273684186311
INFO:root:0.465130838032, 0.273690530933
INFO:root:0.464676800536, 0.273676754201
INFO:root:0.464674897495, 0.273652936709
INFO:root:0.464171576447, 0.273483920259
INFO:root:0.463652649367, 0.273599906185
INFO:root:0.463408538013, 0.273661594034
INFO:root:0.463099231298, 0.273668903296
INFO:root:0.46340739853, 0.273622435612
INFO:root:0.462687633507, 0.273795077664
INFO:root:0.462528655273, 0.273619165584
INFO:root:0.462021894969, 0.273794873568
INFO:root:0.461969538316, 0.273734935412
INFO:root:0.461667402115, 0.273737867358
INFO:root:0.461365629614, 0.273714031378
INFO:root:0.460861607148, 0.273676501935
INFO:root:0.460876180357, 0.273689762351
INFO:root:0.46016502456, 0.273519185299
INFO:root:0.459854424381, 0.273530224896
INFO:root:0.459337344272, 0.273704448985
INFO:root:0.458826842598, 0.273640618186
INFO:root:0.458110523615, 0.274024982051
INFO:root:0.457596216412, 0.274038051578
INFO:root:0.457081945488, 0.274149198137
INFO:root:0.456358104449, 0.274096671918
INFO:root:0.455631946464, 0.274080837148
INFO:root:0.45490280673, 0.27407932615
INFO:root:0.454171702091, 0.274254688109
INFO:root:0.453227429085, 0.274326334359
INFO:root:0.45249388286, 0.273952998001
INFO:root:0.451550416933, 0.274129008106
INFO:root:0.450391005024, 0.273952038387
INFO:root:0.449441623265, 0.27412915213
INFO:root:0.448276740808, 0.273951347401
INFO:root:0.447321858945, 0.274129487227
INFO:root:0.446366733674, 0.274202503893
INFO:root:0.445623174496, 0.274024154601
INFO:root:0.444452758565, 0.274202803947
INFO:root:0.443067276843, 0.274023862338
INFO:root:0.442108591967, 0.274202711642
INFO:root:0.441149431275, 0.274023773571
INFO:root:0.439977180651, 0.274202702959
INFO:root:0.438593474136, 0.274023990627
INFO:root:0.436994498426, 0.274560930618
INFO:root:0.435607996563, 0.274740003983
INFO:root:0.434219740744, 0.27491930388
INFO:root:0.432403916072, 0.274381281755
INFO:root:0.430586234556, 0.274201757655
INFO:root:0.428985360751, 0.274380950114
INFO:root:0.427385053442, 0.274560079162
INFO:root:0.425781922313, 0.274380634032
INFO:root:0.423749196633, 0.273841743793
INFO:root:0.421719343593, 0.27402112002
INFO:root:0.419902564504, 0.274200554992
INFO:root:0.418082749046, 0.274739759572
INFO:root:0.41626025416, 0.274559760077
INFO:root:0.414438807683, 0.274379864129
INFO:root:0.412402603315, 0.273480176689
INFO:root:0.4105812928, 0.274379589289
INFO:root:0.408760990981, 0.273840240602
INFO:root:0.406937090672, 0.274740932112
INFO:root:0.404900810015, 0.273841210964
INFO:root:0.403073670839, 0.273660752774
INFO:root:0.401464853718, 0.273480671186
INFO:root:0.399646448078, 0.273660266805
INFO:root:0.39782712704, 0.273839952833
INFO:root:0.39600589673, 0.273660078235
INFO:root:0.394399917414, 0.273480314295
INFO:root:0.392796769903, 0.272583079474
INFO:root:0.391193232049, 0.273480532759
INFO:root:0.389589094362, 0.272223628168
INFO:root:0.387984294009, 0.272762524089
INFO:root:0.386810018733, 0.272583285663
INFO:root:0.385634463891, 0.272762719399
INFO:root:0.384458245079, 0.271865043987
INFO:root:0.383493055851, 0.271324855777
INFO:root:0.382530152218, 0.271863764806
INFO:root:0.381566580086, 0.272043525862
INFO:root:0.381031223833, 0.272002551676
INFO:root:0.380590093622, 0.271915658179
INFO:root:0.380911452332, 0.271623109276
INFO:root:0.380725670419, 0.271550394218
INFO:root:0.3804046247, 0.272089433943
INFO:root:0.380920548466, 0.272848033041
INFO:root:0.381088097005, 0.273678361653
INFO:root:0.382267243633, 0.274578271537
INFO:root:0.38301842257, 0.274037740662
INFO:root:0.383770809464, 0.273496340569
INFO:root:0.384308543391, 0.27367691295
INFO:root:0.385060781612, 0.274203717118
INFO:root:0.385598775172, 0.274262252504
INFO:root:0.386567668947, 0.273719990967
INFO:root:0.38775219044, 0.274200193175
INFO:root:0.388723076028, 0.273656816879
INFO:root:0.39055748408, 0.275287401814
INFO:root:0.392175418105, 0.276917320535
INFO:root:0.394011579071, 0.276010574379
INFO:root:0.395630757184, 0.277279263731
INFO:root:0.397251130208, 0.275646887944
INFO:root:0.398598328838, 0.277244398222
INFO:root:0.40021977136, 0.278514861827
INFO:root:0.401842900146, 0.279059912481
INFO:root:0.403252470112, 0.27887785976
INFO:root:0.404880882849, 0.278331034742
INFO:root:0.406292901699, 0.278878141761
INFO:root:0.408141143723, 0.280155938716
INFO:root:0.410209620683, 0.280704306877
INFO:root:0.411842082796, 0.281617948224
INFO:root:0.413474400485, 0.280704387707
INFO:root:0.414888320228, 0.280887002223
INFO:root:0.416302059159, 0.281434775712
INFO:root:0.417934843833, 0.281617540087
INFO:root:0.419132797922, 0.282166098188
INFO:root:0.42076763643, 0.283447058072
INFO:root:0.421748709014, 0.282165876865
INFO:root:0.423383076624, 0.283446467782
INFO:root:0.424581504338, 0.283263542789
INFO:root:0.425564949083, 0.283447011219
INFO:root:0.426768653737, 0.283998202576
INFO:root:0.428192287303, 0.284674161855
INFO:root:0.429175381915, 0.284886544294
INFO:root:0.429871383317, 0.285358180135
INFO:root:0.430636150154, 0.284807871724
INFO:root:0.431181638445, 0.285025408589
INFO:root:0.431453917976, 0.28563793901
INFO:root:0.432217786807, 0.28597669334
INFO:root:0.432290391799, 0.285993451577
INFO:root:0.432440516256, 0.286117552787
INFO:root:0.432549761582, 0.285479221448
INFO:root:0.432222487352, 0.286091677192
INFO:root:0.432550287212, 0.286100748008
INFO:root:0.432004042877, 0.285921861197
INFO:root:0.431457426345, 0.286336165862
INFO:root:0.430911002448, 0.286314278512
INFO:root:0.430582973292, 0.287232220184
INFO:root:0.430473710768, 0.288516392071
INFO:root:0.429490742899, 0.288333012605
INFO:root:0.428508703019, 0.287424481538
INFO:root:0.427092320915, 0.286875683913
INFO:root:0.426113034015, 0.286327605648
INFO:root:0.424915718572, 0.285779339991
INFO:root:0.42393743927, 0.286691863894
INFO:root:0.422523264322, 0.285620246914
INFO:root:0.421325950019, 0.284468089998
INFO:root:0.420999371335, 0.285747525832
INFO:root:0.420454908625, 0.286296021598
INFO:root:0.419691586181, 0.287211470032
INFO:root:0.418492885186, 0.286503864849
INFO:root:0.417729039321, 0.286320649615
INFO:root:0.41696438427, 0.285816685117
INFO:root:0.416198222408, 0.286000455864
INFO:root:0.415870262837, 0.28691820281
INFO:root:0.415104415193, 0.286734507431
INFO:root:0.414557162855, 0.286912062419
INFO:root:0.414666584071, 0.285738447116
INFO:root:0.413683373554, 0.285921871849
INFO:root:0.413355631696, 0.286731944133
INFO:root:0.413683999684, 0.286021789785
INFO:root:0.413137725127, 0.287305872201
INFO:root:0.412801122924, 0.286631289969
INFO:root:0.412254595641, 0.28681481518
INFO:root:0.412583558264, 0.286130928736
INFO:root:0.412474017492, 0.287786211515
INFO:root:0.41236447503, 0.286130903206
INFO:root:0.412255018312, 0.287417357477
INFO:root:0.412364448137, 0.285763751231
INFO:root:0.411817529375, 0.287416661268
INFO:root:0.412074825094, 0.287142224037
INFO:root:0.411747384174, 0.287692001386
INFO:root:0.411856453548, 0.287234920081
INFO:root:0.411311685818, 0.287586044247
INFO:root:0.411420698614, 0.286670875097
INFO:root:0.410875821057, 0.288317616158
INFO:root:0.410767071762, 0.286674293475
INFO:root:0.410658373616, 0.287951832176
INFO:root:0.410549564952, 0.287061617341
INFO:root:0.409789871327, 0.286726606196
INFO:root:0.409509763306, 0.287034282693
INFO:root:0.409184996071, 0.287145049686
INFO:root:0.408860559255, 0.287765955432
INFO:root:0.409184883721, 0.28690444353
INFO:root:0.408430270804, 0.28645615217
INFO:root:0.40812172514, 0.286549317964
INFO:root:0.408135742763, 0.286646447062
INFO:root:0.407811755278, 0.287137163387
INFO:root:0.407347057942, 0.287119910573
INFO:root:0.407287778886, 0.287070821655
INFO:root:0.407249087003, 0.28675144182
INFO:root:0.406826295103, 0.286715603384
INFO:root:0.406599668495, 0.286282223719
INFO:root:0.406061250941, 0.286463025663
INFO:root:0.405738063442, 0.287291259954
INFO:root:0.405846113393, 0.286827913617
INFO:root:0.405522749299, 0.287732800793
INFO:root:0.405414993943, 0.285742652481
INFO:root:0.405091709227, 0.287009183548
INFO:root:0.404721912374, 0.286386106151
INFO:root:0.40439993593, 0.287287110191
INFO:root:0.404507067158, 0.286031694769
INFO:root:0.403971369963, 0.28611211731
INFO:root:0.40364982771, 0.286213485785
INFO:root:0.403329156798, 0.28639227993
INFO:root:0.403379733403, 0.286435799221
INFO:root:0.40321746079, 0.286421016156
INFO:root:0.403258185638, 0.285952243122
INFO:root:0.402723842314, 0.286235216208
INFO:root:0.402704202711, 0.286128824723
INFO:root:0.402383726698, 0.286408037294
INFO:root:0.402490503277, 0.284794524537
INFO:root:0.402383703157, 0.286049755578
INFO:root:0.402053951292, 0.285530941991
INFO:root:0.401520991009, 0.28570991137
INFO:root:0.401840584856, 0.285458020187
INFO:root:0.401352319838, 0.28521537964
INFO:root:0.401032001586, 0.283243379207
INFO:root:0.400711668104, 0.286649723722
INFO:root:0.400391293917, 0.285035987077
INFO:root:0.399430464196, 0.284139739875
INFO:root:0.399110372281, 0.28611034689
INFO:root:0.398789906667, 0.281985176346
INFO:root:0.398041955463, 0.281776361128
INFO:root:0.397506996643, 0.283752406549
INFO:root:0.396606075807, 0.282949821242
INFO:root:0.395854800691, 0.282851345817
INFO:root:0.39553217591, 0.281133919181
INFO:root:0.394349222183, 0.2798699776
INFO:root:0.393381609799, 0.28221666991
INFO:root:0.392198787512, 0.281044955074
INFO:root:0.391230566233, 0.28122558346
INFO:root:0.390451096052, 0.279019580476
INFO:root:0.38926986027, 0.278118076176
INFO:root:0.388304819052, 0.279738392295
INFO:root:0.386698005643, 0.278263544119
INFO:root:0.385732184961, 0.279885168968
INFO:root:0.384338074279, 0.278393307872
INFO:root:0.383211395058, 0.276972581031
INFO:root:0.382246138124, 0.278233108605
INFO:root:0.381397336349, 0.276832743161
INFO:root:0.380430190333, 0.275930604216
INFO:root:0.379677879979, 0.278998225974
INFO:root:0.378711287632, 0.275932709503
INFO:root:0.377744612955, 0.275178183953
INFO:root:0.377422248556, 0.276441109498
INFO:root:0.377099951094, 0.275178446192
INFO:root:0.376348342169, 0.275719286477
INFO:root:0.375595653871, 0.275073018473
INFO:root:0.374841976826, 0.275135471032
INFO:root:0.374949691359, 0.273869492817
INFO:root:0.374841953751, 0.275135742234
INFO:root:0.374348614202, 0.27439913189
INFO:root:0.374025667131, 0.274367417582
INFO:root:0.374133211232, 0.273334604523
INFO:root:0.373810921514, 0.27344544
INFO:root:0.374088340517, 0.273825941359
INFO:root:0.374108390672, 0.273863310556
INFO:root:0.374429646136, 0.273034390267
INFO:root:0.374312616411, 0.272856594846
INFO:root:0.374847922893, 0.273036352084
INFO:root:0.374955054464, 0.271777225466
INFO:root:0.375062097449, 0.273754216898
INFO:root:0.375382749119, 0.271421245082
INFO:root:0.375916316465, 0.27171129844
INFO:root:0.375809722137, 0.272248218019
INFO:root:0.376256082605, 0.272245635532
INFO:root:0.37636270138, 0.270992535853
INFO:root:0.376469524744, 0.272196754842
INFO:root:0.377218072326, 0.270580842602
INFO:root:0.37743077957, 0.271461171841
INFO:root:0.377537769819, 0.272718637483
INFO:root:0.377858753979, 0.270023955642
INFO:root:0.378394988234, 0.269941109911
INFO:root:0.378287442537, 0.270786254378
INFO:root:0.37882587871, 0.270830695618
INFO:root:0.378718213231, 0.271594041035
INFO:root:0.378928044421, 0.271903447234
INFO:root:0.379251352791, 0.268827361012
INFO:root:0.379359023771, 0.270485611358
INFO:root:0.380113693188, 0.270806643123
INFO:root:0.380060548497, 0.27051944215
INFO:root:0.379952833577, 0.272508843639
INFO:root:0.38049151822, 0.269433685875
INFO:root:0.380814560024, 0.26852970058
INFO:root:0.381353218257, 0.271242942053
INFO:root:0.382322615494, 0.271335195564
INFO:root:0.382016152587, 0.27165333131
INFO:root:0.382154345721, 0.271818239768
INFO:root:0.382262474006, 0.270184301236
INFO:root:0.382069997632, 0.269897594267
INFO:root:0.381813256211, 0.270058681163
INFO:root:0.381921198923, 0.268065072555
INFO:root:0.381813385589, 0.269332211989
INFO:root:0.381705420038, 0.267338181568
INFO:root:0.382029649837, 0.270060110745
INFO:root:0.383004408185, 0.270508817117
INFO:root:0.383112753504, 0.268507772712
INFO:root:0.383004396942, 0.269906185669
INFO:root:0.383329441192, 0.268632761283
INFO:root:0.383221101963, 0.26991692708
INFO:root:0.383763563402, 0.269892487916
INFO:root:0.383650333901, 0.269698271369
INFO:root:0.383932376778, 0.269375008154
INFO:root:0.383607349619, 0.269856002408
INFO:root:0.383715750793, 0.26894596786
INFO:root:0.383390355595, 0.269312786019
INFO:root:0.383498775219, 0.268402596582
INFO:root:0.383823427114, 0.268290990626
INFO:root:0.383282653531, 0.268472099108
INFO:root:0.383607082738, 0.267894752126
INFO:root:0.383282066866, 0.267950347803
INFO:root:0.383366738388, 0.268148941293
INFO:root:0.383606009626, 0.268072578742
INFO:root:0.383702655473, 0.267535911043
INFO:root:0.383161356011, 0.267717680739
INFO:root:0.383486456497, 0.266080137552
INFO:root:0.383377938735, 0.267355556182
INFO:root:0.383486423531, 0.266444819621
INFO:root:0.383811789767, 0.266370789015
INFO:root:0.38370336321, 0.267384751712
INFO:root:0.384029358191, 0.265742702917
INFO:root:0.383920406565, 0.26666360323
INFO:root:0.384683179087, 0.266670726409
INFO:root:0.384792060264, 0.266111504963
INFO:root:0.384465072043, 0.267026533729
INFO:root:0.384792051873, 0.266111528444
INFO:root:0.385337829861, 0.266258223571
INFO:root:0.385228673038, 0.267453210324
INFO:root:0.385556323626, 0.265436069257
INFO:root:0.385447039872, 0.265899282632
INFO:root:0.385993340502, 0.265914812253
INFO:root:0.386320851907, 0.265567006338
INFO:root:0.38604836466, 0.265856327522
INFO:root:0.38637609925, 0.265502249987
INFO:root:0.386266855636, 0.264699681714
INFO:root:0.386157753311, 0.265981970762
INFO:root:0.386266757094, 0.265396937472
INFO:root:0.385722751878, 0.26544007399
INFO:root:0.385977791089, 0.265251913101
INFO:root:0.385434819696, 0.2649809122
INFO:root:0.385657820489, 0.264686071522
INFO:root:0.385333053441, 0.265231359405
INFO:root:0.38520496755, 0.264474390321
INFO:root:0.38466633022, 0.265017017557
INFO:root:0.384359595424, 0.264369090042
INFO:root:0.383823384733, 0.264270373705
INFO:root:0.383286719132, 0.264531329639
INFO:root:0.383394218273, 0.263825791032
INFO:root:0.382857242075, 0.264366744831
INFO:root:0.381890214372, 0.263483239674
INFO:root:0.381137931373, 0.263663681451
INFO:root:0.380601385133, 0.26348658764
INFO:root:0.379909544498, 0.262906054885
INFO:root:0.37915869454, 0.262747795653
INFO:root:0.378407806773, 0.262927902772
INFO:root:0.377229091274, 0.262028321919
INFO:root:0.376479371052, 0.262208148992
INFO:root:0.375515911951, 0.261637776346
INFO:root:0.374551303959, 0.26169943048
INFO:root:0.373799764918, 0.261879693813
INFO:root:0.372619145971, 0.260946960404
INFO:root:0.371865991204, 0.261127611283
INFO:root:0.37090011805, 0.260587040299
INFO:root:0.369936140364, 0.260407203584
INFO:root:0.368974004728, 0.25986872438
INFO:root:0.368228281459, 0.260405329483
INFO:root:0.367054187178, 0.259509275486
INFO:root:0.366735006125, 0.260402457033
INFO:root:0.365917628542, 0.259230046662
INFO:root:0.365170488122, 0.259409254946
INFO:root:0.364297540428, 0.258472220611
INFO:root:0.363549379794, 0.25829276762
INFO:root:0.36301632313, 0.258276695166
INFO:root:0.362271209279, 0.258666002323
INFO:root:0.362164458901, 0.257776357192
INFO:root:0.361417495551, 0.257955523005
INFO:root:0.360669683859, 0.258226369632
INFO:root:0.360419456505, 0.257817598919
INFO:root:0.359919359178, 0.257726103177
INFO:root:0.360026690911, 0.257097317887
INFO:root:0.359275611423, 0.257055359156
INFO:root:0.358758510929, 0.257065984839
INFO:root:0.358866159004, 0.256743346832
INFO:root:0.3583926273, 0.256716084844
INFO:root:0.358625347853, 0.256687987759
INFO:root:0.35808572081, 0.256680338493
INFO:root:0.358297488545, 0.256412574706
INFO:root:0.358086198501, 0.256010989166
INFO:root:0.358117630212, 0.256037316006
INFO:root:0.358381892931, 0.256598458899
INFO:root:0.358520969163, 0.256633072191
INFO:root:0.359008745067, 0.256960699595
INFO:root:0.359332642653, 0.256788859813
INFO:root:0.359856307021, 0.256766643888
INFO:root:0.36019853077, 0.257146068848
INFO:root:0.360738231465, 0.25660237037
INFO:root:0.361709914776, 0.257021547269
INFO:root:0.362250207777, 0.256477252099
INFO:root:0.363224474187, 0.257026867649
INFO:root:0.364200556125, 0.256844772802
INFO:root:0.364780054964, 0.258394259298
INFO:root:0.366193053183, 0.258211763801
INFO:root:0.367390657592, 0.258394563128
INFO:root:0.368586783636, 0.2585771368
INFO:root:0.370215615318, 0.258030171099
INFO:root:0.371626224716, 0.258941105943
INFO:root:0.373249174572, 0.25875944242
INFO:root:0.374873085027, 0.259668297654
INFO:root:0.376713231388, 0.259850040504
INFO:root:0.378335279785, 0.260394728361
INFO:root:0.379954067039, 0.260575925947
INFO:root:0.382005689101, 0.260394626011
INFO:root:0.384061981008, 0.261283525104
INFO:root:0.385904698523, 0.261829515478
INFO:root:0.387957791875, 0.26201094543
INFO:root:0.389576751644, 0.262554596118
INFO:root:0.391844739212, 0.263098593136
INFO:root:0.393684855917, 0.263280333058
INFO:root:0.395739557725, 0.264188193505
INFO:root:0.397366196392, 0.264370269932
INFO:root:0.399211592331, 0.26455253126
INFO:root:0.401059372985, 0.264370034405
INFO:root:0.402907705492, 0.264917688481
INFO:root:0.404756704999, 0.265100305716
INFO:root:0.406604891313, 0.266378064156
INFO:root:0.408018654089, 0.266195469913
INFO:root:0.409651497169, 0.266012699
INFO:root:0.410852091012, 0.266195954626
INFO:root:0.412490965591, 0.266746292757
INFO:root:0.413692429596, 0.266929681202
INFO:root:0.415113525238, 0.268008807503
INFO:root:0.416310700364, 0.267826073701
INFO:root:0.417072496996, 0.267643349994
INFO:root:0.418051021701, 0.267862164834
INFO:root:0.418811284344, 0.267968665703
INFO:root:0.419569751812, 0.268377379238
INFO:root:0.419753446001, 0.268398928679
INFO:root:0.419974795918, 0.268450863157
INFO:root:0.42016084573, 0.268475616121
INFO:root:0.420389404305, 0.268463911419
INFO:root:0.42061556189, 0.268347196681
INFO:root:0.420077639042, 0.268527832501
INFO:root:0.419325148899, 0.268521191455
INFO:root:0.418572687668, 0.268537182549
INFO:root:0.418035152342, 0.268493869204
INFO:root:0.417283315811, 0.268674203892
INFO:root:0.416960928191, 0.268653868758
INFO:root:0.416423701335, 0.269418441978
INFO:root:0.414811770504, 0.26923801186
INFO:root:0.413630245651, 0.269057666877
INFO:root:0.411802944993, 0.268155296182
INFO:root:0.41040718263, 0.267975026778
INFO:root:0.408588020337, 0.267076675029
INFO:root:0.406984665709, 0.266538264586
INFO:root:0.405168526035, 0.265282661849
INFO:root:0.403360057946, 0.264389591187
INFO:root:0.402192387778, 0.266350123816
INFO:root:0.40081260806, 0.266528328984
INFO:root:0.399218260976, 0.26670679088
INFO:root:0.397409726202, 0.266170928724
INFO:root:0.395604521753, 0.265992636927
INFO:root:0.394009865471, 0.265100154399
INFO:root:0.392417225717, 0.266348049909
INFO:root:0.390611876339, 0.265456519352
INFO:root:0.388807127343, 0.265278272538
INFO:root:0.387215433642, 0.264387448079
INFO:root:0.385625288894, 0.264209456568
INFO:root:0.384035590136, 0.264031514979
INFO:root:0.382656441742, 0.264209638608
INFO:root:0.381066480854, 0.264031667678
INFO:root:0.379689669909, 0.263853845941
INFO:root:0.378313010123, 0.263320439301
INFO:root:0.376935620917, 0.263854128566
INFO:root:0.37576892062, 0.263676046365
INFO:root:0.374599146081, 0.26385459781
INFO:root:0.373640623257, 0.263675778738
INFO:root:0.372894429939, 0.263496797624
INFO:root:0.371935475157, 0.263675697282
INFO:root:0.371190374337, 0.26385441635
INFO:root:0.370444654156, 0.263523786736
INFO:root:0.36969675851, 0.263491045642
INFO:root:0.369277499317, 0.263404343823
INFO:root:0.368530036962, 0.263462623743
INFO:root:0.368255621568, 0.263475947508
INFO:root:0.367721388266, 0.263739132968
INFO:root:0.36765863967, 0.263581292326
INFO:root:0.367480444269, 0.263547728528
INFO:root:0.366946824584, 0.263529978275
INFO:root:0.366701793653, 0.26355596474
INFO:root:0.367023192365, 0.263582124371
INFO:root:0.367075262206, 0.26363334353
INFO:root:0.367233230213, 0.263661503849
INFO:root:0.367295937381, 0.263953831822
INFO:root:0.367435695223, 0.263972179399
INFO:root:0.367623640812, 0.264202139271
INFO:root:0.368164609204, 0.264478766082
INFO:root:0.368096425607, 0.264892991113
INFO:root:0.368636390014, 0.265041547548
INFO:root:0.368784788586, 0.2653256966
INFO:root:0.369538981439, 0.26538383758
INFO:root:0.369861099998, 0.265391177713
INFO:root:0.369753847283, 0.2661207555
INFO:root:0.370509123621, 0.266523472243
INFO:root:0.370612185604, 0.266702300521
INFO:root:0.371151822014, 0.266735031229
INFO:root:0.371644895215, 0.266952861153
INFO:root:0.371431671334, 0.26727059207
INFO:root:0.372006780764, 0.2680789748
INFO:root:0.372546629729, 0.268222822079
INFO:root:0.373082601301, 0.268256794829
INFO:root:0.373397275963, 0.268132501827
INFO:root:0.373428606834, 0.268252508187
INFO:root:0.37352592292, 0.268595803607
INFO:root:0.373862966478, 0.268965955733
INFO:root:0.37439673852, 0.269151208733
INFO:root:0.374398616921, 0.269777586849
INFO:root:0.374901556493, 0.269791581237
INFO:root:0.375014650587, 0.270016371341
INFO:root:0.375550287807, 0.270137193436
INFO:root:0.375711501353, 0.270435114332
INFO:root:0.375816159661, 0.270778679481
INFO:root:0.376312721186, 0.270953483668
INFO:root:0.376589225157, 0.270754564146
INFO:root:0.376482120564, 0.271491596184
INFO:root:0.376941927266, 0.271622459645
INFO:root:0.376622511735, 0.271937247719
INFO:root:0.376941428214, 0.271912152127
INFO:root:0.376902602908, 0.271842717778
INFO:root:0.376915310108, 0.272140020078
INFO:root:0.376826679862, 0.272636213326
INFO:root:0.377287746078, 0.272906847964
INFO:root:0.3772996516, 0.273218165177
INFO:root:0.377545815656, 0.273209828976
INFO:root:0.377225356199, 0.27347047536
INFO:root:0.377406353251, 0.273565006435
INFO:root:0.377470339893, 0.273666600019
INFO:root:0.377226574181, 0.274005302631
INFO:root:0.377324601987, 0.274279393639
INFO:root:0.377005384367, 0.274815363965
INFO:root:0.376684867119, 0.274879271635
INFO:root:0.376801920747, 0.275082904853
INFO:root:0.376600116028, 0.274971379658
INFO:root:0.376281722093, 0.275862358571
INFO:root:0.375750639794, 0.276257884422
INFO:root:0.375644050107, 0.276639498395
INFO:root:0.375718572148, 0.276767063816
INFO:root:0.375188062646, 0.277134348194
INFO:root:0.374869753142, 0.277375641415
INFO:root:0.374635594621, 0.277637839825
INFO:root:0.374314390436, 0.27785045254
INFO:root:0.374008590876, 0.278042118958
INFO:root:0.373688746522, 0.278370847252
INFO:root:0.37336972259, 0.279107085137
INFO:root:0.373051411413, 0.279438029305
INFO:root:0.372733718891, 0.279521222844
INFO:root:0.372202946422, 0.279553130564
INFO:root:0.371669646226, 0.279847149331
INFO:root:0.371688589995, 0.280121171542
INFO:root:0.371369283988, 0.281372115239
INFO:root:0.371289248176, 0.281347510318
INFO:root:0.370971632594, 0.28161003595
INFO:root:0.371288322448, 0.281282105268
INFO:root:0.370970884295, 0.282170409563
INFO:root:0.370652420753, 0.283061583262
INFO:root:0.370546307368, 0.284665074403
INFO:root:0.370864354543, 0.284659990172
INFO:root:0.370603862715, 0.284731801511
INFO:root:0.371129828208, 0.284596578492
INFO:root:0.371259636519, 0.285529387474
INFO:root:0.371364201404, 0.287069673541
INFO:root:0.371521273715, 0.287961422665
INFO:root:0.372251718328, 0.287786219019
INFO:root:0.372831243589, 0.288587620891
INFO:root:0.373355380341, 0.288647521305
INFO:root:0.373670673635, 0.289828496583
INFO:root:0.373985724227, 0.29108781296
INFO:root:0.374719826793, 0.291616056076
INFO:root:0.375666176028, 0.292145700092
INFO:root:0.375824963476, 0.292399590056
INFO:root:0.376224366816, 0.293523685686
INFO:root:0.376750304085, 0.295594451734
INFO:root:0.377906480083, 0.295612166902
INFO:root:0.378638251309, 0.296015782478
INFO:root:0.379368596284, 0.295745477582
INFO:root:0.380098946696, 0.29837319335
INFO:root:0.381246801562, 0.298998207411
INFO:root:0.381963646303, 0.300379466886
INFO:root:0.382902057692, 0.30020439974
INFO:root:0.384047413783, 0.301400564522
INFO:root:0.384988668939, 0.301576598546
INFO:root:0.385302970705, 0.303727161007
INFO:root:0.386456365371, 0.303551109745
INFO:root:0.387189745486, 0.30381151889
INFO:root:0.387712877498, 0.307149230298
INFO:root:0.388444670815, 0.305920540284
INFO:root:0.388758564798, 0.30734730867
INFO:root:0.389543606662, 0.308675639793
INFO:root:0.390064783983, 0.308150601899
INFO:root:0.390378659029, 0.309731602132
INFO:root:0.391321431668, 0.310514211388
INFO:root:0.391629351229, 0.310996189914
INFO:root:0.391943093892, 0.312485525541
INFO:root:0.392673813814, 0.312667697527
INFO:root:0.393195926917, 0.312990389259
INFO:root:0.393400946175, 0.313842716296
INFO:root:0.394030282545, 0.314340460039
INFO:root:0.394134229453, 0.315659393431
INFO:root:0.394652748247, 0.315865426535
INFO:root:0.394378121703, 0.316204116481
INFO:root:0.394894414496, 0.31629728738
INFO:root:0.394997501596, 0.317576430951
INFO:root:0.395512805177, 0.317736242577
INFO:root:0.395615823733, 0.319096508054
INFO:root:0.395800320744, 0.319133829635
INFO:root:0.395937783718, 0.319451248998
INFO:root:0.39636295163, 0.319482933543
INFO:root:0.396260599553, 0.320162866345
INFO:root:0.39656008501, 0.320824596321
INFO:root:0.396815263757, 0.321511528641
INFO:root:0.397014425658, 0.321543432345
INFO:root:0.397115329269, 0.322213062353
INFO:root:0.397570853561, 0.322910045506
INFO:root:0.397970642262, 0.323970616476
INFO:root:0.398678742036, 0.323972991913
INFO:root:0.399117843081, 0.324035232426
INFO:root:0.399196551282, 0.324176639224
INFO:root:0.399704950948, 0.324511139378
INFO:root:0.399829133993, 0.325248941257
INFO:root:0.400541012238, 0.325215485891
INFO:root:0.40053561876, 0.325591390425
INFO:root:0.401235425663, 0.326017601326
INFO:root:0.401337672251, 0.327214515198
INFO:root:0.402053611922, 0.327269625916
INFO:root:0.402179894326, 0.327459059148
INFO:root:0.402893221652, 0.327365456667
INFO:root:0.402944929403, 0.327458843821
INFO:root:0.403451902351, 0.327404954234
INFO:root:0.403618384985, 0.328108274047
INFO:root:0.404326040484, 0.328054430359
INFO:root:0.404757292792, 0.328245703718
INFO:root:0.405260918641, 0.328204074248
INFO:root:0.405350448302, 0.328288923586
INFO:root:0.405441243954, 0.32828924128
INFO:root:0.405944185108, 0.328640095591
INFO:root:0.40624634819, 0.328618937259
INFO:root:0.406347591546, 0.328637737459
INFO:root:0.40679029016, 0.328659880817
INFO:root:0.406913094422, 0.328696472688
INFO:root:0.407067491613, 0.328711982565
INFO:root:0.407373254004, 0.328726943715
INFO:root:0.407300195497, 0.328494517971
INFO:root:0.407525363135, 0.328211584408
INFO:root:0.407387359887, 0.328103702395
INFO:root:0.407617946702, 0.328092173395
INFO:root:0.407112972965, 0.328041968308
INFO:root:0.407233994728, 0.328084752371
INFO:root:0.407026003996, 0.328094334229
INFO:root:0.407129086092, 0.328126334186
INFO:root:0.406826820034, 0.32823168359
INFO:root:0.40686762965, 0.328339102946
INFO:root:0.407075145549, 0.328318683303
INFO:root:0.406910423508, 0.32827798802
INFO:root:0.406799521594, 0.328235810202
INFO:root:0.40671808208, 0.328192652906
INFO:root:0.406677143027, 0.328161626682
INFO:root:0.406648856412, 0.328099646602
INFO:root:0.406862371792, 0.328107094684
INFO:root:0.406429119215, 0.328105099651
INFO:root:0.406486186268, 0.328155231107
INFO:root:0.40624497841, 0.328182257258
INFO:root:0.406411845934, 0.328186067971
INFO:root:0.406623573455, 0.328173718956
INFO:root:0.406438447788, 0.328148177185
INFO:root:0.406439566885, 0.328125543616
INFO:root:0.406173010034, 0.328107094076
INFO:root:0.406361034052, 0.328113865969
INFO:root:0.406567182222, 0.328110823437
INFO:root:0.406396629924, 0.328107530218
INFO:root:0.406135083668, 0.328114789476
INFO:root:0.406302072074, 0.328120057754
INFO:root:0.40608176099, 0.328111734474
INFO:root:0.406378628817, 0.328131363711
INFO:root:0.40587543826, 0.328030389718
INFO:root:0.4060133924, 0.328117218625
INFO:root:0.406236749571, 0.328103493182
INFO:root:0.406035107061, 0.328093333491
INFO:root:0.405750814563, 0.328082211206
INFO:root:0.405891834459, 0.32810928592
INFO:root:0.40612913735, 0.328116305722
INFO:root:0.405941639817, 0.328111552115
INFO:root:0.406167581489, 0.328104965999
INFO:root:0.40601519831, 0.328099689786
INFO:root:0.405795089267, 0.328092573067
INFO:root:0.406096327328, 0.328142689713
INFO:root:0.405990091384, 0.328100171814
INFO:root:0.406210100705, 0.328106391075
INFO:root:0.406012799477, 0.328094441422
INFO:root:0.405805123035, 0.328096187794
INFO:root:0.405979064282, 0.328091412719
INFO:root:0.405975846982, 0.328102188895
INFO:root:0.406181644411, 0.328105069191
INFO:root:0.405999392177, 0.328099427969
INFO:root:0.406207167284, 0.328064889912
INFO:root:0.40603651798, 0.328043322872
INFO:root:0.40602377756, 0.328036324053
INFO:root:0.40602280402, 0.328024646586
INFO:root:0.40601500125, 0.32802561705
INFO:root:0.406228250196, 0.328033274129
INFO:root:0.406057229426, 0.328017547642
INFO:root:0.406274937655, 0.327992906118
INFO:root:0.405971578806, 0.327931317539
INFO:root:0.40605135322, 0.328011461541
INFO:root:0.406295694182, 0.328013655641
INFO:root:0.406152094811, 0.327988220052
INFO:root:0.405849938581, 0.327984839146
INFO:root:0.406013938578, 0.327997839467
INFO:root:0.406016388432, 0.328007077438
INFO:root:0.406019867294, 0.3280163391
INFO:root:0.406234910026, 0.328008789113
INFO:root:0.406035009559, 0.328005307541
INFO:root:0.405822755594, 0.328002557314
INFO:root:0.406019817837, 0.328008481497
INFO:root:0.406021333247, 0.328010356734
INFO:root:0.405799321845, 0.328001000245
INFO:root:0.405982621978, 0.328000921493
INFO:root:0.405775583236, 0.328004505739
INFO:root:0.405960854265, 0.328022831964
INFO:root:0.406228420708, 0.32803687339
INFO:root:0.405775185468, 0.328045247947
INFO:root:0.406077013664, 0.328174227996
INFO:root:0.405995552972, 0.328051129728
INFO:root:0.4059927692, 0.328054938149
INFO:root:0.406222495984, 0.328048503381
INFO:root:0.405795859447, 0.328047903923
INFO:root:0.406096407724, 0.328151044291
INFO:root:0.405999273517, 0.328057717042
INFO:root:0.405998199959, 0.328061582971
INFO:root:0.4059955789, 0.328066593316
INFO:root:0.405997734502, 0.328074296493
INFO:root:0.406208980325, 0.328068415892
INFO:root:0.406010222057, 0.328067053983
INFO:root:0.405712734586, 0.328159033064
INFO:root:0.406013519736, 0.328195793981
INFO:root:0.405922653104, 0.328121515421
INFO:root:0.405720582629, 0.328136656002
INFO:root:0.40589284412, 0.328138066011
INFO:root:0.405903435939, 0.328140835486
INFO:root:0.406123339314, 0.328152614136
INFO:root:0.405951394253, 0.328152153575
INFO:root:0.405733445878, 0.328143601162
INFO:root:0.405921442453, 0.32813941034
INFO:root:0.405943651396, 0.328156575144
INFO:root:0.405940549275, 0.328160780075
INFO:root:0.405730209418, 0.328155105126
INFO:root:0.406032240506, 0.328256349694
INFO:root:0.405966421824, 0.328137154737
INFO:root:0.405732606307, 0.328132489074
INFO:root:0.406034529836, 0.328237794202
INFO:root:0.405955471422, 0.328084746933
INFO:root:0.406003366426, 0.328125448594
INFO:root:0.40596022696, 0.328126901046
INFO:root:0.406169707585, 0.328111053693
INFO:root:0.405869307803, 0.328024741474
INFO:root:0.405959112995, 0.328099930021
INFO:root:0.406175810098, 0.328083156905
INFO:root:0.405998068796, 0.32808648603
INFO:root:0.405728845229, 0.328092284293
INFO:root:0.405899802429, 0.328128101729
INFO:root:0.405902033752, 0.32813818484
INFO:root:0.405683235269, 0.328154971168
INFO:root:0.405980880004, 0.328234287394
INFO:root:0.405921241148, 0.328169228104
INFO:root:0.405902718435, 0.328167833512
INFO:root:0.405684736402, 0.32816802985
INFO:root:0.406179164519, 0.328334060032
INFO:root:0.40609661453, 0.328174917099
INFO:root:0.405803709419, 0.328134192828
INFO:root:0.40593036323, 0.328173648913
INFO:root:0.406178828415, 0.328182664073
INFO:root:0.405975449579, 0.328168470442
INFO:root:0.405974097099, 0.328171945864
INFO:root:0.405979974471, 0.328175392552
INFO:root:0.405974378238, 0.328174128325
INFO:root:0.405981899724, 0.328179654593
INFO:root:0.40597359644, 0.328175892115
INFO:root:0.405974746229, 0.32817546144
INFO:root:0.405974169666, 0.328182384775
INFO:root:0.405983060985, 0.328184752353
INFO:root:0.405983178869, 0.328188096717
INFO:root:0.406237941576, 0.32819307239
INFO:root:0.405816981926, 0.328199189033
INFO:root:0.406113552396, 0.328299953243
INFO:root:0.406004375674, 0.328181365759
INFO:root:0.405745190328, 0.328171288344
INFO:root:0.406167556564, 0.328176858823
INFO:root:0.405871093159, 0.328010936918
INFO:root:0.405974413499, 0.328167160262
INFO:root:0.40597028481, 0.328178484644
INFO:root:0.405974721127, 0.328178209474
INFO:root:0.405973813143, 0.328183546073
INFO:root:0.405983108562, 0.328177388981
INFO:root:0.405984852352, 0.328171036344
INFO:root:0.40597006091, 0.328177924945
INFO:root:0.405980090941, 0.328179675385
INFO:root:0.405972491316, 0.328168234262
INFO:root:0.406184171112, 0.328176820841
INFO:root:0.4059803011, 0.328178043203
INFO:root:0.405990482755, 0.328175004032
INFO:root:0.405984234855, 0.328179423642
INFO:root:0.40599162032, 0.328179718626
INFO:root:0.405992283566, 0.328179288357
INFO:root:0.406199784426, 0.328180729961
INFO:root:0.406008330823, 0.328180358526
INFO:root:0.406227250785, 0.328184208334
INFO:root:0.406035071519, 0.328186421206
INFO:root:0.406040688258, 0.328185300417
INFO:root:0.405956487492, 0.32816923161
INFO:root:0.406253805737, 0.328204678282
INFO:root:0.405773609206, 0.328203304479
INFO:root:0.406268957905, 0.32829997208
INFO:root:0.405811785989, 0.328168402938
INFO:root:0.406306299053, 0.328334461646
INFO:root:0.40582050511, 0.328161219226
INFO:root:0.406117071112, 0.328193289624
INFO:root:0.405991100982, 0.328167016004
INFO:root:0.405980727186, 0.328163600585
INFO:root:0.405979689547, 0.328160043325
INFO:root:0.405763665405, 0.328151298876
INFO:root:0.405947944839, 0.328164988886
INFO:root:0.405953408032, 0.328165235237
INFO:root:0.405744894023, 0.328177455914
INFO:root:0.406153822179, 0.328168930076
INFO:root:0.405856028603, 0.32808503746
INFO:root:0.405945591939, 0.328195894963
INFO:root:0.405953512058, 0.328192465294
INFO:root:0.40594886722, 0.328181721033
INFO:root:0.40596021428, 0.328185064054
INFO:root:0.405952962042, 0.328186478997
INFO:root:0.405958648853, 0.32818950076
INFO:root:0.405952976337, 0.328196240427
INFO:root:0.405950328974, 0.32820207187
INFO:root:0.405950464254, 0.32819497555
INFO:root:0.405956163315, 0.32820135964
INFO:root:0.405948674897, 0.328193537228
INFO:root:0.405957384318, 0.328196151318
INFO:root:0.405958717171, 0.328200111947
INFO:root:0.405959926281, 0.328209795805
INFO:root:0.405956121131, 0.328209824298
INFO:root:0.405958495515, 0.328205600084
INFO:root:0.40596348592, 0.328218964284
INFO:root:0.405956332778, 0.328220256004
INFO:root:0.405961275301, 0.328216556328
INFO:root:0.405955650467, 0.328217707566
INFO:root:0.40596443476, 0.328221518724
INFO:root:0.405959682838, 0.328215298653
INFO:root:0.405953811051, 0.328219492352
INFO:root:0.405953504523, 0.328216539019
INFO:root:0.405959347236, 0.328221077912
INFO:root:0.406171051737, 0.32822541129
INFO:root:0.405977646489, 0.3282292884
INFO:root:0.405984126636, 0.328234032525
INFO:root:0.406196508476, 0.328241366584
INFO:root:0.405999378498, 0.328236012096
INFO:root:0.406209018174, 0.328238213288
INFO:root:0.40600625081, 0.328234495309
INFO:root:0.406218385656, 0.328239348441
INFO:root:0.405805411223, 0.328241217274
INFO:root:0.406100883726, 0.3284065846
INFO:root:0.406047572644, 0.328258638741
INFO:root:0.406028820636, 0.328250952916
INFO:root:0.406023134591, 0.328254051479
INFO:root:0.406033228628, 0.328261491752
INFO:root:0.406023017582, 0.328261650281
INFO:root:0.406030133039, 0.32826328329
INFO:root:0.406022245172, 0.328260025366
INFO:root:0.40602643583, 0.328260084742
INFO:root:0.406022650787, 0.328259554873
INFO:root:0.406026085005, 0.328265339046
INFO:root:0.40602365859, 0.328267780485
INFO:root:0.406026270683, 0.328269768125
INFO:root:0.406023336308, 0.328272423182
INFO:root:0.406024344516, 0.328268790417
INFO:root:0.40602549201, 0.328268203139
INFO:root:0.406241861356, 0.328274670849
INFO:root:0.406041649101, 0.328253401336
INFO:root:0.406029885599, 0.328243818134
INFO:root:0.406027100659, 0.328247184295
INFO:root:0.406023226382, 0.328244219442
INFO:root:0.406012527434, 0.32823902683
INFO:root:0.406025069231, 0.328253701499
INFO:root:0.406235856801, 0.328266786635
INFO:root:0.406038254966, 0.328258046907
INFO:root:0.406047875722, 0.328263079218
INFO:root:0.406055333912, 0.328262511109
INFO:root:0.406054156923, 0.32826311369
INFO:root:0.406057977291, 0.32826860038
INFO:root:0.406064407666, 0.328268082692
INFO:root:0.406061184283, 0.328265530661
INFO:root:0.406064240877, 0.328268770897
INFO:root:0.406063093735, 0.328272088603
INFO:root:0.406066004659, 0.328265997863
INFO:root:0.406057998433, 0.328270329267
INFO:root:0.406060523524, 0.32826662645
INFO:root:0.406060164335, 0.328270060511
INFO:root:0.406060292131, 0.328275834666
INFO:root:0.406065060243, 0.328263092494
INFO:root:0.406056666969, 0.328274823798
INFO:root:0.406062662354, 0.328265899788
INFO:root:0.405829510254, 0.32824531379
INFO:root:0.406020074578, 0.328242028815
INFO:root:0.405802537886, 0.328237198639
INFO:root:0.406004048572, 0.328242554851
INFO:root:0.406009549313, 0.328242742034
INFO:root:0.406007674333, 0.328237565318
INFO:root:0.406004747699, 0.328239214221
INFO:root:0.406004516848, 0.328234121989
INFO:root:0.406004887364, 0.328237024077
INFO:root:0.406008397857, 0.328230237064
INFO:root:0.40600761194, 0.328238165744
INFO:root:0.406010838323, 0.32822916228
INFO:root:0.406000767935, 0.328226781702
INFO:root:0.405994919327, 0.328222097199
INFO:root:0.405993434738, 0.328210919645
INFO:root:0.405986467392, 0.32820888904
INFO:root:0.405750822998, 0.328198132691
INFO:root:0.40592112786, 0.328216471089
INFO:root:0.405915737958, 0.328206469749
INFO:root:0.405921049219, 0.328204584849
INFO:root:0.405923242064, 0.328217926187
INFO:root:0.405898229478, 0.32822288235
INFO:root:0.405861377356, 0.328210887092
INFO:root:0.405864693183, 0.328196506898
INFO:root:0.405782208781, 0.328183077518
INFO:root:0.405498917208, 0.328177883964
INFO:root:0.405671458843, 0.328209202793
INFO:root:0.405624769188, 0.328175067572
INFO:root:0.405617619638, 0.328177082821
INFO:root:0.405496025323, 0.328169842945
INFO:root:0.40535222519, 0.328154094091
INFO:root:0.404855456343, 0.328098577304
INFO:root:0.40491607135, 0.328147835493
INFO:root:0.404615659383, 0.328074326802
INFO:root:0.404315223527, 0.328157467266
INFO:root:0.404090802727, 0.328195756926
INFO:root:0.404003666917, 0.328166068335
INFO:root:0.403565141685, 0.328178969718
INFO:root:0.403516332025, 0.328127571502
INFO:root:0.403023647992, 0.327962126988
INFO:root:0.402725756705, 0.328063776222
INFO:root:0.402611949973, 0.328035279089
INFO:root:0.402120087182, 0.327973848877
INFO:root:0.401628495591, 0.327894772538
INFO:root:0.401332404066, 0.327936762052
INFO:root:0.400838599839, 0.327963415171
INFO:root:0.400677475511, 0.327828762088
INFO:root:0.400184820394, 0.327663327283
INFO:root:0.39969174945, 0.327755767148
INFO:root:0.399284092428, 0.327759932417
INFO:root:0.399221196438, 0.327753842629
INFO:root:0.398325566959, 0.327744234982
INFO:root:0.398538803552, 0.327622233519
INFO:root:0.39764376078, 0.327789209948
INFO:root:0.397481320897, 0.327545746003
INFO:root:0.396980923728, 0.327436285851
INFO:root:0.396849831489, 0.32739626152
INFO:root:0.39615083583, 0.327221785085
INFO:root:0.396072949493, 0.327160498888
INFO:root:0.395573049062, 0.3270380356
INFO:root:0.395273876595, 0.327072981055
INFO:root:0.394776272732, 0.326890834807
INFO:root:0.39472982948, 0.326852863325
INFO:root:0.394032786252, 0.326386463086
INFO:root:0.393734004457, 0.326647869875
INFO:root:0.393233587166, 0.326520268769
INFO:root:0.393100064948, 0.326486990512
INFO:root:0.392601634867, 0.32631961646
INFO:root:0.392102759186, 0.326483965196
INFO:root:0.391964016915, 0.326390023793
INFO:root:0.391663818478, 0.326389782192
INFO:root:0.39116392269, 0.326414116743
INFO:root:0.391005561396, 0.326326767837
INFO:root:0.390534149229, 0.326322968898
INFO:root:0.390117314654, 0.326243015111
INFO:root:0.390002155639, 0.326141610757
INFO:root:0.389502155796, 0.326091908453
INFO:root:0.389396416046, 0.326074461171
INFO:root:0.388894343279, 0.326050863828
INFO:root:0.388448369575, 0.326043797309
INFO:root:0.388428224304, 0.326002189004
INFO:root:0.387724063143, 0.325962297186
INFO:root:0.387420588374, 0.325959435413
INFO:root:0.387266292917, 0.32566948881
INFO:root:0.386759808387, 0.325824407358
INFO:root:0.386322012464, 0.325738903924
INFO:root:0.3862674379, 0.325516564407
INFO:root:0.385760762839, 0.325630534319
INFO:root:0.385634889318, 0.325353222582
INFO:root:0.385128906917, 0.325198687215
INFO:root:0.384825628507, 0.325194396081
INFO:root:0.384666643767, 0.32514168723
INFO:root:0.384231911978, 0.325129594996
INFO:root:0.383786494281, 0.325098066744
INFO:root:0.383483279932, 0.325127836504
INFO:root:0.383305876202, 0.325121460485
INFO:root:0.382849894253, 0.32502155284
INFO:root:0.382765608132, 0.324914237958
INFO:root:0.382263510321, 0.324838727558
INFO:root:0.381961750305, 0.324920826054
INFO:root:0.381809006538, 0.324886270978
INFO:root:0.381306750204, 0.324845801819
INFO:root:0.380910630053, 0.324790852982
INFO:root:0.380828384257, 0.324760785185
INFO:root:0.380325734778, 0.324717968276
INFO:root:0.380023819185, 0.324690167804
INFO:root:0.380021890304, 0.324659397829
INFO:root:0.379516039167, 0.324657500562
INFO:root:0.379109533087, 0.32458102069
INFO:root:0.379345630478, 0.324536085663
INFO:root:0.378837117028, 0.324495026105
INFO:root:0.378725449551, 0.324470484095
INFO:root:0.378421322735, 0.32442882618
INFO:root:0.378116779743, 0.324451400871
INFO:root:0.378072977664, 0.324270987134
INFO:root:0.378037475606, 0.324229785278
INFO:root:0.377628932871, 0.324235599205
INFO:root:0.377621630029, 0.324211027951
INFO:root:0.377482622298, 0.324162030098
INFO:root:0.377323800112, 0.324117121816
INFO:root:0.377018070314, 0.324115569544
INFO:root:0.377239739003, 0.324095276594
INFO:root:0.376728262133, 0.324116975326
INFO:root:0.376689844285, 0.324045575064
INFO:root:0.376627533798, 0.32402366086
INFO:root:0.376544365999, 0.32395855703
INFO:root:0.376506603767, 0.323925562615
INFO:root:0.376488941098, 0.323906242151
INFO:root:0.376223490564, 0.323930406011
INFO:root:0.376532714855, 0.32394985547
INFO:root:0.376377959852, 0.323935732555
INFO:root:0.376611255628, 0.323947553644
INFO:root:0.376439351534, 0.323926891786
INFO:root:0.376203776036, 0.323918327921
INFO:root:0.37651272255, 0.324005562429
INFO:root:0.37640646328, 0.323939135955
INFO:root:0.37641347416, 0.323932391322
INFO:root:0.376405581106, 0.323927438815
INFO:root:0.376397116675, 0.323924316102
INFO:root:0.376404129352, 0.32392036664
INFO:root:0.37618527621, 0.323913694037
INFO:root:0.376605331652, 0.323907519899
INFO:root:0.376296339306, 0.323777497196
INFO:root:0.376398092239, 0.32391253907
INFO:root:0.376619715719, 0.323904046101
INFO:root:0.376424558443, 0.323904974023
INFO:root:0.376410834684, 0.323892529582
INFO:root:0.376399752136, 0.323898489879
INFO:root:0.376621472765, 0.323901431839
INFO:root:0.376414454168, 0.323907121088
INFO:root:0.376421969635, 0.323909324073
INFO:root:0.376414772093, 0.323906007851
INFO:root:0.376412739316, 0.323902457218
INFO:root:0.376411798429, 0.323901837083
INFO:root:0.37641439161, 0.323909129758
INFO:root:0.376411756958, 0.323906276274
INFO:root:0.376411571577, 0.323903345548
INFO:root:0.376410496287, 0.32390473593
INFO:root:0.376411587978, 0.323906879702
INFO:root:0.37641711119, 0.323909635596
INFO:root:0.376414838469, 0.323912932127
INFO:root:0.376421388393, 0.323925792372
INFO:root:0.376426373584, 0.323929807089
INFO:root:0.376426001975, 0.323930739465
INFO:root:0.376430431213, 0.323925953242
INFO:root:0.376422722523, 0.323923095919
INFO:root:0.376426873997, 0.323926661916
INFO:root:0.376422706295, 0.32392821456
INFO:root:0.376424203725, 0.32391969068
INFO:root:0.376427404729, 0.32391470066
INFO:root:0.376432173429, 0.323914556975
INFO:root:0.376430809334, 0.32391350434
INFO:root:0.376434529058, 0.323923482575
INFO:root:0.376434500706, 0.323918852536
INFO:root:0.376433707142, 0.323912064813
INFO:root:0.376430200075, 0.323915273142
INFO:root:0.376427758114, 0.323910473215
INFO:root:0.376427395907, 0.323911074564
INFO:root:0.376433623493, 0.323904521286
INFO:root:0.37642432464, 0.323906570511
INFO:root:0.376424470585, 0.32391100659
INFO:root:0.376432709729, 0.323918418398
INFO:root:0.376435387868, 0.323916750543
INFO:root:0.376438916688, 0.323917518503
INFO:root:0.376441346467, 0.323921341634
INFO:root:0.3764434263, 0.323930436227
INFO:root:0.376437137048, 0.323918307399
INFO:root:0.376444057713, 0.323926248508
INFO:root:0.37643922657, 0.323923087888
INFO:root:0.376437809404, 0.323926722284
INFO:root:0.37643936249, 0.323916468947
INFO:root:0.376432708413, 0.323913148057
INFO:root:0.376423199524, 0.32391620558
INFO:root:0.376415424369, 0.32389787174
INFO:root:0.376420429617, 0.323900604632
INFO:root:0.376410019594, 0.323901718202
INFO:root:0.376408914211, 0.323895491173
INFO:root:0.376417060827, 0.323893574347
INFO:root:0.376416625539, 0.323889808409
INFO:root:0.376413621937, 0.323887865801
INFO:root:0.376439842386, 0.323927981588
INFO:root:0.376451043605, 0.323930344375
INFO:root:0.376450816736, 0.323928909195
INFO:root:0.376687210943, 0.323930900235
INFO:root:0.376379776173, 0.323758837977
INFO:root:0.376466361849, 0.323918143234
INFO:root:0.376469293844, 0.323907445278
INFO:root:0.376473445778, 0.323906896963
INFO:root:0.376480484986, 0.323906965304
INFO:root:0.376483098611, 0.323911660959
INFO:root:0.376490104493, 0.323910610184
INFO:root:0.37649735733, 0.323906680056
INFO:root:0.376497228062, 0.323892376249
INFO:root:0.376500676104, 0.32388686581
INFO:root:0.376497566073, 0.323895333915
INFO:root:0.376500967859, 0.323890780985
INFO:root:0.376494167484, 0.32389360922
INFO:root:0.376274078459, 0.323891009242
INFO:root:0.376468858309, 0.32390048266
INFO:root:0.376250292704, 0.323893337558
INFO:root:0.376442476969, 0.323906883485
INFO:root:0.376439912499, 0.323910051477
INFO:root:0.376432819028, 0.323900799801
INFO:root:0.376439319354, 0.323908607736
INFO:root:0.37643485918, 0.323889063406
INFO:root:0.376433396294, 0.323898540082
INFO:root:0.376436305865, 0.323895607407
INFO:root:0.376443024692, 0.323892139104
INFO:root:0.37643298405, 0.323887839895
INFO:root:0.376437331296, 0.323900872582
INFO:root:0.37644407918, 0.323897934473
INFO:root:0.376455103751, 0.323906445114
INFO:root:0.376443735848, 0.323899237546
INFO:root:0.376437637828, 0.323879718631
INFO:root:0.376437289569, 0.32389079628
INFO:root:0.376434057395, 0.323892654095
INFO:root:0.376431979203, 0.323897662909
INFO:root:0.376426702057, 0.323887521252
INFO:root:0.376429678478, 0.323898939665
INFO:root:0.376434131479, 0.323884207242
INFO:root:0.376430475257, 0.323885304261
INFO:root:0.376428409138, 0.323881461674
INFO:root:0.376425447137, 0.323877340249
INFO:root:0.376420910537, 0.323871968066
INFO:root:0.376420871748, 0.323867367542
INFO:root:0.376423968773, 0.323873928829
INFO:root:0.376427861698, 0.323884500057
INFO:root:0.376430343739, 0.323890776112
INFO:root:0.376439911334, 0.323905529463
INFO:root:0.376447311666, 0.323894095169
INFO:root:0.376438666493, 0.32389471439
INFO:root:0.3764358578, 0.323894462717
INFO:root:0.376436340727, 0.323898022767
INFO:root:0.376455891338, 0.323903847487
INFO:root:0.376450709512, 0.323896297391
INFO:root:0.376457927551, 0.323890628307
INFO:root:0.376464127001, 0.323884377236
INFO:root:0.376461091786, 0.323892903831
INFO:root:0.376465754156, 0.323890792104
INFO:root:0.376471005786, 0.323886595256
INFO:root:0.376480300258, 0.32389222859
INFO:root:0.376715239253, 0.323915751279
INFO:root:0.376294238743, 0.323912247266
INFO:root:0.376810030803, 0.324085451513
INFO:root:0.37628991968, 0.3239235984
INFO:root:0.376602015094, 0.324063235828
INFO:root:0.376577545226, 0.323927789384
INFO:root:0.376354022391, 0.323931931159
INFO:root:0.376773722703, 0.323942162512
INFO:root:0.37661876817, 0.323935949619
INFO:root:0.376675426893, 0.323951331841
INFO:root:0.376699323461, 0.323948076269
INFO:root:0.376474206538, 0.323947009854
INFO:root:0.376911635515, 0.323944140989
INFO:root:0.376599601871, 0.323899214529
INFO:root:0.376776222, 0.323949639581
INFO:root:0.376863619148, 0.323988153149
INFO:root:0.376976814774, 0.323999112854
INFO:root:0.37704483389, 0.324053525764
INFO:root:0.377360939337, 0.324064872173
INFO:root:0.377197427391, 0.324050800965
INFO:root:0.377221064889, 0.324066292792
INFO:root:0.377289782594, 0.324088724752
INFO:root:0.377539679187, 0.324088439486
INFO:root:0.377469251357, 0.324083902314
INFO:root:0.37746772975, 0.324101313304
INFO:root:0.377785206443, 0.324095941596
INFO:root:0.377686608119, 0.324069240682
INFO:root:0.377826556013, 0.324068780438
INFO:root:0.377932733771, 0.324090549461
INFO:root:0.377969092678, 0.324151829878
INFO:root:0.377946880868, 0.324148384838
INFO:root:0.378094596702, 0.324160786953
INFO:root:0.378192970947, 0.324206212368
INFO:root:0.378509553793, 0.32418407971
INFO:root:0.378941560183, 0.324227931455
INFO:root:0.378945291475, 0.324249253719
INFO:root:0.37902603164, 0.324255429273
INFO:root:0.379132435503, 0.324272301815
INFO:root:0.379448211081, 0.324284953736
INFO:root:0.379418991553, 0.324245365493
INFO:root:0.379459934591, 0.324260421474
INFO:root:0.379777526563, 0.324294612208
INFO:root:0.380094943338, 0.324280624135
INFO:root:0.379844426634, 0.324289331459
INFO:root:0.380364951336, 0.324316281651
INFO:root:0.380333207894, 0.324304116468
INFO:root:0.380455744324, 0.324305421109
INFO:root:0.380622885172, 0.324348035121
INFO:root:0.38082120658, 0.3243529077
INFO:root:0.380886501173, 0.324369665998
INFO:root:0.381041651132, 0.324407539658
INFO:root:0.381222533387, 0.324414516594
INFO:root:0.381534973843, 0.324394124603
INFO:root:0.38131507158, 0.324473278307
INFO:root:0.381834938634, 0.324575539916
INFO:root:0.381912978498, 0.324600218134
INFO:root:0.382223259393, 0.324505637541
INFO:root:0.382301917151, 0.324550986773
INFO:root:0.382723625592, 0.324678198075
INFO:root:0.382690034048, 0.324633350334
INFO:root:0.382885458982, 0.324650660581
INFO:root:0.38299956988, 0.324673136513
INFO:root:0.383510414717, 0.324680456284
INFO:root:0.383286414561, 0.324733658181
INFO:root:0.383799003322, 0.324773571649
INFO:root:0.384037999752, 0.324757422077
INFO:root:0.384170835528, 0.324777590494
INFO:root:0.384280629559, 0.324822480013
INFO:root:0.384797707406, 0.324872311168
INFO:root:0.384784715941, 0.324869668858
INFO:root:0.385300848033, 0.324985032902
INFO:root:0.385277242706, 0.324909467806
INFO:root:0.385441469146, 0.325224753796
INFO:root:0.385602035214, 0.325292930079
INFO:root:0.38602531497, 0.325352247971
INFO:root:0.386168605654, 0.325393587135
INFO:root:0.386361330762, 0.32545366702
INFO:root:0.386395376389, 0.325481754458
INFO:root:0.386903415953, 0.325488815756
INFO:root:0.387210525598, 0.325528141381
INFO:root:0.38726771225, 0.325566888674
INFO:root:0.387387699689, 0.325590070557
INFO:root:0.387902829064, 0.325639280187
INFO:root:0.388163086043, 0.325618251642
INFO:root:0.388177017346, 0.32569897316
INFO:root:0.38829008816, 0.325731919963
INFO:root:0.388766298328, 0.325729938126
INFO:root:0.388850290937, 0.325762449794
INFO:root:0.389032469344, 0.325775510773
INFO:root:0.389111739389, 0.325807026623
INFO:root:0.389281882899, 0.325860794221
INFO:root:0.389736207474, 0.325949248381
INFO:root:0.389817418026, 0.325983359205
INFO:root:0.390124732166, 0.325994222563
INFO:root:0.390380138379, 0.325980257913
INFO:root:0.390451930845, 0.32599137063
INFO:root:0.390643671363, 0.326072118401
INFO:root:0.391106198545, 0.326081972462
INFO:root:0.391108506928, 0.326086475184
INFO:root:0.391305187606, 0.326112681973
INFO:root:0.391809330653, 0.326097984834
INFO:root:0.391814729798, 0.326218018658
INFO:root:0.391961757848, 0.326297783196
INFO:root:0.39246196797, 0.326313791674
INFO:root:0.39258876561, 0.326333543698
INFO:root:0.392680994415, 0.326352489158
INFO:root:0.393179060086, 0.326383518611
INFO:root:0.393456377543, 0.326346180177
INFO:root:0.393565768259, 0.326461965704
INFO:root:0.393700062895, 0.326470237411
INFO:root:0.394191154657, 0.326489427073
INFO:root:0.39460665005, 0.326517183864
INFO:root:0.394358076216, 0.326581717464
INFO:root:0.394847829352, 0.326578583529
INFO:root:0.395336848062, 0.326678222435
INFO:root:0.395457002329, 0.326783997503
INFO:root:0.395736710097, 0.326764246676
INFO:root:0.395969109116, 0.32673937203
INFO:root:0.396000572603, 0.326866430776
INFO:root:0.396077775969, 0.326867740822
INFO:root:0.396569654035, 0.326945062051
INFO:root:0.396339783262, 0.326946095381
INFO:root:0.39702862111, 0.326975117776
INFO:root:0.397125602035, 0.327029080233
INFO:root:0.397511959427, 0.327046518343
INFO:root:0.397547951645, 0.327049004457
INFO:root:0.398039054828, 0.32703313801
INFO:root:0.398059843162, 0.327043683409
INFO:root:0.39835426687, 0.327050554451
INFO:root:0.398450919418, 0.32709732757
INFO:root:0.398898835596, 0.327146191581
INFO:root:0.398931611551, 0.327151251634
INFO:root:0.399095586519, 0.327162155221
INFO:root:0.3995039975, 0.327194404017
INFO:root:0.399230428943, 0.327319126495
INFO:root:0.399714602663, 0.327349386986
INFO:root:0.400003782352, 0.327320247439
INFO:root:0.400048779531, 0.327369261854
INFO:root:0.40020833348, 0.327445247327
INFO:root:0.400496331778, 0.327426852432
INFO:root:0.4007842035, 0.327370985562
INFO:root:0.400496849948, 0.327382095329
INFO:root:0.400975710495, 0.327408703744
INFO:root:0.400763078784, 0.327407450256
INFO:root:0.40124237842, 0.327418545511
INFO:root:0.400955042916, 0.327381174219
INFO:root:0.401113844636, 0.327430005818
INFO:root:0.401327562918, 0.327419918716
INFO:root:0.401041149774, 0.327352047982
INFO:root:0.401130907478, 0.327425834011
INFO:root:0.401132352372, 0.327427530048
INFO:root:0.400927588326, 0.327425470936
INFO:root:0.40111705381, 0.327443873249
INFO:root:0.401118323795, 0.32745094183
INFO:root:0.401115140574, 0.327447604243
INFO:root:0.400899564022, 0.327463851056
INFO:root:0.401061468645, 0.327507504119
INFO:root:0.401060205213, 0.327497648565
INFO:root:0.401066534928, 0.327506653646
INFO:root:0.401060534579, 0.327508227742
INFO:root:0.401066883361, 0.327508582822
INFO:root:0.40106843393, 0.327516781878
INFO:root:0.401059998215, 0.327511062973
INFO:root:0.401072012361, 0.327526645925
INFO:root:0.401073607106, 0.32754056955
INFO:root:0.401080469401, 0.327537664558
INFO:root:0.401077483599, 0.327538686494
INFO:root:0.40086730776, 0.327520786248
INFO:root:0.401054470983, 0.327529548154
INFO:root:0.400847620387, 0.327527246157
INFO:root:0.401036778934, 0.327534176137
INFO:root:0.401029797376, 0.327528516187
INFO:root:0.401034319187, 0.327528146424
INFO:root:0.401030786719, 0.327520961343
INFO:root:0.401029985282, 0.327517829888
INFO:root:0.401030698743, 0.327516228976
INFO:root:0.401026756475, 0.327508077229
INFO:root:0.401021034287, 0.327499738718
INFO:root:0.401024629228, 0.327506943404
INFO:root:0.401029996359, 0.327515363594
INFO:root:0.400825698122, 0.327507721278
INFO:root:0.401007401546, 0.327524038676
INFO:root:0.400808608659, 0.32755299816
INFO:root:0.401098146117, 0.327630814858
INFO:root:0.401026122394, 0.327532169102
INFO:root:0.400810865512, 0.32755900601
INFO:root:0.401100359153, 0.327656591591
INFO:root:0.401031489894, 0.32754408913
INFO:root:0.400827026042, 0.327572082619
INFO:root:0.401116154278, 0.327664828305
INFO:root:0.401025595435, 0.327543126462
INFO:root:0.401025150617, 0.327585698443
INFO:root:0.40102262151, 0.327582985986
INFO:root:0.401019296384, 0.327570640741
INFO:root:0.401013583576, 0.327569675848
INFO:root:0.401028509409, 0.327570246873
INFO:root:0.401030072488, 0.327575384128
INFO:root:0.40103655263, 0.327567106209
INFO:root:0.401036286082, 0.327570377091
INFO:root:0.401030712413, 0.3275610523
INFO:root:0.401033920062, 0.327570542458
INFO:root:0.40124324703, 0.327574661276
INFO:root:0.400955130586, 0.327423401941
INFO:root:0.40104696675, 0.327556355363
INFO:root:0.401060190715, 0.32756309432
INFO:root:0.401048749065, 0.327566105649
INFO:root:0.401063438366, 0.327565702881
INFO:root:0.401270887637, 0.327566674505
INFO:root:0.401091415725, 0.327554388185
INFO:root:0.401295461612, 0.327555324427
INFO:root:0.401114338854, 0.327534531627
INFO:root:0.401113478659, 0.327538975579
INFO:root:0.40111478103, 0.32753848109
INFO:root:0.401116336138, 0.327539442663
INFO:root:0.40111944838, 0.327545626169
INFO:root:0.401110860352, 0.327538645505
INFO:root:0.40110949596, 0.327533409026
INFO:root:0.401106160547, 0.327539528062
INFO:root:0.401100859664, 0.32753393463
INFO:root:0.40110412873, 0.327534835559
INFO:root:0.401101924887, 0.327528455348
INFO:root:0.401110973144, 0.327537173095
INFO:root:0.401115853017, 0.327551768252
INFO:root:0.401114687864, 0.327546955764
INFO:root:0.401114791823, 0.327553327035
INFO:root:0.401115064315, 0.327553379286
INFO:root:0.401116701794, 0.327553398772
INFO:root:0.401118749707, 0.327553764542
INFO:root:0.401118747576, 0.327552295722
INFO:root:0.401118221563, 0.327555937916
INFO:root:0.401118194047, 0.327558153387
INFO:root:0.401121089262, 0.327560113556
INFO:root:0.401116513057, 0.327557265745
INFO:root:0.401119726377, 0.327563516529
INFO:root:0.401121226372, 0.327559358782
INFO:root:0.401111576565, 0.32755946882
INFO:root:0.401116851148, 0.327560483533
INFO:root:0.401119801936, 0.327562828124
INFO:root:0.401123414842, 0.327565648291
INFO:root:0.401124582014, 0.32755800297
INFO:root:0.401123451573, 0.327559747826
INFO:root:0.4011237097, 0.327566299828
