INFO:root:0.0772569444444, 0.115603452467
INFO:root:0.0775511932819, 0.113967852255
INFO:root:0.0781428294399, 0.113799890179
INFO:root:0.0776810039327, 0.113769520931
INFO:root:0.0783729172497, 0.113433812034
INFO:root:0.0778874324061, 0.1131276168
INFO:root:0.0787691432128, 0.11294127149
INFO:root:0.0786086734258, 0.11241893411
INFO:root:0.0800821505012, 0.112829838392
INFO:root:0.0803044615669, 0.111802629223
INFO:root:0.0798120639707, 0.111007821608
INFO:root:0.0801087461048, 0.110265139133
INFO:root:0.0796745252791, 0.109668789815
INFO:root:0.0799717246621, 0.108581781376
INFO:root:0.0808595419089, 0.107942339583
INFO:root:0.0811556200479, 0.10691880977
INFO:root:0.0806665425308, 0.106118587408
INFO:root:0.0805607368433, 0.105493318367
INFO:root:0.079968496454, 0.104416703275
INFO:root:0.0785071392171, 0.104198041974
INFO:root:0.0782547413596, 0.104088942754
INFO:root:0.0773727147838, 0.10430994048
INFO:root:0.0786710877041, 0.104431139839
INFO:root:0.0777876961401, 0.104389571686
INFO:root:0.0786690623963, 0.104247760667
INFO:root:0.0782922497178, 0.10383380636
INFO:root:0.0776285777401, 0.103925915367
INFO:root:0.0778775552703, 0.104557618827
INFO:root:0.076991977856, 0.104812562383
INFO:root:0.0762990365986, 0.104821778994
INFO:root:0.077185493366, 0.104513783625
INFO:root:0.0769409321781, 0.10418112583
INFO:root:0.077005535895, 0.104548800822
INFO:root:0.0763985157894, 0.104760946409
INFO:root:0.0768179342696, 0.104792920694
INFO:root:0.0759278711145, 0.104915520864
INFO:root:0.0771688133409, 0.104924103511
INFO:root:0.0762719680554, 0.104864868385
INFO:root:0.0777684493706, 0.104946713531
INFO:root:0.0775741968175, 0.10436324736
INFO:root:0.0775984817292, 0.104522366535
INFO:root:0.0777162487733, 0.104697189332
INFO:root:0.0768326749276, 0.105141774225
INFO:root:0.077313969966, 0.10533857879
INFO:root:0.0773845123287, 0.105528315304
INFO:root:0.0771785211511, 0.105261476368
INFO:root:0.0769370076503, 0.105087139318
INFO:root:0.0754507740557, 0.104897203788
INFO:root:0.0747112092447, 0.105256067145
INFO:root:0.0748971175756, 0.105754417008
INFO:root:0.0749977780121, 0.106173420606
INFO:root:0.0755209903534, 0.106799216546
INFO:root:0.0764138760815, 0.106385465381
INFO:root:0.0760350177721, 0.105787488675
INFO:root:0.0757562256561, 0.105245563759
INFO:root:0.0745254311501, 0.104956375755
INFO:root:0.0745307678318, 0.104999333138
INFO:root:0.0732767880223, 0.104986120907
INFO:root:0.07417532861, 0.104420960403
INFO:root:0.0739718588107, 0.103840683503
INFO:root:0.0748674937474, 0.102985983437
INFO:root:0.0757629811679, 0.10265463463
INFO:root:0.0757409992383, 0.102369947782
INFO:root:0.0763504161839, 0.101942210762
INFO:root:0.0748507056626, 0.101651275657
INFO:root:0.0745392385823, 0.101039097661
INFO:root:0.0741695227744, 0.100512025397
INFO:root:0.0741445165427, 0.099741569859
INFO:root:0.0750327264365, 0.0992153554034
INFO:root:0.0753289833907, 0.0985009806651
INFO:root:0.0756260501697, 0.0972583483871
INFO:root:0.0753295700285, 0.0953124614059
INFO:root:0.0734539113468, 0.094493638773
INFO:root:0.0732793097138, 0.0942506386525
INFO:root:0.0727952336636, 0.0941460547752
INFO:root:0.0718975745538, 0.0941540173641
INFO:root:0.0722009950126, 0.0947547562319
INFO:root:0.0720966014346, 0.0956349155427
INFO:root:0.0741916963023, 0.0964217241552
INFO:root:0.0732924738019, 0.0970122776775
INFO:root:0.0747946309131, 0.0976412095437
INFO:root:0.0741996713728, 0.0969137772706
INFO:root:0.0750974749924, 0.0954159633558
INFO:root:0.0751629067232, 0.0937844029412
INFO:root:0.0745560764535, 0.0924384774648
INFO:root:0.0742241237059, 0.0918960756091
INFO:root:0.0729727313517, 0.0911734585563
INFO:root:0.0723377401979, 0.0901167733064
INFO:root:0.0708447585112, 0.0893072388308
INFO:root:0.0694830410781, 0.0892044933504
INFO:root:0.0697018569714, 0.0892383982814
INFO:root:0.0704999761847, 0.0891696237161
INFO:root:0.0713931181357, 0.0891601356506
INFO:root:0.0714581835414, 0.0891924658254
INFO:root:0.0719523187935, 0.0894680968685
INFO:root:0.0719714406111, 0.0901922761355
INFO:root:0.0710779664795, 0.0906075437057
INFO:root:0.0707797570442, 0.0919183505957
INFO:root:0.0710158394912, 0.0923369849979
INFO:root:0.0707177582565, 0.0933567085241
INFO:root:0.0722132577116, 0.0934692096269
INFO:root:0.0724983022972, 0.0938741817987
INFO:root:0.0727881292392, 0.094221904085
INFO:root:0.072170545975, 0.0946692683482
INFO:root:0.0725345093018, 0.0953787910522
INFO:root:0.0719236173874, 0.0956961059412
INFO:root:0.0732182991506, 0.0958139289279
INFO:root:0.0729486274508, 0.0955855652251
INFO:root:0.0738493805237, 0.0953366049375
INFO:root:0.0729476546146, 0.0952986359402
INFO:root:0.0732933801856, 0.095397982674
INFO:root:0.072646159627, 0.095451235454
INFO:root:0.0735484423591, 0.09549714047
INFO:root:0.0731242991842, 0.0950457068041
INFO:root:0.0729903839692, 0.0946039245033
INFO:root:0.0730250289936, 0.094702337344
INFO:root:0.0732449471804, 0.0949989335313
INFO:root:0.0737043377154, 0.0957381377649
INFO:root:0.0751093229879, 0.096176996512
INFO:root:0.0750505027917, 0.0961285429745
INFO:root:0.0750441175984, 0.0958490924497
INFO:root:0.0747926958482, 0.0956645407899
INFO:root:0.0738927218912, 0.0958059536408
INFO:root:0.0742564166511, 0.0963357933944
INFO:root:0.0733588737868, 0.0970651941049
INFO:root:0.0747318788076, 0.0974831480208
INFO:root:0.0738335693695, 0.0975401608324
INFO:root:0.0742419735545, 0.0979944737063
INFO:root:0.0744586827953, 0.0981904810892
INFO:root:0.0751997617016, 0.0982225182796
INFO:root:0.074297939586, 0.0988518332439
INFO:root:0.0747577255722, 0.0996044980035
INFO:root:0.0744560446553, 0.100722510101
INFO:root:0.0754800469062, 0.101852779674
INFO:root:0.0751779547616, 0.103059764943
INFO:root:0.0756366904039, 0.103492971574
INFO:root:0.0748440318946, 0.103728315199
INFO:root:0.0750739259314, 0.103756510108
INFO:root:0.0749489173082, 0.103756922652
INFO:root:0.0742884982988, 0.104369404028
INFO:root:0.0757905365151, 0.105273605875
INFO:root:0.076572448448, 0.106409760464
INFO:root:0.0778836759266, 0.108385144815
INFO:root:0.0786025063587, 0.109899291608
INFO:root:0.0786247121263, 0.110658900566
INFO:root:0.0777283551765, 0.110912126747
INFO:root:0.0776892748873, 0.110871205051
INFO:root:0.0782881207431, 0.110844264876
INFO:root:0.0780360107234, 0.110679727696
INFO:root:0.0786442594004, 0.110449144677
INFO:root:0.0777800915565, 0.109598554207
INFO:root:0.0779986066364, 0.108779763363
INFO:root:0.07655400369, 0.108384130635
INFO:root:0.076833654176, 0.108638300863
INFO:root:0.0759365276516, 0.108784659637
INFO:root:0.075842905006, 0.108709687613
INFO:root:0.0755912785255, 0.108450886652
INFO:root:0.0753868411727, 0.108390693402
INFO:root:0.0747460557797, 0.109055165968
INFO:root:0.0760766994425, 0.109763656165
INFO:root:0.075181177222, 0.110191772267
INFO:root:0.0765676455852, 0.110279666904
INFO:root:0.0756822821301, 0.110664626904
INFO:root:0.0762450935728, 0.111080415369
INFO:root:0.0756312985503, 0.111195530899
INFO:root:0.0765351245253, 0.111303178934
INFO:root:0.0764691024895, 0.110915709017
INFO:root:0.0773714924729, 0.110888793396
INFO:root:0.0773069178236, 0.110507524968
INFO:root:0.0782063488033, 0.110446390751
INFO:root:0.0775311044601, 0.110478176402
INFO:root:0.0796312843499, 0.110362432989
INFO:root:0.0797721471511, 0.110752339336
INFO:root:0.0812701569105, 0.111055867048
INFO:root:0.0817399612359, 0.111668082636
INFO:root:0.0823578970384, 0.112998105839
INFO:root:0.0820593047303, 0.114566460483
INFO:root:0.0819214415483, 0.11593294415
INFO:root:0.0821730464457, 0.116190598783
INFO:root:0.081923579339, 0.116131307397
INFO:root:0.0826018342243, 0.115999491487
INFO:root:0.0824984154365, 0.115679786996
INFO:root:0.0833884555014, 0.115174152259
INFO:root:0.0829178053135, 0.114672077202
INFO:root:0.0832149490183, 0.113689496714
INFO:root:0.081400178447, 0.112782557906
INFO:root:0.0811523215637, 0.112476748668
INFO:root:0.0808015336469, 0.112215770825
INFO:root:0.081439625147, 0.111602676947
INFO:root:0.0800011934496, 0.110845527422
INFO:root:0.0802977561319, 0.110200142792
INFO:root:0.0795990273715, 0.109226615432
INFO:root:0.079895232555, 0.108460433185
INFO:root:0.0787840513844, 0.107634988516
INFO:root:0.0784442445127, 0.10741369246
INFO:root:0.0782068732677, 0.107110889189
INFO:root:0.0780286977893, 0.106860162312
INFO:root:0.0771375170762, 0.107058214621
INFO:root:0.0771816723198, 0.107574332456
INFO:root:0.0762891164458, 0.108315030362
INFO:root:0.07620959937, 0.10828081596
INFO:root:0.0768093506999, 0.107749816951
INFO:root:0.0764625098588, 0.10765758631
INFO:root:0.0771843057854, 0.107371772659
INFO:root:0.0766994060183, 0.10714264725
INFO:root:0.0759706727988, 0.107240392908
INFO:root:0.0768614339503, 0.107271163952
INFO:root:0.0756372307728, 0.107107436034
INFO:root:0.0769609226043, 0.107198716531
INFO:root:0.0766628128475, 0.108312837321
INFO:root:0.0793393674191, 0.109436425462
INFO:root:0.0806626595964, 0.11005989451
INFO:root:0.0810272850883, 0.110311112424
INFO:root:0.0812302669637, 0.110352805569
INFO:root:0.0803346672865, 0.110289097199
INFO:root:0.0794409742571, 0.110346472016
INFO:root:0.0786891954518, 0.110678630331
INFO:root:0.0793392413827, 0.110287266786
INFO:root:0.0787803377937, 0.109787642037
INFO:root:0.0796738419951, 0.109428347243
INFO:root:0.0805703520481, 0.108727268827
INFO:root:0.0814676972933, 0.107970135394
INFO:root:0.0811729929399, 0.107622914433
INFO:root:0.081813187391, 0.107604968446
INFO:root:0.080320253244, 0.107299628987
INFO:root:0.0796955260807, 0.107803450872
INFO:root:0.0787969189374, 0.107731809994
INFO:root:0.0781352260305, 0.108170181637
INFO:root:0.0785233091479, 0.108635586946
INFO:root:0.0787480232197, 0.108636820456
INFO:root:0.0796403952384, 0.108342177797
INFO:root:0.0799380355019, 0.107313537467
INFO:root:0.0802354714044, 0.106063263521
INFO:root:0.0804803202768, 0.105174646909
INFO:root:0.0798197012456, 0.103947794812
INFO:root:0.0801171354183, 0.103084827179
INFO:root:0.0800687115463, 0.102638686824
INFO:root:0.0800401899487, 0.102339961067
INFO:root:0.0796177085802, 0.101976185956
INFO:root:0.0787140104889, 0.100682316995
INFO:root:0.0777256741592, 0.0996985658623
INFO:root:0.0777972125608, 0.0987974278089
INFO:root:0.0771145301606, 0.0978018315798
INFO:root:0.0780075341726, 0.0973187967094
INFO:root:0.0777731665795, 0.0967942742267
INFO:root:0.0777329831322, 0.0961965491035
INFO:root:0.076534370564, 0.0956856695471
INFO:root:0.0762003738243, 0.0952262677913
INFO:root:0.075609153252, 0.0949630334107
INFO:root:0.0755304898104, 0.0946750156668
INFO:root:0.0764220664634, 0.0933153780896
INFO:root:0.0767189778924, 0.0924518169868
INFO:root:0.0763908474785, 0.0917076380027
INFO:root:0.0772232765396, 0.0915964344551
INFO:root:0.0767061921335, 0.0915233462064
INFO:root:0.0774096138055, 0.0915719334221
INFO:root:0.0768773960017, 0.0912177948247
INFO:root:0.0776379954073, 0.0907236059647
INFO:root:0.0772541882281, 0.0904213400577
INFO:root:0.0777987386791, 0.0907558952637
INFO:root:0.0785375723105, 0.092000104147
INFO:root:0.078239696872, 0.0929507917957
INFO:root:0.0794740375462, 0.0934302343967
INFO:root:0.0785823351489, 0.0940613509064
INFO:root:0.0790147397324, 0.0946733602857
INFO:root:0.0787257809829, 0.0955970039621
INFO:root:0.0802153330371, 0.0963943036973
INFO:root:0.0802563815846, 0.0972383659705
INFO:root:0.0808383603045, 0.0975223040974
INFO:root:0.0814530797316, 0.0970881373018
INFO:root:0.0799646098988, 0.0968299287434
INFO:root:0.0790938337373, 0.0968886460131
INFO:root:0.0792334953195, 0.0970741565765
INFO:root:0.0799639458196, 0.0967553353475
INFO:root:0.0802613822084, 0.0956465519416
INFO:root:0.0805400100493, 0.0941512214013
INFO:root:0.0793407341279, 0.0937176064817
INFO:root:0.0802324034631, 0.0932604335904
INFO:root:0.0790224406309, 0.0928545485376
INFO:root:0.0799162896485, 0.0925300995901
INFO:root:0.078602432926, 0.0920805073777
INFO:root:0.0794978866396, 0.0921413279279
INFO:root:0.0786001548767, 0.092155840262
INFO:root:0.080693472843, 0.0929509128799
INFO:root:0.0808059873234, 0.0932815596855
INFO:root:0.0813033490109, 0.0934686822741
INFO:root:0.0812564377665, 0.0929860591661
INFO:root:0.0815367446072, 0.0919383838246
INFO:root:0.0800528522658, 0.0913752420582
INFO:root:0.0806682844055, 0.0907074158903
INFO:root:0.0793365414281, 0.0899060467582
INFO:root:0.0802291542463, 0.0894138284171
INFO:root:0.0789875540332, 0.089064004427
INFO:root:0.07916804792, 0.0891856567236
INFO:root:0.0782774934168, 0.0890954762302
INFO:root:0.0790038097636, 0.0888894718408
INFO:root:0.0777841574819, 0.0887949920887
INFO:root:0.0783258840584, 0.0889302206388
INFO:root:0.0783270834275, 0.0889072953441
INFO:root:0.0779664995554, 0.088844892048
INFO:root:0.0770680023914, 0.088771982259
INFO:root:0.0772339271088, 0.0888768016505
INFO:root:0.0769178139263, 0.088462304346
INFO:root:0.0770066496402, 0.0886634227206
INFO:root:0.0772919485792, 0.0888612722613
INFO:root:0.0778891064816, 0.0888621301666
INFO:root:0.0784323474228, 0.0893322838116
INFO:root:0.079663731017, 0.0898356377504
INFO:root:0.0793562737438, 0.0898056275365
INFO:root:0.0799795388235, 0.0897982645831
INFO:root:0.0785726873222, 0.0897587068514
INFO:root:0.0779593930102, 0.0901318922524
INFO:root:0.0782311347422, 0.090781213738
INFO:root:0.0779325865262, 0.09171185736
INFO:root:0.078932813261, 0.0932752161625
INFO:root:0.0804355436512, 0.0939997192948
INFO:root:0.0807020126001, 0.0942953799808
INFO:root:0.0814420791596, 0.0951964493199
INFO:root:0.0817321613326, 0.0954285394992
INFO:root:0.0817234795066, 0.0950771505227
INFO:root:0.0816579082189, 0.095015576154
INFO:root:0.0810409978929, 0.0952148202705
INFO:root:0.0816192188806, 0.0955760922823
INFO:root:0.0813202866217, 0.0975103035609
INFO:root:0.0816186070714, 0.0999927740617
INFO:root:0.0813210459278, 0.10262417353
INFO:root:0.0810250217361, 0.103755059153
INFO:root:0.0801392426625, 0.104566285253
INFO:root:0.0806775620322, 0.105098749053
INFO:root:0.0810765889335, 0.105147993004
INFO:root:0.0825582490111, 0.105216677218
INFO:root:0.0821779436163, 0.104575842553
INFO:root:0.0823108701765, 0.104707317604
INFO:root:0.0815839068803, 0.105475635471
INFO:root:0.0808412304949, 0.105621394177
INFO:root:0.0793544414209, 0.105582903443
INFO:root:0.0795607887528, 0.106288223297
INFO:root:0.0792632496475, 0.107153668184
INFO:root:0.080387657818, 0.108186872331
INFO:root:0.0816386070632, 0.108454040241
INFO:root:0.0810173832119, 0.108496598228
INFO:root:0.082506145192, 0.109001351569
INFO:root:0.0816106150672, 0.109798958636
INFO:root:0.0822276565118, 0.110713813033
INFO:root:0.0815675310845, 0.110719924597
INFO:root:0.0824653250157, 0.11074454143
INFO:root:0.0819327312356, 0.110621144109
INFO:root:0.0825863265214, 0.110543911024
INFO:root:0.0821888297997, 0.110212376794
INFO:root:0.0828109602204, 0.109654813971
INFO:root:0.0826044771939, 0.109121329111
INFO:root:0.0834986324478, 0.108190787241
INFO:root:0.0832712964005, 0.107533370516
INFO:root:0.0834681671691, 0.107747954966
INFO:root:0.0836341916748, 0.107824186212
INFO:root:0.0830330312401, 0.107957423532
INFO:root:0.0835109069305, 0.108178935807
INFO:root:0.0835392123566, 0.108497011728
INFO:root:0.0842131434419, 0.108210217402
INFO:root:0.0837585393771, 0.107671543734
INFO:root:0.0844724870636, 0.107222401794
INFO:root:0.0839446012456, 0.106447159226
INFO:root:0.0845794405952, 0.105817201347
INFO:root:0.0836847814414, 0.106039191461
INFO:root:0.084449289449, 0.106028589759
INFO:root:0.0829581077768, 0.106034612719
INFO:root:0.0825216345404, 0.105915794376
INFO:root:0.0822589451922, 0.105474645963
INFO:root:0.082414111152, 0.105812121204
INFO:root:0.0816555770759, 0.106139876832
INFO:root:0.0828986666229, 0.106276278039
INFO:root:0.0823963072714, 0.106204244981
INFO:root:0.0823634800543, 0.105752389334
INFO:root:0.0820374456692, 0.105223695503
INFO:root:0.0817075826562, 0.104618780192
INFO:root:0.0814383285354, 0.104092221383
INFO:root:0.0816829508496, 0.103007690592
INFO:root:0.080712437116, 0.102155898265
INFO:root:0.0805354849249, 0.101566774377
INFO:root:0.0812735176047, 0.100860440784
INFO:root:0.0815710414001, 0.0997094121049
INFO:root:0.0810706637974, 0.0990223090763
INFO:root:0.0810635164978, 0.0987956074247
INFO:root:0.0817166037464, 0.098605221107
INFO:root:0.0804068614943, 0.0984922254937
INFO:root:0.0797244392145, 0.0985546463778
INFO:root:0.0803211733069, 0.0984695922011
INFO:root:0.0790402448588, 0.0981635714721
INFO:root:0.0805337583543, 0.0985486759665
INFO:root:0.080831136283, 0.0976629518186
INFO:root:0.08172404239, 0.0970099432923
INFO:root:0.0826148057723, 0.0965808102858
INFO:root:0.0821539882256, 0.0960329981993
INFO:root:0.0814635140549, 0.0961657654592
INFO:root:0.0814238187688, 0.0957394149784
INFO:root:0.0800663067924, 0.0953067807648
INFO:root:0.0794146672569, 0.0954200404463
INFO:root:0.0798458178629, 0.0955827022545
INFO:root:0.0791801697974, 0.0958897539208
INFO:root:0.0806787959416, 0.0959591243155
INFO:root:0.0807373749326, 0.0951276295357
INFO:root:0.081038209017, 0.0937119968603
INFO:root:0.0809086733903, 0.0929801090835
INFO:root:0.0818136626874, 0.0930438380051
INFO:root:0.0809086752285, 0.0934657497466
INFO:root:0.0812217819309, 0.0941125846152
INFO:root:0.0797202340579, 0.0943339156412
INFO:root:0.0798329389391, 0.0948638798893
INFO:root:0.0789369089187, 0.0953882751729
INFO:root:0.0793283269342, 0.0954442180593
INFO:root:0.0802162021868, 0.0954601747507
INFO:root:0.0793189244375, 0.095544031209
INFO:root:0.0802197149135, 0.0953795960513
INFO:root:0.0798264469317, 0.0950466422574
INFO:root:0.0794926919308, 0.0947820026959
INFO:root:0.0789412330919, 0.0943828184205
INFO:root:0.0784242269164, 0.0938611875059
INFO:root:0.0781262491635, 0.0936313429108
INFO:root:0.0779626035107, 0.0935635901787
INFO:root:0.0773200352127, 0.093886357746
INFO:root:0.0788107399144, 0.0942061574035
INFO:root:0.0787007639696, 0.0937106201358
INFO:root:0.0795514695879, 0.0933627978472
INFO:root:0.0782358848671, 0.0931531608775
INFO:root:0.0785337126751, 0.093181450184
INFO:root:0.0782551390805, 0.0931374765816
INFO:root:0.0781635096429, 0.0930687417215
INFO:root:0.0781291670481, 0.0928982379556
INFO:root:0.0787641097898, 0.0925782076808
INFO:root:0.0784001914123, 0.0919978476044
INFO:root:0.079298509725, 0.0913997038327
INFO:root:0.0792681280751, 0.0908370562303
INFO:root:0.0801063009631, 0.0905093022725
INFO:root:0.0788818405569, 0.0903457987934
INFO:root:0.080081726479, 0.090510944819
INFO:root:0.079185121393, 0.0909865482113
INFO:root:0.0805160316276, 0.0910803757416
INFO:root:0.0796170343958, 0.0912096233059
INFO:root:0.0810492277636, 0.0914569681724
INFO:root:0.0806440365142, 0.0910717893969
INFO:root:0.0812759147523, 0.0904865227852
INFO:root:0.080347164321, 0.0896189695325
INFO:root:0.0791425640474, 0.0892404474007
INFO:root:0.0800271695207, 0.0883554651348
INFO:root:0.0794192231534, 0.0874077122731
INFO:root:0.0803164538483, 0.0866334316084
INFO:root:0.0790192118867, 0.0858727901996
INFO:root:0.0799121073786, 0.0856370839754
INFO:root:0.0790173626837, 0.0855422210555
INFO:root:0.0791572580827, 0.0859733940902
INFO:root:0.0782622934059, 0.0862275001494
INFO:root:0.0785421523549, 0.0866950349696
INFO:root:0.0788259103613, 0.0871788329332
INFO:root:0.079233494588, 0.0874169922341
INFO:root:0.0801148740942, 0.0873348366487
INFO:root:0.0787436022322, 0.0866843819289
INFO:root:0.0796449836349, 0.0860380764025
INFO:root:0.0775382521506, 0.0847362043472
INFO:root:0.0784403595522, 0.0839216902596
INFO:root:0.0769420470598, 0.0830403721824
INFO:root:0.0784354309226, 0.0824751805818
INFO:root:0.0781503082267, 0.0816727175839
INFO:root:0.079046896014, 0.081262692033
INFO:root:0.0788467690508, 0.0812123359815
INFO:root:0.0787861507015, 0.0807875310795
INFO:root:0.077886395057, 0.0808286189648
INFO:root:0.0769869438466, 0.080900124208
INFO:root:0.0763233912325, 0.0812915180604
INFO:root:0.0775224209236, 0.0817596649457
INFO:root:0.0766207487183, 0.0824101346082
INFO:root:0.0781211942572, 0.0827909308609
INFO:root:0.0772192481318, 0.0828367760335
INFO:root:0.0780905946526, 0.0828544113193
INFO:root:0.0765905179325, 0.0827155672476
INFO:root:0.077483019602, 0.0826985231558
INFO:root:0.0765812888464, 0.0827997747662
INFO:root:0.0764761104645, 0.0836323157177
INFO:root:0.0778116671193, 0.084051235344
INFO:root:0.0769066076845, 0.08458048232
INFO:root:0.0768945205418, 0.085370232759
INFO:root:0.0759917642784, 0.0866289778757
INFO:root:0.0750892946488, 0.08704842636
INFO:root:0.0751629769433, 0.0873984485261
INFO:root:0.0759678920216, 0.0870429952154
INFO:root:0.0755450210381, 0.0864906269468
INFO:root:0.0758447438055, 0.0855500136223
INFO:root:0.0754859757895, 0.0848828232014
INFO:root:0.0753735654182, 0.0843047950107
INFO:root:0.0750680672167, 0.0842338145654
INFO:root:0.0747818480435, 0.0839307455446
INFO:root:0.0744468758159, 0.0836739773939
INFO:root:0.073542653394, 0.0837170856772
INFO:root:0.0738639447513, 0.0842084651568
INFO:root:0.0739980436342, 0.0847676470316
INFO:root:0.0736951822359, 0.0858018896146
INFO:root:0.0747239671565, 0.0871676798556
INFO:root:0.0744213229574, 0.0889360071023
INFO:root:0.0737114160268, 0.0897184518254
INFO:root:0.0728033498991, 0.0906552034937
INFO:root:0.0725008222256, 0.0924174916126
INFO:root:0.0734978783509, 0.0940622858627
INFO:root:0.0748654705951, 0.0947949340701
INFO:root:0.0756292399555, 0.0947279630254
INFO:root:0.0755967713443, 0.0941212388254
INFO:root:0.0755864446366, 0.0940059192721
INFO:root:0.0750857364568, 0.0936642327685
INFO:root:0.0741834275743, 0.0939710832676
INFO:root:0.074623402384, 0.0945731334539
INFO:root:0.0750899285787, 0.0953010784536
INFO:root:0.0766005244056, 0.09610698414
INFO:root:0.0766284327469, 0.0967376512508
INFO:root:0.0763259173282, 0.0981050591301
INFO:root:0.0760228352282, 0.0996527475332
INFO:root:0.0757190898269, 0.101513759671
INFO:root:0.0765468526843, 0.102884595417
INFO:root:0.0763060921268, 0.103961100438
INFO:root:0.0784302278063, 0.10457149767
INFO:root:0.0776061337215, 0.104707600729
INFO:root:0.079124672748, 0.105162899648
INFO:root:0.0783493195272, 0.105637687217
INFO:root:0.0787329467292, 0.106119366327
INFO:root:0.0778252572811, 0.106299546219
INFO:root:0.0780093029334, 0.106987982649
INFO:root:0.0772333406951, 0.10733799543
INFO:root:0.0787424959285, 0.107597764421
INFO:root:0.079649704876, 0.107602481005
INFO:root:0.0805421276063, 0.107157691358
INFO:root:0.080070696308, 0.106739452425
INFO:root:0.079817860885, 0.106194600384
INFO:root:0.07961941607, 0.10619093028
INFO:root:0.079619878211, 0.106051981282
INFO:root:0.0798633313723, 0.106432506152
INFO:root:0.0810826287251, 0.106865125507
INFO:root:0.0811054693202, 0.107394588779
INFO:root:0.0813984155296, 0.107862722539
INFO:root:0.0805079486646, 0.108185880982
INFO:root:0.0814064655189, 0.107936418659
INFO:root:0.0799103066979, 0.107396058311
INFO:root:0.0814073273999, 0.107265773919
INFO:root:0.0811440112568, 0.106839303389
INFO:root:0.0826375787427, 0.106582126452
INFO:root:0.0835321170066, 0.105863728928
INFO:root:0.0830882934869, 0.105452288236
INFO:root:0.0831308551169, 0.105670966259
INFO:root:0.0831935375586, 0.105798701022
INFO:root:0.0825630986781, 0.105943436878
INFO:root:0.083460963019, 0.105580307583
INFO:root:0.0829934361417, 0.104960593226
INFO:root:0.0836217724722, 0.104533213319
INFO:root:0.0823676354011, 0.10422457081
INFO:root:0.0832594973574, 0.10391265765
INFO:root:0.0827599583033, 0.103627034785
INFO:root:0.0821411675855, 0.10362717998
INFO:root:0.0826525963425, 0.104135153255
INFO:root:0.0819318969062, 0.104703475295
INFO:root:0.0824257307357, 0.1051188879
INFO:root:0.0816989417343, 0.105872854828
INFO:root:0.0822909447571, 0.106470239084
INFO:root:0.0813947913807, 0.10707994568
INFO:root:0.0820593453117, 0.107031427625
INFO:root:0.0805628608132, 0.107927647887
INFO:root:0.0807238184683, 0.108304775324
INFO:root:0.0808059665734, 0.108847850902
INFO:root:0.0805089967684, 0.109568921429
INFO:root:0.080211636284, 0.110940573768
INFO:root:0.0799137212171, 0.111724166941
INFO:root:0.0802409235417, 0.111915805028
INFO:root:0.0809004845913, 0.111331320964
INFO:root:0.0805723418847, 0.109576647223
INFO:root:0.0791489939293, 0.107675996496
INFO:root:0.0784977228186, 0.106237939166
INFO:root:0.0787947488273, 0.104476302353
INFO:root:0.0790925168554, 0.103159948278
INFO:root:0.0792454263022, 0.102259784174
INFO:root:0.0777532964574, 0.101624682262
INFO:root:0.0786506015426, 0.100933254275
INFO:root:0.077156697976, 0.100516653716
INFO:root:0.0762580533915, 0.101317017296
INFO:root:0.075654244449, 0.101732653293
INFO:root:0.0753536502643, 0.10277449122
INFO:root:0.0756307824136, 0.103325762499
INFO:root:0.0765252841967, 0.103007711732
INFO:root:0.076272157572, 0.102794227802
INFO:root:0.0761660956461, 0.102338459458
INFO:root:0.0746689968703, 0.101735938277
INFO:root:0.0742001872051, 0.101287933263
INFO:root:0.0727098740347, 0.100965027335
INFO:root:0.0736026411844, 0.100912018212
INFO:root:0.073257998436, 0.100558441656
INFO:root:0.0741504736739, 0.099980328845
INFO:root:0.0738523180718, 0.099543032292
INFO:root:0.0737055096879, 0.0990474983731
INFO:root:0.0728081302755, 0.0990195255343
INFO:root:0.071916663984, 0.0994359449973
INFO:root:0.0717006312416, 0.099283246636
INFO:root:0.0703345731093, 0.0989506980982
INFO:root:0.0696633362528, 0.0990452416648
INFO:root:0.0700538514803, 0.0994635341984
INFO:root:0.0701146857151, 0.0999520356861
INFO:root:0.0701341008979, 0.100332544535
INFO:root:0.0700839299925, 0.1002266478
INFO:root:0.0697335047979, 0.0999037713487
INFO:root:0.06970819111, 0.0992731845998
INFO:root:0.0712106800955, 0.099015450832
INFO:root:0.0720634043362, 0.0985693864598
INFO:root:0.0729631792989, 0.097727868866
INFO:root:0.0728892600445, 0.0972899826445
INFO:root:0.0732436825088, 0.0972896650514
INFO:root:0.0741393507049, 0.0971156849854
INFO:root:0.0744370885529, 0.0963951541242
INFO:root:0.0747351248816, 0.0948840533826
INFO:root:0.0746260085857, 0.094134687488
INFO:root:0.0755181067875, 0.0928908032851
INFO:root:0.0764127432666, 0.0920915087762
INFO:root:0.0763271603157, 0.0913642154579
INFO:root:0.0770385189712, 0.0907227033067
INFO:root:0.0766103549593, 0.0906589154044
INFO:root:0.0768061278584, 0.0909659419973
INFO:root:0.0772501966859, 0.0912488068157
INFO:root:0.0776806734494, 0.0914718944576
INFO:root:0.0777951652013, 0.0916790170097
INFO:root:0.0770243433713, 0.092286401321
INFO:root:0.0773116032675, 0.0931037332876
INFO:root:0.07736984246, 0.0934345813423
INFO:root:0.0772116840337, 0.0930904567737
INFO:root:0.0773643754427, 0.0923032872944
INFO:root:0.0752819858922, 0.0916486791408
INFO:root:0.0761752541156, 0.0912335072722
INFO:root:0.0746866435449, 0.0905683769371
INFO:root:0.0761782146594, 0.0903477361805
INFO:root:0.0746842912201, 0.089925661567
INFO:root:0.0745014239425, 0.0895072931288
INFO:root:0.0736068363481, 0.0895713411944
INFO:root:0.0736848147568, 0.0901119105554
INFO:root:0.0727913274448, 0.0906229986431
INFO:root:0.072872529049, 0.0909734257239
INFO:root:0.0727454123255, 0.0909344229534
INFO:root:0.0720338281851, 0.0912564593075
INFO:root:0.0724752382943, 0.0915473765681
INFO:root:0.0722267177828, 0.0914890163275
INFO:root:0.0717835511745, 0.0911046309182
INFO:root:0.0712578308894, 0.0906832948159
INFO:root:0.0711626496965, 0.0902998136825
INFO:root:0.0718792578091, 0.0900601444534
INFO:root:0.0709815940754, 0.0900007767313
INFO:root:0.0713621235131, 0.0901934957878
INFO:root:0.0704603411736, 0.0902360898577
INFO:root:0.0707290713605, 0.0905933330667
INFO:root:0.0701182403193, 0.0907140766766
INFO:root:0.0707015444904, 0.0914876580234
INFO:root:0.0707011778109, 0.0922575362848
INFO:root:0.0697991431489, 0.0928786526721
INFO:root:0.0713049527677, 0.0932206518433
INFO:root:0.0718344730839, 0.0932187901471
INFO:root:0.0733348714956, 0.0927935076
INFO:root:0.0729389890747, 0.0922052149514
INFO:root:0.0728840159189, 0.0913893903884
INFO:root:0.073182063612, 0.0904627561905
INFO:root:0.0729229629817, 0.0897576264793
INFO:root:0.0744176581025, 0.089422529838
INFO:root:0.0753139010107, 0.0892541300737
INFO:root:0.0762107653838, 0.0890699386266
INFO:root:0.0771066225723, 0.0890081791621
INFO:root:0.0768425083569, 0.088698169641
INFO:root:0.0775359952169, 0.0883010189962
INFO:root:0.0760493456498, 0.0882572209479
INFO:root:0.07575088024, 0.0875381834912
INFO:root:0.0755394813377, 0.0874646765534
INFO:root:0.0752952095808, 0.0873859600256
INFO:root:0.0745871432774, 0.0876516502162
INFO:root:0.0750250308574, 0.0879131769787
INFO:root:0.0737190052054, 0.0875966197719
INFO:root:0.0737965627607, 0.0878028390816
INFO:root:0.072898620084, 0.0879684019792
INFO:root:0.0743929130424, 0.0879567088235
INFO:root:0.0743978025946, 0.0873179817149
INFO:root:0.0751626578445, 0.0864937788349
INFO:root:0.0736591919864, 0.0863648864547
INFO:root:0.0740177093015, 0.086765220373
INFO:root:0.0735577954037, 0.0866842829972
INFO:root:0.0720531159547, 0.0866052610479
INFO:root:0.0717507218767, 0.086356230163
INFO:root:0.0705535605374, 0.0858317884985
INFO:root:0.0714512775447, 0.0854145489309
INFO:root:0.0707434937346, 0.0843516572332
INFO:root:0.0706338931512, 0.0839743249712
INFO:root:0.0702019992259, 0.0837210146947
INFO:root:0.0697366051689, 0.0837191595806
INFO:root:0.0688407287999, 0.0838620582465
INFO:root:0.0684090092051, 0.083833062727
INFO:root:0.0671062590162, 0.0837711048438
INFO:root:0.0672120865048, 0.0843207124675
INFO:root:0.0663971797427, 0.0848625294269
INFO:root:0.0676272484042, 0.0851316153296
INFO:root:0.0661248858281, 0.0851646735709
INFO:root:0.067026766175, 0.0847891144354
INFO:root:0.0661254490932, 0.0845886423401
INFO:root:0.0670243988238, 0.0844999912377
INFO:root:0.0668628901014, 0.083974412732
INFO:root:0.0667845933219, 0.0837995484383
INFO:root:0.0674460012716, 0.0835123300683
INFO:root:0.0661414083181, 0.0832461000026
INFO:root:0.0676450003797, 0.0832240819241
INFO:root:0.0661414309385, 0.083053631728
INFO:root:0.0676495011412, 0.083605804216
INFO:root:0.0667438485017, 0.0845268992835
INFO:root:0.0678254633824, 0.0854675166057
INFO:root:0.0683408768319, 0.0859164766169
INFO:root:0.0686413753668, 0.0862136852767
INFO:root:0.0678666021655, 0.0862334603083
INFO:root:0.0683624711842, 0.0862855221277
INFO:root:0.0689712260054, 0.0857640416663
INFO:root:0.0687792385018, 0.0856177513722
INFO:root:0.0687966514604, 0.0856677789723
INFO:root:0.0689608549279, 0.0857706627336
INFO:root:0.0683356279569, 0.0859096904309
INFO:root:0.0687967754704, 0.0861945108313
INFO:root:0.0688127652787, 0.0866872256463
INFO:root:0.0691804232254, 0.0872486632817
INFO:root:0.0706861948646, 0.0872150993514
INFO:root:0.0697854932019, 0.0872986622528
INFO:root:0.0712849049635, 0.0873389482908
INFO:root:0.0703862527216, 0.0876771136477
INFO:root:0.0712850455579, 0.0873930677833
INFO:root:0.0700434161973, 0.0873696589463
INFO:root:0.0709356364636, 0.087432636048
INFO:root:0.071819544286, 0.0874369581798
INFO:root:0.0726867714743, 0.0873139911198
INFO:root:0.0735781616782, 0.0868857322387
INFO:root:0.0739791212773, 0.0869347601049
INFO:root:0.075216410096, 0.087007498716
INFO:root:0.0743223473051, 0.0871654831719
INFO:root:0.0741126855228, 0.0869157195976
INFO:root:0.0737915367255, 0.0868176263475
INFO:root:0.0738194776465, 0.0872191411472
INFO:root:0.0737788847595, 0.0881260140329
INFO:root:0.0746939291694, 0.0891192272285
INFO:root:0.0744645824778, 0.0905039460133
INFO:root:0.0751248920906, 0.0916376278372
INFO:root:0.0742273656844, 0.0920547788175
INFO:root:0.0739289474661, 0.0929765747052
INFO:root:0.0742864189209, 0.0930074648434
INFO:root:0.0751842748987, 0.0925332550504
INFO:root:0.0760810512977, 0.0913219472055
INFO:root:0.0756003385512, 0.0908554460165
INFO:root:0.0752452684854, 0.0901301956185
INFO:root:0.0743476079838, 0.0901844910501
INFO:root:0.0734488637504, 0.0906022080503
INFO:root:0.0725477097657, 0.0925734113909
INFO:root:0.0730318581756, 0.0933412279217
INFO:root:0.0723423763696, 0.0941657801208
INFO:root:0.0736507128043, 0.0948638237514
INFO:root:0.072749321932, 0.0952827708525
INFO:root:0.0726442022864, 0.0961820805047
INFO:root:0.0738970899295, 0.0966730443593
INFO:root:0.0734126082108, 0.096587875275
INFO:root:0.073308656677, 0.0962703277009
INFO:root:0.0736093413923, 0.0954091437876
INFO:root:0.0721067609696, 0.0948981813141
INFO:root:0.0728600231417, 0.0942660026179
INFO:root:0.0719772553079, 0.0934147522931
INFO:root:0.0718699009715, 0.0925983101306
INFO:root:0.0726943001148, 0.0920001684152
INFO:root:0.0719555690748, 0.0920912820477
INFO:root:0.0734520402363, 0.092137200113
INFO:root:0.0725523023285, 0.0921317941254
INFO:root:0.0730151430805, 0.0924162851961
INFO:root:0.0730574101052, 0.0927715693611
INFO:root:0.0727577586505, 0.0935759003946
INFO:root:0.0734180485327, 0.0950925943866
INFO:root:0.0738939062519, 0.0953582717182
INFO:root:0.0752496591178, 0.095576931904
INFO:root:0.0753056433453, 0.0958483448218
INFO:root:0.0754723854465, 0.0960680946927
INFO:root:0.0746955053173, 0.0963704235064
INFO:root:0.0759837528744, 0.0964316058005
INFO:root:0.0755217839834, 0.0962243866721
INFO:root:0.0762844790553, 0.0961505439029
INFO:root:0.0755845690795, 0.0961337457406
INFO:root:0.0770742328183, 0.0960718235335
INFO:root:0.0770103655782, 0.0955531818084
INFO:root:0.0777076063054, 0.0952576911239
INFO:root:0.0768110898567, 0.095269352579
INFO:root:0.0789091587646, 0.0957196598314
INFO:root:0.0786099855229, 0.096477658637
INFO:root:0.0785694653421, 0.0974520105937
INFO:root:0.0790063706537, 0.0978486559984
INFO:root:0.079165785754, 0.0979608491208
INFO:root:0.0800574275866, 0.0979457408684
INFO:root:0.079561457624, 0.0975818710676
INFO:root:0.0792650222547, 0.0974145580936
INFO:root:0.0780308278745, 0.0968701192287
INFO:root:0.0780223523795, 0.0968557534292
INFO:root:0.0771316732732, 0.0973633517104
INFO:root:0.0762417201207, 0.0981181670975
INFO:root:0.0753500544199, 0.0989564298432
INFO:root:0.0759479463283, 0.0999155702818
INFO:root:0.0750544142338, 0.101022618355
INFO:root:0.0747552743456, 0.103108125201
INFO:root:0.0732574373603, 0.104361217581
INFO:root:0.0717570818761, 0.104779617368
INFO:root:0.0702593647494, 0.104883206497
INFO:root:0.0717577426238, 0.104583454966
INFO:root:0.0738555923139, 0.105130188474
INFO:root:0.0753763512205, 0.107154013048
INFO:root:0.0780774506078, 0.109048226821
INFO:root:0.0783776715477, 0.110890052634
INFO:root:0.0804844022403, 0.111646198277
INFO:root:0.0804639461601, 0.111269216417
INFO:root:0.081361419535, 0.11001783742
INFO:root:0.0822602702141, 0.10792900505
INFO:root:0.0843492835547, 0.105848443989
INFO:root:0.0864403723891, 0.104598867094
INFO:root:0.0891182027784, 0.104184001093
INFO:root:0.0918005121983, 0.103768441174
INFO:root:0.0950786689311, 0.103352909324
INFO:root:0.0977523548152, 0.103767133232
INFO:root:0.100422864526, 0.104180865069
INFO:root:0.103089205107, 0.10376777914
INFO:root:0.105754484856, 0.103354857562
INFO:root:0.107233497093, 0.10211751399
INFO:root:0.108710365752, 0.101705663907
INFO:root:0.110187030535, 0.102117457136
INFO:root:0.11224918, 0.102528218311
INFO:root:0.113633114148, 0.104190451591
INFO:root:0.11465140154, 0.105724568244
INFO:root:0.114946105311, 0.107739035004
INFO:root:0.115240765208, 0.109373407159
INFO:root:0.115535983945, 0.111431577001
INFO:root:0.117015432951, 0.115144703919
INFO:root:0.117311128391, 0.118855391795
INFO:root:0.118263011893, 0.121667277252
INFO:root:0.119421256584, 0.124463859706
INFO:root:0.120307257246, 0.127222529172
INFO:root:0.120602745016, 0.129643779849
INFO:root:0.121491759739, 0.132539900862
INFO:root:0.122976272189, 0.135997904533
INFO:root:0.124733744605, 0.138059364696
INFO:root:0.126799637524, 0.139284278204
INFO:root:0.128267254407, 0.139976412599
INFO:root:0.129723811785, 0.139566157436
INFO:root:0.130595308392, 0.139276954321
INFO:root:0.131464306269, 0.137872811962
INFO:root:0.131176552912, 0.135280182512
INFO:root:0.129742859174, 0.130882272308
INFO:root:0.128308499311, 0.125682327186
INFO:root:0.126300058238, 0.121704447811
INFO:root:0.123936924309, 0.118052824114
INFO:root:0.121483805639, 0.115847464449
INFO:root:0.119760871306, 0.114428285701
INFO:root:0.118011746767, 0.111813718497
INFO:root:0.114924227989, 0.107442351606
INFO:root:0.112932266789, 0.103545022023
INFO:root:0.11151310112, 0.0993092260725
INFO:root:0.109226015098, 0.0953967631646
INFO:root:0.107804842219, 0.0920604740927
INFO:root:0.104677346325, 0.0908711708412
INFO:root:0.101551151877, 0.088513490497
INFO:root:0.0989893561318, 0.0873228229029
INFO:root:0.0952874502004, 0.0869257691412
INFO:root:0.0915922909937, 0.0865294390101
INFO:root:0.0878980820795, 0.087718123628
INFO:root:0.0847771958395, 0.0904872997728
INFO:root:0.0822253792101, 0.0932547019757
INFO:root:0.0813754682182, 0.0968098852094
INFO:root:0.0810925444994, 0.100360300504
INFO:root:0.0813751585298, 0.10469494707
INFO:root:0.0822231612548, 0.109818681763
INFO:root:0.0825053574405, 0.11237218021
INFO:root:0.0822229170372, 0.114197437272
INFO:root:0.0819404677426, 0.116084592817
INFO:root:0.0833525333437, 0.121203715171
INFO:root:0.0830702186789, 0.12395920471
INFO:root:0.0827881341539, 0.126712448004
INFO:root:0.0825064799323, 0.129461491387
INFO:root:0.0822247866004, 0.131425366467
INFO:root:0.0821165481573, 0.132897808372
INFO:root:0.0835245459331, 0.132637991073
INFO:root:0.0839755948061, 0.133396482546
INFO:root:0.0859421296122, 0.134163304046
INFO:root:0.0863226809622, 0.134324854962
INFO:root:0.0882773481626, 0.133935503263
INFO:root:0.0902320583384, 0.132767422486
INFO:root:0.0938560201401, 0.131956971849
INFO:root:0.0958007154055, 0.128470683418
INFO:root:0.0994086138707, 0.12576188752
INFO:root:0.0996862613487, 0.119954881444
INFO:root:0.0988541850983, 0.111833527192
INFO:root:0.0991309609265, 0.105272914969
INFO:root:0.0988548828464, 0.0994987329017
INFO:root:0.100232164923, 0.0940369395548
INFO:root:0.101057653178, 0.0890492400075
INFO:root:0.101332794758, 0.0840619242183
INFO:root:0.101607437045, 0.0775518848182
INFO:root:0.100785074691, 0.0725830723356
INFO:root:0.100511650127, 0.0668643886435
INFO:root:0.101877872598, 0.0619114601183
INFO:root:0.103792341298, 0.0577166703124
INFO:root:0.105159198686, 0.0527614400428
INFO:root:0.105979513408, 0.0485675289006
INFO:root:0.106799609782, 0.0466617130723
INFO:root:0.105433833779, 0.0478043230619
INFO:root:0.104615728876, 0.0504659860719
INFO:root:0.103255470901, 0.0531213044718
INFO:root:0.10189610442, 0.0550167174301
INFO:root:0.0999982997284, 0.055394742641
INFO:root:0.0970262450085, 0.0538527199474
INFO:root:0.0951421485581, 0.0487304726729
INFO:root:0.0919565328551, 0.043327405886
INFO:root:0.088291744769, 0.0384781239022
INFO:root:0.0853427813738, 0.0355073210355
INFO:root:0.0848008256047, 0.0355870459255
INFO:root:0.0829248609598, 0.0359607208003
INFO:root:0.0805131671357, 0.0370816242479
INFO:root:0.0786433840891, 0.0404336162643
INFO:root:0.0746377140767, 0.0437847650329
INFO:root:0.0711700401133, 0.0463882809297
INFO:root:0.0655811195114, 0.0489858910859
INFO:root:0.0600019626471, 0.0515789632669
INFO:root:0.0549541665885, 0.0534311530831
INFO:root:0.0530899384954, 0.0552878383921
INFO:root:0.0517594959437, 0.0578849550073
INFO:root:0.052025684957, 0.0634523069195
INFO:root:0.0549613237192, 0.069060900582
INFO:root:0.056291591601, 0.0738834839267
INFO:root:0.0576187071535, 0.0801749946943
INFO:root:0.0589435049187, 0.086455517433
INFO:root:0.0613345677873, 0.0927529669633
INFO:root:0.064255886428, 0.0990480643709
INFO:root:0.0666451079859, 0.105052009017
INFO:root:0.0706153385029, 0.109349201649
INFO:root:0.0745055370301, 0.113401920228
INFO:root:0.0784791988873, 0.117199534036
INFO:root:0.0819125730689, 0.120299973791
INFO:root:0.0848118600393, 0.122643580826
INFO:root:0.0871789865247, 0.123010310662
INFO:root:0.0911195456081, 0.12264401323
INFO:root:0.0940108172627, 0.122277522072
INFO:root:0.0979483905586, 0.121911502187
INFO:root:0.0987354772748, 0.118619113309
INFO:root:0.09899726212, 0.116064001965
INFO:root:0.098736097749, 0.114209689614
INFO:root:0.0963852266802, 0.112726178664
INFO:root:0.0945601918243, 0.113089708794
INFO:root:0.0922169764128, 0.112563410436
INFO:root:0.0903950203769, 0.112580313639
INFO:root:0.089651338811, 0.11270378334
INFO:root:0.0888721339043, 0.112810156824
INFO:root:0.0879019248788, 0.111509812967
INFO:root:0.0869691091191, 0.108783082473
INFO:root:0.085674840364, 0.105481989044
INFO:root:0.0843832622833, 0.100799666764
INFO:root:0.0841251472997, 0.099208084214
INFO:root:0.0838671728343, 0.0971460769221
INFO:root:0.0825792431732, 0.096581995184
INFO:root:0.0838648996911, 0.100903907411
INFO:root:0.0825790362727, 0.10341400245
INFO:root:0.0797521573854, 0.105922304572
INFO:root:0.0774440288466, 0.10914061016
INFO:root:0.075137928027, 0.110926986975
INFO:root:0.0743695424004, 0.113426890829
INFO:root:0.0736002689485, 0.114499516121
INFO:root:0.0739799464211, 0.114786171815
INFO:root:0.0756503921341, 0.11600068953
INFO:root:0.0764942195753, 0.118134965411
INFO:root:0.078794607103, 0.119776406184
INFO:root:0.0780278814503, 0.120043351682
INFO:root:0.0793060781786, 0.120079031453
INFO:root:0.0786228919634, 0.119292709297
INFO:root:0.0804079707419, 0.119312316835
INFO:root:0.0791889665756, 0.118561194787
INFO:root:0.0809791976612, 0.118917792326
INFO:root:0.0822578621987, 0.118791732356
INFO:root:0.083805766653, 0.119925170465
INFO:root:0.0849745229856, 0.121405590884
INFO:root:0.0872736487946, 0.123032465938
INFO:root:0.0880503790656, 0.12416656193
INFO:root:0.088935896494, 0.125262235059
INFO:root:0.0901957134381, 0.125446094489
INFO:root:0.0909260527675, 0.125083218874
INFO:root:0.0922010843719, 0.125224983483
INFO:root:0.0934746616071, 0.12522226552
INFO:root:0.0942389002997, 0.124488072369
INFO:root:0.0950028202821, 0.123787928636
INFO:root:0.0952573512874, 0.122561722065
INFO:root:0.0955116171062, 0.121153289834
INFO:root:0.0952492813908, 0.120742215636
INFO:root:0.0958327230095, 0.120752624938
INFO:root:0.0950723432116, 0.120947492384
INFO:root:0.0948188931064, 0.121887580899
INFO:root:0.0957571132712, 0.12264691799
INFO:root:0.0958775069238, 0.123039464328
INFO:root:0.0953363136957, 0.123420021215
INFO:root:0.0960944648845, 0.123441910953
INFO:root:0.095336855505, 0.123522303446
INFO:root:0.0957960920362, 0.123996477298
INFO:root:0.0959220442974, 0.124327221118
INFO:root:0.0958296602737, 0.123907745415
INFO:root:0.0957951622321, 0.123833630078
INFO:root:0.0964595222678, 0.123514899883
INFO:root:0.0957752708012, 0.123808408719
INFO:root:0.0973230029447, 0.124639529444
INFO:root:0.0976381313012, 0.124991040812
INFO:root:0.0981415567532, 0.125800689774
INFO:root:0.0991937603787, 0.126265070335
INFO:root:0.0997482673441, 0.126143543334
INFO:root:0.0995591684035, 0.125819961041
INFO:root:0.100805318364, 0.124662172289
INFO:root:0.101085709083, 0.124792681083
INFO:root:0.102828919398, 0.123989770357
INFO:root:0.103282016135, 0.124410174902
INFO:root:0.103718806745, 0.124765274764
INFO:root:0.104008849506, 0.125388553907
INFO:root:0.104243794691, 0.125895506041
INFO:root:0.104402793598, 0.126234204989
INFO:root:0.104219008383, 0.127161424791
INFO:root:0.104915763246, 0.127944794352
INFO:root:0.104410383576, 0.128076548882
INFO:root:0.105646261013, 0.128177956771
INFO:root:0.106879534422, 0.128239873073
INFO:root:0.108112009723, 0.128174800847
INFO:root:0.108106254185, 0.127953710287
INFO:root:0.108845227197, 0.126840673635
INFO:root:0.107797179563, 0.125049477816
INFO:root:0.10752848543, 0.12369393087
INFO:root:0.105317577846, 0.122159698894
INFO:root:0.103597698597, 0.122050657664
INFO:root:0.102858198379, 0.121271657505
INFO:root:0.101826983658, 0.121030314858
INFO:root:0.101987854841, 0.121199650406
INFO:root:0.101252975022, 0.121265192093
INFO:root:0.100518546308, 0.121614976178
INFO:root:0.0997844133383, 0.121912573301
INFO:root:0.099229571884, 0.122088236287
INFO:root:0.0999544474933, 0.121719013161
INFO:root:0.0996353614637, 0.121373980201
INFO:root:0.10015589446, 0.120881333256
INFO:root:0.100658387317, 0.12043838455
INFO:root:0.100164805784, 0.119542998459
INFO:root:0.0994365222514, 0.119524597577
INFO:root:0.0987085180343, 0.119861614041
INFO:root:0.0988713192726, 0.12024319234
INFO:root:0.0992218349193, 0.120731960235
INFO:root:0.0996112510981, 0.121235490304
INFO:root:0.0994079497233, 0.122123905218
INFO:root:0.101102216923, 0.123172575748
INFO:root:0.100860381294, 0.124508267519
INFO:root:0.101694915331, 0.12536187015
INFO:root:0.101453544272, 0.126124582513
INFO:root:0.101911629417, 0.12645393048
INFO:root:0.103025255133, 0.127099678229
INFO:root:0.103746663804, 0.126895686411
INFO:root:0.104369397515, 0.126780213436
INFO:root:0.10372128861, 0.126847883352
INFO:root:0.104921993654, 0.127302913744
INFO:root:0.104682026812, 0.128573957522
INFO:root:0.104442108906, 0.129982129227
INFO:root:0.10468201204, 0.131790045636
INFO:root:0.10549997898, 0.132606103764
INFO:root:0.10526091071, 0.133385335985
INFO:root:0.105701919398, 0.133559331879
INFO:root:0.105812902081, 0.133846271012
INFO:root:0.105095718423, 0.134884974201
INFO:root:0.1057116181, 0.135746784091
INFO:root:0.104995261489, 0.136059350472
INFO:root:0.104517919483, 0.136432780902
INFO:root:0.104797005252, 0.136898041435
INFO:root:0.104558925193, 0.139001250333
INFO:root:0.104320949187, 0.140662961424
INFO:root:0.105468114992, 0.141118615977
INFO:root:0.105587808631, 0.141412090691
INFO:root:0.106300734852, 0.141362480666
INFO:root:0.105804479654, 0.141855542647
INFO:root:0.107243442758, 0.142861122585
INFO:root:0.106978016881, 0.142781448808
INFO:root:0.107215742388, 0.141630134156
INFO:root:0.106027723183, 0.14090063994
INFO:root:0.106046169912, 0.141476539276
INFO:root:0.106175241376, 0.141865933737
INFO:root:0.106363082856, 0.142122772509
INFO:root:0.106148770099, 0.142796208954
INFO:root:0.106680362106, 0.144086129622
INFO:root:0.107228173798, 0.144092788565
INFO:root:0.106966999442, 0.143865555811
INFO:root:0.107385796731, 0.143916810646
INFO:root:0.108095007521, 0.143564168273
INFO:root:0.108331397575, 0.142044189712
INFO:root:0.108567955793, 0.139075615999
INFO:root:0.108241516368, 0.13719620471
INFO:root:0.107532054578, 0.134567365653
INFO:root:0.107768576835, 0.131779181202
INFO:root:0.108005085795, 0.131093731166
INFO:root:0.108714303693, 0.130762027128
INFO:root:0.109897360126, 0.129112449531
INFO:root:0.109680818325, 0.128655729752
INFO:root:0.109530196526, 0.128418795405
INFO:root:0.108393568143, 0.128061307406
INFO:root:0.107606496949, 0.127238008185
INFO:root:0.106374535057, 0.125422571845
INFO:root:0.105420475044, 0.123865919346
INFO:root:0.105656977136, 0.121356469476
INFO:root:0.104473779535, 0.120853885731
INFO:root:0.104237075451, 0.12222032845
INFO:root:0.103527307538, 0.12335603446
INFO:root:0.102343922651, 0.123677955142
INFO:root:0.101160934759, 0.124667644359
INFO:root:0.0999787659445, 0.126975320302
INFO:root:0.0987975010912, 0.128622399836
INFO:root:0.0980896477742, 0.130267374864
INFO:root:0.0973822351605, 0.132449641029
INFO:root:0.0973042294669, 0.131816703327
INFO:root:0.0970684188813, 0.129695436063
INFO:root:0.0963601630289, 0.126074433012
INFO:root:0.0970684633394, 0.123770013701
INFO:root:0.0985040096817, 0.124714971876
INFO:root:0.101102834518, 0.125057739076
INFO:root:0.102758712381, 0.124068232229
INFO:root:0.10488755779, 0.121099907476
INFO:root:0.104650878413, 0.116809771497
INFO:root:0.103666088608, 0.116460151789
INFO:root:0.10437474374, 0.11942446084
INFO:root:0.105554734666, 0.122617710113
INFO:root:0.109097463845, 0.125548709654
INFO:root:0.111693884714, 0.127095812366
INFO:root:0.112042276171, 0.128457903894
INFO:root:0.113221932391, 0.127508822433
INFO:root:0.113457815059, 0.126697701282
INFO:root:0.11336723738, 0.127434613407
INFO:root:0.115073985774, 0.129417386656
INFO:root:0.115384628928, 0.129765481568
INFO:root:0.116092139342, 0.127463632147
INFO:root:0.115732407251, 0.127125317779
INFO:root:0.116912301453, 0.126138216747
INFO:root:0.119036273988, 0.12515103997
INFO:root:0.121159743197, 0.125480020917
INFO:root:0.124227608271, 0.125809069626
INFO:root:0.12729512956, 0.12548005779
INFO:root:0.129419239317, 0.125150977605
INFO:root:0.131039610901, 0.127168163845
INFO:root:0.132220768056, 0.129954525888
INFO:root:0.133795066563, 0.132044926578
INFO:root:0.134826318156, 0.133789200319
INFO:root:0.136157808384, 0.135172743457
INFO:root:0.138279925934, 0.137163887735
INFO:root:0.139930774894, 0.140656842265
INFO:root:0.141581558118, 0.144075273072
INFO:root:0.142288598086, 0.149004527747
INFO:root:0.142052763622, 0.153937013268
INFO:root:0.141345701483, 0.160180931644
INFO:root:0.141109967139, 0.164453937622
INFO:root:0.140402824457, 0.166754590646
INFO:root:0.140167161548, 0.169054742792
INFO:root:0.139931413289, 0.172670576659
INFO:root:0.141582086197, 0.177602559204
INFO:root:0.143234341385, 0.183197497409
INFO:root:0.144886142404, 0.188013544572
INFO:root:0.146940974711, 0.190913785781
INFO:root:0.148120756629, 0.194358449077
INFO:root:0.149300591596, 0.198635672137
INFO:root:0.150479488061, 0.204224514638
INFO:root:0.152129924231, 0.211128299923
INFO:root:0.152837657784, 0.215404511371
INFO:root:0.153544795673, 0.218362473781
INFO:root:0.152911659897, 0.219011311911
INFO:root:0.153700460485, 0.220099764265
INFO:root:0.155349596156, 0.221105479323
INFO:root:0.157000359519, 0.221657035506
INFO:root:0.156952751798, 0.221421311629
INFO:root:0.154832076564, 0.220876498368
INFO:root:0.15176481977, 0.219889547966
INFO:root:0.14963965854, 0.218493543328
INFO:root:0.147514478597, 0.218555470181
INFO:root:0.147076359198, 0.218362158557
INFO:root:0.145964117894, 0.218274188621
INFO:root:0.145984209059, 0.217371077683
INFO:root:0.144329926979, 0.216799148065
INFO:root:0.143149031526, 0.216765275479
INFO:root:0.143321394304, 0.21708329693
INFO:root:0.143378264576, 0.217715905582
INFO:root:0.143141879788, 0.21832895066
INFO:root:0.143378270042, 0.219816942815
INFO:root:0.144270601894, 0.220966378922
INFO:root:0.145088600439, 0.223368029088
INFO:root:0.146472067146, 0.225250254738
INFO:root:0.147184135291, 0.227518655846
INFO:root:0.148561174344, 0.229186551348
INFO:root:0.150226418653, 0.229619515661
INFO:root:0.151416099332, 0.227960701642
INFO:root:0.15044062397, 0.227930221194
INFO:root:0.150202779139, 0.231578211624
INFO:root:0.14901174656, 0.234567469863
INFO:root:0.148296727637, 0.23622909699
INFO:root:0.148057961567, 0.238328159067
INFO:root:0.149729077666, 0.238661029998
INFO:root:0.152355139916, 0.238993903803
INFO:root:0.155937364627, 0.237994939178
INFO:root:0.158092542666, 0.237661045703
INFO:root:0.158811306553, 0.233986319655
INFO:root:0.157610944291, 0.229634679557
INFO:root:0.154491071515, 0.227961545171
INFO:root:0.1513672845, 0.226956405055
INFO:root:0.148721149172, 0.227962659726
INFO:root:0.147517340577, 0.230312578029
INFO:root:0.147871273339, 0.232002507618
INFO:root:0.151010590982, 0.233012645019
INFO:root:0.156081882053, 0.234237128733
INFO:root:0.159226270431, 0.23457438507
INFO:root:0.161889450174, 0.236262278747
INFO:root:0.163584747385, 0.236555223434
INFO:root:0.164313319441, 0.235539349544
INFO:root:0.16504343762, 0.234521319838
INFO:root:0.166747778169, 0.23350285303
INFO:root:0.168943027604, 0.231802345116
INFO:root:0.171139004012, 0.228740417228
INFO:root:0.171383581681, 0.222943020634
INFO:root:0.170158526246, 0.217135350424
INFO:root:0.16794702717, 0.215564715374
INFO:root:0.166657344743, 0.213671199128
INFO:root:0.164937665811, 0.210086839479
INFO:root:0.162099236078, 0.204680148187
INFO:root:0.159391059379, 0.199359699583
INFO:root:0.153722811989, 0.19489253862
INFO:root:0.150024188363, 0.192485881562
INFO:root:0.144843332171, 0.19214188862
INFO:root:0.142124336753, 0.194554465264
INFO:root:0.1389028918, 0.19206710937
INFO:root:0.138158997125, 0.188980960877
INFO:root:0.135927200287, 0.182411449971
INFO:root:0.134186734405, 0.17722879534
INFO:root:0.130654069444, 0.172068510858
INFO:root:0.126916538245, 0.171026236362
INFO:root:0.123672606569, 0.169286571311
INFO:root:0.120925339456, 0.169634808775
INFO:root:0.118677394795, 0.169983074227
INFO:root:0.116429610114, 0.170331314894
INFO:root:0.114679682121, 0.169582112937
INFO:root:0.113899187528, 0.168776909088
INFO:root:0.112145837471, 0.169126160267
INFO:root:0.10938952735, 0.170174311472
INFO:root:0.10713208563, 0.174720889809
INFO:root:0.105876800227, 0.18067187246
INFO:root:0.10713368324, 0.186630428965
INFO:root:0.106881755209, 0.188019193203
INFO:root:0.105619224932, 0.189075427683
INFO:root:0.103849423066, 0.188438277942
INFO:root:0.101065447165, 0.187379606179
INFO:root:0.0987865522168, 0.186773638927
INFO:root:0.0970144017245, 0.186091852763
INFO:root:0.0969631973893, 0.186821019153
INFO:root:0.0977223130322, 0.186118625041
INFO:root:0.0979756075484, 0.184686793232
INFO:root:0.0977220445599, 0.1800906188
INFO:root:0.0979758243413, 0.177958324565
INFO:root:0.0987373308995, 0.176896528928
INFO:root:0.100007229944, 0.175125863593
INFO:root:0.0997529569498, 0.171934986799
INFO:root:0.09695622858, 0.166530805748
INFO:root:0.0916112949848, 0.161058528535
INFO:root:0.0862673995951, 0.155656134579
INFO:root:0.0807840872123, 0.151041420784
INFO:root:0.0784848943603, 0.150685215646
INFO:root:0.0807875560351, 0.151712019553
INFO:root:0.084115892414, 0.152782977463
INFO:root:0.0920635420729, 0.151710555835
INFO:root:0.0933467057633, 0.147058738012
INFO:root:0.0936036243754, 0.140252353864
INFO:root:0.0918023741646, 0.133435297355
INFO:root:0.0894868580098, 0.126619350504
INFO:root:0.0881993415086, 0.121951752556
INFO:root:0.0863942080412, 0.116734097032
INFO:root:0.0843279777389, 0.113263410626
INFO:root:0.0830354637717, 0.110318426989
INFO:root:0.0832940436965, 0.109530000834
INFO:root:0.0861409460625, 0.111334335865
INFO:root:0.0900245848385, 0.113139367685
INFO:root:0.0959729990307, 0.11548917075
INFO:root:0.0983023345997, 0.116571795851
INFO:root:0.0975258419625, 0.120541663801
INFO:root:0.093132254759, 0.121622746388
INFO:root:0.0871923742374, 0.12630398215
INFO:root:0.0822840479414, 0.130986618864
INFO:root:0.0794380071133, 0.134954954659
INFO:root:0.0786608480364, 0.137483402491
INFO:root:0.0784012127293, 0.139293496135
INFO:root:0.0812552390963, 0.141993353188
INFO:root:0.0832887227653, 0.144432387527
INFO:root:0.0851025216934, 0.144777489598
INFO:root:0.0841137266778, 0.143486703049
INFO:root:0.0812599675167, 0.141370696835
INFO:root:0.0778860367782, 0.140285068041
INFO:root:0.074513121696, 0.14064683537
INFO:root:0.0716622709254, 0.140285467873
INFO:root:0.07054533345, 0.138769633413
INFO:root:0.0713206267284, 0.136967935162
INFO:root:0.0731292694615, 0.137328200132
INFO:root:0.0754523252642, 0.136968297999
INFO:root:0.0782949065631, 0.138049255831
INFO:root:0.0800749101499, 0.140378383711
INFO:root:0.0829107724302, 0.142402514345
INFO:root:0.0852270237417, 0.1429220842
INFO:root:0.0880592272505, 0.143999095636
INFO:root:0.0898607491514, 0.144357942202
INFO:root:0.0921743820183, 0.143999499928
INFO:root:0.0934590970281, 0.142924705671
INFO:root:0.0957678838654, 0.141206736918
INFO:root:0.0965387654188, 0.139415291042
INFO:root:0.098333286447, 0.136800310838
INFO:root:0.0985895747725, 0.133584143616
INFO:root:0.099229107616, 0.133319472074
INFO:root:0.0976351381672, 0.132440970566
INFO:root:0.0970100627468, 0.131659104112
INFO:root:0.0957374553923, 0.132013992438
INFO:root:0.0944693876505, 0.132367614815
INFO:root:0.0926969350501, 0.133426783502
INFO:root:0.09093057458, 0.133461721761
INFO:root:0.0896686229249, 0.133496057522
INFO:root:0.087153138023, 0.13123029739
INFO:root:0.0863971771612, 0.128050227796
INFO:root:0.0854791074096, 0.125536605772
INFO:root:0.0841961157589, 0.122295093709
INFO:root:0.0811002007994, 0.119011165753
INFO:root:0.0773262847728, 0.115853902672
INFO:root:0.0740578999983, 0.115503346906
INFO:root:0.0707893642839, 0.115853918861
INFO:root:0.0685292389562, 0.11690437653
INFO:root:0.067274948934, 0.117254156754
INFO:root:0.0680266471997, 0.117212155037
INFO:root:0.0697789380013, 0.117561195222
INFO:root:0.0710291166945, 0.115818026674
INFO:root:0.0732773505795, 0.113015673585
INFO:root:0.0735272189883, 0.110576870815
INFO:root:0.0737767575944, 0.107445405955
INFO:root:0.0724642041912, 0.105979143219
INFO:root:0.0702159832449, 0.10466673456
INFO:root:0.0703396681062, 0.105006372568
INFO:root:0.0700901882151, 0.106973250684
INFO:root:0.0708385074218, 0.109307139173
INFO:root:0.0729095331893, 0.112579345642
INFO:root:0.0745848103563, 0.115290807791
INFO:root:0.0765500117359, 0.117698205329
INFO:root:0.078786352612, 0.119644762801
INFO:root:0.0799384238297, 0.121063681226
INFO:root:0.0801852752467, 0.122799679394
INFO:root:0.0799390669277, 0.123803489581
INFO:root:0.0787108829512, 0.124611592384
INFO:root:0.0774837186246, 0.125560524638
INFO:root:0.0757676162312, 0.125902356426
INFO:root:0.0735604158585, 0.127612121904
INFO:root:0.0713558157063, 0.128636772665
INFO:root:0.0691509436825, 0.130344734533
INFO:root:0.0669481147914, 0.133416217082
INFO:root:0.0647442328808, 0.136489167895
INFO:root:0.0620561547804, 0.137511372282
INFO:root:0.0598571489885, 0.137852055823
INFO:root:0.0571685637381, 0.13682965858
INFO:root:0.0544843361735, 0.13185610894
INFO:root:0.0513124794414, 0.124711856471
INFO:root:0.0491199884263, 0.119616743001
INFO:root:0.0493636087431, 0.117918300706
INFO:root:0.0520425859241, 0.116899557155
INFO:root:0.0552059448608, 0.116560266101
INFO:root:0.0588520893412, 0.116221336186
INFO:root:0.0600669231048, 0.113849895985
INFO:root:0.0598239031951, 0.110800234373
INFO:root:0.0585852877431, 0.108773895064
INFO:root:0.0568652666896, 0.106410665962
INFO:root:0.0556650758147, 0.104418317717
INFO:root:0.0563934634418, 0.103183014549
INFO:root:0.0566363138783, 0.101031974789
INFO:root:0.0578516903799, 0.0986594751253
INFO:root:0.0614908484704, 0.0976446336535
INFO:root:0.0651248897831, 0.0959556093687
INFO:root:0.0677912361633, 0.0948762708657
INFO:root:0.0690022255791, 0.0938631555374
INFO:root:0.0697288659448, 0.0937719406325
INFO:root:0.0670658412402, 0.0920841452167
INFO:root:0.0648839002612, 0.0910700259527
INFO:root:0.0607620324374, 0.0907319514419
INFO:root:0.0590662346938, 0.0917453133055
INFO:root:0.0564061654671, 0.0927568666656
INFO:root:0.0561644881459, 0.0937678044796
INFO:root:0.0617164894052, 0.0988165126438
INFO:root:0.0623347315033, 0.100034781354
INFO:root:0.0631640109501, 0.101305295151
INFO:root:0.0625022013194, 0.101449017244
INFO:root:0.063710266023, 0.100972404666
INFO:root:0.0629479936054, 0.0997246470489
INFO:root:0.0636753745436, 0.0991257829016
INFO:root:0.0634335805029, 0.097337449112
INFO:root:0.0602905311462, 0.0945358678612
INFO:root:0.0606692534777, 0.0946691904307
INFO:root:0.0607863341987, 0.0949543749024
INFO:root:0.0607913202417, 0.0949918032391
INFO:root:0.0605499202176, 0.0958002841251
INFO:root:0.0604443057087, 0.0969289645572
INFO:root:0.0610603052088, 0.0977397534987
INFO:root:0.0617858234328, 0.0976831909145
INFO:root:0.0612028780427, 0.0964607092817
INFO:root:0.0613731008645, 0.0953735615753
INFO:root:0.0598945752291, 0.0944118869821
INFO:root:0.060136493307, 0.0930870816274
INFO:root:0.0602113686422, 0.0921433529346
INFO:root:0.060137170852, 0.0915775705794
INFO:root:0.0613512669424, 0.091201632369
INFO:root:0.061108792196, 0.0919076266508
INFO:root:0.0617511918401, 0.0927658664712
INFO:root:0.0610250543752, 0.0930464382732
INFO:root:0.0598144441198, 0.0936500661586
INFO:root:0.0590893901761, 0.0939834921792
INFO:root:0.0584595873192, 0.094374314355
INFO:root:0.0591831592383, 0.0943535271112
INFO:root:0.0591930303193, 0.0946015410788
INFO:root:0.0590850868425, 0.0956946663963
INFO:root:0.0602918412358, 0.0962069260573
INFO:root:0.0595676165326, 0.0964138046329
INFO:root:0.0598279423866, 0.0964491339531
INFO:root:0.059424407617, 0.0961842077189
INFO:root:0.058349632187, 0.0954665120157
INFO:root:0.058591690037, 0.0946541751171
INFO:root:0.0575339823905, 0.0943280814613
INFO:root:0.0585576232186, 0.0944959107058
INFO:root:0.0578296198414, 0.0948342710263
INFO:root:0.0585069974904, 0.0956983517105
INFO:root:0.0580157626826, 0.0959852750175
INFO:root:0.0577735960584, 0.0965965711388
INFO:root:0.0570481652895, 0.0973469457558
INFO:root:0.0568065733576, 0.0980313421253
INFO:root:0.0569684614743, 0.0982262464339
INFO:root:0.0570201637072, 0.0983634764626
INFO:root:0.0570803599822, 0.0987558465361
INFO:root:0.0568383492418, 0.0994985770336
INFO:root:0.0570284687527, 0.100016900268
INFO:root:0.0570313248752, 0.100630739132
INFO:root:0.0564625960679, 0.101201338687
INFO:root:0.0567267858577, 0.101246022336
INFO:root:0.0569467556452, 0.101302204133
INFO:root:0.0573297497273, 0.101380452113
INFO:root:0.0580558622657, 0.101118118459
INFO:root:0.0587813335984, 0.100337053961
INFO:root:0.0595084822531, 0.0988968961423
INFO:root:0.0597514014686, 0.0980375451628
INFO:root:0.0599944507452, 0.0963430839747
INFO:root:0.06072323818, 0.0959249999584
INFO:root:0.0613914919052, 0.0957901870722
INFO:root:0.0612071622827, 0.0957074094195
INFO:root:0.0616387013423, 0.0962353452651
INFO:root:0.0620975210897, 0.0968080378436
INFO:root:0.0632116669414, 0.0972700564934
INFO:root:0.0639429479223, 0.0971156973163
INFO:root:0.0651625481829, 0.0967690531423
INFO:root:0.0649647274161, 0.0962919515267
INFO:root:0.0648397795441, 0.0956899286034
INFO:root:0.0650836521161, 0.0950155921909
INFO:root:0.0639091599191, 0.0947176497119
INFO:root:0.0651252722563, 0.0947164208035
INFO:root:0.0649514653249, 0.0944407567237
INFO:root:0.0648063486014, 0.0942650399785
INFO:root:0.064653456044, 0.094192898292
INFO:root:0.0634368226746, 0.0944263306891
INFO:root:0.0635189689688, 0.0945933683247
INFO:root:0.0631406753954, 0.0945840939971
INFO:root:0.063130435011, 0.0944135451593
INFO:root:0.0626097318577, 0.09454931826
INFO:root:0.0632710619847, 0.0952595457969
INFO:root:0.0642406813156, 0.0957637344969
INFO:root:0.0638052598583, 0.0956847911227
INFO:root:0.0635003823146, 0.0955017121117
INFO:root:0.0622888718886, 0.0950236475671
INFO:root:0.0615749459717, 0.094254107683
INFO:root:0.0605846049293, 0.0939930202832
INFO:root:0.0608282761042, 0.0929737421662
INFO:root:0.061558654758, 0.0919553492719
INFO:root:0.0627752436316, 0.09093754943
INFO:root:0.0639936327918, 0.0909153901375
INFO:root:0.0636898924891, 0.0903661297225
INFO:root:0.0629573081409, 0.0906349132634
INFO:root:0.062226876054, 0.0910874906231
INFO:root:0.0624546884858, 0.0916450078289
INFO:root:0.0628980126907, 0.0923187038976
INFO:root:0.0646025369912, 0.0933372805104
INFO:root:0.0653350684857, 0.0929968156182
INFO:root:0.0670486411415, 0.0919728319584
INFO:root:0.067781910849, 0.0909504079654
INFO:root:0.0685130922829, 0.0903958255494
INFO:root:0.0683013252583, 0.0898706820362
INFO:root:0.0680895787561, 0.0896243654587
INFO:root:0.0678992279944, 0.0892466505045
INFO:root:0.0673373754371, 0.0895659382029
INFO:root:0.0679896583386, 0.0902804948196
INFO:root:0.0680297444893, 0.0907177276706
INFO:root:0.0681492857017, 0.0909109353497
INFO:root:0.0683759330852, 0.091080300926
INFO:root:0.0686062205206, 0.0911451728241
INFO:root:0.0687796279514, 0.0911863491975
INFO:root:0.0695071554835, 0.0912588114457
INFO:root:0.0693673294267, 0.0910081791638
INFO:root:0.0700943957065, 0.0903663890563
INFO:root:0.0703359758016, 0.0894331912661
INFO:root:0.0705768105124, 0.0888582299332
INFO:root:0.0712988208392, 0.0886173179721
INFO:root:0.0716620413353, 0.0888178056315
INFO:root:0.0721629313782, 0.0896758473427
INFO:root:0.072656732962, 0.0896293018358
INFO:root:0.0716586870379, 0.0895053219322
INFO:root:0.0723855766539, 0.0889970510725
INFO:root:0.0719527510796, 0.0885842564764
INFO:root:0.0726803481343, 0.0885004082818
INFO:root:0.072838875015, 0.088804330551
INFO:root:0.0739791728732, 0.0892673391224
INFO:root:0.0740870305907, 0.0896408622894
INFO:root:0.0742128711628, 0.0899249066667
INFO:root:0.0736809653312, 0.090504284889
INFO:root:0.0737775232525, 0.0907841918544
INFO:root:0.0730508267099, 0.0910704450782
INFO:root:0.0725595009356, 0.0911691630805
INFO:root:0.0732855784071, 0.0912267468487
INFO:root:0.0732566780842, 0.0909727409286
INFO:root:0.0739806039552, 0.0908131621075
INFO:root:0.0738155959703, 0.0905310175784
INFO:root:0.0732755904673, 0.090735262952
INFO:root:0.0730959820961, 0.0906638017139
INFO:root:0.0718888358572, 0.0903693525468
INFO:root:0.0719475988687, 0.0906743660425
INFO:root:0.0718114579193, 0.0904107447872
INFO:root:0.0725346250373, 0.0896852677765
INFO:root:0.0727752476065, 0.0885324310619
INFO:root:0.071616269826, 0.0878408826915
INFO:root:0.0722284222813, 0.0871724581522
INFO:root:0.070545479575, 0.0869772519478
INFO:root:0.0702153230082, 0.0867251784886
INFO:root:0.069179727304, 0.0866882995201
INFO:root:0.0699015292073, 0.0867445832553
INFO:root:0.0696809058513, 0.0866992179189
INFO:root:0.0701579933708, 0.0869577128051
INFO:root:0.0713631673854, 0.0871650941863
INFO:root:0.0706650221268, 0.0875091272656
INFO:root:0.0717427785816, 0.0878017915335
INFO:root:0.0705516420908, 0.0875385416355
INFO:root:0.0710320978149, 0.0875255411543
INFO:root:0.071752948757, 0.0872388118317
INFO:root:0.071993714768, 0.0866351157645
INFO:root:0.0719392936885, 0.0859574674571
INFO:root:0.0726642587177, 0.0855052912271
INFO:root:0.072299357499, 0.0851137148345
INFO:root:0.0717932716439, 0.0852687154482
INFO:root:0.0727934238106, 0.0855647927486
INFO:root:0.0720679037743, 0.0860647941946
INFO:root:0.0737591791407, 0.086908902336
INFO:root:0.0732548168986, 0.0873146590753
INFO:root:0.0736515600975, 0.0877678760261
INFO:root:0.0733113722183, 0.0876584758966
INFO:root:0.0725850134099, 0.0877055214522
INFO:root:0.071858076836, 0.0880736630459
INFO:root:0.0712195240881, 0.0880500646274
INFO:root:0.0717324698199, 0.0875160825346
INFO:root:0.0700387637526, 0.0874427472227
INFO:root:0.0706120849567, 0.0872585018648
INFO:root:0.069403539013, 0.0867301379748
INFO:root:0.0699186971733, 0.086387507995
INFO:root:0.0687090699277, 0.0864382942167
INFO:root:0.0683552261405, 0.0863973168536
INFO:root:0.0671420567055, 0.087010890796
INFO:root:0.0659541865626, 0.0869043355506
INFO:root:0.0655688795467, 0.0868907116809
INFO:root:0.0648424708244, 0.0868088550795
INFO:root:0.0642468790501, 0.0870075242257
INFO:root:0.063521787385, 0.0870440672982
INFO:root:0.0627949568944, 0.0871683879718
INFO:root:0.0622036189906, 0.0875865779744
INFO:root:0.0629304561433, 0.0874858437206
INFO:root:0.061872138043, 0.0875068857386
INFO:root:0.0626014903522, 0.0875229952542
INFO:root:0.0614982444086, 0.0875115094483
INFO:root:0.0616043788881, 0.0875337492492
INFO:root:0.0608758966368, 0.0878376543811
INFO:root:0.0609615415336, 0.0878840263069
INFO:root:0.0607852565628, 0.0877778792807
INFO:root:0.0607837533652, 0.0874978262368
INFO:root:0.0615121867229, 0.0871265553955
INFO:root:0.0604708041066, 0.0864527562847
INFO:root:0.0607128203963, 0.085599605486
INFO:root:0.0596018524515, 0.0852382423277
INFO:root:0.0603259183326, 0.084498498913
INFO:root:0.0609332524992, 0.0842287454897
INFO:root:0.0615183826137, 0.0835846119335
INFO:root:0.0612486304402, 0.0831573396496
INFO:root:0.0611914214662, 0.0825576688853
INFO:root:0.0610784023902, 0.0821669163194
INFO:root:0.0616029975102, 0.0818631843757
INFO:root:0.0608773186671, 0.0818101565413
INFO:root:0.0620868339983, 0.0819120563388
INFO:root:0.0615753894468, 0.0824371255435
INFO:root:0.062573146837, 0.0827816731837
INFO:root:0.0624624705661, 0.0827337990905
INFO:root:0.0631083954187, 0.0825283416297
INFO:root:0.0626943092636, 0.0820711538143
INFO:root:0.0624115871982, 0.0820059637063
INFO:root:0.0616847274553, 0.0820297685757
INFO:root:0.061891270073, 0.0820549405746
INFO:root:0.0626174160115, 0.0821348535943
INFO:root:0.0619405938359, 0.0821065457353
INFO:root:0.0626683990261, 0.0821712498088
INFO:root:0.0623334195826, 0.0820595595413
INFO:root:0.0616036008376, 0.0824919130181
INFO:root:0.061657470676, 0.0829585090297
INFO:root:0.0609294629622, 0.0836843886508
INFO:root:0.0602606971341, 0.0841693970297
INFO:root:0.0595345486799, 0.084859806304
INFO:root:0.0592925370949, 0.0865470330399
INFO:root:0.0585674673761, 0.0875580234976
INFO:root:0.0578433743961, 0.088127680133
INFO:root:0.0585671538381, 0.0880932243066
INFO:root:0.0573925312802, 0.0876615804379
INFO:root:0.058116428276, 0.0872459730259
INFO:root:0.0571495907824, 0.0868067377902
INFO:root:0.0578733241375, 0.0862376801811
INFO:root:0.057554751011, 0.0859439719203
INFO:root:0.0568717051281, 0.0863450440634
INFO:root:0.0566285917906, 0.0872088994775
INFO:root:0.0558993470159, 0.0881587223165
INFO:root:0.0556566225837, 0.0889292447352
INFO:root:0.0561797138003, 0.0897616865769
INFO:root:0.0559377473328, 0.0905165171656
INFO:root:0.057106246013, 0.0910945953465
INFO:root:0.056380659493, 0.0911977751761
INFO:root:0.0565243654884, 0.0914578988624
INFO:root:0.0558002527192, 0.0914017767771
INFO:root:0.0551689004534, 0.0914154171355
INFO:root:0.0555789900549, 0.0914464493024
INFO:root:0.0563080284018, 0.09139997024
INFO:root:0.0564926570145, 0.0915484042592
INFO:root:0.0575435836629, 0.0920526014788
INFO:root:0.0568123198734, 0.0926185967349
INFO:root:0.0574640719176, 0.0925242255769
INFO:root:0.0562467199206, 0.0924042745727
INFO:root:0.0561324041195, 0.0922030016394
INFO:root:0.0559599997965, 0.0921462512528
INFO:root:0.0559604579977, 0.0921683046526
INFO:root:0.056092650214, 0.092409722741
INFO:root:0.0568199176704, 0.0923911016606
INFO:root:0.0575446689898, 0.0923383713583
INFO:root:0.0587531357761, 0.0925121276645
INFO:root:0.0587006475525, 0.0918855974128
INFO:root:0.0584687169722, 0.0915222423478
INFO:root:0.0573085047967, 0.0909018587376
INFO:root:0.0580345658358, 0.0904888780207
INFO:root:0.0579216461341, 0.0902090042522
INFO:root:0.0591325536693, 0.0902979879249
INFO:root:0.0598574219438, 0.0900346854745
INFO:root:0.0600835495677, 0.0903595879167
INFO:root:0.0601084581697, 0.0904418815075
INFO:root:0.0593802371087, 0.0906428567343
INFO:root:0.0595820105541, 0.0911320725296
INFO:root:0.0588532552036, 0.0913325606832
INFO:root:0.0600669562087, 0.0914926824382
INFO:root:0.060793228764, 0.0910438162012
INFO:root:0.0615201822641, 0.0907059438409
INFO:root:0.0622463311545, 0.0903684454459
INFO:root:0.0634572554748, 0.0901519290627
INFO:root:0.0627297475944, 0.0903885206166
INFO:root:0.0630128821481, 0.0909169012033
INFO:root:0.0631038272468, 0.0913847629431
INFO:root:0.0628614392117, 0.0921899407767
INFO:root:0.0645547855739, 0.0929980901195
INFO:root:0.0644219014806, 0.0937853623042
INFO:root:0.0666015257245, 0.094123043136
INFO:root:0.0673645087694, 0.0951246090966
INFO:root:0.06857648263, 0.095314909015
INFO:root:0.0684076375989, 0.0953102967315
INFO:root:0.0682839038922, 0.0950255973176
INFO:root:0.0689273792326, 0.0949282903441
INFO:root:0.0687302458942, 0.094734073884
INFO:root:0.0694547967298, 0.0946142580847
INFO:root:0.0692922630797, 0.0942214764682
INFO:root:0.0700161051594, 0.0938850502292
INFO:root:0.070256971542, 0.0932829466666
INFO:root:0.0700467727222, 0.0929460490523
INFO:root:0.0702878047267, 0.0920805832419
INFO:root:0.0691581316676, 0.0914541860546
INFO:root:0.0698798750965, 0.0910110367949
INFO:root:0.0695488191203, 0.0907746992827
INFO:root:0.0702716927154, 0.0902004062389
INFO:root:0.0700549971073, 0.0897488737317
INFO:root:0.0707796921945, 0.0895838749251
INFO:root:0.0706569007888, 0.0892696727835
INFO:root:0.0710903771977, 0.0892752962953
INFO:root:0.0727862477664, 0.089077178213
INFO:root:0.0744860483011, 0.0900929320339
INFO:root:0.075700182449, 0.0897543499622
INFO:root:0.0773934960559, 0.0894170574915
INFO:root:0.0790895655765, 0.0890792160682
INFO:root:0.0807845222132, 0.0901244161842
INFO:root:0.0824790322574, 0.0911370085542
INFO:root:0.0846557862416, 0.0914742447077
INFO:root:0.0873131645359, 0.0918110880644
INFO:root:0.0904458310379, 0.0934910835071
INFO:root:0.0935744308617, 0.0944977722387
INFO:root:0.0966934806599, 0.0961704652761
INFO:root:0.100290899635, 0.0958360646743
INFO:root:0.102925416765, 0.0968379012538
INFO:root:0.106042021363, 0.0978407302848
INFO:root:0.110117009194, 0.0982636542307
INFO:root:0.113714570372, 0.0992668956923
INFO:root:0.116844112546, 0.099602559676
INFO:root:0.120447248026, 0.100607355627
INFO:root:0.124045265816, 0.101610724422
INFO:root:0.1271517139, 0.102610285395
INFO:root:0.131211666847, 0.103609274201
INFO:root:0.134787795519, 0.103941695748
INFO:root:0.138846470641, 0.104940370134
INFO:root:0.143387919281, 0.105940207468
INFO:root:0.146976759219, 0.105606604336
INFO:root:0.151027868629, 0.105274333412
INFO:root:0.155541260092, 0.104943113307
INFO:root:0.160044327018, 0.10526022994
INFO:root:0.164065495841, 0.104930414735
INFO:root:0.168079838249, 0.105259670039
INFO:root:0.17255174845, 0.105587845997
INFO:root:0.177497912703, 0.105916256115
INFO:root:0.181974248658, 0.106901758354
INFO:root:0.186446759012, 0.107886418357
INFO:root:0.189982738945, 0.107557728864
INFO:root:0.193980172343, 0.10854133416
INFO:root:0.198451707937, 0.108213185693
INFO:root:0.202910478012, 0.107885974038
INFO:root:0.207362088895, 0.107559287767
INFO:root:0.211339741917, 0.107233041716
INFO:root:0.215309890868, 0.107558672285
INFO:root:0.219743694687, 0.107233292805
INFO:root:0.224163665317, 0.107557657122
INFO:root:0.229505515163, 0.107233816646
INFO:root:0.234378129917, 0.108204396616
INFO:root:0.239247178002, 0.108527686456
INFO:root:0.244103305623, 0.108850118418
INFO:root:0.249415051549, 0.109172133895
INFO:root:0.254720626259, 0.108850492537
INFO:root:0.260019317545, 0.109171716599
INFO:root:0.265766296061, 0.10885118795
INFO:root:0.271049084983, 0.109171447958
INFO:root:0.276778713003, 0.108851887006
INFO:root:0.282492337039, 0.109170555362
INFO:root:0.288197699406, 0.110125178084
INFO:root:0.293893692281, 0.111078233101
INFO:root:0.299580549836, 0.111395408599
INFO:root:0.306627919685, 0.111712389181
INFO:root:0.312310018074, 0.111395479119
INFO:root:0.31890003147, 0.111078627749
INFO:root:0.325028727535, 0.110762129284
INFO:root:0.330964290302, 0.111653304437
INFO:root:0.336628695933, 0.11133738116
INFO:root:0.342293349912, 0.111653318288
INFO:root:0.347949360392, 0.111968773339
INFO:root:0.353605275741, 0.112915122574
INFO:root:0.359702706581, 0.113230006439
INFO:root:0.365795752624, 0.113544663864
INFO:root:0.372667153318, 0.112716698917
INFO:root:0.378747602949, 0.112402691996
INFO:root:0.385726787143, 0.113344433064
INFO:root:0.391354560346, 0.113030552903
INFO:root:0.396981748369, 0.112716705379
INFO:root:0.403058170216, 0.112402906462
INFO:root:0.408689238249, 0.112088842537
INFO:root:0.414770448826, 0.112402888754
INFO:root:0.420393823807, 0.111461984182
INFO:root:0.426911103956, 0.111148629866
INFO:root:0.43297403686, 0.110835527546
INFO:root:0.439037416467, 0.109896151378
INFO:root:0.445099413569, 0.108956989397
INFO:root:0.450258403076, 0.108644234515
INFO:root:0.455859374067, 0.108331849205
INFO:root:0.461451145094, 0.107396232615
INFO:root:0.466976968299, 0.107084403378
INFO:root:0.473447767775, 0.107395522878
INFO:root:0.479028947643, 0.107084241386
INFO:root:0.485047575113, 0.106773427089
INFO:root:0.490177048596, 0.107084392612
INFO:root:0.495745687577, 0.106152646482
INFO:root:0.500867523946, 0.107084154091
INFO:root:0.505552663849, 0.107395232993
INFO:root:0.510675751921, 0.107084654575
INFO:root:0.515789829724, 0.106774622388
INFO:root:0.521342591485, 0.106464925872
INFO:root:0.526443595348, 0.10615568627
INFO:root:0.532416381101, 0.105847239334
INFO:root:0.537941624004, 0.105539077638
INFO:root:0.54346486298, 0.104614927849
INFO:root:0.548106323059, 0.104306749153
INFO:root:0.552748196356, 0.10399854302
INFO:root:0.557385211765, 0.10307489227
INFO:root:0.562459138652, 0.102152097951
INFO:root:0.567086780193, 0.101230314389
INFO:root:0.572146795318, 0.1003100502
INFO:root:0.578084584608, 0.0987768519647
INFO:root:0.582699669546, 0.0990832794323
INFO:root:0.587751110336, 0.0981645746566
INFO:root:0.592355770774, 0.0972473687181
INFO:root:0.597392084898, 0.0963314150269
INFO:root:0.602867828607, 0.0954152121579
INFO:root:0.608782700226, 0.0944988437639
INFO:root:0.613819856915, 0.0948042127401
INFO:root:0.617969707399, 0.0951087539979
INFO:root:0.6229937084, 0.095413325433
INFO:root:0.627574399077, 0.0957174692274
INFO:root:0.632586289495, 0.0966289809829
INFO:root:0.638027588206, 0.09571854146
INFO:root:0.644339580506, 0.0948080895619
INFO:root:0.648470909192, 0.0938985435147
INFO:root:0.654772466255, 0.0929895968119
INFO:root:0.659772877206, 0.0920801728255
INFO:root:0.665204947285, 0.0917772076969
INFO:root:0.670629256763, 0.0920797399902
INFO:root:0.676053425589, 0.0917772155415
INFO:root:0.681907073325, 0.0920795099457
INFO:root:0.687761597206, 0.0917771702956
INFO:root:0.694043756768, 0.0920792198876
INFO:root:0.700750893097, 0.0920067324878
INFO:root:0.706156152102, 0.0917052627045
INFO:root:0.711994844629, 0.091403740618
INFO:root:0.717834452535, 0.0917053099765
INFO:root:0.723666592846, 0.09140412626
INFO:root:0.729629482706, 0.0905002678239
INFO:root:0.736139351785, 0.0901986497437
INFO:root:0.741974777814, 0.0892945895504
INFO:root:0.747373879454, 0.0895957159164
INFO:root:0.75234707896, 0.0892942242346
INFO:root:0.756880859257, 0.0889931951455
INFO:root:0.762283381614, 0.0880892436923
INFO:root:0.767252951635, 0.0877879720419
INFO:root:0.771782174212, 0.0874872455714
INFO:root:0.775872387568, 0.0865867514028
INFO:root:0.779961095338, 0.0850864802339
INFO:root:0.78362321688, 0.0835846490237
INFO:root:0.786855680423, 0.0820822694537
INFO:root:0.790519893584, 0.0805795804733
INFO:root:0.793321756829, 0.08027906221
INFO:root:0.795262498382, 0.0799783905582
INFO:root:0.797638836227, 0.0796771712631
INFO:root:0.79958520191, 0.0793756282862
INFO:root:0.801529794677, 0.0796768965919
INFO:root:0.803044071796, 0.0800565412402
INFO:root:0.804126521484, 0.0800229696235
INFO:root:0.80406228349, 0.0797064118894
INFO:root:0.80514757142, 0.079403760789
INFO:root:0.807095318809, 0.0791020037499
INFO:root:0.809041202195, 0.0791203521028
INFO:root:0.809690064934, 0.0788942695749
INFO:root:0.810340054164, 0.078206133503
INFO:root:0.810991103891, 0.0778727103999
INFO:root:0.811641488913, 0.0776969333461
INFO:root:0.812292257675, 0.077091309984
INFO:root:0.812235260507, 0.077027265343
INFO:root:0.811585237064, 0.0774746501224
INFO:root:0.81050277052, 0.0795877002837
INFO:root:0.809421821232, 0.0801739043477
INFO:root:0.809469113814, 0.0805172091772
INFO:root:0.808390571727, 0.0805435608361
INFO:root:0.809036696056, 0.0796426467393
INFO:root:0.809239975469, 0.0790308366375
INFO:root:0.807730764984, 0.0784735154974
INFO:root:0.806652893763, 0.0793752639695
INFO:root:0.805879301714, 0.0787113325969
INFO:root:0.80350662113, 0.0796135997234
INFO:root:0.800277744077, 0.0805140273111
INFO:root:0.797476153426, 0.0814154943884
INFO:root:0.792093140755, 0.0835170975925
INFO:root:0.788863522868, 0.0850181545623
INFO:root:0.783473737705, 0.085919974825
INFO:root:0.779378383657, 0.0874226847152
INFO:root:0.772697461707, 0.0901941446888
INFO:root:0.768169967851, 0.0904947563776
INFO:root:0.764077655805, 0.0889931626904
INFO:root:0.758704869972, 0.088693504047
INFO:root:0.752901028904, 0.0877943371907
INFO:root:0.747954598768, 0.0868947306869
INFO:root:0.742144379911, 0.0865946790393
INFO:root:0.735908451269, 0.0862948522546
INFO:root:0.728813944681, 0.0859950909675
INFO:root:0.72257953518, 0.086294844711
INFO:root:0.714623288664, 0.0877939902594
INFO:root:0.70710272882, 0.0880935955069
INFO:root:0.701297365118, 0.0883933964243
INFO:root:0.694205520665, 0.0886930452293
INFO:root:0.687969594736, 0.0901921785007
INFO:root:0.6813872123, 0.0904917829161
INFO:root:0.67456348766, 0.0913897914098
INFO:root:0.667483054892, 0.0940822910959
INFO:root:0.661265091897, 0.0943812540826
INFO:root:0.655050145297, 0.0952777079532
INFO:root:0.647127705362, 0.0967704835401
INFO:root:0.640924351308, 0.0976652652834
INFO:root:0.634722007067, 0.0985599013695
INFO:root:0.628949853465, 0.0988579872491
INFO:root:0.621901413893, 0.100347061431
INFO:root:0.615275352846, 0.100645092148
INFO:root:0.608231588213, 0.100942709456
INFO:root:0.60290114647, 0.100645412487
INFO:root:0.596715901068, 0.101537582209
INFO:root:0.590828969421, 0.101240187235
INFO:root:0.584770342045, 0.1021322527
INFO:root:0.579019466587, 0.104191060099
INFO:root:0.574126053054, 0.103894405305
INFO:root:0.569060581633, 0.104190924293
INFO:root:0.563324234411, 0.106264581644
INFO:root:0.557167593652, 0.107152625387
INFO:root:0.551769480273, 0.108040689277
INFO:root:0.545191146656, 0.109520109304
INFO:root:0.539466705597, 0.110406975022
INFO:root:0.533738086067, 0.111294488093
INFO:root:0.528435771023, 0.11159021634
INFO:root:0.522711606142, 0.111885823983
INFO:root:0.516559959137, 0.112773147419
INFO:root:0.510387356923, 0.113068889104
INFO:root:0.503811468288, 0.113364663137
INFO:root:0.498084803423, 0.11425187338
INFO:root:0.492356921662, 0.11395607379
INFO:root:0.486632763721, 0.112478037365
INFO:root:0.480070469534, 0.11159254964
INFO:root:0.47350565383, 0.110116169694
INFO:root:0.466943195366, 0.109230659802
INFO:root:0.461230418538, 0.107165523016
INFO:root:0.454672696722, 0.106280652267
INFO:root:0.448542363718, 0.105396403197
INFO:root:0.442837097724, 0.103923244867
INFO:root:0.436290864218, 0.103628804679
INFO:root:0.429745521424, 0.103334404553
INFO:root:0.423627466792, 0.103040245214
INFO:root:0.417931946343, 0.1033343736
INFO:root:0.411814396711, 0.104216778776
INFO:root:0.404900284758, 0.104510986805
INFO:root:0.39878286939, 0.10598162982
INFO:root:0.390559774239, 0.106275623502
INFO:root:0.384025575296, 0.106569522393
INFO:root:0.3774903259, 0.106863468532
INFO:root:0.370531461522, 0.107745558689
INFO:root:0.363994406593, 0.10745153134
INFO:root:0.357876964261, 0.10715740144
INFO:root:0.351242756834, 0.106863344697
INFO:root:0.344710027923, 0.105981846383
INFO:root:0.338174466141, 0.105687886193
INFO:root:0.331635045335, 0.10539375243
INFO:root:0.325517754307, 0.105687875055
INFO:root:0.318989610554, 0.105394248517
INFO:root:0.312461111979, 0.105687891014
INFO:root:0.306353201782, 0.105981562604
INFO:root:0.300245514498, 0.105687901732
INFO:root:0.293727226524, 0.105394718493
INFO:root:0.287208766538, 0.105101527518
INFO:root:0.280686270465, 0.103634664953
INFO:root:0.275010209629, 0.103927788405
INFO:root:0.269331521098, 0.103634529253
INFO:root:0.263230719623, 0.103341199455
INFO:root:0.257548566685, 0.103047761395
INFO:root:0.251864512084, 0.102167152597
INFO:root:0.244921602882, 0.102460508502
INFO:root:0.238822805009, 0.102167275038
INFO:root:0.232301842183, 0.102460578588
INFO:root:0.226203972018, 0.102167389728
INFO:root:0.220529058424, 0.101874325523
INFO:root:0.214848150598, 0.100994204242
INFO:root:0.209161620643, 0.100113211947
INFO:root:0.202630592576, 0.0998194556775
INFO:root:0.196944083809, 0.0983511406566
INFO:root:0.191256609169, 0.0974700020051
INFO:root:0.185984947745, 0.0965879462374
INFO:root:0.180289011139, 0.0962937963602
INFO:root:0.174587930149, 0.0954105497289
INFO:root:0.168885866333, 0.09511608343
INFO:root:0.163183298242, 0.0948215910894
INFO:root:0.157904209756, 0.0951160239113
INFO:root:0.151780588637, 0.0948215969324
INFO:root:0.146474497582, 0.0950566550938
INFO:root:0.141196278494, 0.0959398080916
INFO:root:0.136337731071, 0.0956452669956
INFO:root:0.131481437309, 0.0953508625239
INFO:root:0.126625440642, 0.0956452489847
INFO:root:0.121765195403, 0.0953506049616
INFO:root:0.117325534442, 0.0950558251073
INFO:root:0.113310628167, 0.0953504633388
INFO:root:0.109295244001, 0.0956451366407
INFO:root:0.105696360861, 0.0959403160857
INFO:root:0.102522705802, 0.0962353254158
INFO:root:0.0997746447352, 0.0959405777901
INFO:root:0.0970240099185, 0.0956455541127
INFO:root:0.0938529022967, 0.0953507815814
INFO:root:0.0902559775338, 0.0938756874841
INFO:root:0.0870812005448, 0.0929903466244
INFO:root:0.0839055525331, 0.0921047628652
INFO:root:0.0819979985837, 0.0924002928888
INFO:root:0.0800913539101, 0.0921049037358
INFO:root:0.0786084612386, 0.0924002822947
INFO:root:0.076702083475, 0.092104934493
INFO:root:0.0743728788961, 0.0918096897058
INFO:root:0.0711934009308, 0.0909230378985
INFO:root:0.0680107890808, 0.0900355121539
INFO:root:0.0656788646069, 0.0886489274839
INFO:root:0.0639596069633, 0.0870873336823
INFO:root:0.0629639103621, 0.0856506816795
INFO:root:0.0614771449785, 0.0850348011926
INFO:root:0.0599886761032, 0.085299875773
INFO:root:0.058073161494, 0.0852675432499
INFO:root:0.0578244466432, 0.0846959171533
INFO:root:0.0568199832407, 0.0841935459079
INFO:root:0.0570332811006, 0.0833013195661
INFO:root:0.05724692061, 0.0824076641021
INFO:root:0.0578886790531, 0.0809162864563
INFO:root:0.0585300888006, 0.0794257191419
INFO:root:0.0590462953019, 0.079234857907
INFO:root:0.0586148255303, 0.0788124053028
INFO:root:0.05907576259, 0.0785406104763
INFO:root:0.0595361515866, 0.0784757923403
INFO:root:0.0614649470096, 0.0793343037071
INFO:root:0.0610009232902, 0.0793621037342
INFO:root:0.0616435002696, 0.0783353387541
INFO:root:0.0606568820156, 0.0779739084708
INFO:root:0.0604423130142, 0.0764238745853
INFO:root:0.0594273082839, 0.0761243393052
INFO:root:0.0593121421656, 0.0755556206092
INFO:root:0.0596199540803, 0.0756130539224
INFO:root:0.0606914106891, 0.075889150989
INFO:root:0.0617630204405, 0.0760530621149
INFO:root:0.0628363462298, 0.0772856479909
INFO:root:0.062633945219, 0.0780405388754
INFO:root:0.0635897315265, 0.0794528107815
INFO:root:0.0637015227295, 0.079732361122
INFO:root:0.0647735086591, 0.0801701151292
INFO:root:0.0637513501207, 0.07989145811
INFO:root:0.0634802787822, 0.0798127146942
INFO:root:0.0628347704651, 0.0803292298707
INFO:root:0.0629557926327, 0.0805964092155
INFO:root:0.0623685149335, 0.0807467568139
INFO:root:0.06324795883, 0.0807313113473
INFO:root:0.0638501759228, 0.0803713384557
INFO:root:0.0642883778837, 0.0799721350133
INFO:root:0.0640938769048, 0.0798442570498
INFO:root:0.0631452481812, 0.0794978084142
INFO:root:0.0637786841425, 0.0794259784201
INFO:root:0.0635130924291, 0.0793330036141
INFO:root:0.0641599354329, 0.0787916183429
INFO:root:0.0640659554579, 0.0787278535336
INFO:root:0.0640755387247, 0.0786856152847
