INFO:root:0.175243055556, 0.347667222579
INFO:root:0.176252994501, 0.346937586862
INFO:root:0.17590618279, 0.34689694752
INFO:root:0.175843233448, 0.346863428919
INFO:root:0.175717161201, 0.346516550812
INFO:root:0.176628164739, 0.346293318352
INFO:root:0.176299924648, 0.34599691173
INFO:root:0.177323111487, 0.3458740645
INFO:root:0.178085515521, 0.345395840327
INFO:root:0.177695224756, 0.344827043171
INFO:root:0.178030093197, 0.34445370585
INFO:root:0.178354885028, 0.343547565134
INFO:root:0.176977179727, 0.342886029813
INFO:root:0.177939594952, 0.341813054647
INFO:root:0.178926312051, 0.341004396999
INFO:root:0.179254520338, 0.340114141784
INFO:root:0.17958094545, 0.339233014822
INFO:root:0.178029995405, 0.338556585421
INFO:root:0.178765355367, 0.337991767507
INFO:root:0.176495285007, 0.338125008835
INFO:root:0.177309786612, 0.337964710102
INFO:root:0.175684534128, 0.337952810948
INFO:root:0.177252950514, 0.338247264194
INFO:root:0.176270908449, 0.338095321151
INFO:root:0.177249295653, 0.337803661287
INFO:root:0.176899300934, 0.337528182942
INFO:root:0.176114099002, 0.337849717896
INFO:root:0.176357457723, 0.338507537826
INFO:root:0.175341538748, 0.338550437515
INFO:root:0.175428012697, 0.338581286056
INFO:root:0.176176861215, 0.338141210533
INFO:root:0.175189095645, 0.337989801632
INFO:root:0.17559786326, 0.338554176931
INFO:root:0.174684380467, 0.338957577093
INFO:root:0.175090361838, 0.339058383886
INFO:root:0.174130627059, 0.339166741688
INFO:root:0.175797454349, 0.339152509504
INFO:root:0.175502934758, 0.338959284436
INFO:root:0.176521030628, 0.33864770971
INFO:root:0.176146700627, 0.338365168073
INFO:root:0.17622616429, 0.338582485651
INFO:root:0.175273860538, 0.338982305065
INFO:root:0.175704842518, 0.339441611851
INFO:root:0.174704769849, 0.33978118396
INFO:root:0.176080064821, 0.33995040234
INFO:root:0.174671027386, 0.339694568304
INFO:root:0.175583430787, 0.339724590032
INFO:root:0.174597656181, 0.340090929371
INFO:root:0.17294966532, 0.339723467755
INFO:root:0.172618542139, 0.34050157276
INFO:root:0.174280937971, 0.340975612378
INFO:root:0.173593886517, 0.341244789805
INFO:root:0.175240147843, 0.340761583656
INFO:root:0.173812974736, 0.340166420111
INFO:root:0.174624648264, 0.339910854301
INFO:root:0.172991392858, 0.340082351851
INFO:root:0.172726597331, 0.340084503315
INFO:root:0.17171179261, 0.339906425009
INFO:root:0.172702007385, 0.339311837618
INFO:root:0.172622444983, 0.338772364318
INFO:root:0.173634981775, 0.33764350974
INFO:root:0.174493131129, 0.337429137027
INFO:root:0.17423285676, 0.33717953078
INFO:root:0.174121069319, 0.336855902162
INFO:root:0.173636237816, 0.33650080996
INFO:root:0.173124297035, 0.336099376232
INFO:root:0.17285062107, 0.335643268153
INFO:root:0.17373370307, 0.334821426864
INFO:root:0.17349136507, 0.334444712594
INFO:root:0.174504717749, 0.33406812453
INFO:root:0.174166906291, 0.332092495436
INFO:root:0.173336231798, 0.331016845803
INFO:root:0.171878205404, 0.330453364432
INFO:root:0.171874133169, 0.330437083701
INFO:root:0.171360741523, 0.33035852278
INFO:root:0.170327726611, 0.330550971385
INFO:root:0.171844391415, 0.331276777901
INFO:root:0.171907977352, 0.331989536694
INFO:root:0.173329902239, 0.332674122564
INFO:root:0.172371762393, 0.333356679559
INFO:root:0.173037330503, 0.33341040983
INFO:root:0.173376572251, 0.332686564512
INFO:root:0.173709857599, 0.331068775182
INFO:root:0.174041254382, 0.329646026523
INFO:root:0.173326945804, 0.328498982464
INFO:root:0.172854905655, 0.32806544631
INFO:root:0.171330235175, 0.327446620338
INFO:root:0.170970233345, 0.326788229945
INFO:root:0.169280529318, 0.326248501709
INFO:root:0.169115429678, 0.326237276825
INFO:root:0.168122335264, 0.32626540573
INFO:root:0.169129327246, 0.325891181466
INFO:root:0.170764063588, 0.325910124324
INFO:root:0.170865723797, 0.325963114668
INFO:root:0.171076143653, 0.326333146441
INFO:root:0.170047159406, 0.32672498817
INFO:root:0.169698914035, 0.328404990774
INFO:root:0.169986157751, 0.328872073724
INFO:root:0.169131199041, 0.329487336888
INFO:root:0.170811566191, 0.330320752947
INFO:root:0.171529059722, 0.330276499783
INFO:root:0.17080513094, 0.330567510876
INFO:root:0.172437960167, 0.330824010847
INFO:root:0.170775864974, 0.331045529023
INFO:root:0.17143785406, 0.331831241362
INFO:root:0.171443293171, 0.33204107548
INFO:root:0.172419298936, 0.332021206194
INFO:root:0.172088196487, 0.331746580806
INFO:root:0.172962572331, 0.331458833968
INFO:root:0.172478620058, 0.331448409688
INFO:root:0.171733623975, 0.331441608919
INFO:root:0.172236994246, 0.331557096444
INFO:root:0.172128431587, 0.331568082311
INFO:root:0.172043798593, 0.331130652878
INFO:root:0.172744166587, 0.330873635468
INFO:root:0.171738880551, 0.330818077411
INFO:root:0.172410482691, 0.331460411335
INFO:root:0.172904912417, 0.33193218917
INFO:root:0.173493115719, 0.332302817338
INFO:root:0.174519491525, 0.332234881111
INFO:root:0.173112891554, 0.331903408331
INFO:root:0.173334677528, 0.33194411353
INFO:root:0.172320779105, 0.332147187279
INFO:root:0.172991850703, 0.332911399464
INFO:root:0.172281888461, 0.333631349883
INFO:root:0.172918093382, 0.333663295487
INFO:root:0.173058995125, 0.333816334586
INFO:root:0.173285332584, 0.334032395745
INFO:root:0.173458006921, 0.334013049313
INFO:root:0.173551740624, 0.334165551198
INFO:root:0.173568533122, 0.334757043528
INFO:root:0.173225706406, 0.335216970751
INFO:root:0.173174207098, 0.336399494372
INFO:root:0.174262599841, 0.337556248158
INFO:root:0.173921473987, 0.338532527435
INFO:root:0.174203781917, 0.338835754761
INFO:root:0.173182357905, 0.338962395696
INFO:root:0.17364428897, 0.339092612922
INFO:root:0.173508137973, 0.339094954889
INFO:root:0.173589638079, 0.339670910417
INFO:root:0.174276797485, 0.340312289693
INFO:root:0.175350008794, 0.341506894732
INFO:root:0.176334120174, 0.3430012505
INFO:root:0.17622284755, 0.344114735261
INFO:root:0.176824559556, 0.344610707376
INFO:root:0.175799059498, 0.344672805513
INFO:root:0.176004897878, 0.344755929255
INFO:root:0.176717521539, 0.344667210915
INFO:root:0.176343458485, 0.344510845964
INFO:root:0.176339001477, 0.344142075817
INFO:root:0.176680769593, 0.34322665651
INFO:root:0.175024047018, 0.342763278605
INFO:root:0.176010736127, 0.342487070748
INFO:root:0.174351861141, 0.342823861042
INFO:root:0.174585432356, 0.343019422996
INFO:root:0.174215710485, 0.342902848245
INFO:root:0.173949055279, 0.342657901678
INFO:root:0.173060712757, 0.342930609316
INFO:root:0.173699083034, 0.343513840032
INFO:root:0.173759039639, 0.344222006418
INFO:root:0.17395741173, 0.344515887783
INFO:root:0.174216399023, 0.344603954085
INFO:root:0.174354856475, 0.345013547657
INFO:root:0.173622186002, 0.34516242461
INFO:root:0.174987614671, 0.345241802956
INFO:root:0.174404918071, 0.34516923997
INFO:root:0.175365376693, 0.344911564552
INFO:root:0.175105848037, 0.344717809379
INFO:root:0.176124456837, 0.344375340577
INFO:root:0.175766588639, 0.344223763326
INFO:root:0.176089849781, 0.344456690437
INFO:root:0.176617225092, 0.344498088176
INFO:root:0.178223498246, 0.344784253093
INFO:root:0.178467556921, 0.344848655726
INFO:root:0.179951774412, 0.345403310909
INFO:root:0.178948999421, 0.347266596516
INFO:root:0.179711984936, 0.34806478461
INFO:root:0.178698098373, 0.349213212658
INFO:root:0.179165756544, 0.349286859326
INFO:root:0.179068357674, 0.349195977438
INFO:root:0.180054367026, 0.34886990436
INFO:root:0.179794486556, 0.348500939686
INFO:root:0.180641073833, 0.348017546806
INFO:root:0.180023485705, 0.347431472085
INFO:root:0.180360660846, 0.346659259606
INFO:root:0.178708698409, 0.345788431844
INFO:root:0.17850253837, 0.345680175161
INFO:root:0.178320452887, 0.345334904761
INFO:root:0.1790376137, 0.344626395809
INFO:root:0.177385567829, 0.34387871469
INFO:root:0.178143953358, 0.34330415836
INFO:root:0.176510851035, 0.342785718669
INFO:root:0.177493212679, 0.342313183443
INFO:root:0.175879708148, 0.341489646363
INFO:root:0.176704882896, 0.341468469938
INFO:root:0.175286873898, 0.341143588714
INFO:root:0.176267551764, 0.340979228389
INFO:root:0.174624629595, 0.340837673299
INFO:root:0.174290546697, 0.341864213887
INFO:root:0.173553534374, 0.342585951811
INFO:root:0.174544376947, 0.342337031144
INFO:root:0.174032731754, 0.341916946386
INFO:root:0.175001103012, 0.341717213576
INFO:root:0.174395619981, 0.341410253814
INFO:root:0.174272603956, 0.341358581274
INFO:root:0.173328654831, 0.341462737121
INFO:root:0.174327314415, 0.341505195376
INFO:root:0.173823357086, 0.341331088478
INFO:root:0.174101277832, 0.341591414656
INFO:root:0.174919277593, 0.342715327635
INFO:root:0.176630180888, 0.343701153692
INFO:root:0.178217307368, 0.343886115085
INFO:root:0.178936805461, 0.34368043717
INFO:root:0.177949229647, 0.343754157302
INFO:root:0.176994812682, 0.343959308632
INFO:root:0.176216634291, 0.344249972622
INFO:root:0.175543233861, 0.344494748557
INFO:root:0.176473862392, 0.34395020777
INFO:root:0.17597389859, 0.343558042971
INFO:root:0.176982945207, 0.342945342601
INFO:root:0.177975343874, 0.34257654159
INFO:root:0.178959281102, 0.341518641371
INFO:root:0.178444291868, 0.341290140133
INFO:root:0.177496380285, 0.341343295717
INFO:root:0.177791102329, 0.341646868949
INFO:root:0.176416205378, 0.341632208241
INFO:root:0.175598791717, 0.341816844767
INFO:root:0.175861490019, 0.342257645688
INFO:root:0.175880883843, 0.342526224094
INFO:root:0.176901771634, 0.342523901996
INFO:root:0.177233454037, 0.341778407259
INFO:root:0.177560685753, 0.340836689539
INFO:root:0.177887908622, 0.339866943396
INFO:root:0.177145292491, 0.338711328754
INFO:root:0.177479277298, 0.337782518574
INFO:root:0.177208093313, 0.337088577038
INFO:root:0.178109668035, 0.336563359423
INFO:root:0.176727445373, 0.336472422283
INFO:root:0.176711848319, 0.336051972332
INFO:root:0.175730466812, 0.334963179225
INFO:root:0.174893701071, 0.334090023913
INFO:root:0.175231934486, 0.333347726595
INFO:root:0.175397180418, 0.332619843373
INFO:root:0.175079172954, 0.3319697866
INFO:root:0.176078420159, 0.33132856077
INFO:root:0.174707513938, 0.330711729092
INFO:root:0.175428378402, 0.3301869945
INFO:root:0.17380128128, 0.329884983145
INFO:root:0.17363770356, 0.329627466682
INFO:root:0.174331500669, 0.329133101503
INFO:root:0.174662337931, 0.328055016804
INFO:root:0.17498741775, 0.327040449339
INFO:root:0.174672178898, 0.326510520809
INFO:root:0.175371032407, 0.326481316128
INFO:root:0.174757667636, 0.326441928108
INFO:root:0.174040429235, 0.326436142721
INFO:root:0.175695173888, 0.3262748726
INFO:root:0.175055625439, 0.325676570487
INFO:root:0.176043484657, 0.325423524057
INFO:root:0.175285446212, 0.326003330585
INFO:root:0.17646575985, 0.327071417404
INFO:root:0.176645666319, 0.327652307336
INFO:root:0.175903400206, 0.328276367942
INFO:root:0.176529961604, 0.328740732854
INFO:root:0.176193620562, 0.329546483834
INFO:root:0.176964040634, 0.330381363315
INFO:root:0.177400653803, 0.330935873693
INFO:root:0.177060042038, 0.331678747269
INFO:root:0.178723200832, 0.331703135909
INFO:root:0.178155935535, 0.331455069138
INFO:root:0.177562548471, 0.331329940278
INFO:root:0.176555697841, 0.331497013808
INFO:root:0.176622064206, 0.33160246413
INFO:root:0.177636970988, 0.330967136979
INFO:root:0.177970206415, 0.329924573326
INFO:root:0.178036549441, 0.328923027187
INFO:root:0.176682901407, 0.328633381544
INFO:root:0.177658239598, 0.328320635154
INFO:root:0.176260583947, 0.32809195268
INFO:root:0.177232179464, 0.327726674865
INFO:root:0.175839037054, 0.32759105052
INFO:root:0.176807473763, 0.327598853811
INFO:root:0.175966974043, 0.327585050089
INFO:root:0.178228940434, 0.328393896651
INFO:root:0.177495432946, 0.328444749068
INFO:root:0.179116756395, 0.328769401635
INFO:root:0.178296588751, 0.328000349876
INFO:root:0.178412679564, 0.327156583755
INFO:root:0.176788309449, 0.326808025075
INFO:root:0.177762974722, 0.326115644698
INFO:root:0.176439122887, 0.325514426793
INFO:root:0.177410229447, 0.325108430704
INFO:root:0.176826440594, 0.324694462552
INFO:root:0.175834227819, 0.325040579098
INFO:root:0.176039122146, 0.325055311048
INFO:root:0.175799085573, 0.324746715177
INFO:root:0.175785128385, 0.324741426763
INFO:root:0.175062738277, 0.324847707737
INFO:root:0.175624930313, 0.324873978414
INFO:root:0.175277588654, 0.324716556391
INFO:root:0.174270774805, 0.324721136986
INFO:root:0.175271984695, 0.324962103945
INFO:root:0.174793993672, 0.32435502309
INFO:root:0.174931601193, 0.324602922402
INFO:root:0.175324945334, 0.324608926146
INFO:root:0.175902071644, 0.324750402817
INFO:root:0.176423897177, 0.325072907041
INFO:root:0.176813493216, 0.325339400994
INFO:root:0.17707976071, 0.325344716408
INFO:root:0.176265264504, 0.325322385883
INFO:root:0.176571824742, 0.325528571114
INFO:root:0.175566931306, 0.326359577828
INFO:root:0.175882308388, 0.326744453006
INFO:root:0.175546760285, 0.327647547204
INFO:root:0.177540688195, 0.328630008309
INFO:root:0.177869460594, 0.328998867292
INFO:root:0.179357987466, 0.329167100742
INFO:root:0.178580793087, 0.329718614726
INFO:root:0.180084736845, 0.329860625477
INFO:root:0.178674862264, 0.329676970384
INFO:root:0.179146748607, 0.329724658006
INFO:root:0.178441989237, 0.329928291674
INFO:root:0.179148898347, 0.330777937522
INFO:root:0.178812145069, 0.333406008302
INFO:root:0.179506050657, 0.334733366721
INFO:root:0.179165467005, 0.336631912125
INFO:root:0.178825507642, 0.33776895135
INFO:root:0.178486523185, 0.338902729872
INFO:root:0.177658595987, 0.339097172345
INFO:root:0.178654377221, 0.338727114285
INFO:root:0.18016961361, 0.338746064928
INFO:root:0.179822356016, 0.338422048145
INFO:root:0.179858705052, 0.338824847774
INFO:root:0.178852542892, 0.33958303268
INFO:root:0.177861168217, 0.339613293987
INFO:root:0.176969903044, 0.340059278965
INFO:root:0.177318927873, 0.34073218478
INFO:root:0.177584316989, 0.341372750993
INFO:root:0.17905543839, 0.342118890903
INFO:root:0.178172491442, 0.342097193743
INFO:root:0.179833498773, 0.34227041874
INFO:root:0.179002969427, 0.34271028321
INFO:root:0.180619402627, 0.343373496821
INFO:root:0.178970641159, 0.344476397148
INFO:root:0.180599132987, 0.344290211799
INFO:root:0.178970048328, 0.344226303551
INFO:root:0.179947253204, 0.344251539673
INFO:root:0.179511097931, 0.34406291672
INFO:root:0.180322700763, 0.343765992181
INFO:root:0.179905732623, 0.343146558226
INFO:root:0.180903911242, 0.342619355806
INFO:root:0.18059305368, 0.341936491234
INFO:root:0.181458005027, 0.341428875091
INFO:root:0.180469573523, 0.341482080526
INFO:root:0.181081570979, 0.341680666564
INFO:root:0.180254497218, 0.341754758946
INFO:root:0.180832333346, 0.342153925117
INFO:root:0.180854991261, 0.342311643424
INFO:root:0.181664199102, 0.341884660181
INFO:root:0.181228131479, 0.341415073904
INFO:root:0.181986204158, 0.340901230141
INFO:root:0.182206903517, 0.340085618
INFO:root:0.181741927616, 0.339681443087
INFO:root:0.181057378109, 0.339896779718
INFO:root:0.182039625077, 0.339732026148
INFO:root:0.180402249282, 0.339608699911
INFO:root:0.181150990339, 0.33940606546
INFO:root:0.179790595574, 0.338986599895
INFO:root:0.180395433468, 0.33945671731
INFO:root:0.180396288262, 0.339759107955
INFO:root:0.180383719572, 0.339802612331
INFO:root:0.181119971247, 0.339567923754
INFO:root:0.179720138433, 0.339244810353
INFO:root:0.180702316482, 0.338892795142
INFO:root:0.179214819799, 0.338409557709
INFO:root:0.180191181943, 0.337687820099
INFO:root:0.179324615051, 0.336718875944
INFO:root:0.179063219403, 0.336159614556
INFO:root:0.179032886347, 0.335653306044
INFO:root:0.180042289057, 0.33527818589
INFO:root:0.18006739998, 0.333935389967
INFO:root:0.179561087322, 0.333375016915
INFO:root:0.180245314891, 0.33323309824
INFO:root:0.179603059107, 0.333009444921
INFO:root:0.178601271685, 0.333081256593
INFO:root:0.177862343598, 0.333245842954
INFO:root:0.178815120264, 0.33313869033
INFO:root:0.177464974156, 0.333114818122
INFO:root:0.179100768495, 0.333036541216
INFO:root:0.178886378557, 0.332349396718
INFO:root:0.179217970038, 0.331240344984
INFO:root:0.180886957977, 0.331125251416
INFO:root:0.179516787341, 0.330992963417
INFO:root:0.179875236228, 0.331152399886
INFO:root:0.179229705152, 0.330759785522
INFO:root:0.17781464919, 0.330442326286
INFO:root:0.178140637232, 0.330727967409
INFO:root:0.177355782949, 0.330990837822
INFO:root:0.17868997271, 0.331183326102
INFO:root:0.178200177978, 0.330983443006
INFO:root:0.179205686688, 0.330609769964
INFO:root:0.179542866833, 0.329221228425
INFO:root:0.179878018887, 0.328487880459
INFO:root:0.178887619545, 0.328561221464
INFO:root:0.17950472882, 0.329072543769
INFO:root:0.178503961817, 0.32972506139
INFO:root:0.177674988989, 0.330023476145
INFO:root:0.177019172304, 0.330563429592
INFO:root:0.177463571431, 0.331065689948
INFO:root:0.177426250343, 0.331083245931
INFO:root:0.17758376153, 0.331087314249
INFO:root:0.177849977968, 0.331117597675
INFO:root:0.177816688997, 0.330777480462
INFO:root:0.177683332656, 0.330612043529
INFO:root:0.177354795103, 0.330458209197
INFO:root:0.176831867543, 0.330122022757
INFO:root:0.176424827454, 0.329823638723
INFO:root:0.176134210943, 0.329597481245
INFO:root:0.175409476365, 0.329637387824
INFO:root:0.176774482428, 0.32971503373
INFO:root:0.175783327327, 0.32961835688
INFO:root:0.177434151409, 0.329986450235
INFO:root:0.177755897336, 0.329285096996
INFO:root:0.176296882105, 0.32902952724
INFO:root:0.176622430503, 0.32906847933
INFO:root:0.176405027195, 0.329047110178
INFO:root:0.176235678695, 0.328905117918
INFO:root:0.176254704206, 0.328835147368
INFO:root:0.176973094471, 0.328498158704
INFO:root:0.176558043612, 0.327977449152
INFO:root:0.177559428981, 0.327305147077
INFO:root:0.177420489101, 0.327023620746
INFO:root:0.178199278046, 0.326633898077
INFO:root:0.17679117409, 0.326662567893
INFO:root:0.178227951559, 0.326905644588
INFO:root:0.177237470581, 0.32721840865
INFO:root:0.178874021301, 0.327583319394
INFO:root:0.17839710359, 0.327334153486
INFO:root:0.178605148539, 0.327386577075
INFO:root:0.179467333876, 0.326942487689
INFO:root:0.177950386847, 0.32632149111
INFO:root:0.178930318951, 0.325703329404
INFO:root:0.177300671242, 0.325403981222
INFO:root:0.178087184425, 0.32466027196
INFO:root:0.17813561617, 0.323745230082
INFO:root:0.177535209738, 0.323099818049
INFO:root:0.178237057399, 0.322624712733
INFO:root:0.177621482552, 0.322616166303
INFO:root:0.176724538526, 0.322671482721
INFO:root:0.176999378527, 0.32304646674
INFO:root:0.176007045816, 0.323362169516
INFO:root:0.176488926, 0.323709344684
INFO:root:0.176730588981, 0.32420590382
INFO:root:0.177732441336, 0.32431252811
INFO:root:0.177357141786, 0.324069293576
INFO:root:0.177139500549, 0.323399761004
INFO:root:0.177399702611, 0.322617100785
INFO:root:0.176179046335, 0.32174566372
INFO:root:0.175694699568, 0.321048536683
INFO:root:0.175667338392, 0.320508918347
INFO:root:0.176658181794, 0.319773317106
INFO:root:0.176986759594, 0.319119117819
INFO:root:0.176837615718, 0.318780221258
INFO:root:0.177767472459, 0.318634020565
INFO:root:0.176122852836, 0.318398263631
INFO:root:0.176185820558, 0.318595500304
INFO:root:0.175195120577, 0.318502420342
INFO:root:0.175305498384, 0.319074944937
INFO:root:0.175358820179, 0.319589396126
INFO:root:0.175589321653, 0.320139087979
INFO:root:0.175996064087, 0.320523903928
INFO:root:0.176799070487, 0.320475448224
INFO:root:0.175130736273, 0.320423102001
INFO:root:0.176022133155, 0.320434507267
INFO:root:0.174536095358, 0.320442890555
INFO:root:0.176091059568, 0.320790753007
INFO:root:0.175093815532, 0.321441235958
INFO:root:0.175589700957, 0.321716314253
INFO:root:0.175636972386, 0.322256377239
INFO:root:0.174638547994, 0.322627417565
INFO:root:0.174304979172, 0.324486859584
INFO:root:0.173293314024, 0.324906454468
INFO:root:0.174301806823, 0.324825765812
INFO:root:0.173988114718, 0.324437345468
INFO:root:0.174738499254, 0.32389283219
INFO:root:0.174060234319, 0.323176501569
INFO:root:0.17477646827, 0.322544636492
INFO:root:0.173353721978, 0.322164491712
INFO:root:0.17433468521, 0.322159318352
INFO:root:0.172718395381, 0.321870292108
INFO:root:0.173713698299, 0.321788142058
INFO:root:0.172056943033, 0.321740554392
INFO:root:0.173493963304, 0.322269286333
INFO:root:0.172494779075, 0.322932176103
INFO:root:0.173401543202, 0.323827621276
INFO:root:0.173068944319, 0.324954086314
INFO:root:0.172873395144, 0.32639941749
INFO:root:0.172540334114, 0.327164240309
INFO:root:0.172208413182, 0.328480977434
INFO:root:0.171877473348, 0.329587849645
INFO:root:0.172211670368, 0.331030073957
INFO:root:0.173888801149, 0.331647961305
INFO:root:0.174684665799, 0.331145621686
INFO:root:0.174419881475, 0.330798118477
INFO:root:0.174237292517, 0.330596600996
INFO:root:0.173232431163, 0.330460112936
INFO:root:0.173312011983, 0.331025432881
INFO:root:0.173424486399, 0.331670711731
INFO:root:0.173976887484, 0.33222106577
INFO:root:0.175379326431, 0.332822220442
INFO:root:0.174472388601, 0.33357723526
INFO:root:0.175324097125, 0.334613357447
INFO:root:0.174990394598, 0.336473544792
INFO:root:0.173994469528, 0.338101308101
INFO:root:0.174957853596, 0.339098229781
INFO:root:0.174624576762, 0.339837168225
INFO:root:0.17629200623, 0.340249810777
INFO:root:0.176375589806, 0.340395580661
INFO:root:0.176708686694, 0.340878171541
INFO:root:0.176824566445, 0.341267417668
INFO:root:0.175828616433, 0.341660384014
INFO:root:0.176209092371, 0.342102689754
INFO:root:0.175212822192, 0.342567377534
INFO:root:0.175856164055, 0.342794799768
INFO:root:0.177520570328, 0.343165921619
INFO:root:0.177429987887, 0.342566407957
INFO:root:0.178424399339, 0.342023724382
INFO:root:0.177848088364, 0.341347602745
INFO:root:0.177478159616, 0.341189331681
INFO:root:0.176555118413, 0.341152297903
INFO:root:0.178106069625, 0.341138986953
INFO:root:0.177109565569, 0.341495151208
INFO:root:0.1787670354, 0.341893671064
INFO:root:0.178875543574, 0.342191131909
INFO:root:0.17897961192, 0.342786781654
INFO:root:0.177983699314, 0.342738330975
INFO:root:0.178979749375, 0.342617635484
INFO:root:0.1773162711, 0.342334521453
INFO:root:0.178985489943, 0.342286679025
INFO:root:0.178708964658, 0.341580032759
INFO:root:0.180367573357, 0.340816881479
INFO:root:0.180107624047, 0.340179515491
INFO:root:0.180282907914, 0.340171366806
INFO:root:0.180312941325, 0.340345704678
INFO:root:0.180328931389, 0.340470498927
INFO:root:0.180334256099, 0.340612265049
INFO:root:0.180295338011, 0.340107811324
INFO:root:0.180166430155, 0.339616622596
INFO:root:0.1800141114, 0.339335666825
INFO:root:0.179820245969, 0.339161970498
INFO:root:0.179605898637, 0.338943982289
INFO:root:0.179535207697, 0.338895623961
INFO:root:0.178851661702, 0.339019597792
INFO:root:0.179411720379, 0.339616960392
INFO:root:0.178587388804, 0.340055123607
INFO:root:0.179146060435, 0.340399933397
INFO:root:0.17842262911, 0.340950284672
INFO:root:0.178267323933, 0.341717695235
INFO:root:0.178548816127, 0.342195750246
INFO:root:0.177552240922, 0.342024829261
INFO:root:0.176547784258, 0.342421330186
INFO:root:0.17730993422, 0.34330284483
INFO:root:0.177432307472, 0.343848497728
INFO:root:0.177095549566, 0.344697247594
INFO:root:0.176758914634, 0.345801262946
INFO:root:0.177197097445, 0.346326684034
INFO:root:0.177128823936, 0.346232309859
INFO:root:0.177463968656, 0.34555705574
INFO:root:0.177136489305, 0.343841380436
INFO:root:0.17599458682, 0.342473431145
INFO:root:0.176196223769, 0.341097293015
INFO:root:0.175867389912, 0.339860624147
INFO:root:0.175543736578, 0.338056454908
INFO:root:0.176533104695, 0.337403713725
INFO:root:0.175007688918, 0.336896581126
INFO:root:0.175994370188, 0.336461702074
INFO:root:0.175004658805, 0.336829504421
INFO:root:0.173366588062, 0.336464254749
INFO:root:0.173036234533, 0.33733353627
INFO:root:0.172704696619, 0.33837065392
INFO:root:0.173102662238, 0.338692039787
INFO:root:0.174104441128, 0.338339324838
INFO:root:0.173712252421, 0.338166743288
INFO:root:0.173455746401, 0.337654103194
INFO:root:0.17192388037, 0.337149654772
INFO:root:0.171694565751, 0.336926701294
INFO:root:0.170369186589, 0.336762074998
INFO:root:0.171364255337, 0.336819238548
INFO:root:0.17118488275, 0.336340711519
INFO:root:0.172168692082, 0.335520423756
INFO:root:0.171817312303, 0.335131450025
INFO:root:0.171591259426, 0.334794757393
INFO:root:0.17059859804, 0.335081460437
INFO:root:0.169604175664, 0.335339735384
INFO:root:0.169596506106, 0.335164544818
INFO:root:0.168232173885, 0.334983291425
INFO:root:0.168432080869, 0.335251259552
INFO:root:0.167492385889, 0.335886115055
INFO:root:0.168872601847, 0.336179069593
INFO:root:0.167862035441, 0.336426229667
INFO:root:0.168680779369, 0.336383414612
INFO:root:0.167010778085, 0.336235911356
INFO:root:0.168012162661, 0.33546699105
INFO:root:0.16900909315, 0.335184955452
INFO:root:0.170003434177, 0.334729773229
INFO:root:0.170754699075, 0.334020677016
INFO:root:0.170590606403, 0.333565965092
INFO:root:0.171588304679, 0.333610432401
INFO:root:0.171485441935, 0.333178686129
INFO:root:0.172478842586, 0.332211915638
INFO:root:0.172555065782, 0.331049952302
INFO:root:0.172334498113, 0.330396289438
INFO:root:0.17266631, 0.329286500525
INFO:root:0.173001537862, 0.328165286435
INFO:root:0.174018916969, 0.327855539522
INFO:root:0.173835374667, 0.327371141632
INFO:root:0.174642513215, 0.327358892663
INFO:root:0.173650354747, 0.327655919692
INFO:root:0.1753061162, 0.327824241927
INFO:root:0.174309574261, 0.327846476021
INFO:root:0.174858027459, 0.328179955263
INFO:root:0.173857064389, 0.329014656229
INFO:root:0.174203940885, 0.329668727353
INFO:root:0.173376717031, 0.329946299524
INFO:root:0.17437404949, 0.329518241283
INFO:root:0.1727103638, 0.328722048768
INFO:root:0.173445529996, 0.32833150131
INFO:root:0.171780206383, 0.327565682517
INFO:root:0.172774804231, 0.327470883175
INFO:root:0.172232764566, 0.327333830298
INFO:root:0.171844414386, 0.326946547653
INFO:root:0.171485543054, 0.326556262538
INFO:root:0.170532192146, 0.326774688783
INFO:root:0.170873898467, 0.327360449132
INFO:root:0.169870457376, 0.327787569498
INFO:root:0.170267082011, 0.327990769244
INFO:root:0.170253772115, 0.327959032759
INFO:root:0.169477949951, 0.32816012288
INFO:root:0.169988998322, 0.328390691607
INFO:root:0.169699261246, 0.328276779513
INFO:root:0.169192265985, 0.327776955647
INFO:root:0.168792152479, 0.327367216805
INFO:root:0.169490384627, 0.327002687885
INFO:root:0.169143586736, 0.326768993051
INFO:root:0.169284574791, 0.326954841221
INFO:root:0.168283760328, 0.327043606767
INFO:root:0.16861073447, 0.327222850813
INFO:root:0.16776952632, 0.327372318146
INFO:root:0.169108267771, 0.327507296127
INFO:root:0.168773663869, 0.328626423299
INFO:root:0.167780447493, 0.329086290669
INFO:root:0.16923984902, 0.329580913136
INFO:root:0.169120873359, 0.329581606372
INFO:root:0.170786568975, 0.328964655062
INFO:root:0.170453905244, 0.328742682513
INFO:root:0.171243295846, 0.328128257728
INFO:root:0.169749133354, 0.327618072604
INFO:root:0.170079228282, 0.326514026292
INFO:root:0.171076736704, 0.326273943399
INFO:root:0.172066336246, 0.326118852322
INFO:root:0.173054373178, 0.325710169098
INFO:root:0.173973515064, 0.325385265127
INFO:root:0.173791373317, 0.325084730669
INFO:root:0.174769626693, 0.324872103296
INFO:root:0.173358948669, 0.324664398911
INFO:root:0.174153396922, 0.324450419707
INFO:root:0.172505166699, 0.324036711505
INFO:root:0.172587028454, 0.32401928389
INFO:root:0.171701656534, 0.324028347079
INFO:root:0.17232779491, 0.324375123426
INFO:root:0.171332598644, 0.324354073962
INFO:root:0.172203055208, 0.324199505894
INFO:root:0.170549767315, 0.32383086317
INFO:root:0.170851687594, 0.324502176756
INFO:root:0.171845324459, 0.324372516873
INFO:root:0.172177996403, 0.323791409356
INFO:root:0.172504404337, 0.323023965689
INFO:root:0.171524076934, 0.322850875466
INFO:root:0.170595892113, 0.3232004441
INFO:root:0.171341100271, 0.323198841349
INFO:root:0.169021995323, 0.32323802275
INFO:root:0.170012034724, 0.32292873522
INFO:root:0.168357388715, 0.322313498762
INFO:root:0.169350279425, 0.321944514896
INFO:root:0.169477612237, 0.321209186596
INFO:root:0.167887211027, 0.32086696657
INFO:root:0.168787149646, 0.320693834095
INFO:root:0.167138838811, 0.320326301133
INFO:root:0.166334628005, 0.321022205784
INFO:root:0.166298833591, 0.320953395058
INFO:root:0.165303306701, 0.321067614973
INFO:root:0.164643409683, 0.321731550163
INFO:root:0.165188120106, 0.322193078655
INFO:root:0.164492877788, 0.322412127795
INFO:root:0.165496603057, 0.322262101997
INFO:root:0.164144403458, 0.321956854714
INFO:root:0.164800308863, 0.321980416853
INFO:root:0.165670634928, 0.321419755031
INFO:root:0.165210434687, 0.321175453664
INFO:root:0.165212391415, 0.321062578494
INFO:root:0.165887319017, 0.320729480861
INFO:root:0.165250566177, 0.320500752322
INFO:root:0.165344257446, 0.320484240841
INFO:root:0.165428482928, 0.320696460236
INFO:root:0.165541759297, 0.320970275178
INFO:root:0.165209103213, 0.321878003017
INFO:root:0.166281545908, 0.322746165988
INFO:root:0.166711016701, 0.323107562614
INFO:root:0.166755319352, 0.323275925499
INFO:root:0.16586087153, 0.323457083544
INFO:root:0.166863499058, 0.323509319373
INFO:root:0.166480821726, 0.323068790266
INFO:root:0.167405846883, 0.323034281825
INFO:root:0.166408880049, 0.32286407071
INFO:root:0.16691283736, 0.323229083261
INFO:root:0.166203099387, 0.323239424888
INFO:root:0.166741034094, 0.323559182188
INFO:root:0.166851939361, 0.324088046954
INFO:root:0.167263842249, 0.324463617971
INFO:root:0.168267505614, 0.324395396273
INFO:root:0.168406497448, 0.324456786984
INFO:root:0.168652511952, 0.32461393638
INFO:root:0.168676508437, 0.324691248747
INFO:root:0.168410279298, 0.324576178947
INFO:root:0.168180497904, 0.324530462791
INFO:root:0.16826558941, 0.324520335902
INFO:root:0.168868867402, 0.324651745932
INFO:root:0.170533232007, 0.32454954007
INFO:root:0.171439375078, 0.323839896587
INFO:root:0.172279812049, 0.323819695684
INFO:root:0.171483848714, 0.323984530968
INFO:root:0.172112408422, 0.324080707094
INFO:root:0.171563917814, 0.323822130171
INFO:root:0.170568538897, 0.323710629114
INFO:root:0.171997778081, 0.324379367027
INFO:root:0.170994844566, 0.325228703498
INFO:root:0.173016848244, 0.32617857781
INFO:root:0.172010196012, 0.326999810239
INFO:root:0.171702355575, 0.328060549405
INFO:root:0.171365906852, 0.328883560025
INFO:root:0.171746480605, 0.329243005133
INFO:root:0.17260426356, 0.329128606088
INFO:root:0.172426161391, 0.328437080681
INFO:root:0.172760221482, 0.327319772353
INFO:root:0.173764543738, 0.327020101692
INFO:root:0.172095709563, 0.326676252165
INFO:root:0.172106314472, 0.327153707086
INFO:root:0.171773302416, 0.328267510119
INFO:root:0.170785198879, 0.329369124609
INFO:root:0.170793139831, 0.330047222339
INFO:root:0.170878417818, 0.330694572095
INFO:root:0.171018969648, 0.331237174536
INFO:root:0.171074841045, 0.331981770862
INFO:root:0.171146752284, 0.332490264656
INFO:root:0.171159756259, 0.332790462285
INFO:root:0.17116561395, 0.332759004573
INFO:root:0.170952500439, 0.332296407968
INFO:root:0.170658905504, 0.331727778995
INFO:root:0.170379866419, 0.331358759064
INFO:root:0.170117955315, 0.330769877134
INFO:root:0.170450659915, 0.329979215386
INFO:root:0.170646570729, 0.329192119928
INFO:root:0.170260170627, 0.328859341866
INFO:root:0.170805454615, 0.328892265602
INFO:root:0.171801692242, 0.3288804803
INFO:root:0.171365911286, 0.328779074376
INFO:root:0.170523160385, 0.329092565953
INFO:root:0.171189980233, 0.329586369911
INFO:root:0.170857784232, 0.330512150961
INFO:root:0.171559982117, 0.331546054334
INFO:root:0.172067941216, 0.331642324331
INFO:root:0.173501812789, 0.331739578729
INFO:root:0.172719722161, 0.331845887247
INFO:root:0.174058290882, 0.332122497174
INFO:root:0.17239051287, 0.33233120131
INFO:root:0.174062912112, 0.332333227936
INFO:root:0.173488313447, 0.332187692863
INFO:root:0.17448688696, 0.332265608833
INFO:root:0.174256166306, 0.332144245167
INFO:root:0.175251031771, 0.332078228155
INFO:root:0.175009272086, 0.331447428642
INFO:root:0.175886213838, 0.331126497056
INFO:root:0.174885094453, 0.331367952741
INFO:root:0.177227023596, 0.332184219449
INFO:root:0.176418987424, 0.332569916165
INFO:root:0.176373460178, 0.333409490319
INFO:root:0.176897166646, 0.333771263023
INFO:root:0.177172238626, 0.33381566303
INFO:root:0.178169239235, 0.333537094419
INFO:root:0.177517225236, 0.333457532846
INFO:root:0.177216850758, 0.333305004574
INFO:root:0.176641976753, 0.332891254942
INFO:root:0.175646544463, 0.333241740458
INFO:root:0.175734588725, 0.333844381455
INFO:root:0.174741557942, 0.334711322493
INFO:root:0.174991681184, 0.33538595699
INFO:root:0.173993975493, 0.336109587011
INFO:root:0.173656911514, 0.337236942241
INFO:root:0.173314244312, 0.339147102159
INFO:root:0.172289430557, 0.341051338641
INFO:root:0.170607034887, 0.341426471687
INFO:root:0.169598777869, 0.341281143856
INFO:root:0.171276461596, 0.340907061458
INFO:root:0.172940860067, 0.341278181569
INFO:root:0.176634892199, 0.342737356161
INFO:root:0.177758159876, 0.344099055317
INFO:root:0.179996812515, 0.345176225377
INFO:root:0.180207938139, 0.345462355163
INFO:root:0.181211078788, 0.344638032539
INFO:root:0.182213089092, 0.342776167819
INFO:root:0.183216461575, 0.340911771994
INFO:root:0.184227446542, 0.339784647511
INFO:root:0.186585336147, 0.33865803682
INFO:root:0.188907294429, 0.338288222641
INFO:root:0.191217431449, 0.337920291214
INFO:root:0.194201910721, 0.336811181528
INFO:root:0.196527146848, 0.337181517764
INFO:root:0.199513711497, 0.336811556209
INFO:root:0.20116548497, 0.336443251163
INFO:root:0.203504397571, 0.335325707773
INFO:root:0.204508147211, 0.334206649794
INFO:root:0.206183804434, 0.333833019257
INFO:root:0.207836138058, 0.333615883453
INFO:root:0.208783733582, 0.334487920222
INFO:root:0.210020239362, 0.33584958178
INFO:root:0.210831958054, 0.337105258948
INFO:root:0.210502425173, 0.338459475918
INFO:root:0.210834653727, 0.340364607911
INFO:root:0.211167409249, 0.34296147963
INFO:root:0.211500241539, 0.345558950465
INFO:root:0.212500109674, 0.34890314219
INFO:root:0.21282908569, 0.351470518104
INFO:root:0.213159184237, 0.354046654416
INFO:root:0.213490474577, 0.357370787999
INFO:root:0.213163469495, 0.359922782464
INFO:root:0.21349016479, 0.362472359305
INFO:root:0.214472641593, 0.365028155834
INFO:root:0.214143540607, 0.366875833733
INFO:root:0.216444365539, 0.368059258585
INFO:root:0.21659267753, 0.368434704798
INFO:root:0.217569909889, 0.368048118311
INFO:root:0.217348339061, 0.36771673994
INFO:root:0.217023891542, 0.3659081436
INFO:root:0.216699799701, 0.364101529951
INFO:root:0.214433421182, 0.359409022799
INFO:root:0.212185080813, 0.354753863402
INFO:root:0.210583310751, 0.350825152802
INFO:root:0.208985911181, 0.347714579753
INFO:root:0.206107151197, 0.345232566968
INFO:root:0.203848045589, 0.34389615757
INFO:root:0.202876165964, 0.341011946674
INFO:root:0.199284583728, 0.336809814113
INFO:root:0.197682676929, 0.332166916937
INFO:root:0.196078079566, 0.328939027536
INFO:root:0.194476406836, 0.324433629601
INFO:root:0.190999150067, 0.321654383254
INFO:root:0.189326295906, 0.319932014631
INFO:root:0.186435843918, 0.318857847916
INFO:root:0.183557276426, 0.317788097787
INFO:root:0.180055167062, 0.316723255084
INFO:root:0.176560307968, 0.316369042349
INFO:root:0.173089621577, 0.317424330661
INFO:root:0.170246832615, 0.319889389766
INFO:root:0.168661636557, 0.322363609149
INFO:root:0.167707863263, 0.324135843268
INFO:root:0.167389991827, 0.327325332928
INFO:root:0.167708834978, 0.331235514845
INFO:root:0.168667961702, 0.334443441514
INFO:root:0.168349599339, 0.336927986954
INFO:root:0.168753221543, 0.337270373612
INFO:root:0.169070506024, 0.339746507112
INFO:root:0.169388110759, 0.342225139924
INFO:root:0.168434410679, 0.345414916462
INFO:root:0.16874903541, 0.347870292893
INFO:root:0.167813515375, 0.349608610095
INFO:root:0.168126554228, 0.351353610102
INFO:root:0.167192134894, 0.351673464615
INFO:root:0.168755096254, 0.351919453135
INFO:root:0.16963836958, 0.351736179768
INFO:root:0.169707777315, 0.351853455841
INFO:root:0.171888270837, 0.352200739179
INFO:root:0.172200306597, 0.3504613308
INFO:root:0.174995624564, 0.348729976713
INFO:root:0.177150060797, 0.346328044039
INFO:root:0.179901655327, 0.343069083971
INFO:root:0.18202954764, 0.339341121975
INFO:root:0.180514380845, 0.332246374859
INFO:root:0.180210945128, 0.326495382294
INFO:root:0.181123890361, 0.320727723276
INFO:root:0.181428881353, 0.31472782306
INFO:root:0.181124995192, 0.308968293245
INFO:root:0.182649641573, 0.30250907573
INFO:root:0.182343607335, 0.297391215017
INFO:root:0.182647704047, 0.292305755872
INFO:root:0.182343354755, 0.286537448382
INFO:root:0.182648535465, 0.280753383087
INFO:root:0.18417660453, 0.276323997202
INFO:root:0.185699919539, 0.27126107498
INFO:root:0.187218419218, 0.266039221804
INFO:root:0.186914586465, 0.262313122207
INFO:root:0.186611584386, 0.26062407107
INFO:root:0.185099850922, 0.261635309727
INFO:root:0.184797269472, 0.263322016114
INFO:root:0.183289239657, 0.265003284759
INFO:root:0.181781414308, 0.266011909173
INFO:root:0.179677111875, 0.265829213873
INFO:root:0.178774573969, 0.263502782033
INFO:root:0.175914845185, 0.258728275326
INFO:root:0.172612350488, 0.253700115343
INFO:root:0.169911019383, 0.249401492345
INFO:root:0.167902793551, 0.247304468365
INFO:root:0.16640697948, 0.246727478125
INFO:root:0.163714158643, 0.247061052081
INFO:root:0.161626093667, 0.248723864114
INFO:root:0.158837392963, 0.251703295289
INFO:root:0.155565926078, 0.255350580403
INFO:root:0.150510132293, 0.258997786466
INFO:root:0.144850052487, 0.262651115805
INFO:root:0.139808572975, 0.264304243018
INFO:root:0.136548996265, 0.265956074393
INFO:root:0.133898962917, 0.268253989898
INFO:root:0.133016239418, 0.271206375836
INFO:root:0.13448663218, 0.276124299651
INFO:root:0.135955472764, 0.280382001018
INFO:root:0.136249092052, 0.285292244484
INFO:root:0.137127852428, 0.290843935897
INFO:root:0.138594354981, 0.296402836726
INFO:root:0.140652171006, 0.301974496795
INFO:root:0.143300691157, 0.306895789731
INFO:root:0.14595785615, 0.3118331459
INFO:root:0.149100870387, 0.315113138177
INFO:root:0.152927737406, 0.318512442287
INFO:root:0.156737214329, 0.321386750733
INFO:root:0.159843912625, 0.323804165824
INFO:root:0.162483545197, 0.325207370659
INFO:root:0.164537846083, 0.325534555519
INFO:root:0.167752442269, 0.32455713336
INFO:root:0.170956395907, 0.323582947149
INFO:root:0.173566332347, 0.321966414012
INFO:root:0.17501388986, 0.319061485036
INFO:root:0.174724321282, 0.316801650411
INFO:root:0.174435138943, 0.315072217035
INFO:root:0.171834524923, 0.314267564274
INFO:root:0.169814869375, 0.313302563398
INFO:root:0.168373817033, 0.313623882791
INFO:root:0.166933140459, 0.313945118396
INFO:root:0.165496103367, 0.314449592892
INFO:root:0.165406462349, 0.314119898881
INFO:root:0.164130890822, 0.31262854406
INFO:root:0.163273108358, 0.310136135569
INFO:root:0.161842488912, 0.307142040698
INFO:root:0.160984996139, 0.303636709288
INFO:root:0.160699205718, 0.302043602613
INFO:root:0.160414442805, 0.299186320499
INFO:root:0.161273092589, 0.300446850429
INFO:root:0.160989483733, 0.302660174537
INFO:root:0.158434501777, 0.30550866666
INFO:root:0.155882304131, 0.308986363056
INFO:root:0.15390055519, 0.311195770537
INFO:root:0.151922239184, 0.313401350718
INFO:root:0.151074971481, 0.315605416858
INFO:root:0.150229569304, 0.316747863777
INFO:root:0.15163604818, 0.317011492945
INFO:root:0.152378367789, 0.318136192097
INFO:root:0.154601625252, 0.320065768065
INFO:root:0.155230828056, 0.320737146681
INFO:root:0.15648575014, 0.320897295863
INFO:root:0.156043961388, 0.320275654001
INFO:root:0.156883758727, 0.31968865161
INFO:root:0.15772450317, 0.319340284812
INFO:root:0.1580045111, 0.318266697829
INFO:root:0.158845185874, 0.31768073109
INFO:root:0.159358144211, 0.318012963836
INFO:root:0.161315306957, 0.318948105359
INFO:root:0.162333084624, 0.320061865803
INFO:root:0.164285704433, 0.321236816395
INFO:root:0.165003682665, 0.322120223692
INFO:root:0.165748343214, 0.32283802813
INFO:root:0.167135066639, 0.322806723197
INFO:root:0.167967417322, 0.322258454983
INFO:root:0.16935252537, 0.322449044385
INFO:root:0.170181260743, 0.321743392342
INFO:root:0.171009886742, 0.320779928667
INFO:root:0.171838458458, 0.31998130575
INFO:root:0.172114119369, 0.318716811852
INFO:root:0.171357194796, 0.317685459458
INFO:root:0.172013184752, 0.317483991199
INFO:root:0.170639830139, 0.317656266601
INFO:root:0.171910438399, 0.318038040746
INFO:root:0.171085934971, 0.318633990761
INFO:root:0.17172295728, 0.319342464769
INFO:root:0.171790841545, 0.319577268106
INFO:root:0.171176234949, 0.31999768635
INFO:root:0.171994990708, 0.320058030382
INFO:root:0.171731328013, 0.319965652845
INFO:root:0.171996712524, 0.320336308999
INFO:root:0.171288533755, 0.32040158684
INFO:root:0.172107079473, 0.320296978378
INFO:root:0.17177892518, 0.320075643279
INFO:root:0.172386418866, 0.320058148486
INFO:root:0.171569761152, 0.320599883254
INFO:root:0.172929676304, 0.321110937644
INFO:root:0.173134444321, 0.321665997864
INFO:root:0.174237665681, 0.322220775492
INFO:root:0.173586145127, 0.322525472633
INFO:root:0.174942085806, 0.32228136607
INFO:root:0.17483599, 0.321679002019
INFO:root:0.176192952248, 0.320886858643
INFO:root:0.177004226451, 0.320664596657
INFO:root:0.177813620825, 0.320297698006
INFO:root:0.178327511933, 0.320348596135
INFO:root:0.178700753566, 0.320888785932
INFO:root:0.178430414582, 0.321424078681
INFO:root:0.179691029639, 0.321827448931
INFO:root:0.17888209936, 0.322173911632
INFO:root:0.179733872565, 0.322918303594
INFO:root:0.179949510086, 0.323213752695
INFO:root:0.180013892381, 0.323269216203
INFO:root:0.181276293413, 0.323384953712
INFO:root:0.182081552174, 0.323421892285
INFO:root:0.183425821831, 0.322561752519
INFO:root:0.183191189484, 0.322537903292
INFO:root:0.183459645654, 0.321375210429
INFO:root:0.183041742313, 0.319928426238
INFO:root:0.181609591801, 0.318652859104
INFO:root:0.179735386262, 0.317843261265
INFO:root:0.178396539871, 0.317559144603
INFO:root:0.177204089403, 0.317300725366
INFO:root:0.177958756611, 0.317193257177
INFO:root:0.176627731162, 0.31718688313
INFO:root:0.176704077667, 0.317634732396
INFO:root:0.175370931125, 0.3173618631
INFO:root:0.174570890212, 0.317894418261
INFO:root:0.174946795694, 0.318115603168
INFO:root:0.17488334595, 0.317902473634
INFO:root:0.175500698257, 0.317660739794
INFO:root:0.175262215485, 0.317119078219
INFO:root:0.176064686253, 0.316820859327
INFO:root:0.17545625023, 0.315996462559
INFO:root:0.174121644304, 0.316025201889
INFO:root:0.174323711442, 0.316560899534
INFO:root:0.173770023603, 0.317009080644
INFO:root:0.17510806006, 0.317677024633
INFO:root:0.174494365803, 0.317879792024
INFO:root:0.175526103292, 0.318552402743
INFO:root:0.17630319173, 0.319386481587
INFO:root:0.176941043283, 0.320338376211
INFO:root:0.176674159521, 0.321229979658
INFO:root:0.177150711546, 0.3218074688
INFO:root:0.177346169165, 0.322044476612
INFO:root:0.178521413498, 0.322575939534
INFO:root:0.179207319489, 0.322311009732
INFO:root:0.179159084921, 0.322196900646
INFO:root:0.179449203412, 0.322256134483
INFO:root:0.179210115375, 0.323193464225
INFO:root:0.179935049534, 0.324178529944
INFO:root:0.180202124121, 0.325667307299
INFO:root:0.179935286335, 0.32721988336
INFO:root:0.181269986792, 0.327776089096
INFO:root:0.180467900167, 0.32807416523
INFO:root:0.180972925327, 0.328491070727
INFO:root:0.180344085969, 0.328752107013
INFO:root:0.180076805181, 0.329780388662
INFO:root:0.181275168251, 0.33027355498
INFO:root:0.179936134401, 0.331169270278
INFO:root:0.180491658886, 0.330920964347
INFO:root:0.179687214058, 0.331817821858
INFO:root:0.179419402564, 0.333670629852
INFO:root:0.180064194203, 0.334733007511
INFO:root:0.180286844807, 0.335201938219
INFO:root:0.180613806486, 0.335270196346
INFO:root:0.181414329543, 0.335191980453
INFO:root:0.1806137982, 0.336074021163
INFO:root:0.1819478137, 0.336770697978
INFO:root:0.181698198158, 0.336282863034
INFO:root:0.181964972945, 0.33453414896
INFO:root:0.180631310987, 0.334236774994
INFO:root:0.180365347556, 0.334935316707
INFO:root:0.180333630433, 0.335639434759
INFO:root:0.181659503936, 0.335913697798
INFO:root:0.180863709314, 0.336927552859
INFO:root:0.181617473107, 0.337668548589
INFO:root:0.182282318284, 0.3375275031
INFO:root:0.182106623223, 0.337332959468
INFO:root:0.182902451723, 0.337261066732
INFO:root:0.183167605945, 0.33655066976
INFO:root:0.182902473692, 0.334481539709
INFO:root:0.182636700867, 0.332407410543
INFO:root:0.182370982344, 0.330333705159
INFO:root:0.182104931794, 0.327664180991
INFO:root:0.182370712122, 0.325589993266
INFO:root:0.183167576763, 0.324701586736
INFO:root:0.18449402571, 0.323814289814
INFO:root:0.18528964207, 0.32314444765
INFO:root:0.185554970474, 0.322259610416
INFO:root:0.18434249386, 0.321965728627
INFO:root:0.184182384499, 0.321884412555
INFO:root:0.182511528223, 0.321021203293
INFO:root:0.182246662881, 0.319277773275
INFO:root:0.181968835452, 0.317940520781
INFO:root:0.181704133797, 0.315948602591
INFO:root:0.18043174796, 0.315684549509
INFO:root:0.180167383668, 0.317258893542
INFO:root:0.179902502664, 0.31873544302
INFO:root:0.178581850968, 0.318838064359
INFO:root:0.1777903975, 0.319720438093
INFO:root:0.176472708256, 0.322364750068
INFO:root:0.175682716753, 0.32383265644
INFO:root:0.174892931696, 0.325887188312
INFO:root:0.174629291428, 0.327356821447
INFO:root:0.174821031043, 0.326389577036
INFO:root:0.174557264589, 0.323742971252
INFO:root:0.173765493082, 0.321094786325
INFO:root:0.174556451118, 0.319625084011
INFO:root:0.176399643934, 0.320610105833
INFO:root:0.178242053122, 0.320903543078
INFO:root:0.180608307125, 0.319437941101
INFO:root:0.18244623273, 0.314970843628
INFO:root:0.182184196143, 0.311757317719
INFO:root:0.181403927842, 0.312312206868
INFO:root:0.18271393588, 0.314941104354
INFO:root:0.184022902156, 0.318735380988
INFO:root:0.187429805595, 0.320780608838
INFO:root:0.189260486735, 0.321655316856
INFO:root:0.190566026777, 0.321946420323
INFO:root:0.191350168687, 0.321072198081
INFO:root:0.192134090184, 0.320198221572
INFO:root:0.19382115701, 0.321274087104
INFO:root:0.194082136549, 0.322943520852
INFO:root:0.195390049616, 0.323235153445
INFO:root:0.194604756823, 0.321192307661
INFO:root:0.195912933222, 0.320791284214
INFO:root:0.196175045282, 0.319914615626
INFO:root:0.198535636589, 0.319622196699
INFO:root:0.200892159974, 0.319330281686
INFO:root:0.20377259646, 0.319622221149
INFO:root:0.206130358335, 0.318746015856
INFO:root:0.207966224956, 0.319038411078
INFO:root:0.209281506488, 0.321531588514
INFO:root:0.210600313645, 0.32389494125
INFO:root:0.211392614634, 0.326036512225
INFO:root:0.213175126932, 0.327953066901
INFO:root:0.214706134014, 0.329163768305
INFO:root:0.216668506165, 0.331036759344
INFO:root:0.217988194685, 0.334257041002
INFO:root:0.21983325782, 0.338077220147
INFO:root:0.220096780716, 0.342484156716
INFO:root:0.219833295353, 0.347477973466
INFO:root:0.219570532691, 0.353043989316
INFO:root:0.218783981389, 0.3568439258
INFO:root:0.21852054923, 0.358899788079
INFO:root:0.218256895563, 0.36154526216
INFO:root:0.219048190603, 0.365956247694
INFO:root:0.220364012163, 0.370943979591
INFO:root:0.222205360075, 0.375343002849
INFO:root:0.224045512702, 0.379739170546
INFO:root:0.225360206373, 0.382632680164
INFO:root:0.226679000593, 0.385279209581
INFO:root:0.227996879139, 0.390274738656
INFO:root:0.228787911735, 0.396448070248
INFO:root:0.230109085682, 0.402634448596
INFO:root:0.231431632462, 0.407057881894
INFO:root:0.231694974406, 0.409113040119
INFO:root:0.230906586192, 0.410425076745
INFO:root:0.232164919601, 0.411753257916
INFO:root:0.234007361891, 0.412975999541
INFO:root:0.235320914608, 0.413381889723
INFO:root:0.234533532254, 0.413469755907
INFO:root:0.232692731947, 0.413176574905
INFO:root:0.23032198184, 0.412882897554
INFO:root:0.227955583691, 0.412589759302
INFO:root:0.22663932801, 0.413470237678
INFO:root:0.225321752983, 0.413626300965
INFO:root:0.225057991222, 0.413979358116
INFO:root:0.22373901303, 0.41368525827
INFO:root:0.222948506713, 0.414447664078
INFO:root:0.222156708479, 0.415394220192
INFO:root:0.223753946138, 0.416461443993
INFO:root:0.22296049191, 0.417935784554
INFO:root:0.223224704128, 0.419176218896
INFO:root:0.223603654073, 0.420747782434
INFO:root:0.224712174697, 0.42238472998
INFO:root:0.226083558227, 0.424777336828
INFO:root:0.227319004466, 0.426404404844
INFO:root:0.229084516302, 0.428731379909
INFO:root:0.230137771262, 0.429860406308
INFO:root:0.232502958962, 0.430153394615
INFO:root:0.233818755124, 0.428686442962
INFO:root:0.232501061574, 0.429259995374
INFO:root:0.23276504624, 0.433086033028
INFO:root:0.231972926656, 0.436324126393
INFO:root:0.232236921993, 0.438384383789
INFO:root:0.232500915246, 0.440548794731
INFO:root:0.234877799643, 0.441432106446
INFO:root:0.237255734873, 0.441726673857
INFO:root:0.240166178701, 0.442021654639
INFO:root:0.242019617629, 0.441726460707
INFO:root:0.242813825985, 0.438479828686
INFO:root:0.241485389656, 0.435665514668
INFO:root:0.238557276999, 0.434775199982
INFO:root:0.235638044498, 0.43566281459
INFO:root:0.233780749921, 0.437141854662
INFO:root:0.232986006835, 0.439799978428
INFO:root:0.23458772046, 0.441684526177
INFO:root:0.23804722788, 0.443167959752
INFO:root:0.242049268844, 0.444060316908
INFO:root:0.245521492878, 0.444953648776
INFO:root:0.247652675504, 0.446909868506
INFO:root:0.249530698549, 0.4469394531
INFO:root:0.250337212386, 0.446512190703
INFO:root:0.251144001837, 0.446005806526
INFO:root:0.25249311433, 0.445704987469
INFO:root:0.254385654656, 0.443595036673
INFO:root:0.256276859523, 0.439679321673
INFO:root:0.256006147419, 0.435152158801
INFO:root:0.255192023425, 0.431219014888
INFO:root:0.253906485788, 0.429919887554
INFO:root:0.252231767881, 0.427772177328
INFO:root:0.250327358967, 0.424711349998
INFO:root:0.247877600253, 0.420428661817
INFO:root:0.244048715726, 0.416237060496
INFO:root:0.239951819218, 0.413496537634
INFO:root:0.235296154091, 0.412580567625
INFO:root:0.232281323062, 0.414108371057
INFO:root:0.229815711743, 0.415024655992
INFO:root:0.226802151836, 0.414719224137
INFO:root:0.225428023478, 0.411322206429
INFO:root:0.222950219108, 0.406718125491
INFO:root:0.221573611909, 0.402113879941
INFO:root:0.218349302908, 0.398926854202
INFO:root:0.214765433103, 0.396775390132
INFO:root:0.21117766213, 0.395852330412
INFO:root:0.20924504125, 0.396775745715
INFO:root:0.207310332651, 0.396467608107
INFO:root:0.205372438284, 0.396776253107
INFO:root:0.204271973066, 0.396024686172
INFO:root:0.202327120045, 0.395178918663
INFO:root:0.200937509966, 0.39548876769
INFO:root:0.198431173089, 0.397041133699
INFO:root:0.195921884997, 0.401778325724
INFO:root:0.196759236133, 0.408313133841
INFO:root:0.196480015052, 0.409869620469
INFO:root:0.195642681259, 0.410914684457
INFO:root:0.194835037941, 0.411236087959
INFO:root:0.192528911876, 0.409849217982
INFO:root:0.190566451132, 0.408689908566
INFO:root:0.188602368239, 0.407651378201
INFO:root:0.188767104634, 0.407762928085
INFO:root:0.189610191147, 0.407776404554
INFO:root:0.189720491602, 0.406522507471
INFO:root:0.189439391795, 0.403075196838
INFO:root:0.18859538964, 0.398997707459
INFO:root:0.189439697272, 0.39554627538
INFO:root:0.190284446475, 0.393976622122
INFO:root:0.191694029493, 0.391147899592
INFO:root:0.190281592939, 0.386423818011
INFO:root:0.187739252982, 0.381699821606
INFO:root:0.182527182928, 0.375801345858
INFO:root:0.175471214105, 0.369822774308
INFO:root:0.17180026449, 0.368015347667
INFO:root:0.172647345131, 0.366618472104
INFO:root:0.175193368937, 0.367564640399
INFO:root:0.181700715172, 0.365987489424
INFO:root:0.185378892887, 0.361886771519
INFO:root:0.186790784097, 0.355905245217
INFO:root:0.186508281712, 0.34992108923
INFO:root:0.183961977347, 0.342666332955
INFO:root:0.182549670408, 0.337312865145
INFO:root:0.181139134197, 0.333268600839
INFO:root:0.179010730836, 0.329795247289
INFO:root:0.176945310034, 0.326547802525
INFO:root:0.174076179545, 0.324104078646
INFO:root:0.175490119323, 0.323788804691
INFO:root:0.178594123816, 0.324732600613
INFO:root:0.182829339056, 0.326306516132
INFO:root:0.186496361003, 0.326620999254
INFO:root:0.18797453447, 0.327960008295
INFO:root:0.186003903088, 0.330784738993
INFO:root:0.180645630384, 0.332985619366
INFO:root:0.174938489969, 0.337698940173
INFO:root:0.171274837901, 0.34178346376
INFO:root:0.167615186719, 0.345863526848
INFO:root:0.166770950735, 0.348059706331
INFO:root:0.167052730073, 0.349732573125
INFO:root:0.169923733014, 0.351609638512
INFO:root:0.171212775094, 0.35293723915
INFO:root:0.172622837209, 0.351994011158
INFO:root:0.171277774292, 0.350558893981
INFO:root:0.168186486293, 0.348658620844
INFO:root:0.165094482629, 0.348345238518
INFO:root:0.162009995273, 0.348032617988
INFO:root:0.159483782218, 0.347093811881
INFO:root:0.159143865494, 0.345705039557
INFO:root:0.159424098152, 0.344142914003
INFO:root:0.161382570357, 0.343207146816
INFO:root:0.163339716584, 0.342272013187
INFO:root:0.165300163082, 0.342584250025
INFO:root:0.16714438211, 0.344578240941
INFO:root:0.1696713585, 0.345923928863
INFO:root:0.17107495633, 0.34561096091
INFO:root:0.173604267869, 0.345924280105
INFO:root:0.175564750449, 0.34561203752
INFO:root:0.176959377479, 0.344679134468
INFO:root:0.178348808706, 0.343130088731
INFO:root:0.179730838498, 0.34097297707
INFO:root:0.181110584423, 0.33820413101
INFO:root:0.18193521583, 0.334833133066
INFO:root:0.182208758922, 0.332698363628
INFO:root:0.182481442519, 0.33146422127
INFO:root:0.182209394348, 0.330168813014
INFO:root:0.180030097867, 0.328956059959
INFO:root:0.178674347503, 0.328734347359
INFO:root:0.177319056734, 0.329168413128
INFO:root:0.175965011871, 0.329470331982
INFO:root:0.175152445487, 0.329392453518
INFO:root:0.17325546722, 0.328602677198
INFO:root:0.170013100362, 0.325902070007
INFO:root:0.169203131009, 0.323193019966
INFO:root:0.167854462216, 0.320642564689
INFO:root:0.167044051697, 0.317867886933
INFO:root:0.162458475477, 0.314866049562
INFO:root:0.158952106218, 0.31300560318
INFO:root:0.156520975839, 0.312704446204
INFO:root:0.153552917462, 0.313005266365
INFO:root:0.152206721198, 0.313305435174
INFO:root:0.150518593032, 0.312454880363
INFO:root:0.151862992247, 0.312155112252
INFO:root:0.153208132377, 0.3112553123
INFO:root:0.155087171505, 0.309160413687
INFO:root:0.155889738629, 0.306476121386
INFO:root:0.156156784328, 0.303796612004
INFO:root:0.155889859747, 0.301118317911
INFO:root:0.154019750874, 0.298900696783
INFO:root:0.152690525714, 0.298203018958
INFO:root:0.152983375866, 0.298681013516
INFO:root:0.152717576399, 0.300218681306
INFO:root:0.153517469915, 0.302134038766
INFO:root:0.154853115269, 0.304702961404
INFO:root:0.156937031578, 0.306676792449
INFO:root:0.158696907802, 0.308557394704
INFO:root:0.160923234592, 0.309890960227
INFO:root:0.161189922988, 0.311112938609
INFO:root:0.16145721591, 0.312407099244
INFO:root:0.161189467345, 0.313104383057
INFO:root:0.160385565167, 0.314000635579
INFO:root:0.159051448303, 0.314298110977
INFO:root:0.157188989361, 0.315781263646
INFO:root:0.154802761347, 0.316668047691
INFO:root:0.152944338961, 0.318147985884
INFO:root:0.151089640705, 0.320215747405
INFO:root:0.149238814219, 0.323458303788
INFO:root:0.146864463301, 0.326105414416
INFO:root:0.144506802577, 0.326981582118
INFO:root:0.142148988615, 0.327857806766
INFO:root:0.139268880193, 0.325755772276
INFO:root:0.136914270625, 0.320797247336
INFO:root:0.134563939156, 0.31468313961
INFO:root:0.133262137975, 0.310909632308
INFO:root:0.134044964313, 0.309455039741
INFO:root:0.136918004663, 0.308581470205
INFO:root:0.139787539614, 0.30829063564
INFO:root:0.142142642908, 0.30683194015
INFO:root:0.14345440282, 0.30478450773
INFO:root:0.14267149652, 0.302165973663
INFO:root:0.141543047182, 0.300561745619
INFO:root:0.139924493129, 0.298775831986
INFO:root:0.139664208579, 0.297390288843
INFO:root:0.139404129186, 0.295360592039
INFO:root:0.139663952811, 0.293332891286
INFO:root:0.141997061491, 0.291887818741
INFO:root:0.144857562711, 0.291018061822
INFO:root:0.148763353109, 0.288865865741
INFO:root:0.150583121553, 0.286837046684
INFO:root:0.151882557298, 0.286547304326
INFO:root:0.151438487011, 0.286272367368
INFO:root:0.149093764219, 0.284820101316
INFO:root:0.146740903016, 0.285111562674
INFO:root:0.143856897282, 0.285403863889
INFO:root:0.141491795998, 0.285696841491
INFO:root:0.140178195958, 0.286575543439
INFO:root:0.145699493832, 0.290972380057
INFO:root:0.144912240107, 0.291264943902
INFO:root:0.14632508802, 0.292668393959
INFO:root:0.146531842543, 0.293227808474
INFO:root:0.146807880749, 0.293481982468
INFO:root:0.147071178859, 0.292547699658
INFO:root:0.147259011837, 0.291475125576
INFO:root:0.147450216062, 0.290528095091
INFO:root:0.144536578313, 0.288168088633
INFO:root:0.143954460234, 0.28734601427
INFO:root:0.144084917096, 0.2874807774
INFO:root:0.144178415894, 0.287664801089
INFO:root:0.144265183234, 0.287782427604
INFO:root:0.144002823036, 0.28861119384
INFO:root:0.143740162938, 0.289667578791
INFO:root:0.1443703942, 0.290270186425
INFO:root:0.145164427364, 0.289849515199
INFO:root:0.14447038109, 0.288855223733
INFO:root:0.144702864811, 0.287941703869
INFO:root:0.143063577974, 0.287069020165
INFO:root:0.143869142733, 0.285809259521
INFO:root:0.143206619437, 0.28503231812
INFO:root:0.143472499538, 0.284143046823
INFO:root:0.144805612541, 0.284440298385
INFO:root:0.145027558003, 0.284938795748
INFO:root:0.145181942353, 0.285409746407
INFO:root:0.143863246929, 0.2855324191
INFO:root:0.143069283116, 0.285827476588
INFO:root:0.142276727678, 0.287300147081
INFO:root:0.14293709927, 0.287148854161
INFO:root:0.142467171636, 0.286958599428
INFO:root:0.14278500797, 0.287367841724
INFO:root:0.142605234853, 0.288197426057
INFO:root:0.143935526946, 0.288601831564
INFO:root:0.143129182314, 0.28853274397
INFO:root:0.143354989627, 0.288663302863
INFO:root:0.14297571991, 0.288456965266
INFO:root:0.142454247673, 0.287889409002
INFO:root:0.142607167124, 0.287086264289
INFO:root:0.141307518012, 0.28673167744
INFO:root:0.142587170759, 0.287045377869
INFO:root:0.141778922766, 0.287345743727
INFO:root:0.142524099189, 0.28808901432
INFO:root:0.141891625034, 0.288416080877
INFO:root:0.141621061283, 0.288945667097
INFO:root:0.141349708878, 0.289690860541
INFO:root:0.140804525194, 0.290211550991
INFO:root:0.141107372639, 0.29043508257
INFO:root:0.141182100733, 0.29053454029
INFO:root:0.141266701604, 0.291102637876
INFO:root:0.140741884494, 0.291673001366
INFO:root:0.141210303311, 0.291995828686
INFO:root:0.140942242438, 0.292445980989
INFO:root:0.140673381156, 0.292922436217
INFO:root:0.140925145109, 0.293158269446
INFO:root:0.141128028364, 0.293308847663
INFO:root:0.141937176714, 0.293326990069
INFO:root:0.141905059286, 0.292848410692
INFO:root:0.142172399743, 0.29195425504
INFO:root:0.142977885801, 0.291056236686
INFO:root:0.143780471117, 0.290161452303
INFO:root:0.144049080591, 0.288664118887
INFO:root:0.144854743858, 0.287949348808
INFO:root:0.144986820511, 0.287947064099
INFO:root:0.145787710569, 0.288034074109
INFO:root:0.145182591718, 0.288530067611
INFO:root:0.146536764553, 0.289360449202
INFO:root:0.1473467723, 0.289267904381
INFO:root:0.148156963838, 0.289135405033
INFO:root:0.148944240691, 0.288560197104
INFO:root:0.148594573603, 0.288194140084
INFO:root:0.148864411422, 0.28764864468
INFO:root:0.147514291893, 0.287165657135
INFO:root:0.148324575431, 0.287269685137
INFO:root:0.148193159783, 0.287174340082
INFO:root:0.148998161372, 0.286949180629
INFO:root:0.147873453128, 0.286672508888
INFO:root:0.148109319598, 0.28684065309
INFO:root:0.147305022891, 0.28705149121
INFO:root:0.146583160267, 0.287244791044
INFO:root:0.147390682146, 0.287262720708
INFO:root:0.146279505513, 0.287127108153
INFO:root:0.147481960325, 0.287150530924
INFO:root:0.146665500115, 0.287577686346
INFO:root:0.148032922797, 0.28807964716
INFO:root:0.147636499076, 0.287878108838
INFO:root:0.147142505379, 0.287669863203
INFO:root:0.145778349893, 0.287262723998
INFO:root:0.145406481413, 0.286919960405
INFO:root:0.145037131511, 0.286530607909
INFO:root:0.145840535318, 0.285561562209
INFO:root:0.146650696013, 0.284230690392
INFO:root:0.147461944975, 0.283877423843
INFO:root:0.148276995793, 0.283556658569
INFO:root:0.146968765884, 0.283157148907
INFO:root:0.146994449602, 0.283476442302
INFO:root:0.146184239376, 0.284379727525
INFO:root:0.146321843755, 0.284772255962
INFO:root:0.147610034957, 0.285335917229
INFO:root:0.148953046526, 0.285441710035
INFO:root:0.150303711913, 0.284640460621
INFO:root:0.151658813854, 0.284230408146
INFO:root:0.152470042477, 0.28317903885
INFO:root:0.15268703618, 0.282544570376
INFO:root:0.151534985887, 0.282235281303
INFO:root:0.152343287105, 0.281904416997
INFO:root:0.151172184421, 0.281737722632
INFO:root:0.151647130415, 0.28208787915
INFO:root:0.151379284374, 0.282661824979
INFO:root:0.151255552557, 0.283246166097
INFO:root:0.152407335839, 0.283426729187
INFO:root:0.151596776667, 0.283536645856
INFO:root:0.152809391525, 0.283571328013
INFO:root:0.152523120919, 0.283515820965
INFO:root:0.15332447193, 0.283464451035
INFO:root:0.153027635579, 0.283080896234
INFO:root:0.153824674306, 0.282631195812
INFO:root:0.154090507928, 0.281800749016
INFO:root:0.154357739867, 0.281181711006
INFO:root:0.155163818459, 0.280985129651
INFO:root:0.155376787937, 0.281179287939
INFO:root:0.155107210556, 0.28187306401
INFO:root:0.155918346058, 0.281867906586
INFO:root:0.155443157149, 0.281630000865
INFO:root:0.155308472152, 0.281205965023
INFO:root:0.155921468011, 0.280889261539
INFO:root:0.155686425887, 0.280741641424
INFO:root:0.156797806003, 0.281153033971
INFO:root:0.156933298836, 0.281633055812
INFO:root:0.157424470887, 0.281815652654
INFO:root:0.157591419128, 0.2821719781
INFO:root:0.156841802271, 0.282673887538
INFO:root:0.156933396904, 0.282958373875
INFO:root:0.156133698826, 0.283216823288
INFO:root:0.156293466677, 0.283353581441
INFO:root:0.156897228345, 0.283270445766
INFO:root:0.156647957718, 0.283058275448
INFO:root:0.157440525445, 0.282831051688
INFO:root:0.157214696342, 0.282652866887
INFO:root:0.156416839948, 0.282777415815
INFO:root:0.156333680549, 0.282729619305
INFO:root:0.155003241992, 0.282503951056
INFO:root:0.155295366979, 0.282741423282
INFO:root:0.15592516365, 0.282338596166
INFO:root:0.156193184586, 0.281526611875
INFO:root:0.15646169751, 0.280557470446
INFO:root:0.155861191652, 0.279907427336
INFO:root:0.155517259036, 0.279401906627
INFO:root:0.154286863166, 0.279114711896
INFO:root:0.154026462694, 0.279090640081
INFO:root:0.152687686891, 0.279097907085
INFO:root:0.153859193979, 0.279210001682
INFO:root:0.153626444072, 0.279189707658
INFO:root:0.154754148333, 0.279493962095
INFO:root:0.154786176259, 0.279696353485
INFO:root:0.155015426903, 0.280000753863
INFO:root:0.154372529781, 0.280123698016
INFO:root:0.155179003436, 0.279971753453
INFO:root:0.154856095339, 0.279886716839
INFO:root:0.155661068433, 0.279360258091
INFO:root:0.155332633325, 0.278797047666
INFO:root:0.156136758122, 0.278132068251
INFO:root:0.155764021388, 0.277596246354
INFO:root:0.156377732881, 0.277530317693
INFO:root:0.155572797952, 0.277601907135
INFO:root:0.155910485653, 0.27794591023
INFO:root:0.155711815492, 0.278622215294
INFO:root:0.157058705145, 0.279020801789
INFO:root:0.157114001906, 0.279468481227
INFO:root:0.156414820915, 0.279683425748
INFO:root:0.156571711738, 0.27975674997
INFO:root:0.155765717759, 0.27999930562
INFO:root:0.154961428258, 0.280311777048
INFO:root:0.155090877918, 0.280330443753
INFO:root:0.154623539246, 0.279961667752
INFO:root:0.154103153564, 0.279807139982
INFO:root:0.153578020504, 0.279657514816
INFO:root:0.153194483463, 0.279249703715
INFO:root:0.152892196305, 0.27911562655
INFO:root:0.152092855492, 0.278970557069
INFO:root:0.151295178733, 0.279407696843
INFO:root:0.150494383715, 0.279749639732
INFO:root:0.149159684521, 0.279883508711
INFO:root:0.149180247883, 0.27993505533
INFO:root:0.148376022656, 0.280111354323
INFO:root:0.148406630054, 0.280143667259
INFO:root:0.147067860021, 0.27988996252
INFO:root:0.146264058448, 0.280246860867
INFO:root:0.146602904674, 0.280690896077
INFO:root:0.146588607637, 0.280674401123
INFO:root:0.147140175032, 0.280503108002
INFO:root:0.145977191774, 0.280411367637
INFO:root:0.146788220154, 0.280470654668
INFO:root:0.145430773126, 0.280186102093
INFO:root:0.145159230941, 0.280745104636
INFO:root:0.145351404658, 0.280846094469
INFO:root:0.145259913124, 0.280705720591
INFO:root:0.145928246535, 0.280509506439
INFO:root:0.145539780699, 0.280113459136
INFO:root:0.145809547546, 0.279415117925
INFO:root:0.14445265471, 0.278779263929
INFO:root:0.145061700123, 0.278400000186
INFO:root:0.144741963991, 0.278030776676
INFO:root:0.145554518655, 0.27725118242
INFO:root:0.146285761305, 0.276862492149
INFO:root:0.145892092612, 0.276330440001
INFO:root:0.14582217238, 0.275866852465
INFO:root:0.145818271158, 0.275479545085
INFO:root:0.146548765827, 0.275209850846
INFO:root:0.14573698549, 0.275158687707
INFO:root:0.147095045531, 0.275463696555
INFO:root:0.146278704463, 0.275803200105
INFO:root:0.147604163186, 0.275962187919
INFO:root:0.147182776587, 0.275939141418
INFO:root:0.147833881131, 0.275638599071
INFO:root:0.146610983975, 0.275365280769
INFO:root:0.146828886469, 0.275431354823
INFO:root:0.146015669643, 0.275588922477
INFO:root:0.146492719634, 0.27563572272
INFO:root:0.14730559189, 0.275620160883
INFO:root:0.147144220432, 0.275583944255
INFO:root:0.147713909512, 0.275403247967
INFO:root:0.146350977507, 0.2753773734
INFO:root:0.146626965094, 0.275965358997
INFO:root:0.145808272412, 0.276489889812
INFO:root:0.145937887797, 0.277022651885
INFO:root:0.145666060584, 0.277931814088
INFO:root:0.144849822151, 0.278841820024
INFO:root:0.144034658539, 0.279750627667
INFO:root:0.143763723765, 0.281260923208
INFO:root:0.142413032659, 0.281565018793
INFO:root:0.143227912398, 0.281466319399
INFO:root:0.142919514736, 0.281127468383
INFO:root:0.142887606786, 0.280727828486
INFO:root:0.143157168664, 0.279979267849
INFO:root:0.142745892816, 0.279450669217
INFO:root:0.143298221794, 0.279337261926
INFO:root:0.141940609176, 0.280245405056
INFO:root:0.142015007769, 0.280846296974
INFO:root:0.141744027032, 0.281752628027
INFO:root:0.140935270332, 0.282053182934
INFO:root:0.141205092993, 0.282975011931
INFO:root:0.141176242907, 0.283912438537
INFO:root:0.142394646949, 0.284322950186
INFO:root:0.141581829533, 0.284489465582
INFO:root:0.141642970553, 0.284673973561
INFO:root:0.141187265903, 0.284662147896
INFO:root:0.140382779063, 0.284614115414
INFO:root:0.141190121422, 0.284801791427
INFO:root:0.141996628667, 0.284533334438
INFO:root:0.142061611932, 0.284694856614
INFO:root:0.142326281902, 0.285156185151
INFO:root:0.141739547299, 0.285442971405
INFO:root:0.141912870264, 0.285476576253
INFO:root:0.141561866791, 0.285422483789
INFO:root:0.141249832507, 0.285243309385
INFO:root:0.141094926353, 0.28523528024
INFO:root:0.14109950851, 0.285352865762
INFO:root:0.141228512837, 0.28549420708
INFO:root:0.142034170011, 0.285479175938
INFO:root:0.143376147886, 0.28522147821
INFO:root:0.14398700511, 0.284971860515
INFO:root:0.143676858303, 0.284709295296
INFO:root:0.143291009511, 0.284397628309
INFO:root:0.142104580145, 0.283969935977
INFO:root:0.142915674171, 0.283600876622
INFO:root:0.143499456227, 0.283284476972
INFO:root:0.14431573285, 0.283136019425
INFO:root:0.145132722832, 0.283179702538
INFO:root:0.145119202971, 0.283143132591
INFO:root:0.145150012245, 0.283278107925
INFO:root:0.144349862176, 0.283437312578
INFO:root:0.144444155504, 0.283953353067
INFO:root:0.143671827116, 0.284284935495
INFO:root:0.145028025564, 0.284587334547
INFO:root:0.145297881539, 0.283684765411
INFO:root:0.146641631033, 0.282785895693
INFO:root:0.147977722663, 0.28216240199
INFO:root:0.147171589107, 0.282388799312
INFO:root:0.14765359715, 0.282834104488
INFO:root:0.147110037105, 0.283298643111
INFO:root:0.14771013965, 0.283894339125
INFO:root:0.147441420366, 0.284679395001
INFO:root:0.149134246259, 0.285326497652
INFO:root:0.149440824232, 0.285750717063
INFO:root:0.151152540713, 0.286504279166
INFO:root:0.151598321654, 0.28684468448
INFO:root:0.152782291938, 0.286892610315
INFO:root:0.152384449856, 0.286862607471
INFO:root:0.152344774567, 0.286469637748
INFO:root:0.153078368042, 0.286416713774
INFO:root:0.152923435044, 0.286181882636
INFO:root:0.153718421116, 0.285855038396
INFO:root:0.153462122408, 0.285378935933
INFO:root:0.154260377656, 0.285082283638
INFO:root:0.153876415245, 0.284588870331
INFO:root:0.154461982281, 0.284208099339
INFO:root:0.153725998631, 0.28358861399
INFO:root:0.153469872809, 0.283195120169
INFO:root:0.15332831166, 0.28303511428
INFO:root:0.153954117895, 0.282594181851
INFO:root:0.154195527106, 0.28192877011
INFO:root:0.153978827585, 0.281640926333
INFO:root:0.1547764931, 0.281385586441
INFO:root:0.154595389228, 0.28113535845
INFO:root:0.155393518251, 0.281373614993
INFO:root:0.156724488573, 0.281175330403
INFO:root:0.158059808933, 0.280877586654
INFO:root:0.159398538614, 0.281176090598
INFO:root:0.161262815182, 0.280879170574
INFO:root:0.162590479779, 0.280583133873
INFO:root:0.163922350144, 0.281235083709
INFO:root:0.165255910257, 0.281532434966
INFO:root:0.167651320652, 0.281829167118
INFO:root:0.170567248299, 0.282124703698
INFO:root:0.173496475582, 0.283015357294
INFO:root:0.176418627553, 0.283903859588
INFO:root:0.178819634433, 0.284796135843
INFO:root:0.181749517347, 0.285093086825
INFO:root:0.184667522683, 0.285388833984
INFO:root:0.188118490591, 0.285684788352
INFO:root:0.191041404823, 0.28598103304
INFO:root:0.194480432615, 0.286275963426
INFO:root:0.197370358809, 0.286568864694
INFO:root:0.200784285567, 0.287447197871
INFO:root:0.204196749774, 0.287739850169
INFO:root:0.207609380796, 0.28861784998
INFO:root:0.21047814208, 0.288908606131
INFO:root:0.213868108627, 0.289199329034
INFO:root:0.217780374118, 0.289490108842
INFO:root:0.22168871381, 0.289780596864
INFO:root:0.225569243201, 0.289492175847
INFO:root:0.229448885188, 0.289203820787
INFO:root:0.233852992741, 0.28845979047
INFO:root:0.2372257033, 0.288170547438
INFO:root:0.241606366705, 0.287308682122
INFO:root:0.24494791095, 0.288168392767
INFO:root:0.249818296603, 0.28731104269
INFO:root:0.254179286398, 0.287597040913
INFO:root:0.258036286204, 0.28788371309
INFO:root:0.261897693191, 0.288170712831
INFO:root:0.265755805768, 0.287883957947
INFO:root:0.269620448561, 0.28817119819
INFO:root:0.273999075865, 0.287884043281
INFO:root:0.278874511367, 0.287327136409
INFO:root:0.282223429317, 0.286465528662
INFO:root:0.286059832248, 0.286180387352
INFO:root:0.290391575272, 0.285896307162
INFO:root:0.294179824784, 0.285614744863
INFO:root:0.298980656233, 0.285896446936
INFO:root:0.303751723868, 0.285056580139
INFO:root:0.308045157512, 0.28533814796
INFO:root:0.313328185036, 0.286179566387
INFO:root:0.317574210251, 0.28590110766
INFO:root:0.323309751716, 0.285832335097
INFO:root:0.328564652323, 0.286111314665
INFO:root:0.333813979303, 0.284717896329
INFO:root:0.338540743182, 0.284995252283
INFO:root:0.343771337682, 0.284717563112
INFO:root:0.349022500475, 0.284438781983
INFO:root:0.355248919581, 0.284690720703
INFO:root:0.359983178109, 0.284968516426
INFO:root:0.366223775157, 0.28503061088
INFO:root:0.371455390225, 0.285308354232
INFO:root:0.377682674226, 0.285030647857
INFO:root:0.384400696872, 0.284603370397
INFO:root:0.390576725294, 0.284204599997
INFO:root:0.396246842608, 0.284479447245
INFO:root:0.401436972597, 0.283652824444
INFO:root:0.406613317949, 0.28392763356
INFO:root:0.41274431874, 0.284483280319
INFO:root:0.417378614082, 0.284211350212
INFO:root:0.423470791152, 0.283939668945
INFO:root:0.429555490403, 0.284753712325
INFO:root:0.435119606905, 0.284484003247
INFO:root:0.442142853406, 0.283787518078
INFO:root:0.447708984102, 0.283988494332
INFO:root:0.453272689366, 0.2831794269
INFO:root:0.459329253021, 0.282968927554
INFO:root:0.465392479931, 0.282567435538
INFO:root:0.469988316868, 0.282297762086
INFO:root:0.476006044225, 0.282492305227
INFO:root:0.481548023226, 0.282223669219
INFO:root:0.487561568156, 0.281756260287
INFO:root:0.493573358009, 0.281338524
INFO:root:0.499598752815, 0.279995008473
INFO:root:0.505645585431, 0.279725349346
INFO:root:0.511217420231, 0.278268463189
INFO:root:0.516792006727, 0.277998246599
INFO:root:0.521866199463, 0.276827339455
INFO:root:0.52741831979, 0.276313087072
INFO:root:0.533437914798, 0.276425223522
INFO:root:0.538949670427, 0.275548058898
INFO:root:0.544926821748, 0.275280962871
INFO:root:0.5503916213, 0.274786659511
INFO:root:0.555396043157, 0.273989614114
INFO:root:0.559918191466, 0.274254963683
INFO:root:0.565369536758, 0.273990720957
INFO:root:0.570360098164, 0.274785558824
INFO:root:0.57535203399, 0.274520539901
INFO:root:0.58080362208, 0.274256285406
INFO:root:0.585777814512, 0.273464054596
INFO:root:0.591232885364, 0.273199631281
INFO:root:0.596700433465, 0.272934603158
INFO:root:0.602625218348, 0.272981247794
INFO:root:0.607582292308, 0.271665407158
INFO:root:0.612542426679, 0.271402076556
INFO:root:0.617042692679, 0.270609879865
INFO:root:0.621549039974, 0.269816612663
INFO:root:0.626532433639, 0.26902291639
INFO:root:0.631037904454, 0.268229803478
INFO:root:0.636959523989, 0.2668046857
INFO:root:0.642402448158, 0.265990799896
INFO:root:0.646884346665, 0.265727812096
INFO:root:0.652778603332, 0.265464957109
INFO:root:0.657720613724, 0.264677851876
INFO:root:0.662652015954, 0.263892436186
INFO:root:0.667573559385, 0.262586027025
INFO:root:0.672962348446, 0.2618023957
INFO:root:0.67787698139, 0.262063310658
INFO:root:0.682797644688, 0.262324545765
INFO:root:0.687248027956, 0.263107961434
INFO:root:0.692625738974, 0.262847287977
INFO:root:0.698471557129, 0.263107982843
INFO:root:0.703847090234, 0.262631120551
INFO:root:0.709684154207, 0.261850207134
INFO:root:0.715050157951, 0.260549677282
INFO:root:0.720391993676, 0.259772873856
INFO:root:0.726198313837, 0.259513940407
INFO:root:0.731042891866, 0.259256744622
INFO:root:0.736119280861, 0.259909576428
INFO:root:0.742339123379, 0.259999961318
INFO:root:0.748102383532, 0.259742948135
INFO:root:0.754790466095, 0.260000065147
INFO:root:0.761023309888, 0.260257430253
INFO:root:0.767260760339, 0.260514985576
INFO:root:0.773478938371, 0.260771745107
INFO:root:0.778753276476, 0.26051608244
INFO:root:0.785404540149, 0.260771783985
INFO:root:0.79160124545, 0.261027656869
INFO:root:0.797769076316, 0.260263615046
INFO:root:0.803934707581, 0.260009025264
INFO:root:0.810098088197, 0.259615442774
INFO:root:0.815799439618, 0.259660261517
INFO:root:0.821054344971, 0.259914982222
INFO:root:0.825846721637, 0.259660557777
INFO:root:0.831090332717, 0.259406384539
INFO:root:0.834955068081, 0.259659837883
INFO:root:0.840648267511, 0.259405949064
INFO:root:0.844510734125, 0.25813942628
INFO:root:0.848840829443, 0.256870465032
INFO:root:0.852253349111, 0.255602284465
INFO:root:0.856576987485, 0.254333777221
INFO:root:0.859538280773, 0.253063977404
INFO:root:0.86204759506, 0.252809652107
INFO:root:0.864102517961, 0.252555097942
INFO:root:0.866157284949, 0.25230056309
INFO:root:0.868661095763, 0.252554330596
INFO:root:0.870254358296, 0.252808086695
INFO:root:0.871852273699, 0.252607832608
INFO:root:0.872878757228, 0.252688420869
INFO:root:0.873566449328, 0.252454739866
INFO:root:0.87517055525, 0.25218526798
INFO:root:0.876777993398, 0.252006844545
INFO:root:0.878387287945, 0.252377660304
INFO:root:0.8790780045, 0.252075589679
INFO:root:0.879769887765, 0.251223886225
INFO:root:0.880306783926, 0.251063737966
INFO:root:0.881459570444, 0.250701033712
INFO:root:0.882151232744, 0.249947303267
INFO:root:0.881797911297, 0.249932295152
INFO:root:0.881108232544, 0.250701202537
INFO:root:0.879044886357, 0.25197919055
INFO:root:0.878510424371, 0.251988734669
INFO:root:0.878312686613, 0.252492033187
INFO:root:0.878324191893, 0.252545094696
INFO:root:0.879011903343, 0.252058547506
INFO:root:0.87854333148, 0.251504131685
INFO:root:0.87739289029, 0.251407648636
INFO:root:0.876703444497, 0.251625647762
INFO:root:0.875553777845, 0.251881995279
INFO:root:0.872104610543, 0.252651075144
INFO:root:0.868660597349, 0.25393095952
INFO:root:0.864728287517, 0.254793604533
INFO:root:0.860820109731, 0.255562511562
INFO:root:0.85690888611, 0.256375180587
INFO:root:0.85065321593, 0.257658123538
INFO:root:0.845823922437, 0.258251523224
INFO:root:0.838232546123, 0.25953386494
INFO:root:0.833864797754, 0.260302734114
INFO:root:0.829501439402, 0.260046701986
INFO:root:0.823772697531, 0.259280280474
INFO:root:0.818499322868, 0.258002200641
INFO:root:0.812560565337, 0.257464999437
INFO:root:0.806826713415, 0.256697894276
INFO:root:0.800634735183, 0.256503244521
INFO:root:0.792782916001, 0.256480227919
INFO:root:0.785214641099, 0.257247291562
INFO:root:0.777633139376, 0.257503426301
INFO:root:0.771437665213, 0.257397609392
INFO:root:0.76435601706, 0.257602598317
INFO:root:0.75730674007, 0.257859125017
INFO:root:0.750638571768, 0.2586281793
INFO:root:0.743516567549, 0.258884313587
INFO:root:0.736396384274, 0.260327691423
INFO:root:0.729745141149, 0.261094793689
INFO:root:0.722641590137, 0.261895049492
INFO:root:0.715984362891, 0.263174703537
INFO:root:0.708870426423, 0.263942235957
INFO:root:0.703124415298, 0.264710967841
INFO:root:0.696648156496, 0.265250450762
INFO:root:0.690001690082, 0.265654381435
INFO:root:0.683487940756, 0.266364270923
INFO:root:0.676851509024, 0.267319780505
INFO:root:0.670394514829, 0.267769768726
INFO:root:0.664657446072, 0.268025613901
INFO:root:0.658462311269, 0.268028166955
INFO:root:0.652275571382, 0.26817556487
INFO:root:0.646546749358, 0.26843059514
INFO:root:0.641275168464, 0.269802370865
INFO:root:0.635561215472, 0.270308741107
INFO:root:0.630311731506, 0.271128415216
INFO:root:0.624305813314, 0.271890995294
INFO:root:0.617689410022, 0.273260933712
INFO:root:0.611808577557, 0.274531695747
INFO:root:0.606106776498, 0.275158014841
INFO:root:0.600861912433, 0.275920716764
INFO:root:0.59448174717, 0.276947332299
INFO:root:0.589247582477, 0.277708478332
INFO:root:0.584016012855, 0.277962067885
INFO:root:0.577546226436, 0.278683135554
INFO:root:0.571179557729, 0.279442612656
INFO:root:0.565276016583, 0.280185240349
INFO:root:0.559624634887, 0.280437264301
INFO:root:0.553516157594, 0.280185034507
INFO:root:0.547883531913, 0.278929096879
INFO:root:0.541798654656, 0.278175330958
INFO:root:0.534825040218, 0.27692134282
INFO:root:0.528764548077, 0.276170597613
INFO:root:0.522704586104, 0.27541991808
INFO:root:0.516652243848, 0.274170358682
INFO:root:0.511056264016, 0.273697988672
INFO:root:0.504566984461, 0.272949566015
INFO:root:0.498515049155, 0.272699670939
INFO:root:0.492463101259, 0.272449775344
INFO:root:0.486864164497, 0.27226904654
INFO:root:0.481544761958, 0.272969994305
INFO:root:0.47504605332, 0.273914285287
INFO:root:0.468727498644, 0.27539367971
INFO:root:0.462533402169, 0.276128661832
INFO:root:0.454798517878, 0.276376489067
INFO:root:0.447903887579, 0.277120360242
INFO:root:0.44075503749, 0.277718779221
INFO:root:0.43475112383, 0.278462515753
INFO:root:0.428748613974, 0.278710369965
INFO:root:0.423187162896, 0.278462356478
INFO:root:0.417169834857, 0.27920775472
INFO:root:0.410254608069, 0.278959056934
INFO:root:0.404994307354, 0.278710038336
INFO:root:0.39895906509, 0.278521247323
INFO:root:0.391612631973, 0.278769440463
INFO:root:0.385382447883, 0.279017574317
INFO:root:0.380280482991, 0.279432721679
INFO:root:0.373616943498, 0.280175796579
INFO:root:0.368074906541, 0.279434353443
INFO:root:0.361643257678, 0.279187094781
INFO:root:0.355639755406, 0.278939199591
INFO:root:0.34962501819, 0.279187558692
INFO:root:0.344364284852, 0.279435412026
INFO:root:0.338356526133, 0.278691199186
INFO:root:0.332794328616, 0.278443152412
INFO:root:0.327244619365, 0.278965773921
INFO:root:0.320357657216, 0.27921462907
INFO:root:0.314857263048, 0.279324300746
INFO:root:0.307940660381, 0.279877481896
INFO:root:0.302353736199, 0.279628332434
INFO:root:0.297193635073, 0.279378207168
INFO:root:0.291576697355, 0.279127719249
INFO:root:0.285940945897, 0.278876392329
INFO:root:0.280281415289, 0.278624004975
INFO:root:0.275056214441, 0.278370724135
INFO:root:0.269369794741, 0.277609964709
INFO:root:0.264120249724, 0.276846582088
INFO:root:0.258875727558, 0.276592364686
INFO:root:0.253633460392, 0.276338256591
INFO:root:0.248385949049, 0.276592618887
INFO:root:0.243138071849, 0.276846998917
INFO:root:0.237885429474, 0.277101609928
INFO:root:0.233023609259, 0.277868149387
INFO:root:0.227746286465, 0.278123956731
INFO:root:0.222467805977, 0.278891547114
INFO:root:0.217647776333, 0.27914743964
INFO:root:0.213267296074, 0.279404476443
INFO:root:0.208881814865, 0.279661806692
INFO:root:0.204494943689, 0.2799192185
INFO:root:0.200103103498, 0.279661515121
INFO:root:0.196166992422, 0.280435917832
INFO:root:0.192225229229, 0.280694422741
INFO:root:0.188743466287, 0.281470770636
INFO:root:0.185723201763, 0.282247822612
INFO:root:0.182701380262, 0.282506973464
INFO:root:0.180144333612, 0.282247810373
INFO:root:0.177581895637, 0.282507519888
INFO:root:0.174559582216, 0.28224832685
INFO:root:0.171535748482, 0.281470356589
INFO:root:0.168504529824, 0.280690486339
INFO:root:0.165474736073, 0.280430651788
INFO:root:0.163375659766, 0.281210722833
INFO:root:0.161742808418, 0.280950661494
INFO:root:0.160572149507, 0.281211689771
INFO:root:0.158930521287, 0.280950230555
INFO:root:0.156347637745, 0.28121201228
INFO:root:0.153294147734, 0.280426412069
INFO:root:0.15069312345, 0.279635551064
INFO:root:0.149034400689, 0.279371369231
INFO:root:0.147676729363, 0.277776652608
INFO:root:0.146496145539, 0.276581288519
INFO:root:0.144836798806, 0.276020925446
INFO:root:0.143651624698, 0.276285190257
INFO:root:0.142458635574, 0.276551197624
INFO:root:0.141266969974, 0.276247876435
INFO:root:0.14198363845, 0.275662267547
INFO:root:0.1422226936, 0.27506444009
INFO:root:0.142462644577, 0.27426189219
INFO:root:0.142702812647, 0.272387586197
INFO:root:0.142943637441, 0.271544737382
INFO:root:0.143463255012, 0.271179910571
INFO:root:0.143064062382, 0.270881666722
INFO:root:0.142946825138, 0.270815100515
INFO:root:0.144626961855, 0.271202609151
INFO:root:0.145631733521, 0.271612841553
INFO:root:0.144432110431, 0.271247851777
INFO:root:0.145083941297, 0.270770329765
INFO:root:0.143967014894, 0.270404078043
INFO:root:0.143313096536, 0.269651984593
INFO:root:0.142189193255, 0.26924419209
INFO:root:0.142916127111, 0.26938762231
INFO:root:0.143032587039, 0.269458946335
INFO:root:0.144152479182, 0.269566821159
INFO:root:0.145830280614, 0.270092775914
INFO:root:0.145588205694, 0.270607921237
INFO:root:0.146315028981, 0.27140426901
INFO:root:0.146072067186, 0.272057281411
INFO:root:0.147009868213, 0.272739034373
INFO:root:0.147984358836, 0.27294697354
INFO:root:0.145789478738, 0.272131299329
INFO:root:0.145545069829, 0.273050956835
INFO:root:0.145736901139, 0.273577330369
INFO:root:0.145005060467, 0.273888403158
INFO:root:0.145280337992, 0.274052333164
INFO:root:0.146013234843, 0.273859539749
INFO:root:0.146746615151, 0.273259413931
INFO:root:0.146490892392, 0.273117515018
INFO:root:0.146434930756, 0.27300247405
INFO:root:0.146132068387, 0.272709487664
INFO:root:0.145405882759, 0.272873038535
INFO:root:0.146620415067, 0.272883165865
INFO:root:0.146831564008, 0.272323911939
INFO:root:0.146524930885, 0.272198753283
INFO:root:0.146513761837, 0.272295462261
