INFO:root:0.344317499495, 0.169530863269
INFO:root:0.342376384445, 0.174152565767
INFO:root:0.340981953115, 0.177767758105
INFO:root:0.338460266093, 0.183475280171
INFO:root:0.337616497214, 0.186079505107
INFO:root:0.336774206835, 0.18867916677
INFO:root:0.335372267618, 0.191275350505
INFO:root:0.334543364844, 0.192810355643
INFO:root:0.333722625243, 0.194330243792
INFO:root:0.332897198612, 0.19533287254
INFO:root:0.332310907751, 0.195393975531
INFO:root:0.332647782917, 0.195885944453
INFO:root:0.332052287861, 0.196465690408
INFO:root:0.331776080093, 0.197519739371
INFO:root:0.332077700437, 0.19842762348
INFO:root:0.3312487811, 0.200024376811
INFO:root:0.331059277265, 0.201900552829
INFO:root:0.330232679796, 0.204366575314
INFO:root:0.329406484711, 0.206916560146
INFO:root:0.328034219163, 0.21047428564
INFO:root:0.32721175382, 0.212954689073
INFO:root:0.326388792086, 0.215035634457
INFO:root:0.326114977098, 0.218021378629
INFO:root:0.325842021311, 0.221948790909
INFO:root:0.325568886874, 0.225313627381
INFO:root:0.324207636922, 0.227834460626
INFO:root:0.322299133425, 0.230358936152
INFO:root:0.320389177045, 0.23288533348
INFO:root:0.319026771359, 0.233175010604
INFO:root:0.316575215985, 0.233679445867
INFO:root:0.31412967093, 0.236195438722
INFO:root:0.311681791566, 0.237706475367
INFO:root:0.308698880128, 0.239212996295
INFO:root:0.304633988684, 0.240718511645
INFO:root:0.300560827447, 0.243232808705
INFO:root:0.295403455654, 0.245746147785
INFO:root:0.289700352927, 0.249266581567
INFO:root:0.284537995409, 0.25077604283
INFO:root:0.278841217606, 0.252283126904
INFO:root:0.274774962434, 0.254793160961
INFO:root:0.27016567414, 0.256299464325
INFO:root:0.266643494359, 0.25780466936
INFO:root:0.263120374094, 0.259310276311
INFO:root:0.260140186139, 0.260815421742
INFO:root:0.257159371083, 0.261317242459
INFO:root:0.255265364296, 0.262820422449
INFO:root:0.252838452942, 0.264318515877
INFO:root:0.251491005294, 0.26581567993
INFO:root:0.250682639764, 0.267312653135
INFO:root:0.24987478185, 0.269806041756
INFO:root:0.24852868125, 0.272027870502
INFO:root:0.249873270315, 0.272779702045
INFO:root:0.249904935452, 0.272970378109
INFO:root:0.250527298736, 0.272037042096
INFO:root:0.250568109986, 0.270361512145
INFO:root:0.251373976145, 0.268869167406
INFO:root:0.252180769017, 0.26538302537
INFO:root:0.254064558887, 0.263887954044
INFO:root:0.255408472431, 0.26139922526
INFO:root:0.255677483058, 0.256915714797
INFO:root:0.255408338717, 0.252429975767
INFO:root:0.25567751759, 0.247943661202
INFO:root:0.255946661953, 0.244454752793
INFO:root:0.256753913359, 0.240966629438
INFO:root:0.258098511567, 0.238476632756
INFO:root:0.259978568427, 0.235389885865
INFO:root:0.262396189312, 0.231568771369
INFO:root:0.265345864062, 0.229085880166
INFO:root:0.267223809397, 0.224614581749
INFO:root:0.270712477543, 0.220141930279
INFO:root:0.27420009795, 0.214676998019
INFO:root:0.277687914477, 0.210205438368
INFO:root:0.281182401186, 0.205725327202
INFO:root:0.284141909572, 0.202237691058
INFO:root:0.287640299248, 0.198749268304
INFO:root:0.292754865635, 0.197253781056
INFO:root:0.29732207717, 0.19675626346
INFO:root:0.302420625273, 0.195265459921
INFO:root:0.30697645745, 0.195761737936
INFO:root:0.310990461301, 0.195266181905
INFO:root:0.314467484248, 0.194770879491
INFO:root:0.31793876419, 0.193287426524
INFO:root:0.320872276253, 0.192793569274
INFO:root:0.323802228106, 0.191313795611
INFO:root:0.326198012354, 0.190820835889
INFO:root:0.327527471203, 0.18934365939
INFO:root:0.329388972768, 0.186881355733
INFO:root:0.331246534763, 0.185809904308
INFO:root:0.332572954584, 0.185322594005
INFO:root:0.333897324412, 0.184756129436
INFO:root:0.334691492576, 0.18424479579
INFO:root:0.3360124986, 0.183768032787
INFO:root:0.336135294039, 0.183875404745
INFO:root:0.337340028736, 0.184373621199
INFO:root:0.337541254765, 0.185157694197
INFO:root:0.33750065858, 0.186641085183
INFO:root:0.338358471979, 0.188242266441
INFO:root:0.338095892794, 0.190095165072
INFO:root:0.338357901237, 0.192555012041
INFO:root:0.338096011529, 0.195094441746
INFO:root:0.338357560203, 0.198046253
INFO:root:0.338096525041, 0.200416734427
INFO:root:0.337835870231, 0.202918482456
INFO:root:0.337575759253, 0.204931704335
INFO:root:0.337315973592, 0.206851676696
INFO:root:0.337056748763, 0.208604577185
INFO:root:0.336797824522, 0.210527154006
INFO:root:0.336539367704, 0.211925083176
INFO:root:0.336678514541, 0.212551691061
INFO:root:0.335906705775, 0.213573342783
INFO:root:0.335171586857, 0.214056554919
INFO:root:0.334484926168, 0.214700378834
INFO:root:0.334613389867, 0.215043748023
INFO:root:0.333844953839, 0.215267509808
INFO:root:0.333076904049, 0.215747259975
INFO:root:0.332525358374, 0.216054983815
INFO:root:0.332710646164, 0.216553878974
INFO:root:0.3319436184, 0.217207966948
INFO:root:0.332134617951, 0.217805374094
INFO:root:0.331506293925, 0.218522256336
INFO:root:0.331251245081, 0.219739310741
INFO:root:0.330996022179, 0.220659859913
INFO:root:0.330809214083, 0.22196622166
INFO:root:0.331012723658, 0.222831986686
INFO:root:0.330247365926, 0.223875076051
INFO:root:0.33017160625, 0.224821959566
INFO:root:0.330628605375, 0.225484537621
INFO:root:0.329864691272, 0.226248460889
INFO:root:0.330417278092, 0.227279547731
INFO:root:0.330446607054, 0.22785325743
INFO:root:0.330468381708, 0.228272339871
INFO:root:0.330511569889, 0.228479269488
INFO:root:0.331038115575, 0.228481929134
INFO:root:0.330594431139, 0.228404052326
INFO:root:0.331128729158, 0.228043846257
INFO:root:0.330701817881, 0.227846327617
INFO:root:0.330689567797, 0.227405652445
INFO:root:0.331229100676, 0.226698103834
INFO:root:0.330832937987, 0.225837975001
INFO:root:0.331594138631, 0.224834672112
INFO:root:0.331847488717, 0.223784044797
INFO:root:0.332100856213, 0.22182402252
INFO:root:0.332861083851, 0.220040075593
INFO:root:0.333114385615, 0.216756534203
INFO:root:0.333874171708, 0.212535500357
INFO:root:0.335140622915, 0.209252108338
INFO:root:0.336407751108, 0.20408973422
INFO:root:0.338181230327, 0.198928815858
INFO:root:0.339955303749, 0.191888841961
INFO:root:0.342742974807, 0.183910658797
INFO:root:0.345530795499, 0.176870707556
INFO:root:0.348825280899, 0.167954009179
INFO:root:0.352623374539, 0.15998270154
INFO:root:0.356448578543, 0.152953486616
INFO:root:0.361253108007, 0.144992765282
INFO:root:0.36606089622, 0.136089453777
INFO:root:0.370360175803, 0.127191162699
INFO:root:0.375165985276, 0.120165125458
INFO:root:0.380477032799, 0.113139930322
INFO:root:0.384774285454, 0.107054496279
INFO:root:0.390083396999, 0.10003186196
INFO:root:0.394382190804, 0.0958173582302
INFO:root:0.398677202156, 0.0906708304657
INFO:root:0.402465143212, 0.0864620070701
INFO:root:0.405746278116, 0.0831902201294
INFO:root:0.40801570546, 0.0808554183348
INFO:root:0.410284722036, 0.0794547908189
INFO:root:0.411545746053, 0.0780536530225
INFO:root:0.41280614389, 0.0775922384474
INFO:root:0.412592806504, 0.0774848630381
INFO:root:0.41323359543, 0.0775319496151
INFO:root:0.41283362573, 0.0775051385313
INFO:root:0.411572977806, 0.0780055064749
INFO:root:0.411320739274, 0.0793261768093
INFO:root:0.410563549668, 0.080138890722
INFO:root:0.410757234457, 0.0809657467507
INFO:root:0.409999932394, 0.081717732378
INFO:root:0.410247464187, 0.0818483384068
INFO:root:0.409489399349, 0.0820061675
INFO:root:0.409864236025, 0.0821823271837
INFO:root:0.409367008851, 0.0821843264009
INFO:root:0.409812763371, 0.0822844417364
INFO:root:0.410466755616, 0.0821665133995
INFO:root:0.410062585568, 0.0818556504841
INFO:root:0.410758647032, 0.081776885863
INFO:root:0.410348716089, 0.0816265224801
INFO:root:0.410264743041, 0.0815234301319
INFO:root:0.410778465609, 0.0814636507857
INFO:root:0.409518291667, 0.0811484647297
INFO:root:0.40996189517, 0.0813598723977
INFO:root:0.409204982271, 0.0814773895853
INFO:root:0.408673856291, 0.0819692152034
INFO:root:0.408081005183, 0.0822004406934
INFO:root:0.4074169396, 0.0825931177074
INFO:root:0.406659225003, 0.0829167528466
INFO:root:0.405901516274, 0.0839568967772
INFO:root:0.4046394449, 0.0844243306194
INFO:root:0.403376796278, 0.0852029185129
INFO:root:0.402114201472, 0.0875410570424
INFO:root:0.400850836329, 0.0880089700586
INFO:root:0.40009294819, 0.0903481309799
INFO:root:0.397819571114, 0.0926869962844
INFO:root:0.395546593802, 0.09596083192
INFO:root:0.392768041999, 0.0992352195666
INFO:root:0.389989578966, 0.104380521479
INFO:root:0.386200148046, 0.108591000279
INFO:root:0.381396914396, 0.115395735905
INFO:root:0.377606865087, 0.122414345737
INFO:root:0.372810608494, 0.132231245195
INFO:root:0.368520233746, 0.140176383619
INFO:root:0.363999607949, 0.149399357478
INFO:root:0.357692404513, 0.160144963331
INFO:root:0.352392088863, 0.17182996256
INFO:root:0.347594137861, 0.183741442751
INFO:root:0.342791172845, 0.195444573883
INFO:root:0.338996079556, 0.209031944917
INFO:root:0.335484245164, 0.221610782889
INFO:root:0.330861228038, 0.235190634592
INFO:root:0.326565565794, 0.24782493531
INFO:root:0.322777763226, 0.260450943871
INFO:root:0.319999249965, 0.273080549602
INFO:root:0.316743655191, 0.283848971315
INFO:root:0.313452493838, 0.29650728421
INFO:root:0.31218567208, 0.307298728821
INFO:root:0.310412657464, 0.317148810018
INFO:root:0.309145883758, 0.327001494397
INFO:root:0.307372493638, 0.335915360083
INFO:root:0.305599636556, 0.344826546471
INFO:root:0.304333065942, 0.351863049885
INFO:root:0.303574091389, 0.357016580799
INFO:root:0.302815547192, 0.361230715224
INFO:root:0.302562498267, 0.363573760834
INFO:root:0.301297775781, 0.365915839511
INFO:root:0.301454136845, 0.366291798236
INFO:root:0.300695161823, 0.366517781352
INFO:root:0.301263529871, 0.366185599191
INFO:root:0.300880346908, 0.365372606425
INFO:root:0.301133317522, 0.364405281224
INFO:root:0.300068383798, 0.36343764753
INFO:root:0.300771093052, 0.362968325772
INFO:root:0.299578079053, 0.362166815983
INFO:root:0.300282433238, 0.361587840828
INFO:root:0.29901893508, 0.361114074329
INFO:root:0.299588010175, 0.360661176654
INFO:root:0.298432423838, 0.360590449447
INFO:root:0.298307215232, 0.360498068456
INFO:root:0.297976414722, 0.360297343149
INFO:root:0.297599820378, 0.360066323465
INFO:root:0.297384080655, 0.359787367089
INFO:root:0.297155430598, 0.359561233526
INFO:root:0.29701050393, 0.359133223365
INFO:root:0.296814121159, 0.358477782405
INFO:root:0.296816814475, 0.357908725117
INFO:root:0.296782735086, 0.357043019273
INFO:root:0.296729439896, 0.356173927655
INFO:root:0.297484550685, 0.354765110167
INFO:root:0.297552883545, 0.353450079106
INFO:root:0.29780477831, 0.351530464187
INFO:root:0.298056686043, 0.34914288984
INFO:root:0.298811663305, 0.347315723949
INFO:root:0.299063202307, 0.343513965472
INFO:root:0.299314804148, 0.340252460123
INFO:root:0.300069157916, 0.336061605861
INFO:root:0.30032057011, 0.331871402626
INFO:root:0.301074688232, 0.326750847473
INFO:root:0.301829506294, 0.320693665497
INFO:root:0.303087507982, 0.314636620332
INFO:root:0.304345124056, 0.308581431827
INFO:root:0.305601511202, 0.301601503237
INFO:root:0.307360379399, 0.295552485631
INFO:root:0.309620359274, 0.288577239103
INFO:root:0.311377042011, 0.281606275859
INFO:root:0.314135924566, 0.274639400721
INFO:root:0.316393685218, 0.268600123255
INFO:root:0.318148654482, 0.263493069844
INFO:root:0.321406988313, 0.256530818066
INFO:root:0.323161977069, 0.251423707931
INFO:root:0.324918526532, 0.247241447305
INFO:root:0.326675302659, 0.243988158181
INFO:root:0.328430187468, 0.241666881978
INFO:root:0.329182033873, 0.239346368385
INFO:root:0.329933514875, 0.238251267088
INFO:root:0.329932962975, 0.237796305871
INFO:root:0.330485928228, 0.237374253672
INFO:root:0.329972220919, 0.237186297921
INFO:root:0.328721944666, 0.237260753343
INFO:root:0.328851094658, 0.237572070588
INFO:root:0.328101894286, 0.237784823603
INFO:root:0.328397530992, 0.237888112316
INFO:root:0.327851594912, 0.238004097989
INFO:root:0.329099040691, 0.238187145424
INFO:root:0.328416219027, 0.238362747151
INFO:root:0.329666027074, 0.238516473679
INFO:root:0.329833087019, 0.238589068647
INFO:root:0.330318429082, 0.238658614327
INFO:root:0.331569093361, 0.23856427432
INFO:root:0.331887110884, 0.238833773877
INFO:root:0.332637616746, 0.238786305129
INFO:root:0.333277070382, 0.238531043763
INFO:root:0.333138022476, 0.238339580587
INFO:root:0.333695683188, 0.237991332349
INFO:root:0.33333687488, 0.237561982071
INFO:root:0.333175147277, 0.237286367253
INFO:root:0.333049232366, 0.237009867122
INFO:root:0.332013553211, 0.236347991271
INFO:root:0.331603850222, 0.235575847702
INFO:root:0.330355061215, 0.234818358211
INFO:root:0.32948935329, 0.233561736267
INFO:root:0.327740835618, 0.232562135033
INFO:root:0.325493050786, 0.231461784413
INFO:root:0.323744135729, 0.230390429196
INFO:root:0.321492413847, 0.229993694303
INFO:root:0.318738860458, 0.229314318538
INFO:root:0.315985007641, 0.228369735164
INFO:root:0.313730724233, 0.227905890841
INFO:root:0.309974226805, 0.227442125727
INFO:root:0.306714316413, 0.226977751027
INFO:root:0.303455374559, 0.226513514295
INFO:root:0.299693510975, 0.226049086692
INFO:root:0.296432562291, 0.225584564088
INFO:root:0.292169196916, 0.226048982974
INFO:root:0.288408813962, 0.226513227783
INFO:root:0.284146263381, 0.226977557912
INFO:root:0.280387603329, 0.227441590017
INFO:root:0.276125103431, 0.22883456384
INFO:root:0.271863061328, 0.230227388057
INFO:root:0.268100498857, 0.230691901942
INFO:root:0.264339440802, 0.233013542717
INFO:root:0.260578654928, 0.234406426374
INFO:root:0.257320804712, 0.235798670056
INFO:root:0.254065019518, 0.23719003125
INFO:root:0.251311320249, 0.238580788457
INFO:root:0.249060581696, 0.239970133242
INFO:root:0.246312618793, 0.24043275326
INFO:root:0.24456539106, 0.240894982818
INFO:root:0.242321968491, 0.240433373236
INFO:root:0.241075050191, 0.241797336055
INFO:root:0.238832121911, 0.24180127137
INFO:root:0.237087527091, 0.240872071263
INFO:root:0.235342490863, 0.239853850315
INFO:root:0.234217256421, 0.239471493586
INFO:root:0.233238649229, 0.238372146412
INFO:root:0.23149360789, 0.238221924085
INFO:root:0.230300132164, 0.237278804648
INFO:root:0.23003685417, 0.237194267089
INFO:root:0.22829506318, 0.237094035188
INFO:root:0.228840486846, 0.237088156751
INFO:root:0.228695243571, 0.238538961571
INFO:root:0.230342034858, 0.240096559359
INFO:root:0.231846057586, 0.241853470451
INFO:root:0.231597460165, 0.243448081276
INFO:root:0.233834658891, 0.245559016454
INFO:root:0.234520739415, 0.24695443804
INFO:root:0.235879875427, 0.248810860808
INFO:root:0.237616336905, 0.249892468454
INFO:root:0.238403320267, 0.251211979564
INFO:root:0.24013854682, 0.251738468763
INFO:root:0.24137694489, 0.252498419221
INFO:root:0.242613377068, 0.252469981975
INFO:root:0.242968692807, 0.252565512159
INFO:root:0.244205151369, 0.252218944443
INFO:root:0.245441703623, 0.2518354296
INFO:root:0.246183458537, 0.251039471229
INFO:root:0.246924792754, 0.250144951632
INFO:root:0.247658260902, 0.249349807004
INFO:root:0.248399809445, 0.248939772259
INFO:root:0.249141257316, 0.248082557074
INFO:root:0.250376490672, 0.246871873275
INFO:root:0.251611312934, 0.246414531696
INFO:root:0.252845810928, 0.245042867259
INFO:root:0.254081035039, 0.242986542827
INFO:root:0.255810159256, 0.242902599996
INFO:root:0.257044743893, 0.241530839288
INFO:root:0.259268601318, 0.241073255456
INFO:root:0.261986766243, 0.240615651933
INFO:root:0.264705357822, 0.240157976583
INFO:root:0.26792022403, 0.239700018434
INFO:root:0.271133578679, 0.239242275606
INFO:root:0.274346839746, 0.238784546109
INFO:root:0.278545274469, 0.238327200279
INFO:root:0.282742383652, 0.237869998843
INFO:root:0.28693910537, 0.238327158071
INFO:root:0.292125292889, 0.236955150791
INFO:root:0.296322485363, 0.236497940282
INFO:root:0.301012108094, 0.235126705565
INFO:root:0.305700034273, 0.234669792683
INFO:root:0.310389082201, 0.233298726037
INFO:root:0.315080509508, 0.231926963666
INFO:root:0.3197748314, 0.230554354926
INFO:root:0.325490310256, 0.228266531953
INFO:root:0.330682348635, 0.224145866573
INFO:root:0.336371037244, 0.221855734283
INFO:root:0.34206276238, 0.218647837668
INFO:root:0.346358767646, 0.21727306547
INFO:root:0.351560142198, 0.214979690447
INFO:root:0.357262531952, 0.211765783178
INFO:root:0.361975564463, 0.211306423284
INFO:root:0.366690090494, 0.209927906901
INFO:root:0.370908855219, 0.209468346474
INFO:root:0.37463372458, 0.208088765229
INFO:root:0.377863845007, 0.207628634114
INFO:root:0.381096812677, 0.207168097409
INFO:root:0.383834917081, 0.207629057746
INFO:root:0.386573731277, 0.207167977915
INFO:root:0.389312329931, 0.207163410625
INFO:root:0.391056183573, 0.207624747568
INFO:root:0.392800586327, 0.207149532807
INFO:root:0.394546940127, 0.206162421637
INFO:root:0.396295224305, 0.206100409867
INFO:root:0.398044729361, 0.205320036729
INFO:root:0.398795423223, 0.205011321085
INFO:root:0.400047259559, 0.204148733056
INFO:root:0.401299242947, 0.204119309525
INFO:root:0.402050336737, 0.203376689568
INFO:root:0.40265273317, 0.203201592497
INFO:root:0.402697662601, 0.203272191796
INFO:root:0.403449402614, 0.203344100929
INFO:root:0.403329616516, 0.203273880251
INFO:root:0.403353427256, 0.203533848057
INFO:root:0.40278799824, 0.203892814577
INFO:root:0.402925599555, 0.204233263316
INFO:root:0.402380323399, 0.204682773049
INFO:root:0.402373093346, 0.205073485773
INFO:root:0.401118106138, 0.2055399938
INFO:root:0.400364700316, 0.20593072837
INFO:root:0.399109076792, 0.20638710848
INFO:root:0.398355912495, 0.206508775105
INFO:root:0.39710096847, 0.20656732628
INFO:root:0.395844465047, 0.206221131016
INFO:root:0.393580169788, 0.205795971044
INFO:root:0.391814985495, 0.205624045516
INFO:root:0.390048557324, 0.204866916532
INFO:root:0.388281481812, 0.204627869032
INFO:root:0.386513219183, 0.205095663378
INFO:root:0.383729535082, 0.205564297065
INFO:root:0.381451133341, 0.205095490122
INFO:root:0.379171681193, 0.20650255935
INFO:root:0.37638213332, 0.206032938496
INFO:root:0.373590051411, 0.206502985956
INFO:root:0.370288544967, 0.206032685892
INFO:root:0.367495596, 0.206502879321
INFO:root:0.363176140845, 0.204150234901
INFO:root:0.358852814299, 0.200853580673
INFO:root:0.355039452591, 0.201324366069
INFO:root:0.351227872025, 0.200853800567
INFO:root:0.347416230756, 0.199442081578
INFO:root:0.344112776027, 0.200853814369
INFO:root:0.340302944719, 0.201324163913
INFO:root:0.336498260694, 0.202733306144
INFO:root:0.333202764057, 0.20320275011
INFO:root:0.329403110096, 0.205548215518
INFO:root:0.326620830762, 0.206953407101
INFO:root:0.323335097339, 0.209293673071
INFO:root:0.320556134672, 0.211632867235
INFO:root:0.317779124852, 0.213970417589
INFO:root:0.315004399159, 0.215371794202
INFO:root:0.312230936805, 0.217706358473
INFO:root:0.309964102099, 0.220038492944
INFO:root:0.30820180986, 0.221437137578
INFO:root:0.305936707708, 0.222835348783
INFO:root:0.304174147545, 0.22330163454
INFO:root:0.302411780922, 0.223298302391
INFO:root:0.301153038792, 0.223133545558
INFO:root:0.299894802135, 0.222744753063
INFO:root:0.298637445446, 0.222344386047
INFO:root:0.297492101964, 0.221481240531
INFO:root:0.29716448624, 0.220656039989
INFO:root:0.295909095644, 0.219805449182
INFO:root:0.295561534741, 0.219035494963
INFO:root:0.294482534469, 0.218453724088
INFO:root:0.294372385928, 0.218090691774
INFO:root:0.293366416016, 0.217603894057
INFO:root:0.293933202574, 0.217558633909
INFO:root:0.293408865289, 0.218246808737
INFO:root:0.294663279152, 0.219017848963
INFO:root:0.294346681724, 0.218537906562
INFO:root:0.294597723504, 0.21764256531
INFO:root:0.293867794674, 0.2163046452
INFO:root:0.294119056023, 0.214811802603
