INFO:root:0.890311111618, 0.126768889741
INFO:root:0.888718113812, 0.12825182588
INFO:root:0.88650834921, 0.130700742495
INFO:root:0.88556381287, 0.133143179899
INFO:root:0.884624758918, 0.134600136334
INFO:root:0.883687743425, 0.137023125891
INFO:root:0.883379561687, 0.13901079535
INFO:root:0.884135616746, 0.140586762224
INFO:root:0.885009242806, 0.141811509448
INFO:root:0.885883078948, 0.143123148068
INFO:root:0.887145260134, 0.144214957286
INFO:root:0.889991368721, 0.144705599575
INFO:root:0.890947410753, 0.147707669244
INFO:root:0.894416600687, 0.149175623993
INFO:root:0.895364548531, 0.153426589874
INFO:root:0.897688752292, 0.157201709775
INFO:root:0.899266222054, 0.161363728959
INFO:root:0.900286636253, 0.164842002161
INFO:root:0.900601342323, 0.16849437293
INFO:root:0.900916071726, 0.172781788812
INFO:root:0.901859304662, 0.178147736178
INFO:root:0.902803568792, 0.182542856494
INFO:root:0.903118435876, 0.187916588049
INFO:root:0.90154338423, 0.192315277735
INFO:root:0.900599904804, 0.196706745609
INFO:root:0.898400427331, 0.198169255305
INFO:root:0.898086311327, 0.199837063235
INFO:root:0.898346782507, 0.200023660332
INFO:root:0.897405346073, 0.200294137441
INFO:root:0.897219888703, 0.199733002299
INFO:root:0.89565292951, 0.199288033017
INFO:root:0.894823697676, 0.198112729411
INFO:root:0.892001699752, 0.195965411214
INFO:root:0.890047578224, 0.194379345407
INFO:root:0.887484077374, 0.192178777482
INFO:root:0.884652470858, 0.18982558213
INFO:root:0.881188508266, 0.18933700118
INFO:root:0.878351060762, 0.188847851981
INFO:root:0.873617198486, 0.188358208044
INFO:root:0.86888164734, 0.190807301162
INFO:root:0.864139798168, 0.195221531664
INFO:root:0.858119380544, 0.198662867672
INFO:root:0.85335728051, 0.204081079266
INFO:root:0.847949795497, 0.208522735405
INFO:root:0.843189350187, 0.213939064291
INFO:root:0.83843223651, 0.220335700379
INFO:root:0.83430597883, 0.226737651688
INFO:root:0.830735809955, 0.234137470977
INFO:root:0.82723572742, 0.239567902061
INFO:root:0.823735685832, 0.244010930061
INFO:root:0.820868388651, 0.24845958508
INFO:root:0.81927436068, 0.25192200705
INFO:root:0.817681778925, 0.254392921773
INFO:root:0.818637679768, 0.254320124695
INFO:root:0.818782875174, 0.254430392825
INFO:root:0.819738159231, 0.253491751194
INFO:root:0.82005642626, 0.251624875935
INFO:root:0.819230014075, 0.250121814379
INFO:root:0.819547857314, 0.248071756332
INFO:root:0.819866045427, 0.242641345872
INFO:root:0.821453878442, 0.238206961305
INFO:root:0.821771866657, 0.233766689513
INFO:root:0.823362633539, 0.228336871886
INFO:root:0.824954541134, 0.222903160631
INFO:root:0.8278210543, 0.216479082639
INFO:root:0.831322345078, 0.210059085003
INFO:root:0.834825866191, 0.203634997806
INFO:root:0.838968846556, 0.197207100997
INFO:root:0.843749904667, 0.190778268111
INFO:root:0.847892618855, 0.185339627946
INFO:root:0.852032466608, 0.181881069823
INFO:root:0.857037343317, 0.178419060166
INFO:root:0.861186566634, 0.174952669404
INFO:root:0.865975715931, 0.171485131812
INFO:root:0.870766941679, 0.169007245364
INFO:root:0.872868961502, 0.170388838545
INFO:root:0.873865257031, 0.171376800986
INFO:root:0.87354544033, 0.174257013477
INFO:root:0.87460543328, 0.177775354051
INFO:root:0.877482040883, 0.179451200237
INFO:root:0.878746220676, 0.181132377548
INFO:root:0.88077133883, 0.182607595152
INFO:root:0.88053655745, 0.183574931542
INFO:root:0.882774610237, 0.18457610391
INFO:root:0.883069237436, 0.185282581017
INFO:root:0.884641197246, 0.18595885407
INFO:root:0.885600903876, 0.18588339872
INFO:root:0.886561073323, 0.185737717357
INFO:root:0.886476388544, 0.185562873717
INFO:root:0.887435623198, 0.18559317193
INFO:root:0.887043358548, 0.185302240479
INFO:root:0.888002055242, 0.185074447464
INFO:root:0.887683372323, 0.184768091158
INFO:root:0.888492752343, 0.184528870023
INFO:root:0.887946830103, 0.184465278376
INFO:root:0.887913912841, 0.184361875533
INFO:root:0.887932782663, 0.184793477905
INFO:root:0.887109807187, 0.18546072932
INFO:root:0.887473775854, 0.186246942136
INFO:root:0.886517684473, 0.187213100765
INFO:root:0.886199210842, 0.188611179175
INFO:root:0.885525278731, 0.189600449362
INFO:root:0.884570419011, 0.190428273271
INFO:root:0.884252659916, 0.191594127447
INFO:root:0.883299487313, 0.193015553324
INFO:root:0.882346016154, 0.19350866164
INFO:root:0.881392207133, 0.194502507114
INFO:root:0.880439654781, 0.19530407186
INFO:root:0.879969079053, 0.195312915835
INFO:root:0.878381671464, 0.195031429401
INFO:root:0.878037965197, 0.195005760201
INFO:root:0.876451709486, 0.194922930475
INFO:root:0.876340331796, 0.194465845815
INFO:root:0.874834684974, 0.194102524969
INFO:root:0.875572756389, 0.19364562162
INFO:root:0.873988070098, 0.193217010677
INFO:root:0.874650083835, 0.192967799068
INFO:root:0.873315789686, 0.192706461148
INFO:root:0.873537007984, 0.192871644251
INFO:root:0.872630274212, 0.193202248148
INFO:root:0.872901073553, 0.193798368609
INFO:root:0.871951596714, 0.194678765963
INFO:root:0.872255904441, 0.195633274703
INFO:root:0.871307036972, 0.196743969862
INFO:root:0.871179070152, 0.197901851713
INFO:root:0.870862830294, 0.198835712436
INFO:root:0.871220773085, 0.199755944922
INFO:root:0.870286109605, 0.200763898775
INFO:root:0.870921322897, 0.201221843624
INFO:root:0.870193733824, 0.201849696634
INFO:root:0.870812551724, 0.202565526257
INFO:root:0.870056507467, 0.203058158205
INFO:root:0.870585632089, 0.203525754436
INFO:root:0.870659125738, 0.204180203504
INFO:root:0.870000440459, 0.204514723334
INFO:root:0.870493326567, 0.205104780967
INFO:root:0.870701237059, 0.205563073156
INFO:root:0.870768746834, 0.206174251104
INFO:root:0.8709428625, 0.206914710024
INFO:root:0.870628618508, 0.208002642317
INFO:root:0.87165391729, 0.209578041918
INFO:root:0.871380658872, 0.210904488228
INFO:root:0.871695045412, 0.212924301399
INFO:root:0.873121800497, 0.215536972247
INFO:root:0.87343648499, 0.218921591875
INFO:root:0.87438067992, 0.222087432712
INFO:root:0.875953187137, 0.225964552489
INFO:root:0.877525134633, 0.230023264572
INFO:root:0.880107119846, 0.234776574996
INFO:root:0.88168053145, 0.240103956623
INFO:root:0.88416637009, 0.245690216745
INFO:root:0.886368544154, 0.251937185528
INFO:root:0.88919998638, 0.258665837274
INFO:root:0.892031732383, 0.26606443196
INFO:root:0.895492525745, 0.275002500893
INFO:root:0.898324280174, 0.28447477326
INFO:root:0.901783666368, 0.292769676134
INFO:root:0.90461350981, 0.302038604417
INFO:root:0.908071693439, 0.312281687165
INFO:root:0.910901682602, 0.322526819652
INFO:root:0.913103975023, 0.330525741146
INFO:root:0.915938171707, 0.338831750553
INFO:root:0.918773697871, 0.347112740846
INFO:root:0.920979720537, 0.355138753509
INFO:root:0.922555061511, 0.360181185544
INFO:root:0.923500806176, 0.365291691102
INFO:root:0.924447317159, 0.368908710068
INFO:root:0.925828660724, 0.371270217723
INFO:root:0.925980300324, 0.372170452598
INFO:root:0.926087463833, 0.372454316744
INFO:root:0.92675317965, 0.372002160122
INFO:root:0.926098626955, 0.3709551611
INFO:root:0.926414571682, 0.369648349753
INFO:root:0.925438376775, 0.367714060519
INFO:root:0.925754171285, 0.366043139762
INFO:root:0.925043022925, 0.364356277987
INFO:root:0.925358446862, 0.362467634306
INFO:root:0.924624711658, 0.36081172843
INFO:root:0.924939607494, 0.359631028289
INFO:root:0.924242205212, 0.358456730456
INFO:root:0.924253793673, 0.358155307686
INFO:root:0.924904393137, 0.357652019057
INFO:root:0.923959087329, 0.357449922451
INFO:root:0.924137562171, 0.35749383263
INFO:root:0.923903322026, 0.357462059405
INFO:root:0.923763288992, 0.357365534943
INFO:root:0.922858371897, 0.357479717244
INFO:root:0.923103422207, 0.357482180748
INFO:root:0.922975266886, 0.357346063535
INFO:root:0.922690219496, 0.357180804712
INFO:root:0.922340113419, 0.35686741011
INFO:root:0.922103779133, 0.356575899905
INFO:root:0.921598855805, 0.355660981841
INFO:root:0.921773818352, 0.354679981709
INFO:root:0.920650585487, 0.353280261113
INFO:root:0.920758748204, 0.351839549945
INFO:root:0.919652100938, 0.350032987575
INFO:root:0.919337553273, 0.347698322214
INFO:root:0.918928095166, 0.344978395199
INFO:root:0.917984124634, 0.341679904634
INFO:root:0.917669424585, 0.337741377531
INFO:root:0.916724184013, 0.333341712323
INFO:root:0.915149732722, 0.326013357222
INFO:root:0.913575066162, 0.319865464731
INFO:root:0.91137097376, 0.311560520894
INFO:root:0.909796009645, 0.303252346554
INFO:root:0.907592227105, 0.293971655408
INFO:root:0.905389413008, 0.28274207151
INFO:root:0.902557850109, 0.272491241783
INFO:root:0.899724640512, 0.261257613426
INFO:root:0.896259720339, 0.249039713094
INFO:root:0.892794839877, 0.23779937361
INFO:root:0.888697199616, 0.226551398851
INFO:root:0.884595943067, 0.215293497425
INFO:root:0.880491900251, 0.204027947727
INFO:root:0.877021606047, 0.192770045651
INFO:root:0.872231404653, 0.18322829143
INFO:root:0.868127158018, 0.173471121666
INFO:root:0.863390927552, 0.16421377585
INFO:root:0.859286645507, 0.154821254099
INFO:root:0.855089256497, 0.14659653626
INFO:root:0.850866416776, 0.138510370905
INFO:root:0.846078704755, 0.130865145132
INFO:root:0.842566749809, 0.123694180661
INFO:root:0.837375587814, 0.11709605546
INFO:root:0.835156607213, 0.111885288358
INFO:root:0.830417492457, 0.107276156213
INFO:root:0.828608718094, 0.103203388414
INFO:root:0.825135778537, 0.0997706157703
INFO:root:0.822298191256, 0.0977249057208
INFO:root:0.820091410861, 0.0963885195355
INFO:root:0.818863358624, 0.0948890339489
INFO:root:0.817287174449, 0.0945412331599
INFO:root:0.816342357928, 0.0947793894862
INFO:root:0.815397854957, 0.0954011652405
INFO:root:0.815492741865, 0.095905545072
INFO:root:0.814868239793, 0.0962095210062
INFO:root:0.815413896509, 0.0968206313431
INFO:root:0.815426900398, 0.0971791734966
INFO:root:0.815474524268, 0.0977669372433
INFO:root:0.814756423961, 0.0981069656806
INFO:root:0.815381768511, 0.0986957287283
INFO:root:0.814572893202, 0.0991118452066
INFO:root:0.8150451187, 0.0994304673604
INFO:root:0.815096436587, 0.0996339911035
INFO:root:0.814274321588, 0.100081689801
INFO:root:0.814649942721, 0.100229185045
INFO:root:0.81377158787, 0.100270164132
INFO:root:0.814355225169, 0.100353177616
INFO:root:0.813428369141, 0.100523321127
INFO:root:0.813997906313, 0.100740610997
INFO:root:0.814024850689, 0.100756831225
INFO:root:0.813389505088, 0.100947784238
INFO:root:0.813925789092, 0.101129594241
INFO:root:0.814134235567, 0.101632625695
INFO:root:0.814203241916, 0.101943610656
INFO:root:0.814652717142, 0.102894096485
INFO:root:0.815027520194, 0.103722685906
INFO:root:0.815705990935, 0.104827169024
INFO:root:0.81656470912, 0.10630619637
INFO:root:0.817869091072, 0.108598410299
INFO:root:0.819216008925, 0.111067550737
INFO:root:0.820148717766, 0.114785553101
INFO:root:0.823335512744, 0.118127466672
INFO:root:0.823645938606, 0.123028490347
INFO:root:0.827060334868, 0.126784995058
INFO:root:0.828611637446, 0.131955789661
INFO:root:0.831014057052, 0.137227263349
INFO:root:0.833822677118, 0.143280553894
INFO:root:0.836609258873, 0.149515327038
INFO:root:0.840418541825, 0.155457222619
INFO:root:0.843204176123, 0.162079045358
INFO:root:0.845987688929, 0.168905578252
INFO:root:0.850135562677, 0.175334769334
INFO:root:0.852917053789, 0.18142819314
INFO:root:0.856044592534, 0.187067381406
INFO:root:0.85820625885, 0.1929058155
INFO:root:0.86087139372, 0.196960793039
INFO:root:0.863009906235, 0.200543230271
INFO:root:0.864872380492, 0.203512637451
INFO:root:0.866481672748, 0.205566943374
INFO:root:0.867484584069, 0.20726213064
INFO:root:0.868500937155, 0.208283162725
INFO:root:0.868986620385, 0.208846982172
INFO:root:0.869837574296, 0.208743958325
INFO:root:0.86952897193, 0.208611737077
INFO:root:0.870213673346, 0.208560889042
INFO:root:0.869746602261, 0.20824065421
INFO:root:0.870500099634, 0.207964826213
INFO:root:0.870046022554, 0.207606876333
INFO:root:0.870970818457, 0.207358429544
INFO:root:0.870967115241, 0.207090041867
INFO:root:0.872507974177, 0.207045361447
INFO:root:0.871745576259, 0.207030789752
INFO:root:0.873285060519, 0.207237047359
INFO:root:0.873727879044, 0.207642624063
INFO:root:0.87427372286, 0.208049073113
INFO:root:0.874820206804, 0.208378473665
INFO:root:0.875428221039, 0.208725510031
INFO:root:0.875823270622, 0.209004814873
INFO:root:0.876087999001, 0.209486461003
INFO:root:0.876903327866, 0.209516444697
INFO:root:0.875363953392, 0.209609217623
INFO:root:0.876705360588, 0.209786947208
INFO:root:0.875273419416, 0.209744165614
INFO:root:0.875594319547, 0.209768028705
INFO:root:0.874672200601, 0.209982645363
INFO:root:0.873749978412, 0.210298185238
INFO:root:0.872214160303, 0.210979959456
INFO:root:0.870678443168, 0.211289202754
INFO:root:0.869142506484, 0.212029124725
INFO:root:0.866992863515, 0.213458497712
INFO:root:0.864843704654, 0.213934848074
INFO:root:0.862081959609, 0.215363144501
INFO:root:0.858706477831, 0.216791447535
INFO:root:0.855330562499, 0.219172258347
INFO:root:0.851957497134, 0.221551059266
INFO:root:0.847974195111, 0.222977248522
INFO:root:0.843993103784, 0.225352911411
INFO:root:0.839404197215, 0.226776863025
INFO:root:0.834816765397, 0.229149353016
INFO:root:0.830232729445, 0.231520086761
INFO:root:0.825039709166, 0.232941919051
INFO:root:0.819848614297, 0.23436322417
INFO:root:0.81465931332, 0.236731247432
INFO:root:0.809473074236, 0.238151223053
INFO:root:0.804289927548, 0.239570351986
INFO:root:0.799108684092, 0.24098895982
INFO:root:0.794534950632, 0.242408203172
INFO:root:0.789347673562, 0.242881623112
INFO:root:0.784770982443, 0.244301784235
INFO:root:0.780194469563, 0.24477515284
INFO:root:0.776229158741, 0.245248402057
INFO:root:0.772264067164, 0.245721625107
INFO:root:0.768908901914, 0.246194860536
INFO:root:0.765555064473, 0.24572181239
INFO:root:0.762812182496, 0.245248965397
INFO:root:0.760678951304, 0.243737292414
INFO:root:0.759786102327, 0.24249107591
INFO:root:0.759481435449, 0.240552734909
INFO:root:0.758476762023, 0.2389932397
INFO:root:0.758570282938, 0.237302382188
INFO:root:0.75782371337, 0.235709195141
INFO:root:0.758736808541, 0.234292514149
INFO:root:0.759041409985, 0.232173759963
INFO:root:0.759346030626, 0.230523198308
INFO:root:0.760260010218, 0.229105145122
INFO:root:0.7603433245, 0.228028556951
INFO:root:0.759885043054, 0.227642541243
INFO:root:0.759745982627, 0.227507181359
INFO:root:0.759664303818, 0.227316139748
INFO:root:0.759628605311, 0.227223685257
INFO:root:0.760216281381, 0.227227738373
INFO:root:0.760593100549, 0.227457617925
INFO:root:0.761113937266, 0.227429361552
INFO:root:0.762637932621, 0.227678206672
INFO:root:0.763552435894, 0.227146108673
INFO:root:0.76400223634, 0.227412336818
INFO:root:0.765526553093, 0.227298007133
INFO:root:0.767050685019, 0.227305996919
INFO:root:0.768574551688, 0.227358104283
INFO:root:0.770098631667, 0.227088050979
INFO:root:0.771622776493, 0.227142853805
INFO:root:0.77314746269, 0.227198657035
INFO:root:0.774464924978, 0.227422797408
INFO:root:0.775989549564, 0.227983970364
INFO:root:0.77751335249, 0.228324151472
INFO:root:0.778987405928, 0.228736685688
INFO:root:0.78051197771, 0.229196857852
INFO:root:0.782036256483, 0.229648770633
INFO:root:0.784169818461, 0.230852502179
INFO:root:0.786304618843, 0.231325670055
INFO:root:0.788440339449, 0.231177316939
INFO:root:0.790576934636, 0.231591280199
INFO:root:0.793325111669, 0.23206504001
INFO:root:0.796074160277, 0.230942766268
INFO:root:0.799432171217, 0.232054452283
INFO:root:0.802180812353, 0.231580612464
INFO:root:0.80615207366, 0.23015873429
INFO:root:0.810736694157, 0.229684527079
INFO:root:0.814708555356, 0.228262434119
INFO:root:0.819902316567, 0.2277884224
INFO:root:0.825096508344, 0.227314371386
INFO:root:0.83029062339, 0.225892239352
INFO:root:0.835485006486, 0.224470033927
INFO:root:0.840680165889, 0.223047615951
INFO:root:0.845873933662, 0.222573603634
INFO:root:0.851070230437, 0.222099360506
INFO:root:0.856876564779, 0.221625222837
INFO:root:0.86268114821, 0.222099217529
INFO:root:0.869094665095, 0.221625376166
INFO:root:0.875503042094, 0.221151914546
INFO:root:0.881298806445, 0.221625189083
INFO:root:0.887705080286, 0.221151882849
INFO:root:0.894108173839, 0.2187865265
INFO:root:0.900512367133, 0.218313373979
INFO:root:0.906303234087, 0.216894750113
INFO:root:0.911483621725, 0.2154763766
INFO:root:0.916662433512, 0.214058434549
INFO:root:0.921232662839, 0.21264027854
INFO:root:0.924583572919, 0.212167643289
INFO:root:0.927934562983, 0.211694996756
INFO:root:0.930677459144, 0.211222147317
INFO:root:0.933421330175, 0.210749129819
INFO:root:0.936165863443, 0.21122226148
INFO:root:0.937690580069, 0.210898864252
INFO:root:0.939215574689, 0.211140603831
INFO:root:0.940740812653, 0.211878658076
INFO:root:0.94150837972, 0.212871711814
INFO:root:0.943548772939, 0.214250523037
INFO:root:0.9432436283, 0.216259069988
INFO:root:0.945275071703, 0.217577895478
INFO:root:0.944970130701, 0.21942619627
INFO:root:0.945984099583, 0.221050393516
INFO:root:0.945737162001, 0.222101477363
INFO:root:0.946612964363, 0.223122873641
INFO:root:0.946925866046, 0.223856773366
INFO:root:0.946925636286, 0.224665359233
INFO:root:0.947045332485, 0.224945895354
INFO:root:0.947046307548, 0.224966096661
INFO:root:0.946744683616, 0.224755638053
INFO:root:0.94636732701, 0.224394521236
INFO:root:0.94619359349, 0.224042199353
INFO:root:0.945609812843, 0.223478688888
INFO:root:0.94487263672, 0.222265430716
INFO:root:0.943342880094, 0.221660056826
INFO:root:0.94290727768, 0.221000489741
INFO:root:0.941620675682, 0.220464153321
INFO:root:0.941926743479, 0.219612093015
INFO:root:0.941279201381, 0.218016530068
INFO:root:0.940488562184, 0.216948897175
INFO:root:0.939974301768, 0.216245576144
INFO:root:0.937830217192, 0.216212446464
INFO:root:0.935686593868, 0.216015899558
INFO:root:0.934155199139, 0.215956841852
INFO:root:0.930785314593, 0.21738277647
INFO:root:0.926802316102, 0.218808857049
INFO:root:0.923430634021, 0.220235552276
INFO:root:0.918832903937, 0.221662241854
INFO:root:0.914847062381, 0.224040739379
INFO:root:0.910860956629, 0.22641939456
INFO:root:0.908101254327, 0.226895141219
INFO:root:0.905953735216, 0.227371128139
INFO:root:0.901967787706, 0.22879826459
INFO:root:0.897980483082, 0.231177635182
INFO:root:0.893992877279, 0.231653545245
INFO:root:0.890620973859, 0.23308033413
INFO:root:0.886637437358, 0.234506607339
INFO:root:0.882651934565, 0.234982266414
INFO:root:0.878665564612, 0.235458028981
INFO:root:0.875291719969, 0.23593389908
INFO:root:0.87130000247, 0.235457498297
INFO:root:0.867920702497, 0.234980858741
INFO:root:0.864541578473, 0.234504244003
INFO:root:0.861164527491, 0.234027921661
INFO:root:0.857784291504, 0.231644063774
INFO:root:0.855018300874, 0.230213571651
INFO:root:0.852254106257, 0.229671007483
INFO:root:0.850105246626, 0.228780711332
INFO:root:0.848888580964, 0.227684559351
INFO:root:0.846737619847, 0.226355266688
INFO:root:0.844588072811, 0.225610168382
INFO:root:0.844071296184, 0.22543966194
INFO:root:0.842536215231, 0.224645255219
INFO:root:0.842116502172, 0.224203489072
INFO:root:0.841625429922, 0.224124259091
INFO:root:0.841007340651, 0.224089127637
INFO:root:0.840587662143, 0.223952510247
INFO:root:0.840264615893, 0.223852639259
INFO:root:0.839342834048, 0.223891229701
INFO:root:0.839741489842, 0.223952737815
INFO:root:0.839118467676, 0.223962781095
INFO:root:0.839652045723, 0.224100317615
INFO:root:0.838115599395, 0.225870425879
INFO:root:0.837808291978, 0.226820323134
INFO:root:0.839178787159, 0.227291598978
INFO:root:0.83940268573, 0.227974943681
INFO:root:0.840939786144, 0.228467900345
INFO:root:0.842477309521, 0.228846982036
